[  2%] [34m[1mGenerating API documentation with Doxygen[0m
warning: Tag 'CLANG_ASSISTED_PARSING' at line 1026 of file '/home/zheng/robot_ws_zheng/build/ros_wrap_safe_motion/Doxyfile' belongs to an option that was not enabled at compile time.
         To avoid this warning please remove this line from your configuration file or upgrade it using "doxygen -u", or recompile doxygen with this feature enabled.
warning: Tag 'CLANG_OPTIONS' at line 1034 of file '/home/zheng/robot_ws_zheng/build/ros_wrap_safe_motion/Doxyfile' belongs to an option that was not enabled at compile time.
         To avoid this warning please remove this line from your configuration file or upgrade it using "doxygen -u", or recompile doxygen with this feature enabled.
warning: Tag 'PERL_PATH' at line 2117 of file '/home/zheng/robot_ws_zheng/build/ros_wrap_safe_motion/Doxyfile' has become obsolete.
         To avoid this warning please remove this line from your configuration file or upgrade it using "doxygen -u"
warning: Tag 'MSCGEN_PATH' at line 2139 of file '/home/zheng/robot_ws_zheng/build/ros_wrap_safe_motion/Doxyfile' has become obsolete.
         To avoid this warning please remove this line from your configuration file or upgrade it using "doxygen -u"
warning: ignoring unknown tag '2020' at line 2435, file /home/zheng/robot_ws_zheng/build/ros_wrap_safe_motion/Doxyfile
warning: ignoring unknown tag 'GitHub' at line 2435, file /home/zheng/robot_ws_zheng/build/ros_wrap_safe_motion/Doxyfile
warning: ignoring unknown tag 'Inc' at line 2435, file /home/zheng/robot_ws_zheng/build/ros_wrap_safe_motion/Doxyfile
warning: ignoring unknown tag 'Terms' at line 2436, file /home/zheng/robot_ws_zheng/build/ros_wrap_safe_motion/Doxyfile
warning: ignoring unknown tag 'Privacy' at line 2437, file /home/zheng/robot_ws_zheng/build/ros_wrap_safe_motion/Doxyfile
warning: ignoring unknown tag 'Security' at line 2438, file /home/zheng/robot_ws_zheng/build/ros_wrap_safe_motion/Doxyfile
warning: ignoring unknown tag 'Status' at line 2439, file /home/zheng/robot_ws_zheng/build/ros_wrap_safe_motion/Doxyfile
warning: ignoring unknown tag 'Help' at line 2440, file /home/zheng/robot_ws_zheng/build/ros_wrap_safe_motion/Doxyfile
warning: ignoring unknown tag 'Contact' at line 2442, file /home/zheng/robot_ws_zheng/build/ros_wrap_safe_motion/Doxyfile
warning: ignoring unknown tag 'GitHub' at line 2442, file /home/zheng/robot_ws_zheng/build/ros_wrap_safe_motion/Doxyfile
warning: ignoring unknown tag 'Pricing' at line 2443, file /home/zheng/robot_ws_zheng/build/ros_wrap_safe_motion/Doxyfile
warning: ignoring unknown tag 'API' at line 2444, file /home/zheng/robot_ws_zheng/build/ros_wrap_safe_motion/Doxyfile
warning: ignoring unknown tag 'Training' at line 2445, file /home/zheng/robot_ws_zheng/build/ros_wrap_safe_motion/Doxyfile
warning: ignoring unknown tag 'Blog' at line 2446, file /home/zheng/robot_ws_zheng/build/ros_wrap_safe_motion/Doxyfile
warning: ignoring unknown tag 'About' at line 2447, file /home/zheng/robot_ws_zheng/build/ros_wrap_safe_motion/Doxyfile
warning: tag INPUT: input source '/home/zheng/robot_ws_zheng/src/ros_wrap_safe_motion/impl/' does not exist
warning: tag INPUT: input source '/home/zheng/robot_ws_zheng/src/ros_wrap_safe_motion/samples/' does not exist
Searching for include files...
Searching for example files...
Searching for images...
Searching for dot files...
Searching for msc files...
Searching for dia files...
Searching for files to exclude
Searching INPUT for files to process...
Searching for files in directory /home/zheng/robot_ws_zheng/src/ros_wrap_safe_motion/docs
Searching for files in directory /home/zheng/robot_ws_zheng/src/ros_wrap_safe_motion/docs/html
Searching for files in directory /home/zheng/robot_ws_zheng/src/ros_wrap_safe_motion/docs/html/search
[ 45%] Built target ros_wrap_safe_motion_library
Searching for files in directory /home/zheng/robot_ws_zheng/src/ros_wrap_safe_motion/docs/latex
[ 51%] Built target DynamicAndMPCSolver
[ 56%] Built target simpleMatrixReceive
Searching for files in directory /home/zheng/robot_ws_zheng/src/ros_wrap_safe_motion/include
Searching for files in directory /home/zheng/robot_ws_zheng/src/ros_wrap_safe_motion/include/RosWrapcommun
Searching for files in directory /home/zheng/robot_ws_zheng/src/ros_wrap_safe_motion/include/RosWrapconstraint
Searching for files in directory /home/zheng/robot_ws_zheng/src/ros_wrap_safe_motion/include/RosWrapperception
Searching for files in directory /home/zheng/robot_ws_zheng/src/ros_wrap_safe_motion/include/RosWraprobotmodel
Searching for files in directory /home/zheng/robot_ws_zheng/src/ros_wrap_safe_motion/include/RosWrapsensor
Searching for files in directory /home/zheng/robot_ws_zheng/src/ros_wrap_safe_motion/include/RosWrapsepPlane
Searching for files in directory /home/zheng/robot_ws_zheng/src/ros_wrap_safe_motion/include/RosWrapsolver
Searching for files in directory /home/zheng/robot_ws_zheng/src/ros_wrap_safe_motion/include/RosWraptask
Searching for files in directory /home/zheng/robot_ws_zheng/src/ros_wrap_safe_motion/include/RosWrapvisualization
Searching for files in directory /home/zheng/robot_ws_zheng/src/ros_wrap_safe_motion/src
Searching for files in directory /home/zheng/robot_ws_zheng/src/ros_wrap_safe_motion/src/RosWrapconstraint
Searching for files in directory /home/zheng/robot_ws_zheng/src/ros_wrap_safe_motion/src/RosWrapperception
Searching for files in directory /home/zheng/robot_ws_zheng/src/ros_wrap_safe_motion/src/RosWraprobotmodel
Searching for files in directory /home/zheng/robot_ws_zheng/src/ros_wrap_safe_motion/src/RosWrapsensor
Searching for files in directory /home/zheng/robot_ws_zheng/src/ros_wrap_safe_motion/src/RosWrapsepPlane
Searching for files in directory /home/zheng/robot_ws_zheng/src/ros_wrap_safe_motion/src/RosWrapsolver
Searching for files in directory /home/zheng/robot_ws_zheng/src/ros_wrap_safe_motion/src/RosWraptask
Searching for files in directory /home/zheng/robot_ws_zheng/src/ros_wrap_safe_motion/src/RosWrapvisualization
warning: source /home/zheng/robot_ws_zheng/src/ros_wrap_safe_motion/impl is not a readable file or directory... skipping.
warning: source /home/zheng/robot_ws_zheng/src/ros_wrap_safe_motion/samples is not a readable file or directory... skipping.
Reading formula repository...
Reading and parsing tag files
Parsing files
Reading /home/zheng/robot_ws_zheng/src/ros_wrap_safe_motion/README.md...
Preprocessing /home/zheng/robot_ws_zheng/src/ros_wrap_safe_motion/include/RosWrapcommun/color.h...
Parsing file /home/zheng/robot_ws_zheng/src/ros_wrap_safe_motion/include/RosWrapcommun/color.h...
Preprocessing /home/zheng/robot_ws_zheng/src/ros_wrap_safe_motion/include/RosWrapcommun/RosWrapCommunDefinition.h...
Parsing file /home/zheng/robot_ws_zheng/src/ros_wrap_safe_motion/include/RosWrapcommun/RosWrapCommunDefinition.h...
Preprocessing /home/zheng/robot_ws_zheng/src/ros_wrap_safe_motion/include/RosWrapconstraint/RosWrapAvoidanceCst.h...
Parsing file /home/zheng/robot_ws_zheng/src/ros_wrap_safe_motion/include/RosWrapconstraint/RosWrapAvoidanceCst.h...
Preprocessing /home/zheng/robot_ws_zheng/src/ros_wrap_safe_motion/include/RosWrapconstraint/RosWrapCartVelCst.h...
Parsing file /home/zheng/robot_ws_zheng/src/ros_wrap_safe_motion/include/RosWrapconstraint/RosWrapCartVelCst.h...
Preprocessing /home/zheng/robot_ws_zheng/src/ros_wrap_safe_motion/include/RosWrapconstraint/RosWrapGenericCst.h...
Parsing file /home/zheng/robot_ws_zheng/src/ros_wrap_safe_motion/include/RosWrapconstraint/RosWrapGenericCst.h...
Preprocessing /home/zheng/robot_ws_zheng/src/ros_wrap_safe_motion/include/RosWrapconstraint/RosWrapJointAccCst.h...
Parsing file /home/zheng/robot_ws_zheng/src/ros_wrap_safe_motion/include/RosWrapconstraint/RosWrapJointAccCst.h...
Preprocessing /home/zheng/robot_ws_zheng/src/ros_wrap_safe_motion/include/RosWrapconstraint/RosWrapJointPosCst.h...
Parsing file /home/zheng/robot_ws_zheng/src/ros_wrap_safe_motion/include/RosWrapconstraint/RosWrapJointPosCst.h...
Preprocessing /home/zheng/robot_ws_zheng/src/ros_wrap_safe_motion/include/RosWrapconstraint/RosWrapJointVelCst.h...
Parsing file /home/zheng/robot_ws_zheng/src/ros_wrap_safe_motion/include/RosWrapconstraint/RosWrapJointVelCst.h...
Preprocessing /home/zheng/robot_ws_zheng/src/ros_wrap_safe_motion/include/RosWrapperception/RosWrapHumanMotion.h...
Parsing file /home/zheng/robot_ws_zheng/src/ros_wrap_safe_motion/include/RosWrapperception/RosWrapHumanMotion.h...
Preprocessing /home/zheng/robot_ws_zheng/src/ros_wrap_safe_motion/include/RosWrapperception/RosWrapHumanOccupancy.h...
Parsing file /home/zheng/robot_ws_zheng/src/ros_wrap_safe_motion/include/RosWrapperception/RosWrapHumanOccupancy.h...
Preprocessing /home/zheng/robot_ws_zheng/src/ros_wrap_safe_motion/include/RosWrapperception/RosWrapHumanOptimalTorque.h...
Parsing file /home/zheng/robot_ws_zheng/src/ros_wrap_safe_motion/include/RosWrapperception/RosWrapHumanOptimalTorque.h...
[ 62%] Built target simpletest
Preprocessing /home/zheng/robot_ws_zheng/src/ros_wrap_safe_motion/include/RosWraprobotmodel/RosWrapchainjnttojacdotsolver.h...
Parsing file /home/zheng/robot_ws_zheng/src/ros_wrap_safe_motion/include/RosWraprobotmodel/RosWrapchainjnttojacdotsolver.h...
Preprocessing /home/zheng/robot_ws_zheng/src/ros_wrap_safe_motion/include/RosWraprobotmodel/RosWrapRobotDynTree.h...
Parsing file /home/zheng/robot_ws_zheng/src/ros_wrap_safe_motion/include/RosWraprobotmodel/RosWrapRobotDynTree.h...
[ 67%] Built target RosMovingobstacleavoidance
Preprocessing /home/zheng/robot_ws_zheng/src/ros_wrap_safe_motion/include/RosWraprobotmodel/RosWrapRobotModel.h...
Parsing file /home/zheng/robot_ws_zheng/src/ros_wrap_safe_motion/include/RosWraprobotmodel/RosWrapRobotModel.h...
Preprocessing /home/zheng/robot_ws_zheng/src/ros_wrap_safe_motion/include/RosWrapsepPlane/RosWrapsepPlane.h...
Parsing file /home/zheng/robot_ws_zheng/src/ros_wrap_safe_motion/include/RosWrapsepPlane/RosWrapsepPlane.h...
Preprocessing /home/zheng/robot_ws_zheng/src/ros_wrap_safe_motion/include/RosWrapsolver/RosWraplpsolve.h...
Parsing file /home/zheng/robot_ws_zheng/src/ros_wrap_safe_motion/include/RosWrapsolver/RosWraplpsolve.h...
Preprocessing /home/zheng/robot_ws_zheng/src/ros_wrap_safe_motion/include/RosWrapsolver/RosWrapMpcSolver.h...
Parsing file /home/zheng/robot_ws_zheng/src/ros_wrap_safe_motion/include/RosWrapsolver/RosWrapMpcSolver.h...
Preprocessing /home/zheng/robot_ws_zheng/src/ros_wrap_safe_motion/include/RosWrapsolver/RosWrapPlaneSolver.h...
Parsing file /home/zheng/robot_ws_zheng/src/ros_wrap_safe_motion/include/RosWrapsolver/RosWrapPlaneSolver.h...
Preprocessing /home/zheng/robot_ws_zheng/src/ros_wrap_safe_motion/include/RosWraptask/RosWrapMpcTask.h...
Parsing file /home/zheng/robot_ws_zheng/src/ros_wrap_safe_motion/include/RosWraptask/RosWrapMpcTask.h...
Preprocessing /home/zheng/robot_ws_zheng/src/ros_wrap_safe_motion/include/RosWrapvisualization/RosWrapMarkers.h...
Parsing file /home/zheng/robot_ws_zheng/src/ros_wrap_safe_motion/include/RosWrapvisualization/RosWrapMarkers.h...
Preprocessing /home/zheng/robot_ws_zheng/src/ros_wrap_safe_motion/src/CMakeLists.txt...
Parsing file /home/zheng/robot_ws_zheng/src/ros_wrap_safe_motion/src/CMakeLists.txt...
Preprocessing /home/zheng/robot_ws_zheng/src/ros_wrap_safe_motion/src/RosWrapconstraint/RosWrapAvoidanceCst.cpp...
Parsing file /home/zheng/robot_ws_zheng/src/ros_wrap_safe_motion/src/RosWrapconstraint/RosWrapAvoidanceCst.cpp...
Preprocessing /home/zheng/robot_ws_zheng/src/ros_wrap_safe_motion/src/RosWrapconstraint/RosWrapGenericCst.cpp...
Parsing file /home/zheng/robot_ws_zheng/src/ros_wrap_safe_motion/src/RosWrapconstraint/RosWrapGenericCst.cpp...
Preprocessing /home/zheng/robot_ws_zheng/src/ros_wrap_safe_motion/src/RosWrapconstraint/RosWrapJointPosCst.cpp...
Parsing file /home/zheng/robot_ws_zheng/src/ros_wrap_safe_motion/src/RosWrapconstraint/RosWrapJointPosCst.cpp...
Preprocessing /home/zheng/robot_ws_zheng/src/ros_wrap_safe_motion/src/RosWrapconstraint/RosWrapJointVelCst.cpp...
Parsing file /home/zheng/robot_ws_zheng/src/ros_wrap_safe_motion/src/RosWrapconstraint/RosWrapJointVelCst.cpp...
Preprocessing /home/zheng/robot_ws_zheng/src/ros_wrap_safe_motion/src/RosWrapperception/RosWrapHumanMotion.cpp...
Parsing file /home/zheng/robot_ws_zheng/src/ros_wrap_safe_motion/src/RosWrapperception/RosWrapHumanMotion.cpp...
Preprocessing /home/zheng/robot_ws_zheng/src/ros_wrap_safe_motion/src/RosWrapperception/RosWrapHumanOptimalTorque.cpp...
Parsing file /home/zheng/robot_ws_zheng/src/ros_wrap_safe_motion/src/RosWrapperception/RosWrapHumanOptimalTorque.cpp...
Preprocessing /home/zheng/robot_ws_zheng/src/ros_wrap_safe_motion/src/RosWraprobotmodel/RosWrapchainjnttojacdotsolver.cpp...
Parsing file /home/zheng/robot_ws_zheng/src/ros_wrap_safe_motion/src/RosWraprobotmodel/RosWrapchainjnttojacdotsolver.cpp...
Preprocessing /home/zheng/robot_ws_zheng/src/ros_wrap_safe_motion/src/RosWraprobotmodel/RosWrapRobotDynTree.cpp...
Parsing file /home/zheng/robot_ws_zheng/src/ros_wrap_safe_motion/src/RosWraprobotmodel/RosWrapRobotDynTree.cpp...
Preprocessing /home/zheng/robot_ws_zheng/src/ros_wrap_safe_motion/src/RosWraprobotmodel/RosWrapRobotModel.cpp...
Parsing file /home/zheng/robot_ws_zheng/src/ros_wrap_safe_motion/src/RosWraprobotmodel/RosWrapRobotModel.cpp...
Preprocessing /home/zheng/robot_ws_zheng/src/ros_wrap_safe_motion/src/RosWrapsepPlane/RosWrapsepPlane.cpp...
Parsing file /home/zheng/robot_ws_zheng/src/ros_wrap_safe_motion/src/RosWrapsepPlane/RosWrapsepPlane.cpp...
Preprocessing /home/zheng/robot_ws_zheng/src/ros_wrap_safe_motion/src/RosWrapsolver/RosWraplpsolve.cpp...
Parsing file /home/zheng/robot_ws_zheng/src/ros_wrap_safe_motion/src/RosWrapsolver/RosWraplpsolve.cpp...
Preprocessing /home/zheng/robot_ws_zheng/src/ros_wrap_safe_motion/src/RosWrapsolver/RosWrapMpcSolver.cpp...
Parsing file /home/zheng/robot_ws_zheng/src/ros_wrap_safe_motion/src/RosWrapsolver/RosWrapMpcSolver.cpp...
Preprocessing /home/zheng/robot_ws_zheng/src/ros_wrap_safe_motion/src/RosWrapsolver/RosWrapPlaneSolver.cpp...
Parsing file /home/zheng/robot_ws_zheng/src/ros_wrap_safe_motion/src/RosWrapsolver/RosWrapPlaneSolver.cpp...
Preprocessing /home/zheng/robot_ws_zheng/src/ros_wrap_safe_motion/src/RosWraptask/RosWrapMpcTask.cpp...
Parsing file /home/zheng/robot_ws_zheng/src/ros_wrap_safe_motion/src/RosWraptask/RosWrapMpcTask.cpp...
[ 72%] Built target obsInteractiveMarkersPublisher
Preprocessing /home/zheng/robot_ws_zheng/src/ros_wrap_safe_motion/src/RosWrapvisualization/RosWrapMarkers.cpp...
Parsing file /home/zheng/robot_ws_zheng/src/ros_wrap_safe_motion/src/RosWrapvisualization/RosWrapMarkers.cpp...
Building group list...
Building directory list...
Building namespace list...
Building file list...
Building class list...
Computing nesting relations for classes...
Associating documentation with classes...
Building example list...
Searching for enumerations...
Searching for documented typedefs...
Searching for members imported via using declarations...
Searching for included using directives...
Searching for documented variables...
Building interface member list...
Building member list...
[ 78%] Built target separatingPlane
[35m[1mScanning dependencies of target humanperceptiontest[0m
Searching for friends...
Searching for documented defines...
Computing class inheritance relations...
Computing class usage relations...
Flushing cached template relations that have become invalid...
Computing class relations...
Add enum values to enums...
Searching for member function documentation...
/home/zheng/robot_ws_zheng/src/ros_wrap_safe_motion/src/RosWraprobotmodel/RosWrapchainjnttojacdotsolver.cpp:35: warning: no matching class member found for 
  int KDL::ChainJntToJacDotSolver::JntToJacDot(const JntArrayVel &q_in, Twist &jac_dot_q_dot, int seg_nr)
Possible candidates:
  'virtual int KDL::ChainJntToJacDotSolver::JntToJacDot(const KDL::JntArrayVel &q_in, KDL::Twist &jac_dot_q_dot, int seg_nr=-1)'
  'virtual int KDL::ChainJntToJacDotSolver::JntToJacDot(const KDL::JntArrayVel &q_in, KDL::Jacobian &jdot, int seg_nr=-1)'

/home/zheng/robot_ws_zheng/src/ros_wrap_safe_motion/src/RosWraprobotmodel/RosWrapchainjnttojacdotsolver.cpp:42: warning: no matching class member found for 
  int KDL::ChainJntToJacDotSolver::JntToJacDot(const JntArrayVel &q_in, Jacobian &jdot, int seg_nr)
Possible candidates:
  'virtual int KDL::ChainJntToJacDotSolver::JntToJacDot(const KDL::JntArrayVel &q_in, KDL::Twist &jac_dot_q_dot, int seg_nr=-1)'
  'virtual int KDL::ChainJntToJacDotSolver::JntToJacDot(const KDL::JntArrayVel &q_in, KDL::Jacobian &jdot, int seg_nr=-1)'

Creating members for template instances...
Building page list...
Search for main page...
Computing page relations...
Determining the scope of groups...
Sorting lists...
Determining which enums are documented
Computing member relations...
Building full member lists recursively...
Adding members to member groups.
Computing member references...
Inheriting documentation...
Generating disk names...
Adding source references...
Adding xrefitems...
Sorting member lists...
Setting anonymous enum type...
Computing dependencies between directories...
Generating citations page...
Counting members...
Counting data structures...
Resolving user defined references...
Finding anchors and sections in the documentation...
Transferring function references...
Combining using relations...
Adding members to index pages...
Correcting members for VHDL...
[ 83%] Built target poseDepthTest
[ 89%] Built target InteractiveMarkers
[ 91%] [32mBuilding CXX object examples/CMakeFiles/humanperceptiontest.dir/humanperceptiontest.cpp.o[0m
Generating style sheet...
Generating search indices...
Generating example documentation...
Generating file sources...
Generating code for file /home/zheng/robot_ws_zheng/src/ros_wrap_safe_motion/include/RosWrapcommun/color.h...
Generating code for file /home/zheng/robot_ws_zheng/src/ros_wrap_safe_motion/include/RosWrapcommun/RosWrapCommunDefinition.h...
Generating code for file /home/zheng/robot_ws_zheng/src/ros_wrap_safe_motion/include/RosWrapconstraint/RosWrapAvoidanceCst.h...
[ 97%] Built target obsVerticesPublisher
Generating code for file /home/zheng/robot_ws_zheng/src/ros_wrap_safe_motion/include/RosWrapconstraint/RosWrapCartVelCst.h...
Generating code for file /home/zheng/robot_ws_zheng/src/ros_wrap_safe_motion/include/RosWrapconstraint/RosWrapGenericCst.h...
Generating code for file /home/zheng/robot_ws_zheng/src/ros_wrap_safe_motion/include/RosWrapconstraint/RosWrapJointAccCst.h...
Generating code for file /home/zheng/robot_ws_zheng/src/ros_wrap_safe_motion/include/RosWrapconstraint/RosWrapJointPosCst.h...
Generating code for file /home/zheng/robot_ws_zheng/src/ros_wrap_safe_motion/include/RosWrapconstraint/RosWrapJointVelCst.h...
Generating code for file /home/zheng/robot_ws_zheng/src/ros_wrap_safe_motion/include/RosWrapperception/RosWrapHumanMotion.h...
Generating code for file /home/zheng/robot_ws_zheng/src/ros_wrap_safe_motion/include/RosWrapperception/RosWrapHumanOccupancy.h...
Generating code for file /home/zheng/robot_ws_zheng/src/ros_wrap_safe_motion/include/RosWrapperception/RosWrapHumanOptimalTorque.h...
Generating code for file /home/zheng/robot_ws_zheng/src/ros_wrap_safe_motion/include/RosWraprobotmodel/RosWrapchainjnttojacdotsolver.h...
/home/zheng/robot_ws_zheng/src/ros_wrap_safe_motion/include/RosWraprobotmodel/RosWrapchainjnttojacdotsolver.h:107: warning: @copybrief or @copydoc target 'KDL::SolverI::strError()' not found
Generating code for file /home/zheng/robot_ws_zheng/src/ros_wrap_safe_motion/include/RosWraprobotmodel/RosWrapRobotDynTree.h...
Generating code for file /home/zheng/robot_ws_zheng/src/ros_wrap_safe_motion/include/RosWraprobotmodel/RosWrapRobotModel.h...
Generating code for file /home/zheng/robot_ws_zheng/src/ros_wrap_safe_motion/include/RosWrapsepPlane/RosWrapsepPlane.h...
Generating code for file /home/zheng/robot_ws_zheng/src/ros_wrap_safe_motion/include/RosWrapsolver/RosWraplpsolve.h...
Generating code for file /home/zheng/robot_ws_zheng/src/ros_wrap_safe_motion/include/RosWrapsolver/RosWrapMpcSolver.h...
Generating code for file /home/zheng/robot_ws_zheng/src/ros_wrap_safe_motion/include/RosWrapsolver/RosWrapPlaneSolver.h...
Generating code for file /home/zheng/robot_ws_zheng/src/ros_wrap_safe_motion/include/RosWraptask/RosWrapMpcTask.h...
Generating code for file /home/zheng/robot_ws_zheng/src/ros_wrap_safe_motion/include/RosWrapvisualization/RosWrapMarkers.h...
Generating file documentation...
Generating docs for file /home/zheng/robot_ws_zheng/src/ros_wrap_safe_motion/include/RosWrapcommun/color.h...
Generating docs for file /home/zheng/robot_ws_zheng/src/ros_wrap_safe_motion/include/RosWrapcommun/RosWrapCommunDefinition.h...
Generating docs for file /home/zheng/robot_ws_zheng/src/ros_wrap_safe_motion/include/RosWrapconstraint/RosWrapAvoidanceCst.h...
Generating docs for file /home/zheng/robot_ws_zheng/src/ros_wrap_safe_motion/include/RosWrapconstraint/RosWrapCartVelCst.h...
Generating docs for file /home/zheng/robot_ws_zheng/src/ros_wrap_safe_motion/include/RosWrapconstraint/RosWrapGenericCst.h...
Generating docs for file /home/zheng/robot_ws_zheng/src/ros_wrap_safe_motion/include/RosWrapconstraint/RosWrapJointAccCst.h...
Generating docs for file /home/zheng/robot_ws_zheng/src/ros_wrap_safe_motion/include/RosWrapconstraint/RosWrapJointPosCst.h...
Generating docs for file /home/zheng/robot_ws_zheng/src/ros_wrap_safe_motion/include/RosWrapconstraint/RosWrapJointVelCst.h...
Generating docs for file /home/zheng/robot_ws_zheng/src/ros_wrap_safe_motion/include/RosWrapperception/RosWrapHumanMotion.h...
Generating docs for file /home/zheng/robot_ws_zheng/src/ros_wrap_safe_motion/include/RosWrapperception/RosWrapHumanOccupancy.h...
Generating docs for file /home/zheng/robot_ws_zheng/src/ros_wrap_safe_motion/include/RosWrapperception/RosWrapHumanOptimalTorque.h...
Generating docs for file /home/zheng/robot_ws_zheng/src/ros_wrap_safe_motion/include/RosWraprobotmodel/RosWrapchainjnttojacdotsolver.h...
Generating docs for file /home/zheng/robot_ws_zheng/src/ros_wrap_safe_motion/include/RosWraprobotmodel/RosWrapRobotDynTree.h...
Generating docs for file /home/zheng/robot_ws_zheng/src/ros_wrap_safe_motion/include/RosWraprobotmodel/RosWrapRobotModel.h...
Generating docs for file /home/zheng/robot_ws_zheng/src/ros_wrap_safe_motion/include/RosWrapsepPlane/RosWrapsepPlane.h...
Generating docs for file /home/zheng/robot_ws_zheng/src/ros_wrap_safe_motion/include/RosWrapsolver/RosWraplpsolve.h...
Generating docs for file /home/zheng/robot_ws_zheng/src/ros_wrap_safe_motion/include/RosWrapsolver/RosWrapMpcSolver.h...
Generating docs for file /home/zheng/robot_ws_zheng/src/ros_wrap_safe_motion/include/RosWrapsolver/RosWrapPlaneSolver.h...
Generating docs for file /home/zheng/robot_ws_zheng/src/ros_wrap_safe_motion/include/RosWraptask/RosWrapMpcTask.h...
Generating docs for file /home/zheng/robot_ws_zheng/src/ros_wrap_safe_motion/include/RosWrapvisualization/RosWrapMarkers.h...
Generating docs for file /home/zheng/robot_ws_zheng/src/ros_wrap_safe_motion/README.md...
Generating docs for file /home/zheng/robot_ws_zheng/src/ros_wrap_safe_motion/src/CMakeLists.txt...
Generating docs for file /home/zheng/robot_ws_zheng/src/ros_wrap_safe_motion/src/RosWrapconstraint/RosWrapAvoidanceCst.cpp...
Generating docs for file /home/zheng/robot_ws_zheng/src/ros_wrap_safe_motion/src/RosWrapconstraint/RosWrapGenericCst.cpp...
Generating docs for file /home/zheng/robot_ws_zheng/src/ros_wrap_safe_motion/src/RosWrapconstraint/RosWrapJointPosCst.cpp...
Generating docs for file /home/zheng/robot_ws_zheng/src/ros_wrap_safe_motion/src/RosWrapconstraint/RosWrapJointVelCst.cpp...
Generating docs for file /home/zheng/robot_ws_zheng/src/ros_wrap_safe_motion/src/RosWrapperception/RosWrapHumanMotion.cpp...
Generating docs for file /home/zheng/robot_ws_zheng/src/ros_wrap_safe_motion/src/RosWrapperception/RosWrapHumanOptimalTorque.cpp...
Generating docs for file /home/zheng/robot_ws_zheng/src/ros_wrap_safe_motion/src/RosWraprobotmodel/RosWrapchainjnttojacdotsolver.cpp...
Generating docs for file /home/zheng/robot_ws_zheng/src/ros_wrap_safe_motion/src/RosWraprobotmodel/RosWrapRobotDynTree.cpp...
Generating docs for file /home/zheng/robot_ws_zheng/src/ros_wrap_safe_motion/src/RosWraprobotmodel/RosWrapRobotModel.cpp...
Generating docs for file /home/zheng/robot_ws_zheng/src/ros_wrap_safe_motion/src/RosWrapsepPlane/RosWrapsepPlane.cpp...
Generating docs for file /home/zheng/robot_ws_zheng/src/ros_wrap_safe_motion/src/RosWrapsolver/RosWraplpsolve.cpp...
Generating docs for file /home/zheng/robot_ws_zheng/src/ros_wrap_safe_motion/src/RosWrapsolver/RosWrapMpcSolver.cpp...
Generating docs for file /home/zheng/robot_ws_zheng/src/ros_wrap_safe_motion/src/RosWrapsolver/RosWrapPlaneSolver.cpp...
Generating docs for file /home/zheng/robot_ws_zheng/src/ros_wrap_safe_motion/src/RosWraptask/RosWrapMpcTask.cpp...
Generating docs for file /home/zheng/robot_ws_zheng/src/ros_wrap_safe_motion/src/RosWrapvisualization/RosWrapMarkers.cpp...
Generating page documentation...
Generating group documentation...
Generating class documentation...
Generating docs for compound arm_kinematic...
/home/zheng/robot_ws_zheng/src/ros_wrap_safe_motion/include/RosWraprobotmodel/RosWrapRobotModel.h:108: warning: argument 'kdl_segment' of command @param is not found in the argument list of arm_kinematic::getSegment(unsigned int segment)
/home/zheng/robot_ws_zheng/src/ros_wrap_safe_motion/include/RosWraprobotmodel/RosWrapRobotModel.h:137: warning: argument 'kdl_frame' of command @param is not found in the argument list of arm_kinematic::getSegmentPosition(const std::string &segment_name)
/home/zheng/robot_ws_zheng/src/ros_wrap_safe_motion/include/RosWraprobotmodel/RosWrapRobotModel.h:127: warning: argument 'kdl_frame' of command @param is not found in the argument list of arm_kinematic::getSegmentPosition(unsigned int segment)
/home/zheng/robot_ws_zheng/src/ros_wrap_safe_motion/include/RosWraprobotmodel/RosWrapRobotModel.h:273: warning: argument 'qd_des' of command @param is not found in the argument list of arm_kinematic::setJointVelocities(const Eigen::VectorXd &qd)
/home/zheng/robot_ws_zheng/src/ros_wrap_safe_motion/include/RosWraprobotmodel/RosWrapRobotModel.h:277: warning: The following parameter of arm_kinematic::setJointVelocities(const Eigen::VectorXd &qd) is not documented:
  parameter 'qd'
/home/zheng/robot_ws_zheng/src/ros_wrap_safe_motion/include/RosWraprobotmodel/RosWrapRobotModel.h:396: warning: argument 'Ros' of command @param is not found in the argument list of arm_kinematic::subscriberCallback(const sensor_msgs::JointState &jntState)
/home/zheng/robot_ws_zheng/src/ros_wrap_safe_motion/include/RosWraprobotmodel/RosWrapRobotModel.h:400: warning: The following parameter of arm_kinematic::subscriberCallback(const sensor_msgs::JointState &jntState) is not documented:
  parameter 'jntState'
Generating docs for compound CartVelCst...
Generating docs for compound constraintData...
Generating docs for compound GenericCst...
/home/zheng/robot_ws_zheng/src/ros_wrap_safe_motion/include/RosWrapconstraint/RosWrapGenericCst.h:35: warning: The following parameters of GenericCst::GenericCst(int ndof, int N, double dt, std::string name, Eigen::MatrixXd Px, Eigen::MatrixXd Pu) are not documented:
  parameter 'name'
  parameter 'Px'
  parameter 'Pu'
/home/zheng/robot_ws_zheng/src/ros_wrap_safe_motion/include/RosWrapconstraint/RosWrapGenericCst.h:39: warning: argument 'Px' of command @param is not found in the argument list of GenericCst::setLowerBound(const Eigen::VectorXd &robot_state)
/home/zheng/robot_ws_zheng/src/ros_wrap_safe_motion/include/RosWrapconstraint/RosWrapGenericCst.h:48: warning: argument 'Px' of command @param is not found in the argument list of GenericCst::setUpperBound(const Eigen::VectorXd &robot_state)
/home/zheng/robot_ws_zheng/src/ros_wrap_safe_motion/include/RosWrapconstraint/RosWrapGenericCst.h:61: warning: argument 'Px' of command @param is not found in the argument list of GenericCst::update(const Eigen::VectorXd &robot_state)
/home/zheng/robot_ws_zheng/src/ros_wrap_safe_motion/include/RosWrapconstraint/RosWrapGenericCst.h:61: warning: argument 'Pu' of command @param is not found in the argument list of GenericCst::update(const Eigen::VectorXd &robot_state)
Generating docs for compound HumanMotion...
/home/zheng/robot_ws_zheng/src/ros_wrap_safe_motion/include/RosWrapperception/RosWrapHumanMotion.h:110: warning: argument '4x4' of command @param is not found in the argument list of HumanMotion::Adjoint(const Eigen::MatrixXd &T)
/home/zheng/robot_ws_zheng/src/ros_wrap_safe_motion/include/RosWrapperception/RosWrapHumanMotion.h:117: warning: The following parameter of HumanMotion::Adjoint(const Eigen::MatrixXd &T) is not documented:
  parameter 'T'
/home/zheng/robot_ws_zheng/src/ros_wrap_safe_motion/include/RosWrapperception/RosWrapHumanMotion.h:53: warning: argument 'Exponential' of command @param is not found in the argument list of HumanMotion::AxisAng3(const Eigen::Vector3d &expc3)
/home/zheng/robot_ws_zheng/src/ros_wrap_safe_motion/include/RosWrapperception/RosWrapHumanMotion.h:60: warning: The following parameter of HumanMotion::AxisAng3(const Eigen::Vector3d &expc3) is not documented:
  parameter 'expc3'
/home/zheng/robot_ws_zheng/src/ros_wrap_safe_motion/include/RosWrapperception/RosWrapHumanMotion.h:142: warning: argument 'Home' of command @param is not found in the argument list of HumanMotion::FKinSpace(const Eigen::MatrixXd &M, const Eigen::MatrixXd &Slist, const Eigen::VectorXd &thetaList)
/home/zheng/robot_ws_zheng/src/ros_wrap_safe_motion/include/RosWrapperception/RosWrapHumanMotion.h:153: warning: The following parameters of HumanMotion::FKinSpace(const Eigen::MatrixXd &M, const Eigen::MatrixXd &Slist, const Eigen::VectorXd &thetaList) are not documented:
  parameter 'M'
  parameter 'Slist'
  parameter 'thetaList'
/home/zheng/robot_ws_zheng/src/ros_wrap_safe_motion/include/RosWrapperception/RosWrapHumanMotion.h:195: warning: argument 'T' of command @param is not found in the argument list of HumanMotion::IKNumericalSolver(const Eigen::MatrixXd &Slist, const Eigen::MatrixXd &M, const Eigen::Vector3d &xd, Eigen::Vector4d &thetalist)
/home/zheng/robot_ws_zheng/src/ros_wrap_safe_motion/include/RosWrapperception/RosWrapHumanMotion.h:205: warning: The following parameter of HumanMotion::IKNumericalSolver(const Eigen::MatrixXd &Slist, const Eigen::MatrixXd &M, const Eigen::Vector3d &xd, Eigen::Vector4d &thetalist) is not documented:
  parameter 'xd'
/home/zheng/robot_ws_zheng/src/ros_wrap_safe_motion/include/RosWrapperception/RosWrapHumanMotion.h:63: warning: argument 'exponenential' of command @param is not found in the argument list of HumanMotion::MatrixExp3(const Eigen::Matrix3d &so3mat)
/home/zheng/robot_ws_zheng/src/ros_wrap_safe_motion/include/RosWrapperception/RosWrapHumanMotion.h:69: warning: The following parameter of HumanMotion::MatrixExp3(const Eigen::Matrix3d &so3mat) is not documented:
  parameter 'so3mat'
/home/zheng/robot_ws_zheng/src/ros_wrap_safe_motion/include/RosWrapperception/RosWrapHumanMotion.h:125: warning: argument 'se3' of command @param is not found in the argument list of HumanMotion::MatrixExp6(const Eigen::MatrixXd &se3mat)
/home/zheng/robot_ws_zheng/src/ros_wrap_safe_motion/include/RosWrapperception/RosWrapHumanMotion.h:131: warning: The following parameter of HumanMotion::MatrixExp6(const Eigen::MatrixXd &se3mat) is not documented:
  parameter 'se3mat'
/home/zheng/robot_ws_zheng/src/ros_wrap_safe_motion/include/RosWrapperception/RosWrapHumanMotion.h:71: warning: argument 'Rotation' of command @param is not found in the argument list of HumanMotion::MatrixLog3(const Eigen::Matrix3d &R)
/home/zheng/robot_ws_zheng/src/ros_wrap_safe_motion/include/RosWrapperception/RosWrapHumanMotion.h:77: warning: The following parameter of HumanMotion::MatrixLog3(const Eigen::Matrix3d &R) is not documented:
  parameter 'R'
/home/zheng/robot_ws_zheng/src/ros_wrap_safe_motion/include/RosWrapperception/RosWrapHumanMotion.h:102: warning: argument 'spatial' of command @param is not found in the argument list of HumanMotion::se3ToVec(const Eigen::MatrixXd &T)
/home/zheng/robot_ws_zheng/src/ros_wrap_safe_motion/include/RosWrapperception/RosWrapHumanMotion.h:108: warning: The following parameter of HumanMotion::se3ToVec(const Eigen::MatrixXd &T) is not documented:
  parameter 'T'
/home/zheng/robot_ws_zheng/src/ros_wrap_safe_motion/include/RosWrapperception/RosWrapHumanMotion.h:93: warning: argument 'spatial' of command @param is not found in the argument list of HumanMotion::VecTose3(const Eigen::VectorXd &V)
/home/zheng/robot_ws_zheng/src/ros_wrap_safe_motion/include/RosWrapperception/RosWrapHumanMotion.h:99: warning: The following parameter of HumanMotion::VecTose3(const Eigen::VectorXd &V) is not documented:
  parameter 'V'
/home/zheng/robot_ws_zheng/src/ros_wrap_safe_motion/include/RosWrapperception/RosWrapHumanMotion.h:28: warning: argument 'angular' of command @param is not found in the argument list of HumanMotion::VecToso3(const Eigen::Vector3d &omega)
/home/zheng/robot_ws_zheng/src/ros_wrap_safe_motion/include/RosWrapperception/RosWrapHumanMotion.h:34: warning: The following parameter of HumanMotion::VecToso3(const Eigen::Vector3d &omega) is not documented:
  parameter 'omega'
Generating docs for compound HumanTorque...
Generating docs for compound JntAccCst...
Generating docs for compound JntPosCst...
/home/zheng/robot_ws_zheng/src/ros_wrap_safe_motion/include/RosWrapconstraint/RosWrapJointPosCst.h:26: warning: argument 'Px' of command @param is not found in the argument list of JntPosCst::setLowerBound(const Eigen::VectorXd &robot_state) inherited from member setLowerBound at line 39 in file /home/zheng/robot_ws_zheng/src/ros_wrap_safe_motion/include/RosWrapconstraint/RosWrapGenericCst.h
/home/zheng/robot_ws_zheng/src/ros_wrap_safe_motion/include/RosWrapconstraint/RosWrapJointPosCst.h:28: warning: argument 'Px' of command @param is not found in the argument list of JntPosCst::setUpperBound(const Eigen::VectorXd &robot_state) inherited from member setUpperBound at line 48 in file /home/zheng/robot_ws_zheng/src/ros_wrap_safe_motion/include/RosWrapconstraint/RosWrapGenericCst.h
/home/zheng/robot_ws_zheng/src/ros_wrap_safe_motion/include/RosWrapconstraint/RosWrapJointPosCst.h:32: warning: argument 'Px' of command @param is not found in the argument list of JntPosCst::update(const Eigen::VectorXd &robot_state) inherited from member update at line 61 in file /home/zheng/robot_ws_zheng/src/ros_wrap_safe_motion/include/RosWrapconstraint/RosWrapGenericCst.h
/home/zheng/robot_ws_zheng/src/ros_wrap_safe_motion/include/RosWrapconstraint/RosWrapJointPosCst.h:32: warning: argument 'Pu' of command @param is not found in the argument list of JntPosCst::update(const Eigen::VectorXd &robot_state) inherited from member update at line 61 in file /home/zheng/robot_ws_zheng/src/ros_wrap_safe_motion/include/RosWrapconstraint/RosWrapGenericCst.h
Generating docs for compound JntVelCst...
/home/zheng/robot_ws_zheng/src/ros_wrap_safe_motion/include/RosWrapconstraint/RosWrapJointVelCst.h:23: warning: argument 'Px' of command @param is not found in the argument list of JntVelCst::setLowerBound(const Eigen::VectorXd &robot_state) inherited from member setLowerBound at line 39 in file /home/zheng/robot_ws_zheng/src/ros_wrap_safe_motion/include/RosWrapconstraint/RosWrapGenericCst.h
/home/zheng/robot_ws_zheng/src/ros_wrap_safe_motion/include/RosWrapconstraint/RosWrapJointVelCst.h:24: warning: argument 'Px' of command @param is not found in the argument list of JntVelCst::setUpperBound(const Eigen::VectorXd &robot_state) inherited from member setUpperBound at line 48 in file /home/zheng/robot_ws_zheng/src/ros_wrap_safe_motion/include/RosWrapconstraint/RosWrapGenericCst.h
/home/zheng/robot_ws_zheng/src/ros_wrap_safe_motion/include/RosWrapconstraint/RosWrapJointVelCst.h:26: warning: argument 'Px' of command @param is not found in the argument list of JntVelCst::update(const Eigen::VectorXd &robot_state) inherited from member update at line 61 in file /home/zheng/robot_ws_zheng/src/ros_wrap_safe_motion/include/RosWrapconstraint/RosWrapGenericCst.h
/home/zheng/robot_ws_zheng/src/ros_wrap_safe_motion/include/RosWrapconstraint/RosWrapJointVelCst.h:26: warning: argument 'Pu' of command @param is not found in the argument list of JntVelCst::update(const Eigen::VectorXd &robot_state) inherited from member update at line 61 in file /home/zheng/robot_ws_zheng/src/ros_wrap_safe_motion/include/RosWrapconstraint/RosWrapGenericCst.h
Generating docs for compound lpSolver...
Generating docs for compound markers...
Generating docs for compound mpc_solve...
Generating docs for compound MPC_Task...
Generating docs for compound ObsAvoidanceCSt...
Generating docs for compound PlaneSolver...
Generating docs for compound SegmentIndice...
Generating namespace index...
Generating docs for namespace KDL
Generating docs for compound KDL::ChainJntToJacDotSolver...
/home/zheng/robot_ws_zheng/src/ros_wrap_safe_motion/include/RosWraprobotmodel/RosWrapchainjnttojacdotsolver.h:107: warning: @copybrief or @copydoc target 'KDL::SolverI::strError()' not found
/home/zheng/robot_ws_zheng/src/ros_wrap_safe_motion/include/RosWraprobotmodel/RosWrapchainjnttojacdotsolver.h:143: warning: argument 'bs_J_bs' of command @param is not found in the argument list of KDL::ChainJntToJacDotSolver::getPartialDerivative(const Jacobian &J, const unsigned int &joint_idx, const unsigned int &column_idx, const int &representation)
/home/zheng/robot_ws_zheng/src/ros_wrap_safe_motion/include/RosWraprobotmodel/RosWrapchainjnttojacdotsolver.h:152: warning: The following parameter of KDL::ChainJntToJacDotSolver::getPartialDerivative(const Jacobian &J, const unsigned int &joint_idx, const unsigned int &column_idx, const int &representation) is not documented:
  parameter 'J'
/home/zheng/robot_ws_zheng/src/ros_wrap_safe_motion/include/RosWraprobotmodel/RosWrapchainjnttojacdotsolver.h:121: warning: argument 'bs_J_ee' of command @param is not found in the argument list of KDL::ChainJntToJacDotSolver::getPartialDerivativeBodyFixed(const Jacobian &ee_J_ee, const unsigned int &joint_idx, const unsigned int &column_idx)
/home/zheng/robot_ws_zheng/src/ros_wrap_safe_motion/include/RosWraprobotmodel/RosWrapchainjnttojacdotsolver.h:129: warning: The following parameter of KDL::ChainJntToJacDotSolver::getPartialDerivativeBodyFixed(const Jacobian &ee_J_ee, const unsigned int &joint_idx, const unsigned int &column_idx) is not documented:
  parameter 'ee_J_ee'
/home/zheng/robot_ws_zheng/src/ros_wrap_safe_motion/include/RosWraprobotmodel/RosWrapchainjnttojacdotsolver.h:132: warning: argument 'ee_J_ee' of command @param is not found in the argument list of KDL::ChainJntToJacDotSolver::getPartialDerivativeInertial(const Jacobian &bs_J_bs, const unsigned int &joint_idx, const unsigned int &column_idx)
/home/zheng/robot_ws_zheng/src/ros_wrap_safe_motion/include/RosWraprobotmodel/RosWrapchainjnttojacdotsolver.h:140: warning: The following parameter of KDL::ChainJntToJacDotSolver::getPartialDerivativeInertial(const Jacobian &bs_J_bs, const unsigned int &joint_idx, const unsigned int &column_idx) is not documented:
  parameter 'bs_J_bs'
/home/zheng/robot_ws_zheng/src/ros_wrap_safe_motion/include/RosWraprobotmodel/RosWrapchainjnttojacdotsolver.h:107: warning: @copybrief or @copydoc target 'KDL::SolverI::strError()' not found
/home/zheng/robot_ws_zheng/src/ros_wrap_safe_motion/include/RosWraprobotmodel/RosWrapchainjnttojacdotsolver.h:107: warning: @copydetails or @copydoc target 'KDL::SolverI::strError()' not found
Generating docs for namespace plane
Generating docs for compound plane::Planes...
Generating docs for nested compound plane::Planes::PlaneData...
Generating docs for compound plane::VerticesData...
Generating docs for namespace robot
Generating docs for compound robot::EigenRobotAcceleration...
Generating docs for compound robot::EigenRobotState...
Generating docs for compound robot::iDynTreeRobotAcceleration...
Generating docs for compound robot::iDynTreeRobotState...
Generating docs for compound robot::RobotDynClass...
Generating graph info page...
Generating directory documentation...
Generating dependency graph for directory /home/zheng/robot_ws_zheng/src/ros_wrap_safe_motion/include
Generating dependency graph for directory /home/zheng/robot_ws_zheng/src/ros_wrap_safe_motion
Generating dependency graph for directory /home/zheng/robot_ws_zheng/src/ros_wrap_safe_motion/include/RosWrapconstraint
Generating dependency graph for directory /home/zheng/robot_ws_zheng/src/ros_wrap_safe_motion/src/RosWrapconstraint
Generating dependency graph for directory /home/zheng/robot_ws_zheng/src/ros_wrap_safe_motion/include/RosWrapperception
Generating dependency graph for directory /home/zheng/robot_ws_zheng/src/ros_wrap_safe_motion/src/RosWrapperception
Generating dependency graph for directory /home/zheng/robot_ws_zheng/src/ros_wrap_safe_motion/include/RosWraprobotmodel
Generating dependency graph for directory /home/zheng/robot_ws_zheng/src/ros_wrap_safe_motion/src/RosWraprobotmodel
Generating dependency graph for directory /home/zheng/robot_ws_zheng/src/ros_wrap_safe_motion/include/RosWrapsepPlane
Generating dependency graph for directory /home/zheng/robot_ws_zheng/src/ros_wrap_safe_motion/src/RosWrapsepPlane
Generating dependency graph for directory /home/zheng/robot_ws_zheng/src/ros_wrap_safe_motion/src/RosWrapsolver
Generating dependency graph for directory /home/zheng/robot_ws_zheng/src/ros_wrap_safe_motion/include/RosWrapsolver
Generating dependency graph for directory /home/zheng/robot_ws_zheng/src/ros_wrap_safe_motion/include/RosWraptask
Generating dependency graph for directory /home/zheng/robot_ws_zheng/src/ros_wrap_safe_motion/src/RosWraptask
Generating dependency graph for directory /home/zheng/robot_ws_zheng/src/ros_wrap_safe_motion/src/RosWrapvisualization
Generating dependency graph for directory /home/zheng/robot_ws_zheng/src/ros_wrap_safe_motion/src
Generating dependency graph for directory /home/zheng/robot_ws_zheng/src
Generating bitmaps for formulas in HTML...
Generating index page...
Generating page index...
Generating module index...
Generating namespace index...
Generating namespace member index...
Generating annotated compound index...
Generating alphabetical compound index...
Generating hierarchical class index...
Generating graphical class hierarchy...
Generating member index...
Generating file index...
Generating file member index...
Generating example index...
finalizing index lists...
writing tag file...
Running plantuml with JAVA...
Running dot...
Generating dot graphs using 9 parallel threads...
Running dot for graph 1/13
Running dot for graph 2/13
Running dot for graph 3/13
Running dot for graph 4/13
Running dot for graph 5/13
Running dot for graph 6/13
Running dot for graph 7/13
Running dot for graph 8/13
Running dot for graph 9/13
Running dot for graph 10/13
Running dot for graph 11/13
Running dot for graph 12/13
Running dot for graph 13/13
Error: dot: can't open /home/zheng/robot_ws_zheng/src/ros_robot_controller/docs/html/color_8h__dep__incl.dot
error: Problems running dot: exit code=2, command='dot', arguments='"/home/zheng/robot_ws_zheng/src/ros_robot_controller/docs/html/color_8h__dep__incl.dot" -Tcmapx -o "/home/zheng/robot_ws_zheng/src/ros_robot_controller/docs/html/color_8h__dep__incl.map"'
Patching output file 1/6
Patching output file 2/6
Patching output file 3/6
Patching output file 4/6
Patching output file 5/6
Patching output file 6/6
lookup cache used 870/65536 hits=3165 misses=888
finished...
[ 97%] Built target rosWrapperdoc
[100%] [32m[1mLinking CXX executable /home/zheng/robot_ws_zheng/devel/.private/ros_wrap_safe_motion/lib/ros_wrap_safe_motion/humanperceptiontest[0m
[100%] Built target humanperceptiontest
