warning: Tag 'CLANG_ASSISTED_PARSING' at line 1026 of file '/home/zheng/robot_ws_zheng/build/ros_wrap_safe_motion/Doxyfile' belongs to an option that was not enabled at compile time.
         To avoid this warning please remove this line from your configuration file or upgrade it using "doxygen -u", or recompile doxygen with this feature enabled.
warning: Tag 'CLANG_OPTIONS' at line 1034 of file '/home/zheng/robot_ws_zheng/build/ros_wrap_safe_motion/Doxyfile' belongs to an option that was not enabled at compile time.
         To avoid this warning please remove this line from your configuration file or upgrade it using "doxygen -u", or recompile doxygen with this feature enabled.
warning: Tag 'PERL_PATH' at line 2117 of file '/home/zheng/robot_ws_zheng/build/ros_wrap_safe_motion/Doxyfile' has become obsolete.
         To avoid this warning please remove this line from your configuration file or upgrade it using "doxygen -u"
warning: Tag 'MSCGEN_PATH' at line 2139 of file '/home/zheng/robot_ws_zheng/build/ros_wrap_safe_motion/Doxyfile' has become obsolete.
         To avoid this warning please remove this line from your configuration file or upgrade it using "doxygen -u"
warning: ignoring unknown tag '2020' at line 2435, file /home/zheng/robot_ws_zheng/build/ros_wrap_safe_motion/Doxyfile
warning: ignoring unknown tag 'GitHub' at line 2435, file /home/zheng/robot_ws_zheng/build/ros_wrap_safe_motion/Doxyfile
warning: ignoring unknown tag 'Inc' at line 2435, file /home/zheng/robot_ws_zheng/build/ros_wrap_safe_motion/Doxyfile
warning: ignoring unknown tag 'Terms' at line 2436, file /home/zheng/robot_ws_zheng/build/ros_wrap_safe_motion/Doxyfile
warning: ignoring unknown tag 'Privacy' at line 2437, file /home/zheng/robot_ws_zheng/build/ros_wrap_safe_motion/Doxyfile
warning: ignoring unknown tag 'Security' at line 2438, file /home/zheng/robot_ws_zheng/build/ros_wrap_safe_motion/Doxyfile
warning: ignoring unknown tag 'Status' at line 2439, file /home/zheng/robot_ws_zheng/build/ros_wrap_safe_motion/Doxyfile
warning: ignoring unknown tag 'Help' at line 2440, file /home/zheng/robot_ws_zheng/build/ros_wrap_safe_motion/Doxyfile
warning: ignoring unknown tag 'Contact' at line 2442, file /home/zheng/robot_ws_zheng/build/ros_wrap_safe_motion/Doxyfile
warning: ignoring unknown tag 'GitHub' at line 2442, file /home/zheng/robot_ws_zheng/build/ros_wrap_safe_motion/Doxyfile
warning: ignoring unknown tag 'Pricing' at line 2443, file /home/zheng/robot_ws_zheng/build/ros_wrap_safe_motion/Doxyfile
warning: ignoring unknown tag 'API' at line 2444, file /home/zheng/robot_ws_zheng/build/ros_wrap_safe_motion/Doxyfile
warning: ignoring unknown tag 'Training' at line 2445, file /home/zheng/robot_ws_zheng/build/ros_wrap_safe_motion/Doxyfile
warning: ignoring unknown tag 'Blog' at line 2446, file /home/zheng/robot_ws_zheng/build/ros_wrap_safe_motion/Doxyfile
warning: ignoring unknown tag 'About' at line 2447, file /home/zheng/robot_ws_zheng/build/ros_wrap_safe_motion/Doxyfile
warning: tag INPUT: input source '/home/zheng/robot_ws_zheng/src/ros_wrap_safe_motion/impl/' does not exist
warning: tag INPUT: input source '/home/zheng/robot_ws_zheng/src/ros_wrap_safe_motion/samples/' does not exist
warning: source /home/zheng/robot_ws_zheng/src/ros_wrap_safe_motion/impl is not a readable file or directory... skipping.
warning: source /home/zheng/robot_ws_zheng/src/ros_wrap_safe_motion/samples is not a readable file or directory... skipping.
/home/zheng/robot_ws_zheng/src/ros_wrap_safe_motion/src/RosWraprobotmodel/RosWrapchainjnttojacdotsolver.cpp:35: warning: no matching class member found for 
  int KDL::ChainJntToJacDotSolver::JntToJacDot(const JntArrayVel &q_in, Twist &jac_dot_q_dot, int seg_nr)
Possible candidates:
  'virtual int KDL::ChainJntToJacDotSolver::JntToJacDot(const KDL::JntArrayVel &q_in, KDL::Twist &jac_dot_q_dot, int seg_nr=-1)'
  'virtual int KDL::ChainJntToJacDotSolver::JntToJacDot(const KDL::JntArrayVel &q_in, KDL::Jacobian &jdot, int seg_nr=-1)'

/home/zheng/robot_ws_zheng/src/ros_wrap_safe_motion/src/RosWraprobotmodel/RosWrapchainjnttojacdotsolver.cpp:42: warning: no matching class member found for 
  int KDL::ChainJntToJacDotSolver::JntToJacDot(const JntArrayVel &q_in, Jacobian &jdot, int seg_nr)
Possible candidates:
  'virtual int KDL::ChainJntToJacDotSolver::JntToJacDot(const KDL::JntArrayVel &q_in, KDL::Twist &jac_dot_q_dot, int seg_nr=-1)'
  'virtual int KDL::ChainJntToJacDotSolver::JntToJacDot(const KDL::JntArrayVel &q_in, KDL::Jacobian &jdot, int seg_nr=-1)'

/home/zheng/robot_ws_zheng/src/ros_wrap_safe_motion/include/RosWraprobotmodel/RosWrapchainjnttojacdotsolver.h:107: warning: @copybrief or @copydoc target 'KDL::SolverI::strError()' not found
/home/zheng/robot_ws_zheng/src/ros_wrap_safe_motion/include/RosWraprobotmodel/RosWrapRobotModel.h:108: warning: argument 'kdl_segment' of command @param is not found in the argument list of arm_kinematic::getSegment(unsigned int segment)
/home/zheng/robot_ws_zheng/src/ros_wrap_safe_motion/include/RosWraprobotmodel/RosWrapRobotModel.h:137: warning: argument 'kdl_frame' of command @param is not found in the argument list of arm_kinematic::getSegmentPosition(const std::string &segment_name)
/home/zheng/robot_ws_zheng/src/ros_wrap_safe_motion/include/RosWraprobotmodel/RosWrapRobotModel.h:127: warning: argument 'kdl_frame' of command @param is not found in the argument list of arm_kinematic::getSegmentPosition(unsigned int segment)
/home/zheng/robot_ws_zheng/src/ros_wrap_safe_motion/include/RosWraprobotmodel/RosWrapRobotModel.h:273: warning: argument 'qd_des' of command @param is not found in the argument list of arm_kinematic::setJointVelocities(const Eigen::VectorXd &qd)
/home/zheng/robot_ws_zheng/src/ros_wrap_safe_motion/include/RosWraprobotmodel/RosWrapRobotModel.h:277: warning: The following parameter of arm_kinematic::setJointVelocities(const Eigen::VectorXd &qd) is not documented:
  parameter 'qd'
/home/zheng/robot_ws_zheng/src/ros_wrap_safe_motion/include/RosWraprobotmodel/RosWrapRobotModel.h:396: warning: argument 'Ros' of command @param is not found in the argument list of arm_kinematic::subscriberCallback(const sensor_msgs::JointState &jntState)
/home/zheng/robot_ws_zheng/src/ros_wrap_safe_motion/include/RosWraprobotmodel/RosWrapRobotModel.h:400: warning: The following parameter of arm_kinematic::subscriberCallback(const sensor_msgs::JointState &jntState) is not documented:
  parameter 'jntState'
/home/zheng/robot_ws_zheng/src/ros_wrap_safe_motion/include/RosWrapconstraint/RosWrapGenericCst.h:35: warning: The following parameters of GenericCst::GenericCst(int ndof, int N, double dt, std::string name, Eigen::MatrixXd Px, Eigen::MatrixXd Pu) are not documented:
  parameter 'name'
  parameter 'Px'
  parameter 'Pu'
/home/zheng/robot_ws_zheng/src/ros_wrap_safe_motion/include/RosWrapconstraint/RosWrapGenericCst.h:39: warning: argument 'Px' of command @param is not found in the argument list of GenericCst::setLowerBound(const Eigen::VectorXd &robot_state)
/home/zheng/robot_ws_zheng/src/ros_wrap_safe_motion/include/RosWrapconstraint/RosWrapGenericCst.h:48: warning: argument 'Px' of command @param is not found in the argument list of GenericCst::setUpperBound(const Eigen::VectorXd &robot_state)
/home/zheng/robot_ws_zheng/src/ros_wrap_safe_motion/include/RosWrapconstraint/RosWrapGenericCst.h:61: warning: argument 'Px' of command @param is not found in the argument list of GenericCst::update(const Eigen::VectorXd &robot_state)
/home/zheng/robot_ws_zheng/src/ros_wrap_safe_motion/include/RosWrapconstraint/RosWrapGenericCst.h:61: warning: argument 'Pu' of command @param is not found in the argument list of GenericCst::update(const Eigen::VectorXd &robot_state)
/home/zheng/robot_ws_zheng/src/ros_wrap_safe_motion/include/RosWrapconstraint/RosWrapJointPosCst.h:26: warning: argument 'Px' of command @param is not found in the argument list of JntPosCst::setLowerBound(const Eigen::VectorXd &robot_state) inherited from member setLowerBound at line 39 in file /home/zheng/robot_ws_zheng/src/ros_wrap_safe_motion/include/RosWrapconstraint/RosWrapGenericCst.h
/home/zheng/robot_ws_zheng/src/ros_wrap_safe_motion/include/RosWrapconstraint/RosWrapJointPosCst.h:28: warning: argument 'Px' of command @param is not found in the argument list of JntPosCst::setUpperBound(const Eigen::VectorXd &robot_state) inherited from member setUpperBound at line 48 in file /home/zheng/robot_ws_zheng/src/ros_wrap_safe_motion/include/RosWrapconstraint/RosWrapGenericCst.h
/home/zheng/robot_ws_zheng/src/ros_wrap_safe_motion/include/RosWrapconstraint/RosWrapJointPosCst.h:32: warning: argument 'Px' of command @param is not found in the argument list of JntPosCst::update(const Eigen::VectorXd &robot_state) inherited from member update at line 61 in file /home/zheng/robot_ws_zheng/src/ros_wrap_safe_motion/include/RosWrapconstraint/RosWrapGenericCst.h
/home/zheng/robot_ws_zheng/src/ros_wrap_safe_motion/include/RosWrapconstraint/RosWrapJointPosCst.h:32: warning: argument 'Pu' of command @param is not found in the argument list of JntPosCst::update(const Eigen::VectorXd &robot_state) inherited from member update at line 61 in file /home/zheng/robot_ws_zheng/src/ros_wrap_safe_motion/include/RosWrapconstraint/RosWrapGenericCst.h
/home/zheng/robot_ws_zheng/src/ros_wrap_safe_motion/include/RosWrapconstraint/RosWrapJointVelCst.h:23: warning: argument 'Px' of command @param is not found in the argument list of JntVelCst::setLowerBound(const Eigen::VectorXd &robot_state) inherited from member setLowerBound at line 39 in file /home/zheng/robot_ws_zheng/src/ros_wrap_safe_motion/include/RosWrapconstraint/RosWrapGenericCst.h
/home/zheng/robot_ws_zheng/src/ros_wrap_safe_motion/include/RosWrapconstraint/RosWrapJointVelCst.h:24: warning: argument 'Px' of command @param is not found in the argument list of JntVelCst::setUpperBound(const Eigen::VectorXd &robot_state) inherited from member setUpperBound at line 48 in file /home/zheng/robot_ws_zheng/src/ros_wrap_safe_motion/include/RosWrapconstraint/RosWrapGenericCst.h
/home/zheng/robot_ws_zheng/src/ros_wrap_safe_motion/include/RosWrapconstraint/RosWrapJointVelCst.h:26: warning: argument 'Px' of command @param is not found in the argument list of JntVelCst::update(const Eigen::VectorXd &robot_state) inherited from member update at line 61 in file /home/zheng/robot_ws_zheng/src/ros_wrap_safe_motion/include/RosWrapconstraint/RosWrapGenericCst.h
/home/zheng/robot_ws_zheng/src/ros_wrap_safe_motion/include/RosWrapconstraint/RosWrapJointVelCst.h:26: warning: argument 'Pu' of command @param is not found in the argument list of JntVelCst::update(const Eigen::VectorXd &robot_state) inherited from member update at line 61 in file /home/zheng/robot_ws_zheng/src/ros_wrap_safe_motion/include/RosWrapconstraint/RosWrapGenericCst.h
/home/zheng/robot_ws_zheng/src/ros_wrap_safe_motion/include/RosWraprobotmodel/RosWrapchainjnttojacdotsolver.h:107: warning: @copybrief or @copydoc target 'KDL::SolverI::strError()' not found
/home/zheng/robot_ws_zheng/src/ros_wrap_safe_motion/include/RosWraprobotmodel/RosWrapchainjnttojacdotsolver.h:143: warning: argument 'bs_J_bs' of command @param is not found in the argument list of KDL::ChainJntToJacDotSolver::getPartialDerivative(const Jacobian &J, const unsigned int &joint_idx, const unsigned int &column_idx, const int &representation)
/home/zheng/robot_ws_zheng/src/ros_wrap_safe_motion/include/RosWraprobotmodel/RosWrapchainjnttojacdotsolver.h:152: warning: The following parameter of KDL::ChainJntToJacDotSolver::getPartialDerivative(const Jacobian &J, const unsigned int &joint_idx, const unsigned int &column_idx, const int &representation) is not documented:
  parameter 'J'
/home/zheng/robot_ws_zheng/src/ros_wrap_safe_motion/include/RosWraprobotmodel/RosWrapchainjnttojacdotsolver.h:121: warning: argument 'bs_J_ee' of command @param is not found in the argument list of KDL::ChainJntToJacDotSolver::getPartialDerivativeBodyFixed(const Jacobian &ee_J_ee, const unsigned int &joint_idx, const unsigned int &column_idx)
/home/zheng/robot_ws_zheng/src/ros_wrap_safe_motion/include/RosWraprobotmodel/RosWrapchainjnttojacdotsolver.h:129: warning: The following parameter of KDL::ChainJntToJacDotSolver::getPartialDerivativeBodyFixed(const Jacobian &ee_J_ee, const unsigned int &joint_idx, const unsigned int &column_idx) is not documented:
  parameter 'ee_J_ee'
/home/zheng/robot_ws_zheng/src/ros_wrap_safe_motion/include/RosWraprobotmodel/RosWrapchainjnttojacdotsolver.h:132: warning: argument 'ee_J_ee' of command @param is not found in the argument list of KDL::ChainJntToJacDotSolver::getPartialDerivativeInertial(const Jacobian &bs_J_bs, const unsigned int &joint_idx, const unsigned int &column_idx)
/home/zheng/robot_ws_zheng/src/ros_wrap_safe_motion/include/RosWraprobotmodel/RosWrapchainjnttojacdotsolver.h:140: warning: The following parameter of KDL::ChainJntToJacDotSolver::getPartialDerivativeInertial(const Jacobian &bs_J_bs, const unsigned int &joint_idx, const unsigned int &column_idx) is not documented:
  parameter 'bs_J_bs'
/home/zheng/robot_ws_zheng/src/ros_wrap_safe_motion/include/RosWraprobotmodel/RosWrapchainjnttojacdotsolver.h:107: warning: @copybrief or @copydoc target 'KDL::SolverI::strError()' not found
/home/zheng/robot_ws_zheng/src/ros_wrap_safe_motion/include/RosWraprobotmodel/RosWrapchainjnttojacdotsolver.h:107: warning: @copydetails or @copydoc target 'KDL::SolverI::strError()' not found
Error: dot: can't open /home/zheng/robot_ws_zheng/src/ros_robot_controller/docs/latex/color_8h__dep__incl.dot
error: Problems running dot: exit code=2, command='dot', arguments='"/home/zheng/robot_ws_zheng/src/ros_robot_controller/docs/latex/color_8h__dep__incl.dot" -Tpdf -o "/home/zheng/robot_ws_zheng/src/ros_robot_controller/docs/latex/color_8h__dep__incl.pdf"'
In file included from [01m[K/usr/include/eigen3/Eigen/Core:347:0[m[K,
                 from [01m[K/usr/include/eigen3/Eigen/Dense:1[m[K,
                 from [01m[K/home/zheng/robot_ws_zheng/src/ros_wrap_safe_motion/include/RosWrapperception/RosWrapHumanMotion.h:4[m[K,
                 from [01m[K/home/zheng/robot_ws_zheng/src/ros_wrap_safe_motion/src/RosWrapperception/RosWrapHumanMotion.cpp:1[m[K:
/usr/include/eigen3/Eigen/src/Core/GeneralProduct.h: In instantiation of ‘[01m[Kconst Eigen::Product<Derived, OtherDerived> Eigen::MatrixBase<Derived>::operator*(const Eigen::MatrixBase<OtherDerived>&) const [with OtherDerived = Eigen::CwiseBinaryOp<Eigen::internal::scalar_difference_op<double, double>, const Eigen::Product<Eigen::Matrix<double, 4, 4>, Eigen::Matrix<double, 4, 1>, 0>, const Eigen::Product<Eigen::Matrix<double, 4, 4>, Eigen::Matrix<double, 4, 1>, 0> >; Derived = Eigen::Matrix<double, 3, 3>][m[K’:
[01m[K/home/zheng/robot_ws_zheng/src/ros_wrap_safe_motion/src/RosWrapperception/RosWrapHumanMotion.cpp:120:114:[m[K   required from here
[01m[K/usr/include/eigen3/Eigen/src/Core/GeneralProduct.h:407:3:[m[K [01;31m[Kerror: [m[Kstatic assertion failed: INVALID_MATRIX_PRODUCT
   EIGEN_STATIC_ASSERT(ProductIsValid || SameSizes, INVALID_MATRIX_PRODUCT)
[01;32m[K   ^[m[K
/usr/include/eigen3/Eigen/src/Core/GeneralProduct.h: In instantiation of ‘[01m[Kconst Eigen::Product<Derived, OtherDerived, 1> Eigen::MatrixBase<Derived>::lazyProduct(const Eigen::MatrixBase<OtherDerived>&) const [with OtherDerived = Eigen::CwiseBinaryOp<Eigen::internal::scalar_difference_op<double, double>, const Eigen::Product<Eigen::Matrix<double, 4, 4>, Eigen::Matrix<double, 4, 1>, 0>, const Eigen::Product<Eigen::Matrix<double, 4, 4>, Eigen::Matrix<double, 4, 1>, 0> >; Derived = Eigen::Matrix<double, 3, 3>][m[K’:
[01m[K/usr/include/eigen3/Eigen/src/Core/ProductEvaluators.h:397:29:[m[K   required from ‘[01m[Kstatic void Eigen::internal::generic_product_impl<Lhs, Rhs, Eigen::DenseShape, Eigen::DenseShape, 3>::evalTo(Dst&, const Lhs&, const Rhs&) [with Dst = Eigen::Matrix<double, 3, 1>; Lhs = Eigen::Matrix<double, 3, 3>; Rhs = Eigen::CwiseBinaryOp<Eigen::internal::scalar_difference_op<double, double>, const Eigen::Product<Eigen::Matrix<double, 4, 4>, Eigen::Matrix<double, 4, 1>, 0>, const Eigen::Product<Eigen::Matrix<double, 4, 4>, Eigen::Matrix<double, 4, 1>, 0> >][m[K’
[01m[K/usr/include/eigen3/Eigen/src/Core/ProductEvaluators.h:148:43:[m[K   required from ‘[01m[Kstatic void Eigen::internal::Assignment<DstXprType, Eigen::Product<Lhs, Rhs, Options>, Eigen::internal::assign_op<Scalar, Scalar>, Eigen::internal::Dense2Dense, typename Eigen::internal::enable_if<((Options == DefaultProduct) || (Options == AliasFreeProduct))>::type>::run(DstXprType&, const SrcXprType&, const Eigen::internal::assign_op<Scalar, Scalar>&) [with DstXprType = Eigen::Matrix<double, 3, 1>; Lhs = Eigen::Matrix<double, 3, 3>; Rhs = Eigen::CwiseBinaryOp<Eigen::internal::scalar_difference_op<double, double>, const Eigen::Product<Eigen::Matrix<double, 4, 4>, Eigen::Matrix<double, 4, 1>, 0>, const Eigen::Product<Eigen::Matrix<double, 4, 4>, Eigen::Matrix<double, 4, 1>, 0> >; int Options = 0; Scalar = double; Eigen::internal::Assignment<DstXprType, Eigen::Product<Lhs, Rhs, Options>, Eigen::internal::assign_op<Scalar, Scalar>, Eigen::internal::Dense2Dense, typename Eigen::internal::enable_if<((Options == DefaultProduct) || (Options == AliasFreeProduct))>::type>::SrcXprType = Eigen::Product<Eigen::Matrix<double, 3, 3>, Eigen::CwiseBinaryOp<Eigen::internal::scalar_difference_op<double, double>, const Eigen::Product<Eigen::Matrix<double, 4, 4>, Eigen::Matrix<double, 4, 1>, 0>, const Eigen::Product<Eigen::Matrix<double, 4, 4>, Eigen::Matrix<double, 4, 1>, 0> >, 0>][m[K’
[01m[K/usr/include/eigen3/Eigen/src/Core/AssignEvaluator.h:836:49:[m[K   required from ‘[01m[Kvoid Eigen::internal::call_assignment_no_alias(Dst&, const Src&, const Func&) [with Dst = Eigen::Matrix<double, 3, 1>; Src = Eigen::Product<Eigen::Matrix<double, 3, 3>, Eigen::CwiseBinaryOp<Eigen::internal::scalar_difference_op<double, double>, const Eigen::Product<Eigen::Matrix<double, 4, 4>, Eigen::Matrix<double, 4, 1>, 0>, const Eigen::Product<Eigen::Matrix<double, 4, 4>, Eigen::Matrix<double, 4, 1>, 0> >, 0>; Func = Eigen::internal::assign_op<double, double>][m[K’
[01m[K/usr/include/eigen3/Eigen/src/Core/PlainObjectBase.h:728:41:[m[K   required from ‘[01m[KDerived& Eigen::PlainObjectBase<Derived>::_set_noalias(const Eigen::DenseBase<OtherDerived>&) [with OtherDerived = Eigen::Product<Eigen::Matrix<double, 3, 3>, Eigen::CwiseBinaryOp<Eigen::internal::scalar_difference_op<double, double>, const Eigen::Product<Eigen::Matrix<double, 4, 4>, Eigen::Matrix<double, 4, 1>, 0>, const Eigen::Product<Eigen::Matrix<double, 4, 4>, Eigen::Matrix<double, 4, 1>, 0> >, 0>; Derived = Eigen::Matrix<double, 3, 1>][m[K’
[01m[K/usr/include/eigen3/Eigen/src/Core/PlainObjectBase.h:812:7:[m[K   required from ‘[01m[Kvoid Eigen::PlainObjectBase<Derived>::_init1(const Eigen::DenseBase<ElseDerived>&) [with T = Eigen::Product<Eigen::Matrix<double, 3, 3>, Eigen::CwiseBinaryOp<Eigen::internal::scalar_difference_op<double, double>, const Eigen::Product<Eigen::Matrix<double, 4, 4>, Eigen::Matrix<double, 4, 1>, 0>, const Eigen::Product<Eigen::Matrix<double, 4, 4>, Eigen::Matrix<double, 4, 1>, 0> >, 0>; OtherDerived = Eigen::Product<Eigen::Matrix<double, 3, 3>, Eigen::CwiseBinaryOp<Eigen::internal::scalar_difference_op<double, double>, const Eigen::Product<Eigen::Matrix<double, 4, 4>, Eigen::Matrix<double, 4, 1>, 0>, const Eigen::Product<Eigen::Matrix<double, 4, 4>, Eigen::Matrix<double, 4, 1>, 0> >, 0>; Derived = Eigen::Matrix<double, 3, 1>][m[K’
[01m[K/usr/include/eigen3/Eigen/src/Core/Matrix.h:296:31:[m[K   required from ‘[01m[KEigen::Matrix<_Scalar, _Rows, _Cols, _Options, _MaxRows, _MaxCols>::Matrix(const T&) [with T = Eigen::Product<Eigen::Matrix<double, 3, 3>, Eigen::CwiseBinaryOp<Eigen::internal::scalar_difference_op<double, double>, const Eigen::Product<Eigen::Matrix<double, 4, 4>, Eigen::Matrix<double, 4, 1>, 0>, const Eigen::Product<Eigen::Matrix<double, 4, 4>, Eigen::Matrix<double, 4, 1>, 0> >, 0>; _Scalar = double; int _Rows = 3; int _Cols = 1; int _Options = 0; int _MaxRows = 3; int _MaxCols = 1][m[K’
[01m[K/usr/include/eigen3/Eigen/src/Core/AssignEvaluator.h:796:48:[m[K   required from ‘[01m[Kvoid Eigen::internal::call_assignment(Dst&, const Src&, const Func&, typename Eigen::internal::enable_if<Eigen::internal::evaluator_assume_aliasing<Src>::value, void*>::type) [with Dst = Eigen::Block<Eigen::Matrix<double, -1, -1>, -1, -1, false>; Src = Eigen::Product<Eigen::Matrix<double, 3, 3>, Eigen::CwiseBinaryOp<Eigen::internal::scalar_difference_op<double, double>, const Eigen::Product<Eigen::Matrix<double, 4, 4>, Eigen::Matrix<double, 4, 1>, 0>, const Eigen::Product<Eigen::Matrix<double, 4, 4>, Eigen::Matrix<double, 4, 1>, 0> >, 0>; Func = Eigen::internal::assign_op<double, double>; typename Eigen::internal::enable_if<Eigen::internal::evaluator_assume_aliasing<Src>::value, void*>::type = void*][m[K’
[01m[K/usr/include/eigen3/Eigen/src/Core/AssignEvaluator.h:782:18:[m[K   required from ‘[01m[Kvoid Eigen::internal::call_assignment(Dst&, const Src&) [with Dst = Eigen::Block<Eigen::Matrix<double, -1, -1>, -1, -1, false>; Src = Eigen::Product<Eigen::Matrix<double, 3, 3>, Eigen::CwiseBinaryOp<Eigen::internal::scalar_difference_op<double, double>, const Eigen::Product<Eigen::Matrix<double, 4, 4>, Eigen::Matrix<double, 4, 1>, 0>, const Eigen::Product<Eigen::Matrix<double, 4, 4>, Eigen::Matrix<double, 4, 1>, 0> >, 0>][m[K’
[01m[K/usr/include/eigen3/Eigen/src/Core/Assign.h:66:28:[m[K   required from ‘[01m[KDerived& Eigen::MatrixBase<Derived>::operator=(const Eigen::DenseBase<OtherDerived>&) [with OtherDerived = Eigen::Product<Eigen::Matrix<double, 3, 3>, Eigen::CwiseBinaryOp<Eigen::internal::scalar_difference_op<double, double>, const Eigen::Product<Eigen::Matrix<double, 4, 4>, Eigen::Matrix<double, 4, 1>, 0>, const Eigen::Product<Eigen::Matrix<double, 4, 4>, Eigen::Matrix<double, 4, 1>, 0> >, 0>; Derived = Eigen::Block<Eigen::Matrix<double, -1, -1>, -1, -1, false>][m[K’
[01m[K/home/zheng/robot_ws_zheng/src/ros_wrap_safe_motion/src/RosWrapperception/RosWrapHumanMotion.cpp:120:29:[m[K   required from here
[01m[K/usr/include/eigen3/Eigen/src/Core/GeneralProduct.h:447:3:[m[K [01;31m[Kerror: [m[Kstatic assertion failed: INVALID_MATRIX_PRODUCT
   EIGEN_STATIC_ASSERT(ProductIsValid || SameSizes, INVALID_MATRIX_PRODUCT)
[01;32m[K   ^[m[K
/usr/include/eigen3/Eigen/src/Core/CwiseBinaryOp.h: In instantiation of ‘[01m[KEigen::CwiseBinaryOp<BinaryOp, Lhs, Rhs>::CwiseBinaryOp(const Lhs&, const Rhs&, const BinaryOp&) [with BinaryOp = Eigen::internal::scalar_product_op<double, double>; LhsType = const Eigen::Transpose<const Eigen::Block<const Eigen::Matrix<double, 3, 3>, 1, 3, false> >; RhsType = const Eigen::Block<const Eigen::Matrix<double, 4, 1>, 4, 1, true>; Eigen::CwiseBinaryOp<BinaryOp, Lhs, Rhs>::Lhs = Eigen::Transpose<const Eigen::Block<const Eigen::Matrix<double, 3, 3>, 1, 3, false> >; Eigen::CwiseBinaryOp<BinaryOp, Lhs, Rhs>::Rhs = Eigen::Block<const Eigen::Matrix<double, 4, 1>, 4, 1, true>][m[K’:
[01m[K/usr/include/eigen3/Eigen/src/plugins/MatrixCwiseBinaryOps.h:25:97:[m[K   required from ‘[01m[Kconst Eigen::CwiseBinaryOp<Eigen::internal::scalar_product_op<typename Eigen::internal::traits<T>::Scalar, typename Eigen::internal::traits<OtherDerived>::Scalar>, const Derived, const OtherDerived> Eigen::MatrixBase<Derived>::cwiseProduct(const Eigen::MatrixBase<OtherDerived>&) const [with OtherDerived = Eigen::Block<const Eigen::Matrix<double, 4, 1>, 4, 1, true>; Derived = Eigen::Transpose<const Eigen::Block<const Eigen::Matrix<double, 3, 3>, 1, 3, false> >; typename Eigen::internal::traits<OtherDerived>::Scalar = double; typename Eigen::internal::traits<T>::Scalar = double][m[K’
[01m[K/usr/include/eigen3/Eigen/src/Core/ProductEvaluators.h:552:76:[m[K   required from ‘[01m[Kconst CoeffReturnType Eigen::internal::product_evaluator<Eigen::Product<Lhs, Rhs, 1>, ProductTag, Eigen::DenseShape, Eigen::DenseShape>::coeff(Eigen::Index, Eigen::Index) const [with Lhs = Eigen::Matrix<double, 3, 3>; Rhs = Eigen::CwiseBinaryOp<Eigen::internal::scalar_difference_op<double, double>, const Eigen::Product<Eigen::Matrix<double, 4, 4>, Eigen::Matrix<double, 4, 1>, 0>, const Eigen::Product<Eigen::Matrix<double, 4, 4>, Eigen::Matrix<double, 4, 1>, 0> >; int ProductTag = 3; typename Eigen::internal::traits<typename Eigen::Product<Lhs, Rhs, 1>::Rhs>::Scalar = double; typename Eigen::internal::traits<typename Eigen::Product<Lhs, Rhs, 1>::Lhs>::Scalar = double; Eigen::internal::product_evaluator<Eigen::Product<Lhs, Rhs, 1>, ProductTag, Eigen::DenseShape, Eigen::DenseShape>::CoeffReturnType = double; Eigen::Index = long int][m[K’
[01m[K/usr/include/eigen3/Eigen/src/Core/AssignEvaluator.h:631:5:[m[K   required from ‘[01m[Kvoid Eigen::internal::generic_dense_assignment_kernel<DstEvaluatorTypeT, SrcEvaluatorTypeT, Functor, Version>::assignCoeff(Eigen::Index, Eigen::Index) [with DstEvaluatorTypeT = Eigen::internal::evaluator<Eigen::Matrix<double, 3, 1> >; SrcEvaluatorTypeT = Eigen::internal::evaluator<Eigen::Product<Eigen::Matrix<double, 3, 3>, Eigen::CwiseBinaryOp<Eigen::internal::scalar_difference_op<double, double>, const Eigen::Product<Eigen::Matrix<double, 4, 4>, Eigen::Matrix<double, 4, 1>, 0>, const Eigen::Product<Eigen::Matrix<double, 4, 4>, Eigen::Matrix<double, 4, 1>, 0> >, 1> >; Functor = Eigen::internal::assign_op<double, double>; int Version = 0; Eigen::Index = long int][m[K’
[01m[K/usr/include/eigen3/Eigen/src/Core/AssignEvaluator.h:645:16:[m[K   required from ‘[01m[Kvoid Eigen::internal::generic_dense_assignment_kernel<DstEvaluatorTypeT, SrcEvaluatorTypeT, Functor, Version>::assignCoeffByOuterInner(Eigen::Index, Eigen::Index) [with DstEvaluatorTypeT = Eigen::internal::evaluator<Eigen::Matrix<double, 3, 1> >; SrcEvaluatorTypeT = Eigen::internal::evaluator<Eigen::Product<Eigen::Matrix<double, 3, 3>, Eigen::CwiseBinaryOp<Eigen::internal::scalar_difference_op<double, double>, const Eigen::Product<Eigen::Matrix<double, 4, 4>, Eigen::Matrix<double, 4, 1>, 0>, const Eigen::Product<Eigen::Matrix<double, 4, 4>, Eigen::Matrix<double, 4, 1>, 0> >, 1> >; Functor = Eigen::internal::assign_op<double, double>; int Version = 0; Eigen::Index = long int][m[K’
[01m[K/usr/include/eigen3/Eigen/src/Core/AssignEvaluator.h:206:5:[m[K   required from ‘[01m[Kstatic void Eigen::internal::copy_using_evaluator_DefaultTraversal_CompleteUnrolling<Kernel, Index, Stop>::run(Kernel&) [with Kernel = Eigen::internal::generic_dense_assignment_kernel<Eigen::internal::evaluator<Eigen::Matrix<double, 3, 1> >, Eigen::internal::evaluator<Eigen::Product<Eigen::Matrix<double, 3, 3>, Eigen::CwiseBinaryOp<Eigen::internal::scalar_difference_op<double, double>, const Eigen::Product<Eigen::Matrix<double, 4, 4>, Eigen::Matrix<double, 4, 1>, 0>, const Eigen::Product<Eigen::Matrix<double, 4, 4>, Eigen::Matrix<double, 4, 1>, 0> >, 1> >, Eigen::internal::assign_op<double, double>, 0>; int Index = 2; int Stop = 3][m[K’
[01m[K/usr/include/eigen3/Eigen/src/Core/AssignEvaluator.h:435:92:[m[K   [ skipping 8 instantiation contexts, use -ftemplate-backtrace-limit=0 to disable ]
[01m[K/usr/include/eigen3/Eigen/src/Core/PlainObjectBase.h:812:7:[m[K   required from ‘[01m[Kvoid Eigen::PlainObjectBase<Derived>::_init1(const Eigen::DenseBase<ElseDerived>&) [with T = Eigen::Product<Eigen::Matrix<double, 3, 3>, Eigen::CwiseBinaryOp<Eigen::internal::scalar_difference_op<double, double>, const Eigen::Product<Eigen::Matrix<double, 4, 4>, Eigen::Matrix<double, 4, 1>, 0>, const Eigen::Product<Eigen::Matrix<double, 4, 4>, Eigen::Matrix<double, 4, 1>, 0> >, 0>; OtherDerived = Eigen::Product<Eigen::Matrix<double, 3, 3>, Eigen::CwiseBinaryOp<Eigen::internal::scalar_difference_op<double, double>, const Eigen::Product<Eigen::Matrix<double, 4, 4>, Eigen::Matrix<double, 4, 1>, 0>, const Eigen::Product<Eigen::Matrix<double, 4, 4>, Eigen::Matrix<double, 4, 1>, 0> >, 0>; Derived = Eigen::Matrix<double, 3, 1>][m[K’
[01m[K/usr/include/eigen3/Eigen/src/Core/Matrix.h:296:31:[m[K   required from ‘[01m[KEigen::Matrix<_Scalar, _Rows, _Cols, _Options, _MaxRows, _MaxCols>::Matrix(const T&) [with T = Eigen::Product<Eigen::Matrix<double, 3, 3>, Eigen::CwiseBinaryOp<Eigen::internal::scalar_difference_op<double, double>, const Eigen::Product<Eigen::Matrix<double, 4, 4>, Eigen::Matrix<double, 4, 1>, 0>, const Eigen::Product<Eigen::Matrix<double, 4, 4>, Eigen::Matrix<double, 4, 1>, 0> >, 0>; _Scalar = double; int _Rows = 3; int _Cols = 1; int _Options = 0; int _MaxRows = 3; int _MaxCols = 1][m[K’
[01m[K/usr/include/eigen3/Eigen/src/Core/AssignEvaluator.h:796:48:[m[K   required from ‘[01m[Kvoid Eigen::internal::call_assignment(Dst&, const Src&, const Func&, typename Eigen::internal::enable_if<Eigen::internal::evaluator_assume_aliasing<Src>::value, void*>::type) [with Dst = Eigen::Block<Eigen::Matrix<double, -1, -1>, -1, -1, false>; Src = Eigen::Product<Eigen::Matrix<double, 3, 3>, Eigen::CwiseBinaryOp<Eigen::internal::scalar_difference_op<double, double>, const Eigen::Product<Eigen::Matrix<double, 4, 4>, Eigen::Matrix<double, 4, 1>, 0>, const Eigen::Product<Eigen::Matrix<double, 4, 4>, Eigen::Matrix<double, 4, 1>, 0> >, 0>; Func = Eigen::internal::assign_op<double, double>; typename Eigen::internal::enable_if<Eigen::internal::evaluator_assume_aliasing<Src>::value, void*>::type = void*][m[K’
[01m[K/usr/include/eigen3/Eigen/src/Core/AssignEvaluator.h:782:18:[m[K   required from ‘[01m[Kvoid Eigen::internal::call_assignment(Dst&, const Src&) [with Dst = Eigen::Block<Eigen::Matrix<double, -1, -1>, -1, -1, false>; Src = Eigen::Product<Eigen::Matrix<double, 3, 3>, Eigen::CwiseBinaryOp<Eigen::internal::scalar_difference_op<double, double>, const Eigen::Product<Eigen::Matrix<double, 4, 4>, Eigen::Matrix<double, 4, 1>, 0>, const Eigen::Product<Eigen::Matrix<double, 4, 4>, Eigen::Matrix<double, 4, 1>, 0> >, 0>][m[K’
[01m[K/usr/include/eigen3/Eigen/src/Core/Assign.h:66:28:[m[K   required from ‘[01m[KDerived& Eigen::MatrixBase<Derived>::operator=(const Eigen::DenseBase<OtherDerived>&) [with OtherDerived = Eigen::Product<Eigen::Matrix<double, 3, 3>, Eigen::CwiseBinaryOp<Eigen::internal::scalar_difference_op<double, double>, const Eigen::Product<Eigen::Matrix<double, 4, 4>, Eigen::Matrix<double, 4, 1>, 0>, const Eigen::Product<Eigen::Matrix<double, 4, 4>, Eigen::Matrix<double, 4, 1>, 0> >, 0>; Derived = Eigen::Block<Eigen::Matrix<double, -1, -1>, -1, -1, false>][m[K’
[01m[K/home/zheng/robot_ws_zheng/src/ros_wrap_safe_motion/src/RosWrapperception/RosWrapHumanMotion.cpp:120:29:[m[K   required from here
[01m[K/usr/include/eigen3/Eigen/src/Core/CwiseBinaryOp.h:109:7:[m[K [01;31m[Kerror: [m[Kstatic assertion failed: YOU_MIXED_MATRICES_OF_DIFFERENT_SIZES
       EIGEN_STATIC_ASSERT_SAME_MATRIX_SIZE(Lhs, Rhs)
[01;32m[K       ^[m[K
make[2]: *** [src/CMakeFiles/ros_wrap_safe_motion_library.dir/RosWrapperception/RosWrapHumanMotion.cpp.o] Error 1
make[1]: *** [src/CMakeFiles/ros_wrap_safe_motion_library.dir/all] Error 2
make: *** [all] Error 2
