warning: Tag 'CLANG_ASSISTED_PARSING' at line 1026 of file '/home/zheng/robot_ws_zheng/build/ros_wrap_safe_motion/Doxyfile' belongs to an option that was not enabled at compile time.
         To avoid this warning please remove this line from your configuration file or upgrade it using "doxygen -u", or recompile doxygen with this feature enabled.
warning: Tag 'CLANG_OPTIONS' at line 1034 of file '/home/zheng/robot_ws_zheng/build/ros_wrap_safe_motion/Doxyfile' belongs to an option that was not enabled at compile time.
         To avoid this warning please remove this line from your configuration file or upgrade it using "doxygen -u", or recompile doxygen with this feature enabled.
warning: Tag 'PERL_PATH' at line 2117 of file '/home/zheng/robot_ws_zheng/build/ros_wrap_safe_motion/Doxyfile' has become obsolete.
         To avoid this warning please remove this line from your configuration file or upgrade it using "doxygen -u"
warning: Tag 'MSCGEN_PATH' at line 2139 of file '/home/zheng/robot_ws_zheng/build/ros_wrap_safe_motion/Doxyfile' has become obsolete.
         To avoid this warning please remove this line from your configuration file or upgrade it using "doxygen -u"
warning: ignoring unknown tag '2020' at line 2435, file /home/zheng/robot_ws_zheng/build/ros_wrap_safe_motion/Doxyfile
warning: ignoring unknown tag 'GitHub' at line 2435, file /home/zheng/robot_ws_zheng/build/ros_wrap_safe_motion/Doxyfile
warning: ignoring unknown tag 'Inc' at line 2435, file /home/zheng/robot_ws_zheng/build/ros_wrap_safe_motion/Doxyfile
warning: ignoring unknown tag 'Terms' at line 2436, file /home/zheng/robot_ws_zheng/build/ros_wrap_safe_motion/Doxyfile
warning: ignoring unknown tag 'Privacy' at line 2437, file /home/zheng/robot_ws_zheng/build/ros_wrap_safe_motion/Doxyfile
warning: ignoring unknown tag 'Security' at line 2438, file /home/zheng/robot_ws_zheng/build/ros_wrap_safe_motion/Doxyfile
warning: ignoring unknown tag 'Status' at line 2439, file /home/zheng/robot_ws_zheng/build/ros_wrap_safe_motion/Doxyfile
warning: ignoring unknown tag 'Help' at line 2440, file /home/zheng/robot_ws_zheng/build/ros_wrap_safe_motion/Doxyfile
warning: ignoring unknown tag 'Contact' at line 2442, file /home/zheng/robot_ws_zheng/build/ros_wrap_safe_motion/Doxyfile
warning: ignoring unknown tag 'GitHub' at line 2442, file /home/zheng/robot_ws_zheng/build/ros_wrap_safe_motion/Doxyfile
warning: ignoring unknown tag 'Pricing' at line 2443, file /home/zheng/robot_ws_zheng/build/ros_wrap_safe_motion/Doxyfile
warning: ignoring unknown tag 'API' at line 2444, file /home/zheng/robot_ws_zheng/build/ros_wrap_safe_motion/Doxyfile
warning: ignoring unknown tag 'Training' at line 2445, file /home/zheng/robot_ws_zheng/build/ros_wrap_safe_motion/Doxyfile
warning: ignoring unknown tag 'Blog' at line 2446, file /home/zheng/robot_ws_zheng/build/ros_wrap_safe_motion/Doxyfile
warning: ignoring unknown tag 'About' at line 2447, file /home/zheng/robot_ws_zheng/build/ros_wrap_safe_motion/Doxyfile
warning: tag INPUT: input source '/home/zheng/robot_ws_zheng/src/ros_wrap_safe_motion/README.md' does not exist
warning: tag INPUT: input source '/home/zheng/robot_ws_zheng/src/ros_wrap_safe_motion/impl/' does not exist
warning: tag INPUT: input source '/home/zheng/robot_ws_zheng/src/ros_wrap_safe_motion/samples/' does not exist
warning: source /home/zheng/robot_ws_zheng/src/ros_wrap_safe_motion/README.md is not a readable file or directory... skipping.
warning: source /home/zheng/robot_ws_zheng/src/ros_wrap_safe_motion/impl is not a readable file or directory... skipping.
warning: source /home/zheng/robot_ws_zheng/src/ros_wrap_safe_motion/samples is not a readable file or directory... skipping.
/home/zheng/robot_ws_zheng/src/ros_wrap_safe_motion/src/RosWraprobotmodel/RosWrapchainjnttojacdotsolver.cpp:35: warning: no matching class member found for 
  int KDL::ChainJntToJacDotSolver::JntToJacDot(const JntArrayVel &q_in, Twist &jac_dot_q_dot, int seg_nr)
Possible candidates:
  'virtual int KDL::ChainJntToJacDotSolver::JntToJacDot(const KDL::JntArrayVel &q_in, KDL::Twist &jac_dot_q_dot, int seg_nr=-1)'
  'virtual int KDL::ChainJntToJacDotSolver::JntToJacDot(const KDL::JntArrayVel &q_in, KDL::Jacobian &jdot, int seg_nr=-1)'

/home/zheng/robot_ws_zheng/src/ros_wrap_safe_motion/src/RosWraprobotmodel/RosWrapchainjnttojacdotsolver.cpp:42: warning: no matching class member found for 
  int KDL::ChainJntToJacDotSolver::JntToJacDot(const JntArrayVel &q_in, Jacobian &jdot, int seg_nr)
Possible candidates:
  'virtual int KDL::ChainJntToJacDotSolver::JntToJacDot(const KDL::JntArrayVel &q_in, KDL::Twist &jac_dot_q_dot, int seg_nr=-1)'
  'virtual int KDL::ChainJntToJacDotSolver::JntToJacDot(const KDL::JntArrayVel &q_in, KDL::Jacobian &jdot, int seg_nr=-1)'

/home/zheng/robot_ws_zheng/src/ros_wrap_safe_motion/include/RosWraprobotmodel/RosWrapchainjnttojacdotsolver.h:107: warning: @copybrief or @copydoc target 'KDL::SolverI::strError()' not found
/home/zheng/robot_ws_zheng/src/ros_wrap_safe_motion/include/RosWraprobotmodel/RosWrapRobotModel.h:108: warning: argument 'kdl_segment' of command @param is not found in the argument list of arm_kinematic::getSegment(unsigned int segment)
/home/zheng/robot_ws_zheng/src/ros_wrap_safe_motion/include/RosWraprobotmodel/RosWrapRobotModel.h:137: warning: argument 'kdl_frame' of command @param is not found in the argument list of arm_kinematic::getSegmentPosition(const std::string &segment_name)
/home/zheng/robot_ws_zheng/src/ros_wrap_safe_motion/include/RosWraprobotmodel/RosWrapRobotModel.h:127: warning: argument 'kdl_frame' of command @param is not found in the argument list of arm_kinematic::getSegmentPosition(unsigned int segment)
/home/zheng/robot_ws_zheng/src/ros_wrap_safe_motion/include/RosWraprobotmodel/RosWrapRobotModel.h:273: warning: argument 'qd_des' of command @param is not found in the argument list of arm_kinematic::setJointVelocities(const Eigen::VectorXd &qd)
/home/zheng/robot_ws_zheng/src/ros_wrap_safe_motion/include/RosWraprobotmodel/RosWrapRobotModel.h:277: warning: The following parameter of arm_kinematic::setJointVelocities(const Eigen::VectorXd &qd) is not documented:
  parameter 'qd'
/home/zheng/robot_ws_zheng/src/ros_wrap_safe_motion/include/RosWraprobotmodel/RosWrapRobotModel.h:396: warning: argument 'Ros' of command @param is not found in the argument list of arm_kinematic::subscriberCallback(const sensor_msgs::JointState &jntState)
/home/zheng/robot_ws_zheng/src/ros_wrap_safe_motion/include/RosWraprobotmodel/RosWrapRobotModel.h:400: warning: The following parameter of arm_kinematic::subscriberCallback(const sensor_msgs::JointState &jntState) is not documented:
  parameter 'jntState'
/home/zheng/robot_ws_zheng/src/ros_wrap_safe_motion/include/RosWrapconstraint/RosWrapGenericCst.h:35: warning: The following parameters of generic_cst::generic_cst(int ndof, int N, double dt, std::string name, Eigen::MatrixXd Px, Eigen::MatrixXd Pu) are not documented:
  parameter 'name'
  parameter 'Px'
  parameter 'Pu'
/home/zheng/robot_ws_zheng/src/ros_wrap_safe_motion/include/RosWrapconstraint/RosWrapGenericCst.h:39: warning: argument 'Px' of command @param is not found in the argument list of generic_cst::setLowerBound(const Eigen::VectorXd &robot_state)
/home/zheng/robot_ws_zheng/src/ros_wrap_safe_motion/include/RosWrapconstraint/RosWrapGenericCst.h:48: warning: argument 'Px' of command @param is not found in the argument list of generic_cst::setUpperBound(const Eigen::VectorXd &robot_state)
/home/zheng/robot_ws_zheng/src/ros_wrap_safe_motion/include/RosWrapconstraint/RosWrapGenericCst.h:61: warning: argument 'Px' of command @param is not found in the argument list of generic_cst::update(const Eigen::VectorXd &robot_state)
/home/zheng/robot_ws_zheng/src/ros_wrap_safe_motion/include/RosWrapconstraint/RosWrapGenericCst.h:61: warning: argument 'Pu' of command @param is not found in the argument list of generic_cst::update(const Eigen::VectorXd &robot_state)
/home/zheng/robot_ws_zheng/src/ros_wrap_safe_motion/include/RosWrapconstraint/RosWrapJointPosCst.h:24: warning: argument 'Px' of command @param is not found in the argument list of jntPosCst::setLowerBound(const Eigen::VectorXd &robot_state) inherited from member setLowerBound at line 39 in file /home/zheng/robot_ws_zheng/src/ros_wrap_safe_motion/include/RosWrapconstraint/RosWrapGenericCst.h
/home/zheng/robot_ws_zheng/src/ros_wrap_safe_motion/include/RosWrapconstraint/RosWrapJointPosCst.h:26: warning: argument 'Px' of command @param is not found in the argument list of jntPosCst::setUpperBound(const Eigen::VectorXd &robot_state) inherited from member setUpperBound at line 48 in file /home/zheng/robot_ws_zheng/src/ros_wrap_safe_motion/include/RosWrapconstraint/RosWrapGenericCst.h
/home/zheng/robot_ws_zheng/src/ros_wrap_safe_motion/include/RosWrapconstraint/RosWrapJointPosCst.h:30: warning: argument 'Px' of command @param is not found in the argument list of jntPosCst::update(const Eigen::VectorXd &robot_state) inherited from member update at line 61 in file /home/zheng/robot_ws_zheng/src/ros_wrap_safe_motion/include/RosWrapconstraint/RosWrapGenericCst.h
/home/zheng/robot_ws_zheng/src/ros_wrap_safe_motion/include/RosWrapconstraint/RosWrapJointPosCst.h:30: warning: argument 'Pu' of command @param is not found in the argument list of jntPosCst::update(const Eigen::VectorXd &robot_state) inherited from member update at line 61 in file /home/zheng/robot_ws_zheng/src/ros_wrap_safe_motion/include/RosWrapconstraint/RosWrapGenericCst.h
/home/zheng/robot_ws_zheng/src/ros_wrap_safe_motion/include/RosWrapconstraint/RosWrapJointVelCst.h:23: warning: argument 'Px' of command @param is not found in the argument list of jntVelCst::setLowerBound(const Eigen::VectorXd &robot_state) inherited from member setLowerBound at line 39 in file /home/zheng/robot_ws_zheng/src/ros_wrap_safe_motion/include/RosWrapconstraint/RosWrapGenericCst.h
/home/zheng/robot_ws_zheng/src/ros_wrap_safe_motion/include/RosWrapconstraint/RosWrapJointVelCst.h:24: warning: argument 'Px' of command @param is not found in the argument list of jntVelCst::setUpperBound(const Eigen::VectorXd &robot_state) inherited from member setUpperBound at line 48 in file /home/zheng/robot_ws_zheng/src/ros_wrap_safe_motion/include/RosWrapconstraint/RosWrapGenericCst.h
/home/zheng/robot_ws_zheng/src/ros_wrap_safe_motion/include/RosWrapconstraint/RosWrapJointVelCst.h:26: warning: argument 'Px' of command @param is not found in the argument list of jntVelCst::update(const Eigen::VectorXd &robot_state) inherited from member update at line 61 in file /home/zheng/robot_ws_zheng/src/ros_wrap_safe_motion/include/RosWrapconstraint/RosWrapGenericCst.h
/home/zheng/robot_ws_zheng/src/ros_wrap_safe_motion/include/RosWrapconstraint/RosWrapJointVelCst.h:26: warning: argument 'Pu' of command @param is not found in the argument list of jntVelCst::update(const Eigen::VectorXd &robot_state) inherited from member update at line 61 in file /home/zheng/robot_ws_zheng/src/ros_wrap_safe_motion/include/RosWrapconstraint/RosWrapGenericCst.h
/home/zheng/robot_ws_zheng/src/ros_wrap_safe_motion/include/RosWraprobotmodel/RosWrapchainjnttojacdotsolver.h:107: warning: @copybrief or @copydoc target 'KDL::SolverI::strError()' not found
/home/zheng/robot_ws_zheng/src/ros_wrap_safe_motion/include/RosWraprobotmodel/RosWrapchainjnttojacdotsolver.h:143: warning: argument 'bs_J_bs' of command @param is not found in the argument list of KDL::ChainJntToJacDotSolver::getPartialDerivative(const Jacobian &J, const unsigned int &joint_idx, const unsigned int &column_idx, const int &representation)
/home/zheng/robot_ws_zheng/src/ros_wrap_safe_motion/include/RosWraprobotmodel/RosWrapchainjnttojacdotsolver.h:152: warning: The following parameter of KDL::ChainJntToJacDotSolver::getPartialDerivative(const Jacobian &J, const unsigned int &joint_idx, const unsigned int &column_idx, const int &representation) is not documented:
  parameter 'J'
/home/zheng/robot_ws_zheng/src/ros_wrap_safe_motion/include/RosWraprobotmodel/RosWrapchainjnttojacdotsolver.h:121: warning: argument 'bs_J_ee' of command @param is not found in the argument list of KDL::ChainJntToJacDotSolver::getPartialDerivativeBodyFixed(const Jacobian &ee_J_ee, const unsigned int &joint_idx, const unsigned int &column_idx)
/home/zheng/robot_ws_zheng/src/ros_wrap_safe_motion/include/RosWraprobotmodel/RosWrapchainjnttojacdotsolver.h:129: warning: The following parameter of KDL::ChainJntToJacDotSolver::getPartialDerivativeBodyFixed(const Jacobian &ee_J_ee, const unsigned int &joint_idx, const unsigned int &column_idx) is not documented:
  parameter 'ee_J_ee'
/home/zheng/robot_ws_zheng/src/ros_wrap_safe_motion/include/RosWraprobotmodel/RosWrapchainjnttojacdotsolver.h:132: warning: argument 'ee_J_ee' of command @param is not found in the argument list of KDL::ChainJntToJacDotSolver::getPartialDerivativeInertial(const Jacobian &bs_J_bs, const unsigned int &joint_idx, const unsigned int &column_idx)
/home/zheng/robot_ws_zheng/src/ros_wrap_safe_motion/include/RosWraprobotmodel/RosWrapchainjnttojacdotsolver.h:140: warning: The following parameter of KDL::ChainJntToJacDotSolver::getPartialDerivativeInertial(const Jacobian &bs_J_bs, const unsigned int &joint_idx, const unsigned int &column_idx) is not documented:
  parameter 'bs_J_bs'
/home/zheng/robot_ws_zheng/src/ros_wrap_safe_motion/include/RosWraprobotmodel/RosWrapchainjnttojacdotsolver.h:107: warning: @copybrief or @copydoc target 'KDL::SolverI::strError()' not found
/home/zheng/robot_ws_zheng/src/ros_wrap_safe_motion/include/RosWraprobotmodel/RosWrapchainjnttojacdotsolver.h:107: warning: @copydetails or @copydoc target 'KDL::SolverI::strError()' not found
[01m[K/home/zheng/robot_ws_zheng/src/ros_wrap_safe_motion/examples/robotAndObsVerticesSubscriber.cpp:[m[K In function ‘[01m[Kint main(int, char**)[m[K’:
[01m[K/home/zheng/robot_ws_zheng/src/ros_wrap_safe_motion/examples/robotAndObsVerticesSubscriber.cpp:85:35:[m[K [01;31m[Kerror: [m[Kno matching function for call to ‘[01m[Kros::NodeHandle::getParam(const char [9], Eigen::Vector3d&)[m[K’
     n.getParam("/obsSize", obsSize);
[01;32m[K                                   ^[m[K
In file included from [01m[K/opt/ros/melodic/include/ros/ros.h:45:0[m[K,
                 from [01m[K/opt/ros/melodic/include/urdf/model.h:50[m[K,
                 from [01m[K/home/zheng/robot_ws_zheng/src/ros_wrap_safe_motion/include/RosWraprobotmodel/RosWrapRobotModel.h:18[m[K,
                 from [01m[K/home/zheng/robot_ws_zheng/src/ros_wrap_safe_motion/examples/robotAndObsVerticesSubscriber.cpp:1[m[K:
[01m[K/opt/ros/melodic/include/ros/node_handle.h:1672:8:[m[K [01;36m[Knote: [m[Kcandidate: bool ros::NodeHandle::getParam(const string&, std::__cxx11::string&) const
   bool getParam(const std::string& key, std::string& s) const;
[01;32m[K        ^[m[K
[01m[K/opt/ros/melodic/include/ros/node_handle.h:1672:8:[m[K [01;36m[Knote: [m[K  no known conversion for argument 2 from ‘[01m[KEigen::Vector3d {aka Eigen::Matrix<double, 3, 1>}[m[K’ to ‘[01m[Kstd::__cxx11::string& {aka std::__cxx11::basic_string<char>&}[m[K’
[01m[K/opt/ros/melodic/include/ros/node_handle.h:1683:8:[m[K [01;36m[Knote: [m[Kcandidate: bool ros::NodeHandle::getParam(const string&, double&) const
   bool getParam(const std::string& key, double& d) const;
[01;32m[K        ^[m[K
[01m[K/opt/ros/melodic/include/ros/node_handle.h:1683:8:[m[K [01;36m[Knote: [m[K  no known conversion for argument 2 from ‘[01m[KEigen::Vector3d {aka Eigen::Matrix<double, 3, 1>}[m[K’ to ‘[01m[Kdouble&[m[K’
[01m[K/opt/ros/melodic/include/ros/node_handle.h:1694:8:[m[K [01;36m[Knote: [m[Kcandidate: bool ros::NodeHandle::getParam(const string&, float&) const
   bool getParam(const std::string& key, float& f) const;
[01;32m[K        ^[m[K
[01m[K/opt/ros/melodic/include/ros/node_handle.h:1694:8:[m[K [01;36m[Knote: [m[K  no known conversion for argument 2 from ‘[01m[KEigen::Vector3d {aka Eigen::Matrix<double, 3, 1>}[m[K’ to ‘[01m[Kfloat&[m[K’
[01m[K/opt/ros/melodic/include/ros/node_handle.h:1705:8:[m[K [01;36m[Knote: [m[Kcandidate: bool ros::NodeHandle::getParam(const string&, int&) const
   bool getParam(const std::string& key, int& i) const;
[01;32m[K        ^[m[K
[01m[K/opt/ros/melodic/include/ros/node_handle.h:1705:8:[m[K [01;36m[Knote: [m[K  no known conversion for argument 2 from ‘[01m[KEigen::Vector3d {aka Eigen::Matrix<double, 3, 1>}[m[K’ to ‘[01m[Kint&[m[K’
[01m[K/opt/ros/melodic/include/ros/node_handle.h:1716:8:[m[K [01;36m[Knote: [m[Kcandidate: bool ros::NodeHandle::getParam(const string&, bool&) const
   bool getParam(const std::string& key, bool& b) const;
[01;32m[K        ^[m[K
[01m[K/opt/ros/melodic/include/ros/node_handle.h:1716:8:[m[K [01;36m[Knote: [m[K  no known conversion for argument 2 from ‘[01m[KEigen::Vector3d {aka Eigen::Matrix<double, 3, 1>}[m[K’ to ‘[01m[Kbool&[m[K’
[01m[K/opt/ros/melodic/include/ros/node_handle.h:1727:8:[m[K [01;36m[Knote: [m[Kcandidate: bool ros::NodeHandle::getParam(const string&, XmlRpc::XmlRpcValue&) const
   bool getParam(const std::string& key, XmlRpc::XmlRpcValue& v) const;
[01;32m[K        ^[m[K
[01m[K/opt/ros/melodic/include/ros/node_handle.h:1727:8:[m[K [01;36m[Knote: [m[K  no known conversion for argument 2 from ‘[01m[KEigen::Vector3d {aka Eigen::Matrix<double, 3, 1>}[m[K’ to ‘[01m[KXmlRpc::XmlRpcValue&[m[K’
[01m[K/opt/ros/melodic/include/ros/node_handle.h:1739:8:[m[K [01;36m[Knote: [m[Kcandidate: bool ros::NodeHandle::getParam(const string&, std::vector<std::__cxx11::basic_string<char> >&) const
   bool getParam(const std::string& key, std::vector<std::string>& vec) const;
[01;32m[K        ^[m[K
[01m[K/opt/ros/melodic/include/ros/node_handle.h:1739:8:[m[K [01;36m[Knote: [m[K  no known conversion for argument 2 from ‘[01m[KEigen::Vector3d {aka Eigen::Matrix<double, 3, 1>}[m[K’ to ‘[01m[Kstd::vector<std::__cxx11::basic_string<char> >&[m[K’
[01m[K/opt/ros/melodic/include/ros/node_handle.h:1750:8:[m[K [01;36m[Knote: [m[Kcandidate: bool ros::NodeHandle::getParam(const string&, std::vector<double>&) const
   bool getParam(const std::string& key, std::vector<double>& vec) const;
[01;32m[K        ^[m[K
[01m[K/opt/ros/melodic/include/ros/node_handle.h:1750:8:[m[K [01;36m[Knote: [m[K  no known conversion for argument 2 from ‘[01m[KEigen::Vector3d {aka Eigen::Matrix<double, 3, 1>}[m[K’ to ‘[01m[Kstd::vector<double>&[m[K’
[01m[K/opt/ros/melodic/include/ros/node_handle.h:1761:8:[m[K [01;36m[Knote: [m[Kcandidate: bool ros::NodeHandle::getParam(const string&, std::vector<float>&) const
   bool getParam(const std::string& key, std::vector<float>& vec) const;
[01;32m[K        ^[m[K
[01m[K/opt/ros/melodic/include/ros/node_handle.h:1761:8:[m[K [01;36m[Knote: [m[K  no known conversion for argument 2 from ‘[01m[KEigen::Vector3d {aka Eigen::Matrix<double, 3, 1>}[m[K’ to ‘[01m[Kstd::vector<float>&[m[K’
[01m[K/opt/ros/melodic/include/ros/node_handle.h:1772:8:[m[K [01;36m[Knote: [m[Kcandidate: bool ros::NodeHandle::getParam(const string&, std::vector<int>&) const
   bool getParam(const std::string& key, std::vector<int>& vec) const;
[01;32m[K        ^[m[K
[01m[K/opt/ros/melodic/include/ros/node_handle.h:1772:8:[m[K [01;36m[Knote: [m[K  no known conversion for argument 2 from ‘[01m[KEigen::Vector3d {aka Eigen::Matrix<double, 3, 1>}[m[K’ to ‘[01m[Kstd::vector<int>&[m[K’
[01m[K/opt/ros/melodic/include/ros/node_handle.h:1783:8:[m[K [01;36m[Knote: [m[Kcandidate: bool ros::NodeHandle::getParam(const string&, std::vector<bool>&) const
   bool getParam(const std::string& key, std::vector<bool>& vec) const;
[01;32m[K        ^[m[K
[01m[K/opt/ros/melodic/include/ros/node_handle.h:1783:8:[m[K [01;36m[Knote: [m[K  no known conversion for argument 2 from ‘[01m[KEigen::Vector3d {aka Eigen::Matrix<double, 3, 1>}[m[K’ to ‘[01m[Kstd::vector<bool>&[m[K’
[01m[K/opt/ros/melodic/include/ros/node_handle.h:1795:8:[m[K [01;36m[Knote: [m[Kcandidate: bool ros::NodeHandle::getParam(const string&, std::map<std::__cxx11::basic_string<char>, std::__cxx11::basic_string<char> >&) const
   bool getParam(const std::string& key, std::map<std::string, std::string>& map) const;
[01;32m[K        ^[m[K
[01m[K/opt/ros/melodic/include/ros/node_handle.h:1795:8:[m[K [01;36m[Knote: [m[K  no known conversion for argument 2 from ‘[01m[KEigen::Vector3d {aka Eigen::Matrix<double, 3, 1>}[m[K’ to ‘[01m[Kstd::map<std::__cxx11::basic_string<char>, std::__cxx11::basic_string<char> >&[m[K’
[01m[K/opt/ros/melodic/include/ros/node_handle.h:1806:8:[m[K [01;36m[Knote: [m[Kcandidate: bool ros::NodeHandle::getParam(const string&, std::map<std::__cxx11::basic_string<char>, double>&) const
   bool getParam(const std::string& key, std::map<std::string, double>& map) const;
[01;32m[K        ^[m[K
[01m[K/opt/ros/melodic/include/ros/node_handle.h:1806:8:[m[K [01;36m[Knote: [m[K  no known conversion for argument 2 from ‘[01m[KEigen::Vector3d {aka Eigen::Matrix<double, 3, 1>}[m[K’ to ‘[01m[Kstd::map<std::__cxx11::basic_string<char>, double>&[m[K’
[01m[K/opt/ros/melodic/include/ros/node_handle.h:1817:8:[m[K [01;36m[Knote: [m[Kcandidate: bool ros::NodeHandle::getParam(const string&, std::map<std::__cxx11::basic_string<char>, float>&) const
   bool getParam(const std::string& key, std::map<std::string, float>& map) const;
[01;32m[K        ^[m[K
[01m[K/opt/ros/melodic/include/ros/node_handle.h:1817:8:[m[K [01;36m[Knote: [m[K  no known conversion for argument 2 from ‘[01m[KEigen::Vector3d {aka Eigen::Matrix<double, 3, 1>}[m[K’ to ‘[01m[Kstd::map<std::__cxx11::basic_string<char>, float>&[m[K’
[01m[K/opt/ros/melodic/include/ros/node_handle.h:1828:8:[m[K [01;36m[Knote: [m[Kcandidate: bool ros::NodeHandle::getParam(const string&, std::map<std::__cxx11::basic_string<char>, int>&) const
   bool getParam(const std::string& key, std::map<std::string, int>& map) const;
[01;32m[K        ^[m[K
[01m[K/opt/ros/melodic/include/ros/node_handle.h:1828:8:[m[K [01;36m[Knote: [m[K  no known conversion for argument 2 from ‘[01m[KEigen::Vector3d {aka Eigen::Matrix<double, 3, 1>}[m[K’ to ‘[01m[Kstd::map<std::__cxx11::basic_string<char>, int>&[m[K’
[01m[K/opt/ros/melodic/include/ros/node_handle.h:1839:8:[m[K [01;36m[Knote: [m[Kcandidate: bool ros::NodeHandle::getParam(const string&, std::map<std::__cxx11::basic_string<char>, bool>&) const
   bool getParam(const std::string& key, std::map<std::string, bool>& map) const;
[01;32m[K        ^[m[K
[01m[K/opt/ros/melodic/include/ros/node_handle.h:1839:8:[m[K [01;36m[Knote: [m[K  no known conversion for argument 2 from ‘[01m[KEigen::Vector3d {aka Eigen::Matrix<double, 3, 1>}[m[K’ to ‘[01m[Kstd::map<std::__cxx11::basic_string<char>, bool>&[m[K’
make[2]: *** [examples/CMakeFiles/robotAndObsVerticesSubscriber.dir/robotAndObsVerticesSubscriber.cpp.o] Error 1
make[1]: *** [examples/CMakeFiles/robotAndObsVerticesSubscriber.dir/all] Error 2
make: *** [all] Error 2
