warning: Tag 'CLANG_ASSISTED_PARSING' at line 1026 of file '/home/zheng/robot_ws_zheng/build/ros_wrap_safe_motion/Doxyfile' belongs to an option that was not enabled at compile time.
         To avoid this warning please remove this line from your configuration file or upgrade it using "doxygen -u", or recompile doxygen with this feature enabled.
warning: Tag 'CLANG_OPTIONS' at line 1034 of file '/home/zheng/robot_ws_zheng/build/ros_wrap_safe_motion/Doxyfile' belongs to an option that was not enabled at compile time.
         To avoid this warning please remove this line from your configuration file or upgrade it using "doxygen -u", or recompile doxygen with this feature enabled.
warning: Tag 'PERL_PATH' at line 2117 of file '/home/zheng/robot_ws_zheng/build/ros_wrap_safe_motion/Doxyfile' has become obsolete.
         To avoid this warning please remove this line from your configuration file or upgrade it using "doxygen -u"
warning: Tag 'MSCGEN_PATH' at line 2139 of file '/home/zheng/robot_ws_zheng/build/ros_wrap_safe_motion/Doxyfile' has become obsolete.
         To avoid this warning please remove this line from your configuration file or upgrade it using "doxygen -u"
warning: ignoring unknown tag '2020' at line 2435, file /home/zheng/robot_ws_zheng/build/ros_wrap_safe_motion/Doxyfile
warning: ignoring unknown tag 'GitHub' at line 2435, file /home/zheng/robot_ws_zheng/build/ros_wrap_safe_motion/Doxyfile
warning: ignoring unknown tag 'Inc' at line 2435, file /home/zheng/robot_ws_zheng/build/ros_wrap_safe_motion/Doxyfile
warning: ignoring unknown tag 'Terms' at line 2436, file /home/zheng/robot_ws_zheng/build/ros_wrap_safe_motion/Doxyfile
warning: ignoring unknown tag 'Privacy' at line 2437, file /home/zheng/robot_ws_zheng/build/ros_wrap_safe_motion/Doxyfile
warning: ignoring unknown tag 'Security' at line 2438, file /home/zheng/robot_ws_zheng/build/ros_wrap_safe_motion/Doxyfile
warning: ignoring unknown tag 'Status' at line 2439, file /home/zheng/robot_ws_zheng/build/ros_wrap_safe_motion/Doxyfile
warning: ignoring unknown tag 'Help' at line 2440, file /home/zheng/robot_ws_zheng/build/ros_wrap_safe_motion/Doxyfile
warning: ignoring unknown tag 'Contact' at line 2442, file /home/zheng/robot_ws_zheng/build/ros_wrap_safe_motion/Doxyfile
warning: ignoring unknown tag 'GitHub' at line 2442, file /home/zheng/robot_ws_zheng/build/ros_wrap_safe_motion/Doxyfile
warning: ignoring unknown tag 'Pricing' at line 2443, file /home/zheng/robot_ws_zheng/build/ros_wrap_safe_motion/Doxyfile
warning: ignoring unknown tag 'API' at line 2444, file /home/zheng/robot_ws_zheng/build/ros_wrap_safe_motion/Doxyfile
warning: ignoring unknown tag 'Training' at line 2445, file /home/zheng/robot_ws_zheng/build/ros_wrap_safe_motion/Doxyfile
warning: ignoring unknown tag 'Blog' at line 2446, file /home/zheng/robot_ws_zheng/build/ros_wrap_safe_motion/Doxyfile
warning: ignoring unknown tag 'About' at line 2447, file /home/zheng/robot_ws_zheng/build/ros_wrap_safe_motion/Doxyfile
warning: tag INPUT: input source '/home/zheng/robot_ws_zheng/src/ros_wrap_safe_motion/README.md' does not exist
warning: tag INPUT: input source '/home/zheng/robot_ws_zheng/src/ros_wrap_safe_motion/impl/' does not exist
warning: tag INPUT: input source '/home/zheng/robot_ws_zheng/src/ros_wrap_safe_motion/samples/' does not exist
warning: source /home/zheng/robot_ws_zheng/src/ros_wrap_safe_motion/README.md is not a readable file or directory... skipping.
warning: source /home/zheng/robot_ws_zheng/src/ros_wrap_safe_motion/impl is not a readable file or directory... skipping.
warning: source /home/zheng/robot_ws_zheng/src/ros_wrap_safe_motion/samples is not a readable file or directory... skipping.
/home/zheng/robot_ws_zheng/src/ros_wrap_safe_motion/src/RosWraprobotmodel/RosWrapchainjnttojacdotsolver.cpp:35: warning: no matching class member found for 
  int KDL::ChainJntToJacDotSolver::JntToJacDot(const JntArrayVel &q_in, Twist &jac_dot_q_dot, int seg_nr)
Possible candidates:
  'virtual int KDL::ChainJntToJacDotSolver::JntToJacDot(const KDL::JntArrayVel &q_in, KDL::Twist &jac_dot_q_dot, int seg_nr=-1)'
  'virtual int KDL::ChainJntToJacDotSolver::JntToJacDot(const KDL::JntArrayVel &q_in, KDL::Jacobian &jdot, int seg_nr=-1)'

/home/zheng/robot_ws_zheng/src/ros_wrap_safe_motion/src/RosWraprobotmodel/RosWrapchainjnttojacdotsolver.cpp:42: warning: no matching class member found for 
  int KDL::ChainJntToJacDotSolver::JntToJacDot(const JntArrayVel &q_in, Jacobian &jdot, int seg_nr)
Possible candidates:
  'virtual int KDL::ChainJntToJacDotSolver::JntToJacDot(const KDL::JntArrayVel &q_in, KDL::Twist &jac_dot_q_dot, int seg_nr=-1)'
  'virtual int KDL::ChainJntToJacDotSolver::JntToJacDot(const KDL::JntArrayVel &q_in, KDL::Jacobian &jdot, int seg_nr=-1)'

/home/zheng/robot_ws_zheng/src/ros_wrap_safe_motion/include/RosWraprobotmodel/RosWrapchainjnttojacdotsolver.h:107: warning: @copybrief or @copydoc target 'KDL::SolverI::strError()' not found
/home/zheng/robot_ws_zheng/src/ros_wrap_safe_motion/include/RosWraprobotmodel/RosWrapRobotModel.h:108: warning: argument 'kdl_segment' of command @param is not found in the argument list of arm_kinematic::getSegment(unsigned int segment)
/home/zheng/robot_ws_zheng/src/ros_wrap_safe_motion/include/RosWraprobotmodel/RosWrapRobotModel.h:137: warning: argument 'kdl_frame' of command @param is not found in the argument list of arm_kinematic::getSegmentPosition(const std::string &segment_name)
/home/zheng/robot_ws_zheng/src/ros_wrap_safe_motion/include/RosWraprobotmodel/RosWrapRobotModel.h:127: warning: argument 'kdl_frame' of command @param is not found in the argument list of arm_kinematic::getSegmentPosition(unsigned int segment)
/home/zheng/robot_ws_zheng/src/ros_wrap_safe_motion/include/RosWraprobotmodel/RosWrapRobotModel.h:273: warning: argument 'qd_des' of command @param is not found in the argument list of arm_kinematic::setJointVelocities(const Eigen::VectorXd &qd)
/home/zheng/robot_ws_zheng/src/ros_wrap_safe_motion/include/RosWraprobotmodel/RosWrapRobotModel.h:277: warning: The following parameter of arm_kinematic::setJointVelocities(const Eigen::VectorXd &qd) is not documented:
  parameter 'qd'
/home/zheng/robot_ws_zheng/src/ros_wrap_safe_motion/include/RosWraprobotmodel/RosWrapRobotModel.h:396: warning: argument 'Ros' of command @param is not found in the argument list of arm_kinematic::subscriberCallback(const sensor_msgs::JointState &jntState)
/home/zheng/robot_ws_zheng/src/ros_wrap_safe_motion/include/RosWraprobotmodel/RosWrapRobotModel.h:400: warning: The following parameter of arm_kinematic::subscriberCallback(const sensor_msgs::JointState &jntState) is not documented:
  parameter 'jntState'
/home/zheng/robot_ws_zheng/src/ros_wrap_safe_motion/include/RosWrapconstraint/RosWrapGenericCst.h:35: warning: The following parameters of GenericCst::GenericCst(int ndof, int N, double dt, std::string name, Eigen::MatrixXd Px, Eigen::MatrixXd Pu) are not documented:
  parameter 'name'
  parameter 'Px'
  parameter 'Pu'
/home/zheng/robot_ws_zheng/src/ros_wrap_safe_motion/include/RosWrapconstraint/RosWrapGenericCst.h:39: warning: argument 'Px' of command @param is not found in the argument list of GenericCst::setLowerBound(const Eigen::VectorXd &robot_state)
/home/zheng/robot_ws_zheng/src/ros_wrap_safe_motion/include/RosWrapconstraint/RosWrapGenericCst.h:48: warning: argument 'Px' of command @param is not found in the argument list of GenericCst::setUpperBound(const Eigen::VectorXd &robot_state)
/home/zheng/robot_ws_zheng/src/ros_wrap_safe_motion/include/RosWrapconstraint/RosWrapGenericCst.h:61: warning: argument 'Px' of command @param is not found in the argument list of GenericCst::update(const Eigen::VectorXd &robot_state)
/home/zheng/robot_ws_zheng/src/ros_wrap_safe_motion/include/RosWrapconstraint/RosWrapGenericCst.h:61: warning: argument 'Pu' of command @param is not found in the argument list of GenericCst::update(const Eigen::VectorXd &robot_state)
/home/zheng/robot_ws_zheng/src/ros_wrap_safe_motion/include/RosWrapconstraint/RosWrapJointPosCst.h:26: warning: argument 'Px' of command @param is not found in the argument list of JntPosCst::setLowerBound(const Eigen::VectorXd &robot_state) inherited from member setLowerBound at line 39 in file /home/zheng/robot_ws_zheng/src/ros_wrap_safe_motion/include/RosWrapconstraint/RosWrapGenericCst.h
/home/zheng/robot_ws_zheng/src/ros_wrap_safe_motion/include/RosWrapconstraint/RosWrapJointPosCst.h:28: warning: argument 'Px' of command @param is not found in the argument list of JntPosCst::setUpperBound(const Eigen::VectorXd &robot_state) inherited from member setUpperBound at line 48 in file /home/zheng/robot_ws_zheng/src/ros_wrap_safe_motion/include/RosWrapconstraint/RosWrapGenericCst.h
/home/zheng/robot_ws_zheng/src/ros_wrap_safe_motion/include/RosWrapconstraint/RosWrapJointPosCst.h:32: warning: argument 'Px' of command @param is not found in the argument list of JntPosCst::update(const Eigen::VectorXd &robot_state) inherited from member update at line 61 in file /home/zheng/robot_ws_zheng/src/ros_wrap_safe_motion/include/RosWrapconstraint/RosWrapGenericCst.h
/home/zheng/robot_ws_zheng/src/ros_wrap_safe_motion/include/RosWrapconstraint/RosWrapJointPosCst.h:32: warning: argument 'Pu' of command @param is not found in the argument list of JntPosCst::update(const Eigen::VectorXd &robot_state) inherited from member update at line 61 in file /home/zheng/robot_ws_zheng/src/ros_wrap_safe_motion/include/RosWrapconstraint/RosWrapGenericCst.h
/home/zheng/robot_ws_zheng/src/ros_wrap_safe_motion/include/RosWrapconstraint/RosWrapJointVelCst.h:23: warning: argument 'Px' of command @param is not found in the argument list of JntVelCst::setLowerBound(const Eigen::VectorXd &robot_state) inherited from member setLowerBound at line 39 in file /home/zheng/robot_ws_zheng/src/ros_wrap_safe_motion/include/RosWrapconstraint/RosWrapGenericCst.h
/home/zheng/robot_ws_zheng/src/ros_wrap_safe_motion/include/RosWrapconstraint/RosWrapJointVelCst.h:24: warning: argument 'Px' of command @param is not found in the argument list of JntVelCst::setUpperBound(const Eigen::VectorXd &robot_state) inherited from member setUpperBound at line 48 in file /home/zheng/robot_ws_zheng/src/ros_wrap_safe_motion/include/RosWrapconstraint/RosWrapGenericCst.h
/home/zheng/robot_ws_zheng/src/ros_wrap_safe_motion/include/RosWrapconstraint/RosWrapJointVelCst.h:26: warning: argument 'Px' of command @param is not found in the argument list of JntVelCst::update(const Eigen::VectorXd &robot_state) inherited from member update at line 61 in file /home/zheng/robot_ws_zheng/src/ros_wrap_safe_motion/include/RosWrapconstraint/RosWrapGenericCst.h
/home/zheng/robot_ws_zheng/src/ros_wrap_safe_motion/include/RosWrapconstraint/RosWrapJointVelCst.h:26: warning: argument 'Pu' of command @param is not found in the argument list of JntVelCst::update(const Eigen::VectorXd &robot_state) inherited from member update at line 61 in file /home/zheng/robot_ws_zheng/src/ros_wrap_safe_motion/include/RosWrapconstraint/RosWrapGenericCst.h
/home/zheng/robot_ws_zheng/src/ros_wrap_safe_motion/include/RosWraprobotmodel/RosWrapchainjnttojacdotsolver.h:107: warning: @copybrief or @copydoc target 'KDL::SolverI::strError()' not found
/home/zheng/robot_ws_zheng/src/ros_wrap_safe_motion/include/RosWraprobotmodel/RosWrapchainjnttojacdotsolver.h:143: warning: argument 'bs_J_bs' of command @param is not found in the argument list of KDL::ChainJntToJacDotSolver::getPartialDerivative(const Jacobian &J, const unsigned int &joint_idx, const unsigned int &column_idx, const int &representation)
/home/zheng/robot_ws_zheng/src/ros_wrap_safe_motion/include/RosWraprobotmodel/RosWrapchainjnttojacdotsolver.h:152: warning: The following parameter of KDL::ChainJntToJacDotSolver::getPartialDerivative(const Jacobian &J, const unsigned int &joint_idx, const unsigned int &column_idx, const int &representation) is not documented:
  parameter 'J'
/home/zheng/robot_ws_zheng/src/ros_wrap_safe_motion/include/RosWraprobotmodel/RosWrapchainjnttojacdotsolver.h:121: warning: argument 'bs_J_ee' of command @param is not found in the argument list of KDL::ChainJntToJacDotSolver::getPartialDerivativeBodyFixed(const Jacobian &ee_J_ee, const unsigned int &joint_idx, const unsigned int &column_idx)
/home/zheng/robot_ws_zheng/src/ros_wrap_safe_motion/include/RosWraprobotmodel/RosWrapchainjnttojacdotsolver.h:129: warning: The following parameter of KDL::ChainJntToJacDotSolver::getPartialDerivativeBodyFixed(const Jacobian &ee_J_ee, const unsigned int &joint_idx, const unsigned int &column_idx) is not documented:
  parameter 'ee_J_ee'
/home/zheng/robot_ws_zheng/src/ros_wrap_safe_motion/include/RosWraprobotmodel/RosWrapchainjnttojacdotsolver.h:132: warning: argument 'ee_J_ee' of command @param is not found in the argument list of KDL::ChainJntToJacDotSolver::getPartialDerivativeInertial(const Jacobian &bs_J_bs, const unsigned int &joint_idx, const unsigned int &column_idx)
/home/zheng/robot_ws_zheng/src/ros_wrap_safe_motion/include/RosWraprobotmodel/RosWrapchainjnttojacdotsolver.h:140: warning: The following parameter of KDL::ChainJntToJacDotSolver::getPartialDerivativeInertial(const Jacobian &bs_J_bs, const unsigned int &joint_idx, const unsigned int &column_idx) is not documented:
  parameter 'bs_J_bs'
/home/zheng/robot_ws_zheng/src/ros_wrap_safe_motion/include/RosWraprobotmodel/RosWrapchainjnttojacdotsolver.h:107: warning: @copybrief or @copydoc target 'KDL::SolverI::strError()' not found
/home/zheng/robot_ws_zheng/src/ros_wrap_safe_motion/include/RosWraprobotmodel/RosWrapchainjnttojacdotsolver.h:107: warning: @copydetails or @copydoc target 'KDL::SolverI::strError()' not found
[01m[K/home/zheng/robot_ws_zheng/src/ros_wrap_safe_motion/src/RosWrapsolver/RosWrapMpcSolver.cpp:[m[K In member function ‘[01m[Kvoid mpc_solve::update()[m[K’:
[01m[K/home/zheng/robot_ws_zheng/src/ros_wrap_safe_motion/src/RosWrapsolver/RosWrapMpcSolver.cpp:350:41:[m[K [01;31m[Kerror: [m[Kno match for ‘[01m[Koperator<<[m[K’ (operand types are ‘[01m[Kstd::basic_ostream<char>[m[K’ and ‘[01m[K<unresolved overloaded function type>[m[K’)
         std::cout <<" ee position :\n " << panda_ee_frame_.p.x , panda_ee_frame_.p.y, panda_ee_frame_.p.z << std::endl;
[01;32m[K                                         ^[m[K
In file included from [01m[K/usr/include/c++/5/istream:39:0[m[K,
                 from [01m[K/usr/include/c++/5/sstream:38[m[K,
                 from [01m[K/usr/include/c++/5/complex:45[m[K,
                 from [01m[K/usr/include/eigen3/Eigen/Core:80[m[K,
                 from [01m[K/usr/include/eigen3/Eigen/Dense:1[m[K,
                 from [01m[K/home/zheng/robot_ws_zheng/src/ros_wrap_safe_motion/include/RosWrapsolver/RosWrapMpcSolver.h:6[m[K,
                 from [01m[K/home/zheng/robot_ws_zheng/src/ros_wrap_safe_motion/src/RosWrapsolver/RosWrapMpcSolver.cpp:1[m[K:
[01m[K/usr/include/c++/5/ostream:108:7:[m[K [01;36m[Knote: [m[Kcandidate: std::basic_ostream<_CharT, _Traits>::__ostream_type& std::basic_ostream<_CharT, _Traits>::operator<<(std::basic_ostream<_CharT, _Traits>::__ostream_type& (*)(std::basic_ostream<_CharT, _Traits>::__ostream_type&)) [with _CharT = char; _Traits = std::char_traits<char>; std::basic_ostream<_CharT, _Traits>::__ostream_type = std::basic_ostream<char>]
       operator<<(__ostream_type& (*__pf)(__ostream_type&))
[01;32m[K       ^[m[K
[01m[K/usr/include/c++/5/ostream:108:7:[m[K [01;36m[Knote: [m[K  no known conversion for argument 1 from ‘[01m[K<unresolved overloaded function type>[m[K’ to ‘[01m[Kstd::basic_ostream<char>::__ostream_type& (*)(std::basic_ostream<char>::__ostream_type&) {aka std::basic_ostream<char>& (*)(std::basic_ostream<char>&)}[m[K’
[01m[K/usr/include/c++/5/ostream:117:7:[m[K [01;36m[Knote: [m[Kcandidate: std::basic_ostream<_CharT, _Traits>::__ostream_type& std::basic_ostream<_CharT, _Traits>::operator<<(std::basic_ostream<_CharT, _Traits>::__ios_type& (*)(std::basic_ostream<_CharT, _Traits>::__ios_type&)) [with _CharT = char; _Traits = std::char_traits<char>; std::basic_ostream<_CharT, _Traits>::__ostream_type = std::basic_ostream<char>; std::basic_ostream<_CharT, _Traits>::__ios_type = std::basic_ios<char>]
       operator<<(__ios_type& (*__pf)(__ios_type&))
[01;32m[K       ^[m[K
[01m[K/usr/include/c++/5/ostream:117:7:[m[K [01;36m[Knote: [m[K  no known conversion for argument 1 from ‘[01m[K<unresolved overloaded function type>[m[K’ to ‘[01m[Kstd::basic_ostream<char>::__ios_type& (*)(std::basic_ostream<char>::__ios_type&) {aka std::basic_ios<char>& (*)(std::basic_ios<char>&)}[m[K’
[01m[K/usr/include/c++/5/ostream:127:7:[m[K [01;36m[Knote: [m[Kcandidate: std::basic_ostream<_CharT, _Traits>::__ostream_type& std::basic_ostream<_CharT, _Traits>::operator<<(std::ios_base& (*)(std::ios_base&)) [with _CharT = char; _Traits = std::char_traits<char>; std::basic_ostream<_CharT, _Traits>::__ostream_type = std::basic_ostream<char>]
       operator<<(ios_base& (*__pf) (ios_base&))
[01;32m[K       ^[m[K
[01m[K/usr/include/c++/5/ostream:127:7:[m[K [01;36m[Knote: [m[K  no known conversion for argument 1 from ‘[01m[K<unresolved overloaded function type>[m[K’ to ‘[01m[Kstd::ios_base& (*)(std::ios_base&)[m[K’
[01m[K/usr/include/c++/5/ostream:166:7:[m[K [01;36m[Knote: [m[Kcandidate: std::basic_ostream<_CharT, _Traits>::__ostream_type& std::basic_ostream<_CharT, _Traits>::operator<<(long int) [with _CharT = char; _Traits = std::char_traits<char>; std::basic_ostream<_CharT, _Traits>::__ostream_type = std::basic_ostream<char>]
       operator<<(long __n)
[01;32m[K       ^[m[K
[01m[K/usr/include/c++/5/ostream:166:7:[m[K [01;36m[Knote: [m[K  no known conversion for argument 1 from ‘[01m[K<unresolved overloaded function type>[m[K’ to ‘[01m[Klong int[m[K’
[01m[K/usr/include/c++/5/ostream:170:7:[m[K [01;36m[Knote: [m[Kcandidate: std::basic_ostream<_CharT, _Traits>::__ostream_type& std::basic_ostream<_CharT, _Traits>::operator<<(long unsigned int) [with _CharT = char; _Traits = std::char_traits<char>; std::basic_ostream<_CharT, _Traits>::__ostream_type = std::basic_ostream<char>]
       operator<<(unsigned long __n)
[01;32m[K       ^[m[K
[01m[K/usr/include/c++/5/ostream:170:7:[m[K [01;36m[Knote: [m[K  no known conversion for argument 1 from ‘[01m[K<unresolved overloaded function type>[m[K’ to ‘[01m[Klong unsigned int[m[K’
[01m[K/usr/include/c++/5/ostream:174:7:[m[K [01;36m[Knote: [m[Kcandidate: std::basic_ostream<_CharT, _Traits>::__ostream_type& std::basic_ostream<_CharT, _Traits>::operator<<(bool) [with _CharT = char; _Traits = std::char_traits<char>; std::basic_ostream<_CharT, _Traits>::__ostream_type = std::basic_ostream<char>]
       operator<<(bool __n)
[01;32m[K       ^[m[K
[01m[K/usr/include/c++/5/ostream:174:7:[m[K [01;36m[Knote: [m[K  no known conversion for argument 1 from ‘[01m[K<unresolved overloaded function type>[m[K’ to ‘[01m[Kbool[m[K’
In file included from [01m[K/usr/include/c++/5/ostream:638:0[m[K,
                 from [01m[K/usr/include/c++/5/istream:39[m[K,
                 from [01m[K/usr/include/c++/5/sstream:38[m[K,
                 from [01m[K/usr/include/c++/5/complex:45[m[K,
                 from [01m[K/usr/include/eigen3/Eigen/Core:80[m[K,
                 from [01m[K/usr/include/eigen3/Eigen/Dense:1[m[K,
                 from [01m[K/home/zheng/robot_ws_zheng/src/ros_wrap_safe_motion/include/RosWrapsolver/RosWrapMpcSolver.h:6[m[K,
                 from [01m[K/home/zheng/robot_ws_zheng/src/ros_wrap_safe_motion/src/RosWrapsolver/RosWrapMpcSolver.cpp:1[m[K:
[01m[K/usr/include/c++/5/bits/ostream.tcc:91:5:[m[K [01;36m[Knote: [m[Kcandidate: std::basic_ostream<_CharT, _Traits>& std::basic_ostream<_CharT, _Traits>::operator<<(short int) [with _CharT = char; _Traits = std::char_traits<char>]
     basic_ostream<_CharT, _Traits>::
[01;32m[K     ^[m[K
[01m[K/usr/include/c++/5/bits/ostream.tcc:91:5:[m[K [01;36m[Knote: [m[K  no known conversion for argument 1 from ‘[01m[K<unresolved overloaded function type>[m[K’ to ‘[01m[Kshort int[m[K’
In file included from [01m[K/usr/include/c++/5/istream:39:0[m[K,
                 from [01m[K/usr/include/c++/5/sstream:38[m[K,
                 from [01m[K/usr/include/c++/5/complex:45[m[K,
                 from [01m[K/usr/include/eigen3/Eigen/Core:80[m[K,
                 from [01m[K/usr/include/eigen3/Eigen/Dense:1[m[K,
                 from [01m[K/home/zheng/robot_ws_zheng/src/ros_wrap_safe_motion/include/RosWrapsolver/RosWrapMpcSolver.h:6[m[K,
                 from [01m[K/home/zheng/robot_ws_zheng/src/ros_wrap_safe_motion/src/RosWrapsolver/RosWrapMpcSolver.cpp:1[m[K:
[01m[K/usr/include/c++/5/ostream:181:7:[m[K [01;36m[Knote: [m[Kcandidate: std::basic_ostream<_CharT, _Traits>::__ostream_type& std::basic_ostream<_CharT, _Traits>::operator<<(short unsigned int) [with _CharT = char; _Traits = std::char_traits<char>; std::basic_ostream<_CharT, _Traits>::__ostream_type = std::basic_ostream<char>]
       operator<<(unsigned short __n)
[01;32m[K       ^[m[K
[01m[K/usr/include/c++/5/ostream:181:7:[m[K [01;36m[Knote: [m[K  no known conversion for argument 1 from ‘[01m[K<unresolved overloaded function type>[m[K’ to ‘[01m[Kshort unsigned int[m[K’
In file included from [01m[K/usr/include/c++/5/ostream:638:0[m[K,
                 from [01m[K/usr/include/c++/5/istream:39[m[K,
                 from [01m[K/usr/include/c++/5/sstream:38[m[K,
                 from [01m[K/usr/include/c++/5/complex:45[m[K,
                 from [01m[K/usr/include/eigen3/Eigen/Core:80[m[K,
                 from [01m[K/usr/include/eigen3/Eigen/Dense:1[m[K,
                 from [01m[K/home/zheng/robot_ws_zheng/src/ros_wrap_safe_motion/include/RosWrapsolver/RosWrapMpcSolver.h:6[m[K,
                 from [01m[K/home/zheng/robot_ws_zheng/src/ros_wrap_safe_motion/src/RosWrapsolver/RosWrapMpcSolver.cpp:1[m[K:
[01m[K/usr/include/c++/5/bits/ostream.tcc:105:5:[m[K [01;36m[Knote: [m[Kcandidate: std::basic_ostream<_CharT, _Traits>& std::basic_ostream<_CharT, _Traits>::operator<<(int) [with _CharT = char; _Traits = std::char_traits<char>]
     basic_ostream<_CharT, _Traits>::
[01;32m[K     ^[m[K
[01m[K/usr/include/c++/5/bits/ostream.tcc:105:5:[m[K [01;36m[Knote: [m[K  no known conversion for argument 1 from ‘[01m[K<unresolved overloaded function type>[m[K’ to ‘[01m[Kint[m[K’
In file included from [01m[K/usr/include/c++/5/istream:39:0[m[K,
                 from [01m[K/usr/include/c++/5/sstream:38[m[K,
                 from [01m[K/usr/include/c++/5/complex:45[m[K,
                 from [01m[K/usr/include/eigen3/Eigen/Core:80[m[K,
                 from [01m[K/usr/include/eigen3/Eigen/Dense:1[m[K,
                 from [01m[K/home/zheng/robot_ws_zheng/src/ros_wrap_safe_motion/include/RosWrapsolver/RosWrapMpcSolver.h:6[m[K,
                 from [01m[K/home/zheng/robot_ws_zheng/src/ros_wrap_safe_motion/src/RosWrapsolver/RosWrapMpcSolver.cpp:1[m[K:
[01m[K/usr/include/c++/5/ostream:192:7:[m[K [01;36m[Knote: [m[Kcandidate: std::basic_ostream<_CharT, _Traits>::__ostream_type& std::basic_ostream<_CharT, _Traits>::operator<<(unsigned int) [with _CharT = char; _Traits = std::char_traits<char>; std::basic_ostream<_CharT, _Traits>::__ostream_type = std::basic_ostream<char>]
       operator<<(unsigned int __n)
[01;32m[K       ^[m[K
[01m[K/usr/include/c++/5/ostream:192:7:[m[K [01;36m[Knote: [m[K  no known conversion for argument 1 from ‘[01m[K<unresolved overloaded function type>[m[K’ to ‘[01m[Kunsigned int[m[K’
[01m[K/usr/include/c++/5/ostream:201:7:[m[K [01;36m[Knote: [m[Kcandidate: std::basic_ostream<_CharT, _Traits>::__ostream_type& std::basic_ostream<_CharT, _Traits>::operator<<(long long int) [with _CharT = char; _Traits = std::char_traits<char>; std::basic_ostream<_CharT, _Traits>::__ostream_type = std::basic_ostream<char>]
       operator<<(long long __n)
[01;32m[K       ^[m[K
[01m[K/usr/include/c++/5/ostream:201:7:[m[K [01;36m[Knote: [m[K  no known conversion for argument 1 from ‘[01m[K<unresolved overloaded function type>[m[K’ to ‘[01m[Klong long int[m[K’
[01m[K/usr/include/c++/5/ostream:205:7:[m[K [01;36m[Knote: [m[Kcandidate: std::basic_ostream<_CharT, _Traits>::__ostream_type& std::basic_ostream<_CharT, _Traits>::operator<<(long long unsigned int) [with _CharT = char; _Traits = std::char_traits<char>; std::basic_ostream<_CharT, _Traits>::__ostream_type = std::basic_ostream<char>]
       operator<<(unsigned long long __n)
[01;32m[K       ^[m[K
[01m[K/usr/include/c++/5/ostream:205:7:[m[K [01;36m[Knote: [m[K  no known conversion for argument 1 from ‘[01m[K<unresolved overloaded function type>[m[K’ to ‘[01m[Klong long unsigned int[m[K’
[01m[K/usr/include/c++/5/ostream:220:7:[m[K [01;36m[Knote: [m[Kcandidate: std::basic_ostream<_CharT, _Traits>::__ostream_type& std::basic_ostream<_CharT, _Traits>::operator<<(double) [with _CharT = char; _Traits = std::char_traits<char>; std::basic_ostream<_CharT, _Traits>::__ostream_type = std::basic_ostream<char>]
       operator<<(double __f)
[01;32m[K       ^[m[K
[01m[K/usr/include/c++/5/ostream:220:7:[m[K [01;36m[Knote: [m[K  no known conversion for argument 1 from ‘[01m[K<unresolved overloaded function type>[m[K’ to ‘[01m[Kdouble[m[K’
[01m[K/usr/include/c++/5/ostream:224:7:[m[K [01;36m[Knote: [m[Kcandidate: std::basic_ostream<_CharT, _Traits>::__ostream_type& std::basic_ostream<_CharT, _Traits>::operator<<(float) [with _CharT = char; _Traits = std::char_traits<char>; std::basic_ostream<_CharT, _Traits>::__ostream_type = std::basic_ostream<char>]
       operator<<(float __f)
[01;32m[K       ^[m[K
[01m[K/usr/include/c++/5/ostream:224:7:[m[K [01;36m[Knote: [m[K  no known conversion for argument 1 from ‘[01m[K<unresolved overloaded function type>[m[K’ to ‘[01m[Kfloat[m[K’
[01m[K/usr/include/c++/5/ostream:232:7:[m[K [01;36m[Knote: [m[Kcandidate: std::basic_ostream<_CharT, _Traits>::__ostream_type& std::basic_ostream<_CharT, _Traits>::operator<<(long double) [with _CharT = char; _Traits = std::char_traits<char>; std::basic_ostream<_CharT, _Traits>::__ostream_type = std::basic_ostream<char>]
       operator<<(long double __f)
[01;32m[K       ^[m[K
[01m[K/usr/include/c++/5/ostream:232:7:[m[K [01;36m[Knote: [m[K  no known conversion for argument 1 from ‘[01m[K<unresolved overloaded function type>[m[K’ to ‘[01m[Klong double[m[K’
[01m[K/usr/include/c++/5/ostream:245:7:[m[K [01;36m[Knote: [m[Kcandidate: std::basic_ostream<_CharT, _Traits>::__ostream_type& std::basic_ostream<_CharT, _Traits>::operator<<(const void*) [with _CharT = char; _Traits = std::char_traits<char>; std::basic_ostream<_CharT, _Traits>::__ostream_type = std::basic_ostream<char>]
       operator<<(const void* __p)
[01;32m[K       ^[m[K
[01m[K/usr/include/c++/5/ostream:245:7:[m[K [01;36m[Knote: [m[K  no known conversion for argument 1 from ‘[01m[K<unresolved overloaded function type>[m[K’ to ‘[01m[Kconst void*[m[K’
In file included from [01m[K/usr/include/c++/5/ostream:638:0[m[K,
                 from [01m[K/usr/include/c++/5/istream:39[m[K,
                 from [01m[K/usr/include/c++/5/sstream:38[m[K,
                 from [01m[K/usr/include/c++/5/complex:45[m[K,
                 from [01m[K/usr/include/eigen3/Eigen/Core:80[m[K,
                 from [01m[K/usr/include/eigen3/Eigen/Dense:1[m[K,
                 from [01m[K/home/zheng/robot_ws_zheng/src/ros_wrap_safe_motion/include/RosWrapsolver/RosWrapMpcSolver.h:6[m[K,
                 from [01m[K/home/zheng/robot_ws_zheng/src/ros_wrap_safe_motion/src/RosWrapsolver/RosWrapMpcSolver.cpp:1[m[K:
[01m[K/usr/include/c++/5/bits/ostream.tcc:119:5:[m[K [01;36m[Knote: [m[Kcandidate: std::basic_ostream<_CharT, _Traits>& std::basic_ostream<_CharT, _Traits>::operator<<(std::basic_ostream<_CharT, _Traits>::__streambuf_type*) [with _CharT = char; _Traits = std::char_traits<char>; std::basic_ostream<_CharT, _Traits>::__streambuf_type = std::basic_streambuf<char>]
     basic_ostream<_CharT, _Traits>::
[01;32m[K     ^[m[K
[01m[K/usr/include/c++/5/bits/ostream.tcc:119:5:[m[K [01;36m[Knote: [m[K  no known conversion for argument 1 from ‘[01m[K<unresolved overloaded function type>[m[K’ to ‘[01m[Kstd::basic_ostream<char>::__streambuf_type* {aka std::basic_streambuf<char>*}[m[K’
In file included from [01m[K/usr/include/c++/5/string:52:0[m[K,
                 from [01m[K/usr/include/c++/5/bits/locale_classes.h:40[m[K,
                 from [01m[K/usr/include/c++/5/bits/ios_base.h:41[m[K,
                 from [01m[K/usr/include/c++/5/ios:42[m[K,
                 from [01m[K/usr/include/c++/5/istream:38[m[K,
                 from [01m[K/usr/include/c++/5/sstream:38[m[K,
                 from [01m[K/usr/include/c++/5/complex:45[m[K,
                 from [01m[K/usr/include/eigen3/Eigen/Core:80[m[K,
                 from [01m[K/usr/include/eigen3/Eigen/Dense:1[m[K,
                 from [01m[K/home/zheng/robot_ws_zheng/src/ros_wrap_safe_motion/include/RosWrapsolver/RosWrapMpcSolver.h:6[m[K,
                 from [01m[K/home/zheng/robot_ws_zheng/src/ros_wrap_safe_motion/src/RosWrapsolver/RosWrapMpcSolver.cpp:1[m[K:
[01m[K/usr/include/c++/5/bits/basic_string.h:5275:5:[m[K [01;36m[Knote: [m[Kcandidate: template<class _CharT, class _Traits, class _Alloc> std::basic_ostream<_CharT, _Traits>& std::operator<<(std::basic_ostream<_CharT, _Traits>&, const std::__cxx11::basic_string<_CharT, _Traits, _Alloc>&)
     operator<<(basic_ostream<_CharT, _Traits>& __os,
[01;32m[K     ^[m[K
[01m[K/usr/include/c++/5/bits/basic_string.h:5275:5:[m[K [01;36m[Knote: [m[K  template argument deduction/substitution failed:
[01m[K/home/zheng/robot_ws_zheng/src/ros_wrap_safe_motion/src/RosWrapsolver/RosWrapMpcSolver.cpp:350:62:[m[K [01;36m[Knote: [m[K  mismatched types ‘[01m[Kconst std::__cxx11::basic_string<_CharT, _Traits, _Alloc>[m[K’ and ‘[01m[Kvoid (KDL::Vector::*)(double)[m[K’
         std::cout <<" ee position :\n " << panda_ee_frame_.p.x , panda_ee_frame_.p.y, panda_ee_frame_.p.z << std::endl;
[01;32m[K                                                              ^[m[K
[01m[K/home/zheng/robot_ws_zheng/src/ros_wrap_safe_motion/src/RosWrapsolver/RosWrapMpcSolver.cpp:350:62:[m[K [01;36m[Knote: [m[K  mismatched types ‘[01m[Kconst std::__cxx11::basic_string<_CharT, _Traits, _Alloc>[m[K’ and ‘[01m[Kdouble (KDL::Vector::*)() const[m[K’
[01m[K/home/zheng/robot_ws_zheng/src/ros_wrap_safe_motion/src/RosWrapsolver/RosWrapMpcSolver.cpp:350:62:[m[K [01;36m[Knote: [m[K  could not resolve address from overloaded function ‘[01m[K((mpc_solve*)this)->mpc_solve::panda_ee_frame_.KDL::Frame::p.KDL::Vector::x[m[K’
In file included from [01m[K/usr/include/c++/5/bits/ios_base.h:46:0[m[K,
                 from [01m[K/usr/include/c++/5/ios:42[m[K,
                 from [01m[K/usr/include/c++/5/istream:38[m[K,
                 from [01m[K/usr/include/c++/5/sstream:38[m[K,
                 from [01m[K/usr/include/c++/5/complex:45[m[K,
                 from [01m[K/usr/include/eigen3/Eigen/Core:80[m[K,
                 from [01m[K/usr/include/eigen3/Eigen/Dense:1[m[K,
                 from [01m[K/home/zheng/robot_ws_zheng/src/ros_wrap_safe_motion/include/RosWrapsolver/RosWrapMpcSolver.h:6[m[K,
                 from [01m[K/home/zheng/robot_ws_zheng/src/ros_wrap_safe_motion/src/RosWrapsolver/RosWrapMpcSolver.cpp:1[m[K:
[01m[K/usr/include/c++/5/system_error:209:5:[m[K [01;36m[Knote: [m[Kcandidate: template<class _CharT, class _Traits> std::basic_ostream<_CharT, _Traits>& std::operator<<(std::basic_ostream<_CharT, _Traits>&, const std::error_code&)
     operator<<(basic_ostream<_CharT, _Traits>& __os, const error_code& __e)
[01;32m[K     ^[m[K
[01m[K/usr/include/c++/5/system_error:209:5:[m[K [01;36m[Knote: [m[K  template argument deduction/substitution failed:
[01m[K/home/zheng/robot_ws_zheng/src/ros_wrap_safe_motion/src/RosWrapsolver/RosWrapMpcSolver.cpp:350:62:[m[K [01;36m[Knote: [m[K  cannot convert ‘[01m[K((mpc_solve*)this)->mpc_solve::panda_ee_frame_.KDL::Frame::p.KDL::Vector::x[m[K’ (type ‘[01m[K<unresolved overloaded function type>[m[K’) to type ‘[01m[Kconst std::error_code&[m[K’
         std::cout <<" ee position :\n " << panda_ee_frame_.p.x , panda_ee_frame_.p.y, panda_ee_frame_.p.z << std::endl;
[01;32m[K                                                              ^[m[K
In file included from [01m[K/usr/include/c++/5/istream:39:0[m[K,
                 from [01m[K/usr/include/c++/5/sstream:38[m[K,
                 from [01m[K/usr/include/c++/5/complex:45[m[K,
                 from [01m[K/usr/include/eigen3/Eigen/Core:80[m[K,
                 from [01m[K/usr/include/eigen3/Eigen/Dense:1[m[K,
                 from [01m[K/home/zheng/robot_ws_zheng/src/ros_wrap_safe_motion/include/RosWrapsolver/RosWrapMpcSolver.h:6[m[K,
                 from [01m[K/home/zheng/robot_ws_zheng/src/ros_wrap_safe_motion/src/RosWrapsolver/RosWrapMpcSolver.cpp:1[m[K:
[01m[K/usr/include/c++/5/ostream:497:5:[m[K [01;36m[Knote: [m[Kcandidate: template<class _CharT, class _Traits> std::basic_ostream<_CharT, _Traits>& std::operator<<(std::basic_ostream<_CharT, _Traits>&, _CharT)
     operator<<(basic_ostream<_CharT, _Traits>& __out, _CharT __c)
[01;32m[K     ^[m[K
[01m[K/usr/include/c++/5/ostream:497:5:[m[K [01;36m[Knote: [m[K  template argument deduction/substitution failed:
[01m[K/home/zheng/robot_ws_zheng/src/ros_wrap_safe_motion/src/RosWrapsolver/RosWrapMpcSolver.cpp:350:62:[m[K [01;36m[Knote: [m[K  could not resolve address from overloaded function ‘[01m[K((mpc_solve*)this)->mpc_solve::panda_ee_frame_.KDL::Frame::p.KDL::Vector::x[m[K’
         std::cout <<" ee position :\n " << panda_ee_frame_.p.x , panda_ee_frame_.p.y, panda_ee_frame_.p.z << std::endl;
[01;32m[K                                                              ^[m[K
In file included from [01m[K/usr/include/c++/5/istream:39:0[m[K,
                 from [01m[K/usr/include/c++/5/sstream:38[m[K,
                 from [01m[K/usr/include/c++/5/complex:45[m[K,
                 from [01m[K/usr/include/eigen3/Eigen/Core:80[m[K,
                 from [01m[K/usr/include/eigen3/Eigen/Dense:1[m[K,
                 from [01m[K/home/zheng/robot_ws_zheng/src/ros_wrap_safe_motion/include/RosWrapsolver/RosWrapMpcSolver.h:6[m[K,
                 from [01m[K/home/zheng/robot_ws_zheng/src/ros_wrap_safe_motion/src/RosWrapsolver/RosWrapMpcSolver.cpp:1[m[K:
[01m[K/usr/include/c++/5/ostream:502:5:[m[K [01;36m[Knote: [m[Kcandidate: template<class _CharT, class _Traits> std::basic_ostream<_CharT, _Traits>& std::operator<<(std::basic_ostream<_CharT, _Traits>&, char)
     operator<<(basic_ostream<_CharT, _Traits>& __out, char __c)
[01;32m[K     ^[m[K
[01m[K/usr/include/c++/5/ostream:502:5:[m[K [01;36m[Knote: [m[K  template argument deduction/substitution failed:
[01m[K/home/zheng/robot_ws_zheng/src/ros_wrap_safe_motion/src/RosWrapsolver/RosWrapMpcSolver.cpp:350:62:[m[K [01;36m[Knote: [m[K  cannot convert ‘[01m[K((mpc_solve*)this)->mpc_solve::panda_ee_frame_.KDL::Frame::p.KDL::Vector::x[m[K’ (type ‘[01m[K<unresolved overloaded function type>[m[K’) to type ‘[01m[Kchar[m[K’
         std::cout <<" ee position :\n " << panda_ee_frame_.p.x , panda_ee_frame_.p.y, panda_ee_frame_.p.z << std::endl;
[01;32m[K                                                              ^[m[K
In file included from [01m[K/usr/include/c++/5/istream:39:0[m[K,
                 from [01m[K/usr/include/c++/5/sstream:38[m[K,
                 from [01m[K/usr/include/c++/5/complex:45[m[K,
                 from [01m[K/usr/include/eigen3/Eigen/Core:80[m[K,
                 from [01m[K/usr/include/eigen3/Eigen/Dense:1[m[K,
                 from [01m[K/home/zheng/robot_ws_zheng/src/ros_wrap_safe_motion/include/RosWrapsolver/RosWrapMpcSolver.h:6[m[K,
                 from [01m[K/home/zheng/robot_ws_zheng/src/ros_wrap_safe_motion/src/RosWrapsolver/RosWrapMpcSolver.cpp:1[m[K:
[01m[K/usr/include/c++/5/ostream:508:5:[m[K [01;36m[Knote: [m[Kcandidate: template<class _Traits> std::basic_ostream<char, _Traits>& std::operator<<(std::basic_ostream<char, _Traits>&, char)
     operator<<(basic_ostream<char, _Traits>& __out, char __c)
[01;32m[K     ^[m[K
[01m[K/usr/include/c++/5/ostream:508:5:[m[K [01;36m[Knote: [m[K  template argument deduction/substitution failed:
[01m[K/home/zheng/robot_ws_zheng/src/ros_wrap_safe_motion/src/RosWrapsolver/RosWrapMpcSolver.cpp:350:62:[m[K [01;36m[Knote: [m[K  cannot convert ‘[01m[K((mpc_solve*)this)->mpc_solve::panda_ee_frame_.KDL::Frame::p.KDL::Vector::x[m[K’ (type ‘[01m[K<unresolved overloaded function type>[m[K’) to type ‘[01m[Kchar[m[K’
         std::cout <<" ee position :\n " << panda_ee_frame_.p.x , panda_ee_frame_.p.y, panda_ee_frame_.p.z << std::endl;
[01;32m[K                                                              ^[m[K
In file included from [01m[K/usr/include/c++/5/istream:39:0[m[K,
                 from [01m[K/usr/include/c++/5/sstream:38[m[K,
                 from [01m[K/usr/include/c++/5/complex:45[m[K,
                 from [01m[K/usr/include/eigen3/Eigen/Core:80[m[K,
                 from [01m[K/usr/include/eigen3/Eigen/Dense:1[m[K,
                 from [01m[K/home/zheng/robot_ws_zheng/src/ros_wrap_safe_motion/include/RosWrapsolver/RosWrapMpcSolver.h:6[m[K,
                 from [01m[K/home/zheng/robot_ws_zheng/src/ros_wrap_safe_motion/src/RosWrapsolver/RosWrapMpcSolver.cpp:1[m[K:
[01m[K/usr/include/c++/5/ostream:514:5:[m[K [01;36m[Knote: [m[Kcandidate: template<class _Traits> std::basic_ostream<char, _Traits>& std::operator<<(std::basic_ostream<char, _Traits>&, signed char)
     operator<<(basic_ostream<char, _Traits>& __out, signed char __c)
[01;32m[K     ^[m[K
[01m[K/usr/include/c++/5/ostream:514:5:[m[K [01;36m[Knote: [m[K  template argument deduction/substitution failed:
[01m[K/home/zheng/robot_ws_zheng/src/ros_wrap_safe_motion/src/RosWrapsolver/RosWrapMpcSolver.cpp:350:62:[m[K [01;36m[Knote: [m[K  cannot convert ‘[01m[K((mpc_solve*)this)->mpc_solve::panda_ee_frame_.KDL::Frame::p.KDL::Vector::x[m[K’ (type ‘[01m[K<unresolved overloaded function type>[m[K’) to type ‘[01m[Ksigned char[m[K’
         std::cout <<" ee position :\n " << panda_ee_frame_.p.x , panda_ee_frame_.p.y, panda_ee_frame_.p.z << std::endl;
[01;32m[K                                                              ^[m[K
In file included from [01m[K/usr/include/c++/5/istream:39:0[m[K,
                 from [01m[K/usr/include/c++/5/sstream:38[m[K,
                 from [01m[K/usr/include/c++/5/complex:45[m[K,
                 from [01m[K/usr/include/eigen3/Eigen/Core:80[m[K,
                 from [01m[K/usr/include/eigen3/Eigen/Dense:1[m[K,
                 from [01m[K/home/zheng/robot_ws_zheng/src/ros_wrap_safe_motion/include/RosWrapsolver/RosWrapMpcSolver.h:6[m[K,
                 from [01m[K/home/zheng/robot_ws_zheng/src/ros_wrap_safe_motion/src/RosWrapsolver/RosWrapMpcSolver.cpp:1[m[K:
[01m[K/usr/include/c++/5/ostream:519:5:[m[K [01;36m[Knote: [m[Kcandidate: template<class _Traits> std::basic_ostream<char, _Traits>& std::operator<<(std::basic_ostream<char, _Traits>&, unsigned char)
     operator<<(basic_ostream<char, _Traits>& __out, unsigned char __c)
[01;32m[K     ^[m[K
[01m[K/usr/include/c++/5/ostream:519:5:[m[K [01;36m[Knote: [m[K  template argument deduction/substitution failed:
[01m[K/home/zheng/robot_ws_zheng/src/ros_wrap_safe_motion/src/RosWrapsolver/RosWrapMpcSolver.cpp:350:62:[m[K [01;36m[Knote: [m[K  cannot convert ‘[01m[K((mpc_solve*)this)->mpc_solve::panda_ee_frame_.KDL::Frame::p.KDL::Vector::x[m[K’ (type ‘[01m[K<unresolved overloaded function type>[m[K’) to type ‘[01m[Kunsigned char[m[K’
         std::cout <<" ee position :\n " << panda_ee_frame_.p.x , panda_ee_frame_.p.y, panda_ee_frame_.p.z << std::endl;
[01;32m[K                                                              ^[m[K
In file included from [01m[K/usr/include/c++/5/istream:39:0[m[K,
                 from [01m[K/usr/include/c++/5/sstream:38[m[K,
                 from [01m[K/usr/include/c++/5/complex:45[m[K,
                 from [01m[K/usr/include/eigen3/Eigen/Core:80[m[K,
                 from [01m[K/usr/include/eigen3/Eigen/Dense:1[m[K,
                 from [01m[K/home/zheng/robot_ws_zheng/src/ros_wrap_safe_motion/include/RosWrapsolver/RosWrapMpcSolver.h:6[m[K,
                 from [01m[K/home/zheng/robot_ws_zheng/src/ros_wrap_safe_motion/src/RosWrapsolver/RosWrapMpcSolver.cpp:1[m[K:
[01m[K/usr/include/c++/5/ostream:539:5:[m[K [01;36m[Knote: [m[Kcandidate: template<class _CharT, class _Traits> std::basic_ostream<_CharT, _Traits>& std::operator<<(std::basic_ostream<_CharT, _Traits>&, const _CharT*)
     operator<<(basic_ostream<_CharT, _Traits>& __out, const _CharT* __s)
[01;32m[K     ^[m[K
[01m[K/usr/include/c++/5/ostream:539:5:[m[K [01;36m[Knote: [m[K  template argument deduction/substitution failed:
[01m[K/home/zheng/robot_ws_zheng/src/ros_wrap_safe_motion/src/RosWrapsolver/RosWrapMpcSolver.cpp:350:62:[m[K [01;36m[Knote: [m[K  mismatched types ‘[01m[Kconst _CharT*[m[K’ and ‘[01m[Kvoid (KDL::Vector::*)(double)[m[K’
         std::cout <<" ee position :\n " << panda_ee_frame_.p.x , panda_ee_frame_.p.y, panda_ee_frame_.p.z << std::endl;
[01;32m[K                                                              ^[m[K
[01m[K/home/zheng/robot_ws_zheng/src/ros_wrap_safe_motion/src/RosWrapsolver/RosWrapMpcSolver.cpp:350:62:[m[K [01;36m[Knote: [m[K  mismatched types ‘[01m[Kconst _CharT*[m[K’ and ‘[01m[Kdouble (KDL::Vector::*)() const[m[K’
[01m[K/home/zheng/robot_ws_zheng/src/ros_wrap_safe_motion/src/RosWrapsolver/RosWrapMpcSolver.cpp:350:62:[m[K [01;36m[Knote: [m[K  could not resolve address from overloaded function ‘[01m[K((mpc_solve*)this)->mpc_solve::panda_ee_frame_.KDL::Frame::p.KDL::Vector::x[m[K’
In file included from [01m[K/usr/include/c++/5/ostream:638:0[m[K,
                 from [01m[K/usr/include/c++/5/istream:39[m[K,
                 from [01m[K/usr/include/c++/5/sstream:38[m[K,
                 from [01m[K/usr/include/c++/5/complex:45[m[K,
                 from [01m[K/usr/include/eigen3/Eigen/Core:80[m[K,
                 from [01m[K/usr/include/eigen3/Eigen/Dense:1[m[K,
                 from [01m[K/home/zheng/robot_ws_zheng/src/ros_wrap_safe_motion/include/RosWrapsolver/RosWrapMpcSolver.h:6[m[K,
                 from [01m[K/home/zheng/robot_ws_zheng/src/ros_wrap_safe_motion/src/RosWrapsolver/RosWrapMpcSolver.cpp:1[m[K:
[01m[K/usr/include/c++/5/bits/ostream.tcc:321:5:[m[K [01;36m[Knote: [m[Kcandidate: template<class _CharT, class _Traits> std::basic_ostream<_CharT, _Traits>& std::operator<<(std::basic_ostream<_CharT, _Traits>&, const char*)
     operator<<(basic_ostream<_CharT, _Traits>& __out, const char* __s)
[01;32m[K     ^[m[K
[01m[K/usr/include/c++/5/bits/ostream.tcc:321:5:[m[K [01;36m[Knote: [m[K  template argument deduction/substitution failed:
[01m[K/home/zheng/robot_ws_zheng/src/ros_wrap_safe_motion/src/RosWrapsolver/RosWrapMpcSolver.cpp:350:62:[m[K [01;36m[Knote: [m[K  cannot convert ‘[01m[K((mpc_solve*)this)->mpc_solve::panda_ee_frame_.KDL::Frame::p.KDL::Vector::x[m[K’ (type ‘[01m[K<unresolved overloaded function type>[m[K’) to type ‘[01m[Kconst char*[m[K’
         std::cout <<" ee position :\n " << panda_ee_frame_.p.x , panda_ee_frame_.p.y, panda_ee_frame_.p.z << std::endl;
[01;32m[K                                                              ^[m[K
In file included from [01m[K/usr/include/c++/5/istream:39:0[m[K,
                 from [01m[K/usr/include/c++/5/sstream:38[m[K,
                 from [01m[K/usr/include/c++/5/complex:45[m[K,
                 from [01m[K/usr/include/eigen3/Eigen/Core:80[m[K,
                 from [01m[K/usr/include/eigen3/Eigen/Dense:1[m[K,
                 from [01m[K/home/zheng/robot_ws_zheng/src/ros_wrap_safe_motion/include/RosWrapsolver/RosWrapMpcSolver.h:6[m[K,
                 from [01m[K/home/zheng/robot_ws_zheng/src/ros_wrap_safe_motion/src/RosWrapsolver/RosWrapMpcSolver.cpp:1[m[K:
[01m[K/usr/include/c++/5/ostream:556:5:[m[K [01;36m[Knote: [m[Kcandidate: template<class _Traits> std::basic_ostream<char, _Traits>& std::operator<<(std::basic_ostream<char, _Traits>&, const char*)
     operator<<(basic_ostream<char, _Traits>& __out, const char* __s)
[01;32m[K     ^[m[K
[01m[K/usr/include/c++/5/ostream:556:5:[m[K [01;36m[Knote: [m[K  template argument deduction/substitution failed:
[01m[K/home/zheng/robot_ws_zheng/src/ros_wrap_safe_motion/src/RosWrapsolver/RosWrapMpcSolver.cpp:350:62:[m[K [01;36m[Knote: [m[K  cannot convert ‘[01m[K((mpc_solve*)this)->mpc_solve::panda_ee_frame_.KDL::Frame::p.KDL::Vector::x[m[K’ (type ‘[01m[K<unresolved overloaded function type>[m[K’) to type ‘[01m[Kconst char*[m[K’
         std::cout <<" ee position :\n " << panda_ee_frame_.p.x , panda_ee_frame_.p.y, panda_ee_frame_.p.z << std::endl;
[01;32m[K                                                              ^[m[K
In file included from [01m[K/usr/include/c++/5/istream:39:0[m[K,
                 from [01m[K/usr/include/c++/5/sstream:38[m[K,
                 from [01m[K/usr/include/c++/5/complex:45[m[K,
                 from [01m[K/usr/include/eigen3/Eigen/Core:80[m[K,
                 from [01m[K/usr/include/eigen3/Eigen/Dense:1[m[K,
                 from [01m[K/home/zheng/robot_ws_zheng/src/ros_wrap_safe_motion/include/RosWrapsolver/RosWrapMpcSolver.h:6[m[K,
                 from [01m[K/home/zheng/robot_ws_zheng/src/ros_wrap_safe_motion/src/RosWrapsolver/RosWrapMpcSolver.cpp:1[m[K:
[01m[K/usr/include/c++/5/ostream:569:5:[m[K [01;36m[Knote: [m[Kcandidate: template<class _Traits> std::basic_ostream<char, _Traits>& std::operator<<(std::basic_ostream<char, _Traits>&, const signed char*)
     operator<<(basic_ostream<char, _Traits>& __out, const signed char* __s)
[01;32m[K     ^[m[K
[01m[K/usr/include/c++/5/ostream:569:5:[m[K [01;36m[Knote: [m[K  template argument deduction/substitution failed:
[01m[K/home/zheng/robot_ws_zheng/src/ros_wrap_safe_motion/src/RosWrapsolver/RosWrapMpcSolver.cpp:350:62:[m[K [01;36m[Knote: [m[K  cannot convert ‘[01m[K((mpc_solve*)this)->mpc_solve::panda_ee_frame_.KDL::Frame::p.KDL::Vector::x[m[K’ (type ‘[01m[K<unresolved overloaded function type>[m[K’) to type ‘[01m[Kconst signed char*[m[K’
         std::cout <<" ee position :\n " << panda_ee_frame_.p.x , panda_ee_frame_.p.y, panda_ee_frame_.p.z << std::endl;
[01;32m[K                                                              ^[m[K
In file included from [01m[K/usr/include/c++/5/istream:39:0[m[K,
                 from [01m[K/usr/include/c++/5/sstream:38[m[K,
                 from [01m[K/usr/include/c++/5/complex:45[m[K,
                 from [01m[K/usr/include/eigen3/Eigen/Core:80[m[K,
                 from [01m[K/usr/include/eigen3/Eigen/Dense:1[m[K,
                 from [01m[K/home/zheng/robot_ws_zheng/src/ros_wrap_safe_motion/include/RosWrapsolver/RosWrapMpcSolver.h:6[m[K,
                 from [01m[K/home/zheng/robot_ws_zheng/src/ros_wrap_safe_motion/src/RosWrapsolver/RosWrapMpcSolver.cpp:1[m[K:
[01m[K/usr/include/c++/5/ostream:574:5:[m[K [01;36m[Knote: [m[Kcandidate: template<class _Traits> std::basic_ostream<char, _Traits>& std::operator<<(std::basic_ostream<char, _Traits>&, const unsigned char*)
     operator<<(basic_ostream<char, _Traits>& __out, const unsigned char* __s)
[01;32m[K     ^[m[K
[01m[K/usr/include/c++/5/ostream:574:5:[m[K [01;36m[Knote: [m[K  template argument deduction/substitution failed:
[01m[K/home/zheng/robot_ws_zheng/src/ros_wrap_safe_motion/src/RosWrapsolver/RosWrapMpcSolver.cpp:350:62:[m[K [01;36m[Knote: [m[K  cannot convert ‘[01m[K((mpc_solve*)this)->mpc_solve::panda_ee_frame_.KDL::Frame::p.KDL::Vector::x[m[K’ (type ‘[01m[K<unresolved overloaded function type>[m[K’) to type ‘[01m[Kconst unsigned char*[m[K’
         std::cout <<" ee position :\n " << panda_ee_frame_.p.x , panda_ee_frame_.p.y, panda_ee_frame_.p.z << std::endl;
[01;32m[K                                                              ^[m[K
In file included from [01m[K/usr/include/c++/5/istream:39:0[m[K,
                 from [01m[K/usr/include/c++/5/sstream:38[m[K,
                 from [01m[K/usr/include/c++/5/complex:45[m[K,
                 from [01m[K/usr/include/eigen3/Eigen/Core:80[m[K,
                 from [01m[K/usr/include/eigen3/Eigen/Dense:1[m[K,
                 from [01m[K/home/zheng/robot_ws_zheng/src/ros_wrap_safe_motion/include/RosWrapsolver/RosWrapMpcSolver.h:6[m[K,
                 from [01m[K/home/zheng/robot_ws_zheng/src/ros_wrap_safe_motion/src/RosWrapsolver/RosWrapMpcSolver.cpp:1[m[K:
[01m[K/usr/include/c++/5/ostream:628:5:[m[K [01;36m[Knote: [m[Kcandidate: template<class _CharT, class _Traits, class _Tp> std::basic_ostream<_CharT, _Traits>& std::operator<<(std::basic_ostream<_CharT, _Traits>&&, const _Tp&)
     operator<<(basic_ostream<_CharT, _Traits>&& __os, const _Tp& __x)
[01;32m[K     ^[m[K
[01m[K/usr/include/c++/5/ostream:628:5:[m[K [01;36m[Knote: [m[K  template argument deduction/substitution failed:
[01m[K/home/zheng/robot_ws_zheng/src/ros_wrap_safe_motion/src/RosWrapsolver/RosWrapMpcSolver.cpp:350:62:[m[K [01;36m[Knote: [m[K  couldn't deduce template parameter ‘[01m[K_Tp[m[K’
         std::cout <<" ee position :\n " << panda_ee_frame_.p.x , panda_ee_frame_.p.y, panda_ee_frame_.p.z << std::endl;
[01;32m[K                                                              ^[m[K
In file included from [01m[K/usr/include/eigen3/Eigen/Core:80:0[m[K,
                 from [01m[K/usr/include/eigen3/Eigen/Dense:1[m[K,
                 from [01m[K/home/zheng/robot_ws_zheng/src/ros_wrap_safe_motion/include/RosWrapsolver/RosWrapMpcSolver.h:6[m[K,
                 from [01m[K/home/zheng/robot_ws_zheng/src/ros_wrap_safe_motion/src/RosWrapsolver/RosWrapMpcSolver.cpp:1[m[K:
[01m[K/usr/include/c++/5/complex:526:5:[m[K [01;36m[Knote: [m[Kcandidate: template<class _Tp, class _CharT, class _Traits> std::basic_ostream<_CharT, _Traits>& std::operator<<(std::basic_ostream<_CharT, _Traits>&, const std::complex<_Tp>&)
     operator<<(basic_ostream<_CharT, _Traits>& __os, const complex<_Tp>& __x)
[01;32m[K     ^[m[K
[01m[K/usr/include/c++/5/complex:526:5:[m[K [01;36m[Knote: [m[K  template argument deduction/substitution failed:
[01m[K/home/zheng/robot_ws_zheng/src/ros_wrap_safe_motion/src/RosWrapsolver/RosWrapMpcSolver.cpp:350:62:[m[K [01;36m[Knote: [m[K  mismatched types ‘[01m[Kconst std::complex<_Tp>[m[K’ and ‘[01m[Kvoid (KDL::Vector::*)(double)[m[K’
         std::cout <<" ee position :\n " << panda_ee_frame_.p.x , panda_ee_frame_.p.y, panda_ee_frame_.p.z << std::endl;
[01;32m[K                                                              ^[m[K
[01m[K/home/zheng/robot_ws_zheng/src/ros_wrap_safe_motion/src/RosWrapsolver/RosWrapMpcSolver.cpp:350:62:[m[K [01;36m[Knote: [m[K  mismatched types ‘[01m[Kconst std::complex<_Tp>[m[K’ and ‘[01m[Kdouble (KDL::Vector::*)() const[m[K’
[01m[K/home/zheng/robot_ws_zheng/src/ros_wrap_safe_motion/src/RosWrapsolver/RosWrapMpcSolver.cpp:350:62:[m[K [01;36m[Knote: [m[K  could not resolve address from overloaded function ‘[01m[K((mpc_solve*)this)->mpc_solve::panda_ee_frame_.KDL::Frame::p.KDL::Vector::x[m[K’
In file included from [01m[K/usr/include/c++/5/memory:82:0[m[K,
                 from [01m[K/usr/include/boost/config/no_tr1/memory.hpp:21[m[K,
                 from [01m[K/usr/include/boost/smart_ptr/shared_ptr.hpp:23[m[K,
                 from [01m[K/usr/include/boost/shared_ptr.hpp:17[m[K,
                 from [01m[K/home/zheng/robot_ws_zheng/src/ros_wrap_safe_motion/include/RosWrapsolver/RosWrapMpcSolver.h:9[m[K,
                 from [01m[K/home/zheng/robot_ws_zheng/src/ros_wrap_safe_motion/src/RosWrapsolver/RosWrapMpcSolver.cpp:1[m[K:
[01m[K/usr/include/c++/5/bits/shared_ptr.h:66:5:[m[K [01;36m[Knote: [m[Kcandidate: template<class _Ch, class _Tr, class _Tp, __gnu_cxx::_Lock_policy _Lp> std::basic_ostream<_CharT, _Traits>& std::operator<<(std::basic_ostream<_CharT, _Traits>&, const std::__shared_ptr<_Tp, _Lp>&)
     operator<<(std::basic_ostream<_Ch, _Tr>& __os,
[01;32m[K     ^[m[K
[01m[K/usr/include/c++/5/bits/shared_ptr.h:66:5:[m[K [01;36m[Knote: [m[K  template argument deduction/substitution failed:
[01m[K/home/zheng/robot_ws_zheng/src/ros_wrap_safe_motion/src/RosWrapsolver/RosWrapMpcSolver.cpp:350:62:[m[K [01;36m[Knote: [m[K  mismatched types ‘[01m[Kconst std::__shared_ptr<_Tp, _Lp>[m[K’ and ‘[01m[Kvoid (KDL::Vector::*)(double)[m[K’
         std::cout <<" ee position :\n " << panda_ee_frame_.p.x , panda_ee_frame_.p.y, panda_ee_frame_.p.z << std::endl;
[01;32m[K                                                              ^[m[K
[01m[K/home/zheng/robot_ws_zheng/src/ros_wrap_safe_motion/src/RosWrapsolver/RosWrapMpcSolver.cpp:350:62:[m[K [01;36m[Knote: [m[K  mismatched types ‘[01m[Kconst std::__shared_ptr<_Tp, _Lp>[m[K’ and ‘[01m[Kdouble (KDL::Vector::*)() const[m[K’
[01m[K/home/zheng/robot_ws_zheng/src/ros_wrap_safe_motion/src/RosWrapsolver/RosWrapMpcSolver.cpp:350:62:[m[K [01;36m[Knote: [m[K  could not resolve address from overloaded function ‘[01m[K((mpc_solve*)this)->mpc_solve::panda_ee_frame_.KDL::Frame::p.KDL::Vector::x[m[K’
In file included from [01m[K/usr/include/boost/math/policies/error_handling.hpp:12:0[m[K,
                 from [01m[K/usr/include/boost/math/special_functions/round.hpp:14[m[K,
                 from [01m[K/opt/ros/melodic/include/ros/time.h:58[m[K,
                 from [01m[K/opt/ros/melodic/include/ros/ros.h:38[m[K,
                 from [01m[K/home/zheng/robot_ws_zheng/src/ros_wrap_safe_motion/include/RosWrapsolver/RosWrapMpcSolver.h:14[m[K,
                 from [01m[K/home/zheng/robot_ws_zheng/src/ros_wrap_safe_motion/src/RosWrapsolver/RosWrapMpcSolver.cpp:1[m[K:
[01m[K/usr/include/c++/5/iomanip:79:5:[m[K [01;36m[Knote: [m[Kcandidate: template<class _CharT, class _Traits> std::basic_ostream<_CharT, _Traits>& std::operator<<(std::basic_ostream<_CharT, _Traits>&, std::_Resetiosflags)
     operator<<(basic_ostream<_CharT, _Traits>& __os, _Resetiosflags __f)
[01;32m[K     ^[m[K
[01m[K/usr/include/c++/5/iomanip:79:5:[m[K [01;36m[Knote: [m[K  template argument deduction/substitution failed:
[01m[K/home/zheng/robot_ws_zheng/src/ros_wrap_safe_motion/src/RosWrapsolver/RosWrapMpcSolver.cpp:350:62:[m[K [01;36m[Knote: [m[K  cannot convert ‘[01m[K((mpc_solve*)this)->mpc_solve::panda_ee_frame_.KDL::Frame::p.KDL::Vector::x[m[K’ (type ‘[01m[K<unresolved overloaded function type>[m[K’) to type ‘[01m[Kstd::_Resetiosflags[m[K’
         std::cout <<" ee position :\n " << panda_ee_frame_.p.x , panda_ee_frame_.p.y, panda_ee_frame_.p.z << std::endl;
[01;32m[K                                                              ^[m[K
In file included from [01m[K/usr/include/boost/math/policies/error_handling.hpp:12:0[m[K,
                 from [01m[K/usr/include/boost/math/special_functions/round.hpp:14[m[K,
                 from [01m[K/opt/ros/melodic/include/ros/time.h:58[m[K,
                 from [01m[K/opt/ros/melodic/include/ros/ros.h:38[m[K,
                 from [01m[K/home/zheng/robot_ws_zheng/src/ros_wrap_safe_motion/include/RosWrapsolver/RosWrapMpcSolver.h:14[m[K,
                 from [01m[K/home/zheng/robot_ws_zheng/src/ros_wrap_safe_motion/src/RosWrapsolver/RosWrapMpcSolver.cpp:1[m[K:
[01m[K/usr/include/c++/5/iomanip:109:5:[m[K [01;36m[Knote: [m[Kcandidate: template<class _CharT, class _Traits> std::basic_ostream<_CharT, _Traits>& std::operator<<(std::basic_ostream<_CharT, _Traits>&, std::_Setiosflags)
     operator<<(basic_ostream<_CharT, _Traits>& __os, _Setiosflags __f)
[01;32m[K     ^[m[K
[01m[K/usr/include/c++/5/iomanip:109:5:[m[K [01;36m[Knote: [m[K  template argument deduction/substitution failed:
[01m[K/home/zheng/robot_ws_zheng/src/ros_wrap_safe_motion/src/RosWrapsolver/RosWrapMpcSolver.cpp:350:62:[m[K [01;36m[Knote: [m[K  cannot convert ‘[01m[K((mpc_solve*)this)->mpc_solve::panda_ee_frame_.KDL::Frame::p.KDL::Vector::x[m[K’ (type ‘[01m[K<unresolved overloaded function type>[m[K’) to type ‘[01m[Kstd::_Setiosflags[m[K’
         std::cout <<" ee position :\n " << panda_ee_frame_.p.x , panda_ee_frame_.p.y, panda_ee_frame_.p.z << std::endl;
[01;32m[K                                                              ^[m[K
In file included from [01m[K/usr/include/boost/math/policies/error_handling.hpp:12:0[m[K,
                 from [01m[K/usr/include/boost/math/special_functions/round.hpp:14[m[K,
                 from [01m[K/opt/ros/melodic/include/ros/time.h:58[m[K,
                 from [01m[K/opt/ros/melodic/include/ros/ros.h:38[m[K,
                 from [01m[K/home/zheng/robot_ws_zheng/src/ros_wrap_safe_motion/include/RosWrapsolver/RosWrapMpcSolver.h:14[m[K,
                 from [01m[K/home/zheng/robot_ws_zheng/src/ros_wrap_safe_motion/src/RosWrapsolver/RosWrapMpcSolver.cpp:1[m[K:
[01m[K/usr/include/c++/5/iomanip:143:5:[m[K [01;36m[Knote: [m[Kcandidate: template<class _CharT, class _Traits> std::basic_ostream<_CharT, _Traits>& std::operator<<(std::basic_ostream<_CharT, _Traits>&, std::_Setbase)
     operator<<(basic_ostream<_CharT, _Traits>& __os, _Setbase __f)
[01;32m[K     ^[m[K
[01m[K/usr/include/c++/5/iomanip:143:5:[m[K [01;36m[Knote: [m[K  template argument deduction/substitution failed:
[01m[K/home/zheng/robot_ws_zheng/src/ros_wrap_safe_motion/src/RosWrapsolver/RosWrapMpcSolver.cpp:350:62:[m[K [01;36m[Knote: [m[K  cannot convert ‘[01m[K((mpc_solve*)this)->mpc_solve::panda_ee_frame_.KDL::Frame::p.KDL::Vector::x[m[K’ (type ‘[01m[K<unresolved overloaded function type>[m[K’) to type ‘[01m[Kstd::_Setbase[m[K’
         std::cout <<" ee position :\n " << panda_ee_frame_.p.x , panda_ee_frame_.p.y, panda_ee_frame_.p.z << std::endl;
[01;32m[K                                                              ^[m[K
In file included from [01m[K/usr/include/boost/math/policies/error_handling.hpp:12:0[m[K,
                 from [01m[K/usr/include/boost/math/special_functions/round.hpp:14[m[K,
                 from [01m[K/opt/ros/melodic/include/ros/time.h:58[m[K,
                 from [01m[K/opt/ros/melodic/include/ros/ros.h:38[m[K,
                 from [01m[K/home/zheng/robot_ws_zheng/src/ros_wrap_safe_motion/include/RosWrapsolver/RosWrapMpcSolver.h:14[m[K,
                 from [01m[K/home/zheng/robot_ws_zheng/src/ros_wrap_safe_motion/src/RosWrapsolver/RosWrapMpcSolver.cpp:1[m[K:
[01m[K/usr/include/c++/5/iomanip:178:5:[m[K [01;36m[Knote: [m[Kcandidate: template<class _CharT, class _Traits> std::basic_ostream<_CharT, _Traits>& std::operator<<(std::basic_ostream<_CharT, _Traits>&, std::_Setfill<_CharT>)
     operator<<(basic_ostream<_CharT, _Traits>& __os, _Setfill<_CharT> __f)
[01;32m[K     ^[m[K
[01m[K/usr/include/c++/5/iomanip:178:5:[m[K [01;36m[Knote: [m[K  template argument deduction/substitution failed:
[01m[K/home/zheng/robot_ws_zheng/src/ros_wrap_safe_motion/src/RosWrapsolver/RosWrapMpcSolver.cpp:350:62:[m[K [01;36m[Knote: [m[K  mismatched types ‘[01m[Kstd::_Setfill<_CharT>[m[K’ and ‘[01m[Kvoid (KDL::Vector::*)(double)[m[K’
         std::cout <<" ee position :\n " << panda_ee_frame_.p.x , panda_ee_frame_.p.y, panda_ee_frame_.p.z << std::endl;
[01;32m[K                                                              ^[m[K
[01m[K/home/zheng/robot_ws_zheng/src/ros_wrap_safe_motion/src/RosWrapsolver/RosWrapMpcSolver.cpp:350:62:[m[K [01;36m[Knote: [m[K  mismatched types ‘[01m[Kstd::_Setfill<_CharT>[m[K’ and ‘[01m[Kdouble (KDL::Vector::*)() const[m[K’
[01m[K/home/zheng/robot_ws_zheng/src/ros_wrap_safe_motion/src/RosWrapsolver/RosWrapMpcSolver.cpp:350:62:[m[K [01;36m[Knote: [m[K  could not resolve address from overloaded function ‘[01m[K((mpc_solve*)this)->mpc_solve::panda_ee_frame_.KDL::Frame::p.KDL::Vector::x[m[K’
In file included from [01m[K/usr/include/boost/math/policies/error_handling.hpp:12:0[m[K,
                 from [01m[K/usr/include/boost/math/special_functions/round.hpp:14[m[K,
                 from [01m[K/opt/ros/melodic/include/ros/time.h:58[m[K,
                 from [01m[K/opt/ros/melodic/include/ros/ros.h:38[m[K,
                 from [01m[K/home/zheng/robot_ws_zheng/src/ros_wrap_safe_motion/include/RosWrapsolver/RosWrapMpcSolver.h:14[m[K,
                 from [01m[K/home/zheng/robot_ws_zheng/src/ros_wrap_safe_motion/src/RosWrapsolver/RosWrapMpcSolver.cpp:1[m[K:
[01m[K/usr/include/c++/5/iomanip:208:5:[m[K [01;36m[Knote: [m[Kcandidate: template<class _CharT, class _Traits> std::basic_ostream<_CharT, _Traits>& std::operator<<(std::basic_ostream<_CharT, _Traits>&, std::_Setprecision)
     operator<<(basic_ostream<_CharT, _Traits>& __os, _Setprecision __f)
[01;32m[K     ^[m[K
[01m[K/usr/include/c++/5/iomanip:208:5:[m[K [01;36m[Knote: [m[K  template argument deduction/substitution failed:
[01m[K/home/zheng/robot_ws_zheng/src/ros_wrap_safe_motion/src/RosWrapsolver/RosWrapMpcSolver.cpp:350:62:[m[K [01;36m[Knote: [m[K  cannot convert ‘[01m[K((mpc_solve*)this)->mpc_solve::panda_ee_frame_.KDL::Frame::p.KDL::Vector::x[m[K’ (type ‘[01m[K<unresolved overloaded function type>[m[K’) to type ‘[01m[Kstd::_Setprecision[m[K’
         std::cout <<" ee position :\n " << panda_ee_frame_.p.x , panda_ee_frame_.p.y, panda_ee_frame_.p.z << std::endl;
[01;32m[K                                                              ^[m[K
In file included from [01m[K/usr/include/boost/math/policies/error_handling.hpp:12:0[m[K,
                 from [01m[K/usr/include/boost/math/special_functions/round.hpp:14[m[K,
                 from [01m[K/opt/ros/melodic/include/ros/time.h:58[m[K,
                 from [01m[K/opt/ros/melodic/include/ros/ros.h:38[m[K,
                 from [01m[K/home/zheng/robot_ws_zheng/src/ros_wrap_safe_motion/include/RosWrapsolver/RosWrapMpcSolver.h:14[m[K,
                 from [01m[K/home/zheng/robot_ws_zheng/src/ros_wrap_safe_motion/src/RosWrapsolver/RosWrapMpcSolver.cpp:1[m[K:
[01m[K/usr/include/c++/5/iomanip:238:5:[m[K [01;36m[Knote: [m[Kcandidate: template<class _CharT, class _Traits> std::basic_ostream<_CharT, _Traits>& std::operator<<(std::basic_ostream<_CharT, _Traits>&, std::_Setw)
     operator<<(basic_ostream<_CharT, _Traits>& __os, _Setw __f)
[01;32m[K     ^[m[K
[01m[K/usr/include/c++/5/iomanip:238:5:[m[K [01;36m[Knote: [m[K  template argument deduction/substitution failed:
[01m[K/home/zheng/robot_ws_zheng/src/ros_wrap_safe_motion/src/RosWrapsolver/RosWrapMpcSolver.cpp:350:62:[m[K [01;36m[Knote: [m[K  cannot convert ‘[01m[K((mpc_solve*)this)->mpc_solve::panda_ee_frame_.KDL::Frame::p.KDL::Vector::x[m[K’ (type ‘[01m[K<unresolved overloaded function type>[m[K’) to type ‘[01m[Kstd::_Setw[m[K’
         std::cout <<" ee position :\n " << panda_ee_frame_.p.x , panda_ee_frame_.p.y, panda_ee_frame_.p.z << std::endl;
[01;32m[K                                                              ^[m[K
In file included from [01m[K/usr/include/boost/math/policies/error_handling.hpp:12:0[m[K,
                 from [01m[K/usr/include/boost/math/special_functions/round.hpp:14[m[K,
                 from [01m[K/opt/ros/melodic/include/ros/time.h:58[m[K,
                 from [01m[K/opt/ros/melodic/include/ros/ros.h:38[m[K,
                 from [01m[K/home/zheng/robot_ws_zheng/src/ros_wrap_safe_motion/include/RosWrapsolver/RosWrapMpcSolver.h:14[m[K,
                 from [01m[K/home/zheng/robot_ws_zheng/src/ros_wrap_safe_motion/src/RosWrapsolver/RosWrapMpcSolver.cpp:1[m[K:
[01m[K/usr/include/c++/5/iomanip:311:5:[m[K [01;36m[Knote: [m[Kcandidate: template<class _CharT, class _Traits, class _MoneyT> std::basic_ostream<_CharT, _Traits>& std::operator<<(std::basic_ostream<_CharT, _Traits>&, std::_Put_money<_MoneyT>)
     operator<<(basic_ostream<_CharT, _Traits>& __os, _Put_money<_MoneyT> __f)
[01;32m[K     ^[m[K
[01m[K/usr/include/c++/5/iomanip:311:5:[m[K [01;36m[Knote: [m[K  template argument deduction/substitution failed:
[01m[K/home/zheng/robot_ws_zheng/src/ros_wrap_safe_motion/src/RosWrapsolver/RosWrapMpcSolver.cpp:350:62:[m[K [01;36m[Knote: [m[K  mismatched types ‘[01m[Kstd::_Put_money<_MoneyT>[m[K’ and ‘[01m[Kvoid (KDL::Vector::*)(double)[m[K’
         std::cout <<" ee position :\n " << panda_ee_frame_.p.x , panda_ee_frame_.p.y, panda_ee_frame_.p.z << std::endl;
[01;32m[K                                                              ^[m[K
[01m[K/home/zheng/robot_ws_zheng/src/ros_wrap_safe_motion/src/RosWrapsolver/RosWrapMpcSolver.cpp:350:62:[m[K [01;36m[Knote: [m[K  mismatched types ‘[01m[Kstd::_Put_money<_MoneyT>[m[K’ and ‘[01m[Kdouble (KDL::Vector::*)() const[m[K’
[01m[K/home/zheng/robot_ws_zheng/src/ros_wrap_safe_motion/src/RosWrapsolver/RosWrapMpcSolver.cpp:350:62:[m[K [01;36m[Knote: [m[K  could not resolve address from overloaded function ‘[01m[K((mpc_solve*)this)->mpc_solve::panda_ee_frame_.KDL::Frame::p.KDL::Vector::x[m[K’
In file included from [01m[K/usr/include/boost/math/policies/error_handling.hpp:12:0[m[K,
                 from [01m[K/usr/include/boost/math/special_functions/round.hpp:14[m[K,
                 from [01m[K/opt/ros/melodic/include/ros/time.h:58[m[K,
                 from [01m[K/opt/ros/melodic/include/ros/ros.h:38[m[K,
                 from [01m[K/home/zheng/robot_ws_zheng/src/ros_wrap_safe_motion/include/RosWrapsolver/RosWrapMpcSolver.h:14[m[K,
                 from [01m[K/home/zheng/robot_ws_zheng/src/ros_wrap_safe_motion/src/RosWrapsolver/RosWrapMpcSolver.cpp:1[m[K:
[01m[K/usr/include/c++/5/iomanip:363:5:[m[K [01;36m[Knote: [m[Kcandidate: template<class _CharT, class _Traits> std::basic_ostream<_CharT, _Traits>& std::operator<<(std::basic_ostream<_CharT, _Traits>&, std::_Put_time<_CharT>)
     operator<<(basic_ostream<_CharT, _Traits>& __os, _Put_time<_CharT> __f)
[01;32m[K     ^[m[K
[01m[K/usr/include/c++/5/iomanip:363:5:[m[K [01;36m[Knote: [m[K  template argument deduction/substitution failed:
[01m[K/home/zheng/robot_ws_zheng/src/ros_wrap_safe_motion/src/RosWrapsolver/RosWrapMpcSolver.cpp:350:62:[m[K [01;36m[Knote: [m[K  mismatched types ‘[01m[Kstd::_Put_time<_CharT>[m[K’ and ‘[01m[Kvoid (KDL::Vector::*)(double)[m[K’
         std::cout <<" ee position :\n " << panda_ee_frame_.p.x , panda_ee_frame_.p.y, panda_ee_frame_.p.z << std::endl;
[01;32m[K                                                              ^[m[K
[01m[K/home/zheng/robot_ws_zheng/src/ros_wrap_safe_motion/src/RosWrapsolver/RosWrapMpcSolver.cpp:350:62:[m[K [01;36m[Knote: [m[K  mismatched types ‘[01m[Kstd::_Put_time<_CharT>[m[K’ and ‘[01m[Kdouble (KDL::Vector::*)() const[m[K’
[01m[K/home/zheng/robot_ws_zheng/src/ros_wrap_safe_motion/src/RosWrapsolver/RosWrapMpcSolver.cpp:350:62:[m[K [01;36m[Knote: [m[K  could not resolve address from overloaded function ‘[01m[K((mpc_solve*)this)->mpc_solve::panda_ee_frame_.KDL::Frame::p.KDL::Vector::x[m[K’
In file included from [01m[K/opt/ros/melodic/include/trac_ik/trac_ik.hpp:37:0[m[K,
                 from [01m[K/home/zheng/robot_ws_zheng/src/ros_wrap_safe_motion/include/RosWraprobotmodel/RosWrapRobotModel.h:26[m[K,
                 from [01m[K/home/zheng/robot_ws_zheng/src/ros_wrap_safe_motion/include/RosWrapsolver/RosWrapMpcSolver.h:16[m[K,
                 from [01m[K/home/zheng/robot_ws_zheng/src/ros_wrap_safe_motion/src/RosWrapsolver/RosWrapMpcSolver.cpp:1[m[K:
[01m[K/usr/include/c++/5/thread:244:5:[m[K [01;36m[Knote: [m[Kcandidate: template<class _CharT, class _Traits> std::basic_ostream<_CharT, _Traits>& std::operator<<(std::basic_ostream<_CharT, _Traits>&, std::thread::id)
     operator<<(basic_ostream<_CharT, _Traits>& __out, thread::id __id)
[01;32m[K     ^[m[K
[01m[K/usr/include/c++/5/thread:244:5:[m[K [01;36m[Knote: [m[K  template argument deduction/substitution failed:
[01m[K/home/zheng/robot_ws_zheng/src/ros_wrap_safe_motion/src/RosWrapsolver/RosWrapMpcSolver.cpp:350:62:[m[K [01;36m[Knote: [m[K  cannot convert ‘[01m[K((mpc_solve*)this)->mpc_solve::panda_ee_frame_.KDL::Frame::p.KDL::Vector::x[m[K’ (type ‘[01m[K<unresolved overloaded function type>[m[K’) to type ‘[01m[Kstd::thread::id[m[K’
         std::cout <<" ee position :\n " << panda_ee_frame_.p.x , panda_ee_frame_.p.y, panda_ee_frame_.p.z << std::endl;
[01;32m[K                                                              ^[m[K
In file included from [01m[K/opt/ros/melodic/include/ros/node_handle.h:52:0[m[K,
                 from [01m[K/opt/ros/melodic/include/ros/ros.h:45[m[K,
                 from [01m[K/home/zheng/robot_ws_zheng/src/ros_wrap_safe_motion/include/RosWrapsolver/RosWrapMpcSolver.h:14[m[K,
                 from [01m[K/home/zheng/robot_ws_zheng/src/ros_wrap_safe_motion/src/RosWrapsolver/RosWrapMpcSolver.cpp:1[m[K:
[01m[K/opt/ros/melodic/include/xmlrpcpp/XmlRpcValue.h:192:15:[m[K [01;36m[Knote: [m[Kcandidate: std::ostream& operator<<(std::ostream&, const XmlRpc::XmlRpcValue&)
 std::ostream& operator<<(std::ostream& os, const XmlRpc::XmlRpcValue& v);
[01;32m[K               ^[m[K
[01m[K/opt/ros/melodic/include/xmlrpcpp/XmlRpcValue.h:192:15:[m[K [01;36m[Knote: [m[K  no known conversion for argument 2 from ‘[01m[K<unresolved overloaded function type>[m[K’ to ‘[01m[Kconst XmlRpc::XmlRpcValue&[m[K’
In file included from [01m[K/home/zheng/robot_ws_zheng/src/ros_wrap_safe_motion/include/RosWraprobotmodel/RosWrapRobotModel.h:16:0[m[K,
                 from [01m[K/home/zheng/robot_ws_zheng/src/ros_wrap_safe_motion/include/RosWrapsolver/RosWrapMpcSolver.h:16[m[K,
                 from [01m[K/home/zheng/robot_ws_zheng/src/ros_wrap_safe_motion/src/RosWrapsolver/RosWrapMpcSolver.cpp:1[m[K:
[01m[K/opt/ros/melodic/include/kdl/frames_io.hpp:98:19:[m[K [01;36m[Knote: [m[Kcandidate: std::ostream& KDL::operator<<(std::ostream&, const KDL::Frame2&)
     std::ostream& operator << (std::ostream& os,const Frame2& T);
[01;32m[K                   ^[m[K
[01m[K/opt/ros/melodic/include/kdl/frames_io.hpp:98:19:[m[K [01;36m[Knote: [m[K  no known conversion for argument 2 from ‘[01m[K<unresolved overloaded function type>[m[K’ to ‘[01m[Kconst KDL::Frame2&[m[K’
[01m[K/opt/ros/melodic/include/kdl/frames_io.hpp:97:19:[m[K [01;36m[Knote: [m[Kcandidate: std::ostream& KDL::operator<<(std::ostream&, const KDL::Rotation2&)
     std::ostream& operator << (std::ostream& os,const Rotation2& R);
[01;32m[K                   ^[m[K
[01m[K/opt/ros/melodic/include/kdl/frames_io.hpp:97:19:[m[K [01;36m[Knote: [m[K  no known conversion for argument 2 from ‘[01m[K<unresolved overloaded function type>[m[K’ to ‘[01m[Kconst KDL::Rotation2&[m[K’
[01m[K/opt/ros/melodic/include/kdl/frames_io.hpp:96:19:[m[K [01;36m[Knote: [m[Kcandidate: std::ostream& KDL::operator<<(std::ostream&, const KDL::Vector2&)
     std::ostream& operator << (std::ostream& os,const Vector2& v);
[01;32m[K                   ^[m[K
[01m[K/opt/ros/melodic/include/kdl/frames_io.hpp:96:19:[m[K [01;36m[Knote: [m[K  no known conversion for argument 2 from ‘[01m[K<unresolved overloaded function type>[m[K’ to ‘[01m[Kconst KDL::Vector2&[m[K’
[01m[K/opt/ros/melodic/include/kdl/frames_io.hpp:95:19:[m[K [01;36m[Knote: [m[Kcandidate: std::ostream& KDL::operator<<(std::ostream&, const KDL::Wrench&)
     std::ostream& operator << (std::ostream& os,const Wrench& T);
[01;32m[K                   ^[m[K
[01m[K/opt/ros/melodic/include/kdl/frames_io.hpp:95:19:[m[K [01;36m[Knote: [m[K  no known conversion for argument 2 from ‘[01m[K<unresolved overloaded function type>[m[K’ to ‘[01m[Kconst KDL::Wrench&[m[K’
[01m[K/opt/ros/melodic/include/kdl/frames_io.hpp:94:19:[m[K [01;36m[Knote: [m[Kcandidate: std::ostream& KDL::operator<<(std::ostream&, const KDL::Twist&)
     std::ostream& operator << (std::ostream& os,const Twist& T);
[01;32m[K                   ^[m[K
[01m[K/opt/ros/melodic/include/kdl/frames_io.hpp:94:19:[m[K [01;36m[Knote: [m[K  no known conversion for argument 2 from ‘[01m[K<unresolved overloaded function type>[m[K’ to ‘[01m[Kconst KDL::Twist&[m[K’
[01m[K/opt/ros/melodic/include/kdl/frames_io.hpp:93:19:[m[K [01;36m[Knote: [m[Kcandidate: std::ostream& KDL::operator<<(std::ostream&, const KDL::Frame&)
     std::ostream& operator << (std::ostream& os,const Frame& T);
[01;32m[K                   ^[m[K
[01m[K/opt/ros/melodic/include/kdl/frames_io.hpp:93:19:[m[K [01;36m[Knote: [m[K  no known conversion for argument 2 from ‘[01m[K<unresolved overloaded function type>[m[K’ to ‘[01m[Kconst KDL::Frame&[m[K’
[01m[K/opt/ros/melodic/include/kdl/frames_io.hpp:92:19:[m[K [01;36m[Knote: [m[Kcandidate: std::ostream& KDL::operator<<(std::ostream&, const KDL::Rotation&)
     std::ostream& operator << (std::ostream& os,const Rotation& R);
[01;32m[K                   ^[m[K
[01m[K/opt/ros/melodic/include/kdl/frames_io.hpp:92:19:[m[K [01;36m[Knote: [m[K  no known conversion for argument 2 from ‘[01m[K<unresolved overloaded function type>[m[K’ to ‘[01m[Kconst KDL::Rotation&[m[K’
[01m[K/opt/ros/melodic/include/kdl/frames_io.hpp:91:19:[m[K [01;36m[Knote: [m[Kcandidate: std::ostream& KDL::operator<<(std::ostream&, const KDL::Vector&)
     std::ostream& operator << (std::ostream& os,const Vector& v);
[01;32m[K                   ^[m[K
[01m[K/opt/ros/melodic/include/kdl/frames_io.hpp:91:19:[m[K [01;36m[Knote: [m[K  no known conversion for argument 2 from ‘[01m[K<unresolved overloaded function type>[m[K’ to ‘[01m[Kconst KDL::Vector&[m[K’
[01m[K/home/zheng/robot_ws_zheng/src/ros_wrap_safe_motion/src/RosWrapsolver/RosWrapMpcSolver.cpp:350:115:[m[K [01;31m[Kerror: [m[Kinvalid operands of types ‘[01m[K<unresolved overloaded function type>[m[K’ and ‘[01m[K<unresolved overloaded function type>[m[K’ to binary ‘[01m[Koperator<<[m[K’
         std::cout <<" ee position :\n " << panda_ee_frame_.p.x , panda_ee_frame_.p.y, panda_ee_frame_.p.z << std::endl;
[01;32m[K                                                                                                                   ^[m[K
make[2]: *** [src/CMakeFiles/ros_wrap_safe_motion_library.dir/RosWrapsolver/RosWrapMpcSolver.cpp.o] Error 1
make[1]: *** [src/CMakeFiles/ros_wrap_safe_motion_library.dir/all] Error 2
make: *** [all] Error 2
