Linked: (/home/zheng/robot_ws_zheng/devel/.private/lpsolve_catkin/lib/liblpsolve.so, /home/zheng/robot_ws_zheng/devel/lib/liblpsolve.so)
Linked: (/home/zheng/robot_ws_zheng/devel/.private/lpsolve_catkin/lib/pkgconfig/lpsolve_catkin.pc, /home/zheng/robot_ws_zheng/devel/lib/pkgconfig/lpsolve_catkin.pc)
Linked: (/home/zheng/robot_ws_zheng/devel/.private/lpsolve_catkin/include/lp_solve/declare.h, /home/zheng/robot_ws_zheng/devel/include/lp_solve/declare.h)
Linked: (/home/zheng/robot_ws_zheng/devel/.private/lpsolve_catkin/include/lp_solve/colamd.h, /home/zheng/robot_ws_zheng/devel/include/lp_solve/colamd.h)
Linked: (/home/zheng/robot_ws_zheng/devel/.private/lpsolve_catkin/include/lp_solve/lp_report.h, /home/zheng/robot_ws_zheng/devel/include/lp_solve/lp_report.h)
Linked: (/home/zheng/robot_ws_zheng/devel/.private/lpsolve_catkin/include/lp_solve/resource.h, /home/zheng/robot_ws_zheng/devel/include/lp_solve/resource.h)
Linked: (/home/zheng/robot_ws_zheng/devel/.private/lpsolve_catkin/include/lp_solve/lp_presolve.h, /home/zheng/robot_ws_zheng/devel/include/lp_solve/lp_presolve.h)
Linked: (/home/zheng/robot_ws_zheng/devel/.private/lpsolve_catkin/include/lp_solve/hbio.h, /home/zheng/robot_ws_zheng/devel/include/lp_solve/hbio.h)
Linked: (/home/zheng/robot_ws_zheng/devel/.private/lpsolve_catkin/include/lp_solve/lp_matrix.h, /home/zheng/robot_ws_zheng/devel/include/lp_solve/lp_matrix.h)
Linked: (/home/zheng/robot_ws_zheng/devel/.private/lpsolve_catkin/include/lp_solve/lp_utils.h, /home/zheng/robot_ws_zheng/devel/include/lp_solve/lp_utils.h)
Linked: (/home/zheng/robot_ws_zheng/devel/.private/lpsolve_catkin/include/lp_solve/lp_types.h, /home/zheng/robot_ws_zheng/devel/include/lp_solve/lp_types.h)
Linked: (/home/zheng/robot_ws_zheng/devel/.private/lpsolve_catkin/include/lp_solve/lp_scale.h, /home/zheng/robot_ws_zheng/devel/include/lp_solve/lp_scale.h)
Linked: (/home/zheng/robot_ws_zheng/devel/.private/lpsolve_catkin/include/lp_solve/lp_Hash.h, /home/zheng/robot_ws_zheng/devel/include/lp_solve/lp_Hash.h)
Linked: (/home/zheng/robot_ws_zheng/devel/.private/lpsolve_catkin/include/lp_solve/lp_price.h, /home/zheng/robot_ws_zheng/devel/include/lp_solve/lp_price.h)
Linked: (/home/zheng/robot_ws_zheng/devel/.private/lpsolve_catkin/include/lp_solve/lp_MDO.h, /home/zheng/robot_ws_zheng/devel/include/lp_solve/lp_MDO.h)
Linked: (/home/zheng/robot_ws_zheng/devel/.private/lpsolve_catkin/include/lp_solve/lp_lib.h, /home/zheng/robot_ws_zheng/devel/include/lp_solve/lp_lib.h)
Linked: (/home/zheng/robot_ws_zheng/devel/.private/lpsolve_catkin/include/lp_solve/lp_fortify.h, /home/zheng/robot_ws_zheng/devel/include/lp_solve/lp_fortify.h)
Linked: (/home/zheng/robot_ws_zheng/devel/.private/lpsolve_catkin/include/lp_solve/lpsolve.h, /home/zheng/robot_ws_zheng/devel/include/lp_solve/lpsolve.h)
Linked: (/home/zheng/robot_ws_zheng/devel/.private/lpsolve_catkin/include/lp_solve/mmio.h, /home/zheng/robot_ws_zheng/devel/include/lp_solve/mmio.h)
Linked: (/home/zheng/robot_ws_zheng/devel/.private/lpsolve_catkin/include/lp_solve/lpkit.h, /home/zheng/robot_ws_zheng/devel/include/lp_solve/lpkit.h)
Linked: (/home/zheng/robot_ws_zheng/devel/.private/lpsolve_catkin/include/lp_solve/lp_mipbb.h, /home/zheng/robot_ws_zheng/devel/include/lp_solve/lp_mipbb.h)
Linked: (/home/zheng/robot_ws_zheng/devel/.private/lpsolve_catkin/include/lp_solve/lusol.h, /home/zheng/robot_ws_zheng/devel/include/lp_solve/lusol.h)
Linked: (/home/zheng/robot_ws_zheng/devel/.private/lpsolve_catkin/include/lp_solve/bfp_LUSOL.h, /home/zheng/robot_ws_zheng/devel/include/lp_solve/bfp_LUSOL.h)
Linked: (/home/zheng/robot_ws_zheng/devel/.private/lpsolve_catkin/include/lp_solve/ini.h, /home/zheng/robot_ws_zheng/devel/include/lp_solve/ini.h)
Linked: (/home/zheng/robot_ws_zheng/devel/.private/lpsolve_catkin/include/lp_solve/fortify.h, /home/zheng/robot_ws_zheng/devel/include/lp_solve/fortify.h)
Linked: (/home/zheng/robot_ws_zheng/devel/.private/lpsolve_catkin/include/lp_solve/lusolmain.h, /home/zheng/robot_ws_zheng/devel/include/lp_solve/lusolmain.h)
Linked: (/home/zheng/robot_ws_zheng/devel/.private/lpsolve_catkin/include/lp_solve/lp_SOS.h, /home/zheng/robot_ws_zheng/devel/include/lp_solve/lp_SOS.h)
Linked: (/home/zheng/robot_ws_zheng/devel/.private/lpsolve_catkin/include/lp_solve/commonlib.h, /home/zheng/robot_ws_zheng/devel/include/lp_solve/commonlib.h)
Linked: (/home/zheng/robot_ws_zheng/devel/.private/lpsolve_catkin/include/lp_solve/lp_rlp.h, /home/zheng/robot_ws_zheng/devel/include/lp_solve/lp_rlp.h)
Linked: (/home/zheng/robot_ws_zheng/devel/.private/lpsolve_catkin/include/lp_solve/lp_LUSOL.h, /home/zheng/robot_ws_zheng/devel/include/lp_solve/lp_LUSOL.h)
Linked: (/home/zheng/robot_ws_zheng/devel/.private/lpsolve_catkin/include/lp_solve/ufortify.h, /home/zheng/robot_ws_zheng/devel/include/lp_solve/ufortify.h)
Linked: (/home/zheng/robot_ws_zheng/devel/.private/lpsolve_catkin/include/lp_solve/sparselib.h, /home/zheng/robot_ws_zheng/devel/include/lp_solve/sparselib.h)
Linked: (/home/zheng/robot_ws_zheng/devel/.private/lpsolve_catkin/include/lp_solve/lp_wlp.h, /home/zheng/robot_ws_zheng/devel/include/lp_solve/lp_wlp.h)
Linked: (/home/zheng/robot_ws_zheng/devel/.private/lpsolve_catkin/include/lp_solve/lp_solveDLL.h, /home/zheng/robot_ws_zheng/devel/include/lp_solve/lp_solveDLL.h)
Linked: (/home/zheng/robot_ws_zheng/devel/.private/lpsolve_catkin/include/lp_solve/lp_crash.h, /home/zheng/robot_ws_zheng/devel/include/lp_solve/lp_crash.h)
Linked: (/home/zheng/robot_ws_zheng/devel/.private/lpsolve_catkin/include/lp_solve/lp_explicit.h, /home/zheng/robot_ws_zheng/devel/include/lp_solve/lp_explicit.h)
Linked: (/home/zheng/robot_ws_zheng/devel/.private/lpsolve_catkin/include/lp_solve/lp_pricePSE.h, /home/zheng/robot_ws_zheng/devel/include/lp_solve/lp_pricePSE.h)
Linked: (/home/zheng/robot_ws_zheng/devel/.private/lpsolve_catkin/include/lp_solve/lp_simplex.h, /home/zheng/robot_ws_zheng/devel/include/lp_solve/lp_simplex.h)
Linked: (/home/zheng/robot_ws_zheng/devel/.private/lpsolve_catkin/include/lp_solve/myblas.h, /home/zheng/robot_ws_zheng/devel/include/lp_solve/myblas.h)
Linked: (/home/zheng/robot_ws_zheng/devel/.private/lpsolve_catkin/include/lp_solve/lp_bit.h, /home/zheng/robot_ws_zheng/devel/include/lp_solve/lp_bit.h)
Linked: (/home/zheng/robot_ws_zheng/devel/.private/lpsolve_catkin/include/lp_solve/lp_BFP.h, /home/zheng/robot_ws_zheng/devel/include/lp_solve/lp_BFP.h)
Linked: (/home/zheng/robot_ws_zheng/devel/.private/lpsolve_catkin/include/lp_solve/lp_MPS.h, /home/zheng/robot_ws_zheng/devel/include/lp_solve/lp_MPS.h)
Linked: (/home/zheng/robot_ws_zheng/devel/.private/lpsolve_catkin/include/lp_solve/lusolio.h, /home/zheng/robot_ws_zheng/devel/include/lp_solve/lusolio.h)
Linked: (/home/zheng/robot_ws_zheng/devel/.private/lpsolve_catkin/include/lp_solve/yacc_read.h, /home/zheng/robot_ws_zheng/devel/include/lp_solve/yacc_read.h)
Linked: (/home/zheng/robot_ws_zheng/devel/.private/lpsolve_catkin/share/lpsolve_catkin/cmake/lpsolve_catkinConfig.cmake, /home/zheng/robot_ws_zheng/devel/share/lpsolve_catkin/cmake/lpsolve_catkinConfig.cmake)
Linked: (/home/zheng/robot_ws_zheng/devel/.private/lpsolve_catkin/share/lpsolve_catkin/cmake/lpsolve_catkinConfig-version.cmake, /home/zheng/robot_ws_zheng/devel/share/lpsolve_catkin/cmake/lpsolve_catkinConfig-version.cmake)
