Linked: (/home/zheng/robot_ws_zheng/devel/.private/openpose_ros_msgs/lib/pkgconfig/openpose_ros_msgs.pc, /home/zheng/robot_ws_zheng/devel/lib/pkgconfig/openpose_ros_msgs.pc)
Linked: (/home/zheng/robot_ws_zheng/devel/.private/openpose_ros_msgs/lib/python2.7/dist-packages/openpose_ros_msgs/__init__.py, /home/zheng/robot_ws_zheng/devel/lib/python2.7/dist-packages/openpose_ros_msgs/__init__.py)
Linked: (/home/zheng/robot_ws_zheng/devel/.private/openpose_ros_msgs/lib/python2.7/dist-packages/openpose_ros_msgs/msg/_PersonDetection_3d.py, /home/zheng/robot_ws_zheng/devel/lib/python2.7/dist-packages/openpose_ros_msgs/msg/_PersonDetection_3d.py)
Linked: (/home/zheng/robot_ws_zheng/devel/.private/openpose_ros_msgs/lib/python2.7/dist-packages/openpose_ros_msgs/msg/_PointWithProb.py, /home/zheng/robot_ws_zheng/devel/lib/python2.7/dist-packages/openpose_ros_msgs/msg/_PointWithProb.py)
Linked: (/home/zheng/robot_ws_zheng/devel/.private/openpose_ros_msgs/lib/python2.7/dist-packages/openpose_ros_msgs/msg/_PersonDetection.py, /home/zheng/robot_ws_zheng/devel/lib/python2.7/dist-packages/openpose_ros_msgs/msg/_PersonDetection.py)
Linked: (/home/zheng/robot_ws_zheng/devel/.private/openpose_ros_msgs/lib/python2.7/dist-packages/openpose_ros_msgs/msg/_BodypartDetection_3d.py, /home/zheng/robot_ws_zheng/devel/lib/python2.7/dist-packages/openpose_ros_msgs/msg/_BodypartDetection_3d.py)
Linked: (/home/zheng/robot_ws_zheng/devel/.private/openpose_ros_msgs/lib/python2.7/dist-packages/openpose_ros_msgs/msg/_OpenPoseHumanList.py, /home/zheng/robot_ws_zheng/devel/lib/python2.7/dist-packages/openpose_ros_msgs/msg/_OpenPoseHumanList.py)
Linked: (/home/zheng/robot_ws_zheng/devel/.private/openpose_ros_msgs/lib/python2.7/dist-packages/openpose_ros_msgs/msg/_BoundingBox.py, /home/zheng/robot_ws_zheng/devel/lib/python2.7/dist-packages/openpose_ros_msgs/msg/_BoundingBox.py)
Linked: (/home/zheng/robot_ws_zheng/devel/.private/openpose_ros_msgs/lib/python2.7/dist-packages/openpose_ros_msgs/msg/__init__.py, /home/zheng/robot_ws_zheng/devel/lib/python2.7/dist-packages/openpose_ros_msgs/msg/__init__.py)
Linked: (/home/zheng/robot_ws_zheng/devel/.private/openpose_ros_msgs/lib/python2.7/dist-packages/openpose_ros_msgs/msg/_OpenPoseHuman.py, /home/zheng/robot_ws_zheng/devel/lib/python2.7/dist-packages/openpose_ros_msgs/msg/_OpenPoseHuman.py)
Linked: (/home/zheng/robot_ws_zheng/devel/.private/openpose_ros_msgs/lib/python2.7/dist-packages/openpose_ros_msgs/msg/_BodypartDetection.py, /home/zheng/robot_ws_zheng/devel/lib/python2.7/dist-packages/openpose_ros_msgs/msg/_BodypartDetection.py)
Linked: (/home/zheng/robot_ws_zheng/devel/.private/openpose_ros_msgs/lib/python2.7/dist-packages/openpose_ros_msgs/srv/_GetPersons.py, /home/zheng/robot_ws_zheng/devel/lib/python2.7/dist-packages/openpose_ros_msgs/srv/_GetPersons.py)
Linked: (/home/zheng/robot_ws_zheng/devel/.private/openpose_ros_msgs/lib/python2.7/dist-packages/openpose_ros_msgs/srv/__init__.py, /home/zheng/robot_ws_zheng/devel/lib/python2.7/dist-packages/openpose_ros_msgs/srv/__init__.py)
Linked: (/home/zheng/robot_ws_zheng/devel/.private/openpose_ros_msgs/include/openpose_ros_msgs/BodypartDetection.h, /home/zheng/robot_ws_zheng/devel/include/openpose_ros_msgs/BodypartDetection.h)
Linked: (/home/zheng/robot_ws_zheng/devel/.private/openpose_ros_msgs/include/openpose_ros_msgs/GetPersons.h, /home/zheng/robot_ws_zheng/devel/include/openpose_ros_msgs/GetPersons.h)
Linked: (/home/zheng/robot_ws_zheng/devel/.private/openpose_ros_msgs/include/openpose_ros_msgs/GetPersonsRequest.h, /home/zheng/robot_ws_zheng/devel/include/openpose_ros_msgs/GetPersonsRequest.h)
Linked: (/home/zheng/robot_ws_zheng/devel/.private/openpose_ros_msgs/include/openpose_ros_msgs/GetPersonsResponse.h, /home/zheng/robot_ws_zheng/devel/include/openpose_ros_msgs/GetPersonsResponse.h)
Linked: (/home/zheng/robot_ws_zheng/devel/.private/openpose_ros_msgs/include/openpose_ros_msgs/PersonDetection.h, /home/zheng/robot_ws_zheng/devel/include/openpose_ros_msgs/PersonDetection.h)
Linked: (/home/zheng/robot_ws_zheng/devel/.private/openpose_ros_msgs/include/openpose_ros_msgs/PersonDetection_3d.h, /home/zheng/robot_ws_zheng/devel/include/openpose_ros_msgs/PersonDetection_3d.h)
Linked: (/home/zheng/robot_ws_zheng/devel/.private/openpose_ros_msgs/include/openpose_ros_msgs/BodypartDetection_3d.h, /home/zheng/robot_ws_zheng/devel/include/openpose_ros_msgs/BodypartDetection_3d.h)
Linked: (/home/zheng/robot_ws_zheng/devel/.private/openpose_ros_msgs/include/openpose_ros_msgs/OpenPoseHuman.h, /home/zheng/robot_ws_zheng/devel/include/openpose_ros_msgs/OpenPoseHuman.h)
Linked: (/home/zheng/robot_ws_zheng/devel/.private/openpose_ros_msgs/include/openpose_ros_msgs/BoundingBox.h, /home/zheng/robot_ws_zheng/devel/include/openpose_ros_msgs/BoundingBox.h)
Linked: (/home/zheng/robot_ws_zheng/devel/.private/openpose_ros_msgs/include/openpose_ros_msgs/OpenPoseHumanList.h, /home/zheng/robot_ws_zheng/devel/include/openpose_ros_msgs/OpenPoseHumanList.h)
Linked: (/home/zheng/robot_ws_zheng/devel/.private/openpose_ros_msgs/include/openpose_ros_msgs/PointWithProb.h, /home/zheng/robot_ws_zheng/devel/include/openpose_ros_msgs/PointWithProb.h)
Linked: (/home/zheng/robot_ws_zheng/devel/.private/openpose_ros_msgs/share/common-lisp/ros/openpose_ros_msgs/msg/openpose_ros_msgs-msg.asd, /home/zheng/robot_ws_zheng/devel/share/common-lisp/ros/openpose_ros_msgs/msg/openpose_ros_msgs-msg.asd)
Linked: (/home/zheng/robot_ws_zheng/devel/.private/openpose_ros_msgs/share/common-lisp/ros/openpose_ros_msgs/msg/OpenPoseHumanList.lisp, /home/zheng/robot_ws_zheng/devel/share/common-lisp/ros/openpose_ros_msgs/msg/OpenPoseHumanList.lisp)
Linked: (/home/zheng/robot_ws_zheng/devel/.private/openpose_ros_msgs/share/common-lisp/ros/openpose_ros_msgs/msg/_package_PersonDetection.lisp, /home/zheng/robot_ws_zheng/devel/share/common-lisp/ros/openpose_ros_msgs/msg/_package_PersonDetection.lisp)
Linked: (/home/zheng/robot_ws_zheng/devel/.private/openpose_ros_msgs/share/common-lisp/ros/openpose_ros_msgs/msg/BodypartDetection.lisp, /home/zheng/robot_ws_zheng/devel/share/common-lisp/ros/openpose_ros_msgs/msg/BodypartDetection.lisp)
Linked: (/home/zheng/robot_ws_zheng/devel/.private/openpose_ros_msgs/share/common-lisp/ros/openpose_ros_msgs/msg/_package.lisp, /home/zheng/robot_ws_zheng/devel/share/common-lisp/ros/openpose_ros_msgs/msg/_package.lisp)
Linked: (/home/zheng/robot_ws_zheng/devel/.private/openpose_ros_msgs/share/common-lisp/ros/openpose_ros_msgs/msg/_package_PointWithProb.lisp, /home/zheng/robot_ws_zheng/devel/share/common-lisp/ros/openpose_ros_msgs/msg/_package_PointWithProb.lisp)
Linked: (/home/zheng/robot_ws_zheng/devel/.private/openpose_ros_msgs/share/common-lisp/ros/openpose_ros_msgs/msg/PersonDetection.lisp, /home/zheng/robot_ws_zheng/devel/share/common-lisp/ros/openpose_ros_msgs/msg/PersonDetection.lisp)
Linked: (/home/zheng/robot_ws_zheng/devel/.private/openpose_ros_msgs/share/common-lisp/ros/openpose_ros_msgs/msg/_package_PersonDetection_3d.lisp, /home/zheng/robot_ws_zheng/devel/share/common-lisp/ros/openpose_ros_msgs/msg/_package_PersonDetection_3d.lisp)
Linked: (/home/zheng/robot_ws_zheng/devel/.private/openpose_ros_msgs/share/common-lisp/ros/openpose_ros_msgs/msg/PersonDetection_3d.lisp, /home/zheng/robot_ws_zheng/devel/share/common-lisp/ros/openpose_ros_msgs/msg/PersonDetection_3d.lisp)
Linked: (/home/zheng/robot_ws_zheng/devel/.private/openpose_ros_msgs/share/common-lisp/ros/openpose_ros_msgs/msg/_package_BodypartDetection.lisp, /home/zheng/robot_ws_zheng/devel/share/common-lisp/ros/openpose_ros_msgs/msg/_package_BodypartDetection.lisp)
Linked: (/home/zheng/robot_ws_zheng/devel/.private/openpose_ros_msgs/share/common-lisp/ros/openpose_ros_msgs/msg/_package_OpenPoseHumanList.lisp, /home/zheng/robot_ws_zheng/devel/share/common-lisp/ros/openpose_ros_msgs/msg/_package_OpenPoseHumanList.lisp)
Linked: (/home/zheng/robot_ws_zheng/devel/.private/openpose_ros_msgs/share/common-lisp/ros/openpose_ros_msgs/msg/_package_BoundingBox.lisp, /home/zheng/robot_ws_zheng/devel/share/common-lisp/ros/openpose_ros_msgs/msg/_package_BoundingBox.lisp)
Linked: (/home/zheng/robot_ws_zheng/devel/.private/openpose_ros_msgs/share/common-lisp/ros/openpose_ros_msgs/msg/PointWithProb.lisp, /home/zheng/robot_ws_zheng/devel/share/common-lisp/ros/openpose_ros_msgs/msg/PointWithProb.lisp)
Linked: (/home/zheng/robot_ws_zheng/devel/.private/openpose_ros_msgs/share/common-lisp/ros/openpose_ros_msgs/msg/_package_BodypartDetection_3d.lisp, /home/zheng/robot_ws_zheng/devel/share/common-lisp/ros/openpose_ros_msgs/msg/_package_BodypartDetection_3d.lisp)
Linked: (/home/zheng/robot_ws_zheng/devel/.private/openpose_ros_msgs/share/common-lisp/ros/openpose_ros_msgs/msg/BodypartDetection_3d.lisp, /home/zheng/robot_ws_zheng/devel/share/common-lisp/ros/openpose_ros_msgs/msg/BodypartDetection_3d.lisp)
Linked: (/home/zheng/robot_ws_zheng/devel/.private/openpose_ros_msgs/share/common-lisp/ros/openpose_ros_msgs/msg/OpenPoseHuman.lisp, /home/zheng/robot_ws_zheng/devel/share/common-lisp/ros/openpose_ros_msgs/msg/OpenPoseHuman.lisp)
Linked: (/home/zheng/robot_ws_zheng/devel/.private/openpose_ros_msgs/share/common-lisp/ros/openpose_ros_msgs/msg/BoundingBox.lisp, /home/zheng/robot_ws_zheng/devel/share/common-lisp/ros/openpose_ros_msgs/msg/BoundingBox.lisp)
Linked: (/home/zheng/robot_ws_zheng/devel/.private/openpose_ros_msgs/share/common-lisp/ros/openpose_ros_msgs/msg/_package_OpenPoseHuman.lisp, /home/zheng/robot_ws_zheng/devel/share/common-lisp/ros/openpose_ros_msgs/msg/_package_OpenPoseHuman.lisp)
Linked: (/home/zheng/robot_ws_zheng/devel/.private/openpose_ros_msgs/share/common-lisp/ros/openpose_ros_msgs/srv/openpose_ros_msgs-srv.asd, /home/zheng/robot_ws_zheng/devel/share/common-lisp/ros/openpose_ros_msgs/srv/openpose_ros_msgs-srv.asd)
Linked: (/home/zheng/robot_ws_zheng/devel/.private/openpose_ros_msgs/share/common-lisp/ros/openpose_ros_msgs/srv/_package.lisp, /home/zheng/robot_ws_zheng/devel/share/common-lisp/ros/openpose_ros_msgs/srv/_package.lisp)
Linked: (/home/zheng/robot_ws_zheng/devel/.private/openpose_ros_msgs/share/common-lisp/ros/openpose_ros_msgs/srv/_package_GetPersons.lisp, /home/zheng/robot_ws_zheng/devel/share/common-lisp/ros/openpose_ros_msgs/srv/_package_GetPersons.lisp)
Linked: (/home/zheng/robot_ws_zheng/devel/.private/openpose_ros_msgs/share/common-lisp/ros/openpose_ros_msgs/srv/GetPersons.lisp, /home/zheng/robot_ws_zheng/devel/share/common-lisp/ros/openpose_ros_msgs/srv/GetPersons.lisp)
Linked: (/home/zheng/robot_ws_zheng/devel/.private/openpose_ros_msgs/share/openpose_ros_msgs/cmake/openpose_ros_msgs-msg-extras.cmake, /home/zheng/robot_ws_zheng/devel/share/openpose_ros_msgs/cmake/openpose_ros_msgs-msg-extras.cmake)
Linked: (/home/zheng/robot_ws_zheng/devel/.private/openpose_ros_msgs/share/openpose_ros_msgs/cmake/openpose_ros_msgsConfig-version.cmake, /home/zheng/robot_ws_zheng/devel/share/openpose_ros_msgs/cmake/openpose_ros_msgsConfig-version.cmake)
Linked: (/home/zheng/robot_ws_zheng/devel/.private/openpose_ros_msgs/share/openpose_ros_msgs/cmake/openpose_ros_msgs-msg-paths.cmake, /home/zheng/robot_ws_zheng/devel/share/openpose_ros_msgs/cmake/openpose_ros_msgs-msg-paths.cmake)
Linked: (/home/zheng/robot_ws_zheng/devel/.private/openpose_ros_msgs/share/openpose_ros_msgs/cmake/openpose_ros_msgsConfig.cmake, /home/zheng/robot_ws_zheng/devel/share/openpose_ros_msgs/cmake/openpose_ros_msgsConfig.cmake)
Linked: (/home/zheng/robot_ws_zheng/devel/.private/openpose_ros_msgs/share/roseus/ros/openpose_ros_msgs/manifest.l, /home/zheng/robot_ws_zheng/devel/share/roseus/ros/openpose_ros_msgs/manifest.l)
Linked: (/home/zheng/robot_ws_zheng/devel/.private/openpose_ros_msgs/share/roseus/ros/openpose_ros_msgs/msg/PersonDetection_3d.l, /home/zheng/robot_ws_zheng/devel/share/roseus/ros/openpose_ros_msgs/msg/PersonDetection_3d.l)
Linked: (/home/zheng/robot_ws_zheng/devel/.private/openpose_ros_msgs/share/roseus/ros/openpose_ros_msgs/msg/OpenPoseHumanList.l, /home/zheng/robot_ws_zheng/devel/share/roseus/ros/openpose_ros_msgs/msg/OpenPoseHumanList.l)
Linked: (/home/zheng/robot_ws_zheng/devel/.private/openpose_ros_msgs/share/roseus/ros/openpose_ros_msgs/msg/BodypartDetection_3d.l, /home/zheng/robot_ws_zheng/devel/share/roseus/ros/openpose_ros_msgs/msg/BodypartDetection_3d.l)
Linked: (/home/zheng/robot_ws_zheng/devel/.private/openpose_ros_msgs/share/roseus/ros/openpose_ros_msgs/msg/PersonDetection.l, /home/zheng/robot_ws_zheng/devel/share/roseus/ros/openpose_ros_msgs/msg/PersonDetection.l)
Linked: (/home/zheng/robot_ws_zheng/devel/.private/openpose_ros_msgs/share/roseus/ros/openpose_ros_msgs/msg/BodypartDetection.l, /home/zheng/robot_ws_zheng/devel/share/roseus/ros/openpose_ros_msgs/msg/BodypartDetection.l)
Linked: (/home/zheng/robot_ws_zheng/devel/.private/openpose_ros_msgs/share/roseus/ros/openpose_ros_msgs/msg/BoundingBox.l, /home/zheng/robot_ws_zheng/devel/share/roseus/ros/openpose_ros_msgs/msg/BoundingBox.l)
Linked: (/home/zheng/robot_ws_zheng/devel/.private/openpose_ros_msgs/share/roseus/ros/openpose_ros_msgs/msg/OpenPoseHuman.l, /home/zheng/robot_ws_zheng/devel/share/roseus/ros/openpose_ros_msgs/msg/OpenPoseHuman.l)
Linked: (/home/zheng/robot_ws_zheng/devel/.private/openpose_ros_msgs/share/roseus/ros/openpose_ros_msgs/msg/PointWithProb.l, /home/zheng/robot_ws_zheng/devel/share/roseus/ros/openpose_ros_msgs/msg/PointWithProb.l)
Linked: (/home/zheng/robot_ws_zheng/devel/.private/openpose_ros_msgs/share/roseus/ros/openpose_ros_msgs/srv/GetPersons.l, /home/zheng/robot_ws_zheng/devel/share/roseus/ros/openpose_ros_msgs/srv/GetPersons.l)
Linked: (/home/zheng/robot_ws_zheng/devel/.private/openpose_ros_msgs/share/gennodejs/ros/openpose_ros_msgs/_index.js, /home/zheng/robot_ws_zheng/devel/share/gennodejs/ros/openpose_ros_msgs/_index.js)
Linked: (/home/zheng/robot_ws_zheng/devel/.private/openpose_ros_msgs/share/gennodejs/ros/openpose_ros_msgs/msg/OpenPoseHumanList.js, /home/zheng/robot_ws_zheng/devel/share/gennodejs/ros/openpose_ros_msgs/msg/OpenPoseHumanList.js)
Linked: (/home/zheng/robot_ws_zheng/devel/.private/openpose_ros_msgs/share/gennodejs/ros/openpose_ros_msgs/msg/PersonDetection.js, /home/zheng/robot_ws_zheng/devel/share/gennodejs/ros/openpose_ros_msgs/msg/PersonDetection.js)
Linked: (/home/zheng/robot_ws_zheng/devel/.private/openpose_ros_msgs/share/gennodejs/ros/openpose_ros_msgs/msg/BoundingBox.js, /home/zheng/robot_ws_zheng/devel/share/gennodejs/ros/openpose_ros_msgs/msg/BoundingBox.js)
Linked: (/home/zheng/robot_ws_zheng/devel/.private/openpose_ros_msgs/share/gennodejs/ros/openpose_ros_msgs/msg/PersonDetection_3d.js, /home/zheng/robot_ws_zheng/devel/share/gennodejs/ros/openpose_ros_msgs/msg/PersonDetection_3d.js)
Linked: (/home/zheng/robot_ws_zheng/devel/.private/openpose_ros_msgs/share/gennodejs/ros/openpose_ros_msgs/msg/PointWithProb.js, /home/zheng/robot_ws_zheng/devel/share/gennodejs/ros/openpose_ros_msgs/msg/PointWithProb.js)
Linked: (/home/zheng/robot_ws_zheng/devel/.private/openpose_ros_msgs/share/gennodejs/ros/openpose_ros_msgs/msg/_index.js, /home/zheng/robot_ws_zheng/devel/share/gennodejs/ros/openpose_ros_msgs/msg/_index.js)
Linked: (/home/zheng/robot_ws_zheng/devel/.private/openpose_ros_msgs/share/gennodejs/ros/openpose_ros_msgs/msg/OpenPoseHuman.js, /home/zheng/robot_ws_zheng/devel/share/gennodejs/ros/openpose_ros_msgs/msg/OpenPoseHuman.js)
Linked: (/home/zheng/robot_ws_zheng/devel/.private/openpose_ros_msgs/share/gennodejs/ros/openpose_ros_msgs/msg/BodypartDetection.js, /home/zheng/robot_ws_zheng/devel/share/gennodejs/ros/openpose_ros_msgs/msg/BodypartDetection.js)
Linked: (/home/zheng/robot_ws_zheng/devel/.private/openpose_ros_msgs/share/gennodejs/ros/openpose_ros_msgs/msg/BodypartDetection_3d.js, /home/zheng/robot_ws_zheng/devel/share/gennodejs/ros/openpose_ros_msgs/msg/BodypartDetection_3d.js)
Linked: (/home/zheng/robot_ws_zheng/devel/.private/openpose_ros_msgs/share/gennodejs/ros/openpose_ros_msgs/srv/_index.js, /home/zheng/robot_ws_zheng/devel/share/gennodejs/ros/openpose_ros_msgs/srv/_index.js)
Linked: (/home/zheng/robot_ws_zheng/devel/.private/openpose_ros_msgs/share/gennodejs/ros/openpose_ros_msgs/srv/GetPersons.js, /home/zheng/robot_ws_zheng/devel/share/gennodejs/ros/openpose_ros_msgs/srv/GetPersons.js)
