[  3%] [34m[1mGenerating dynamic reconfigure files from cfg/OpenNI2.cfg: /home/zheng/robot_ws_zheng/devel/.private/openni2_camera/include/openni2_camera/OpenNI2Config.h /home/zheng/robot_ws_zheng/devel/.private/openni2_camera/lib/python2.7/dist-packages/openni2_camera/cfg/OpenNI2Config.py[0m
[ 10%] Built target usb_reset
[ 13%] [32mBuilding CXX object CMakeFiles/openni2_wrapper.dir/src/openni2_frame_listener.cpp.o[0m
[ 17%] [32mBuilding CXX object CMakeFiles/openni2_wrapper.dir/src/openni2_timer_filter.cpp.o[0m
[ 20%] [32mBuilding CXX object CMakeFiles/openni2_wrapper.dir/src/openni2_device_manager.cpp.o[0m
[ 24%] [32mBuilding CXX object CMakeFiles/openni2_wrapper.dir/src/openni2_device.cpp.o[0m
[ 27%] [32mBuilding CXX object CMakeFiles/openni2_wrapper.dir/src/openni2_device_info.cpp.o[0m
[ 31%] [32mBuilding CXX object CMakeFiles/openni2_wrapper.dir/src/openni2_convert.cpp.o[0m
[ 31%] Built target _openni2_camera_generate_messages_check_deps_GetSerial
[ 34%] [32mBuilding CXX object CMakeFiles/openni2_wrapper.dir/src/openni2_exception.cpp.o[0m
Generating reconfiguration files for OpenNI2 in openni2_camera
Wrote header file in /home/zheng/robot_ws_zheng/devel/.private/openni2_camera/include/openni2_camera/OpenNI2Config.h
[ 34%] Built target openni2_camera_gencfg
[ 37%] Built target openni2_camera_generate_messages_cpp
[ 44%] Built target openni2_camera_generate_messages_py
[ 51%] Built target openni2_camera_generate_messages_eus
[ 55%] Built target openni2_camera_generate_messages_nodejs
[ 58%] Built target openni2_camera_generate_messages_lisp
[ 58%] Built target openni2_camera_generate_messages
[ 62%] [32mBuilding CXX object CMakeFiles/openni2_wrapper.dir/src/openni2_video_mode.cpp.o[0m
[ 65%] [32m[1mLinking CXX shared library /home/zheng/robot_ws_zheng/devel/.private/openni2_camera/lib/libopenni2_wrapper.so[0m
[ 65%] Built target openni2_wrapper
[35m[1mScanning dependencies of target openni2_driver_lib[0m
[ 68%] [32mBuilding CXX object CMakeFiles/list_devices.dir/src/list_devices.cpp.o[0m
[ 72%] [32mBuilding CXX object CMakeFiles/test_wrapper.dir/test/test_wrapper.cpp.o[0m
[ 75%] [32mBuilding CXX object CMakeFiles/openni2_driver_lib.dir/src/openni2_driver.cpp.o[0m
[ 79%] [32m[1mLinking CXX executable /home/zheng/robot_ws_zheng/devel/.private/openni2_camera/lib/openni2_camera/list_devices[0m
[ 79%] Built target list_devices
[ 82%] [32m[1mLinking CXX executable /home/zheng/robot_ws_zheng/devel/.private/openni2_camera/lib/openni2_camera/test_wrapper[0m
[ 82%] Built target test_wrapper
[ 86%] [32m[1mLinking CXX shared library /home/zheng/robot_ws_zheng/devel/.private/openni2_camera/lib/libopenni2_driver_lib.so[0m
[ 86%] Built target openni2_driver_lib
[35m[1mScanning dependencies of target openni2_camera_node[0m
[35m[1mScanning dependencies of target openni2_camera_nodelet[0m
[ 89%] [32mBuilding CXX object CMakeFiles/openni2_camera_node.dir/ros/openni2_camera_node.cpp.o[0m
[ 93%] [32mBuilding CXX object CMakeFiles/openni2_camera_nodelet.dir/ros/openni2_camera_nodelet.cpp.o[0m
[ 96%] [32m[1mLinking CXX executable /home/zheng/robot_ws_zheng/devel/.private/openni2_camera/lib/openni2_camera/openni2_camera_node[0m
[100%] [32m[1mLinking CXX shared library /home/zheng/robot_ws_zheng/devel/.private/openni2_camera/lib/libopenni2_camera_nodelet.so[0m
[100%] Built target openni2_camera_node
[100%] Built target openni2_camera_nodelet
