[35m[1mScanning dependencies of target _openni2_camera_generate_messages_check_deps_GetSerial[0m
[35m[1mScanning dependencies of target openni2_wrapper[0m
[35m[1mScanning dependencies of target openni2_camera_gencfg[0m
[35m[1mScanning dependencies of target usb_reset[0m
[  6%] [32mBuilding C object CMakeFiles/usb_reset.dir/src/usb_reset.c.o[0m
[  6%] [34m[1mGenerating dynamic reconfigure files from cfg/OpenNI2.cfg: /home/zheng/robot_ws_zheng/devel/.private/openni2_camera/include/openni2_camera/OpenNI2Config.h /home/zheng/robot_ws_zheng/devel/.private/openni2_camera/lib/python2.7/dist-packages/openni2_camera/cfg/OpenNI2Config.py[0m
[ 10%] [32m[1mLinking C executable /home/zheng/robot_ws_zheng/devel/.private/openni2_camera/lib/openni2_camera/usb_reset[0m
[ 10%] Built target _openni2_camera_generate_messages_check_deps_GetSerial
[ 13%] [32mBuilding CXX object CMakeFiles/openni2_wrapper.dir/src/openni2_convert.cpp.o[0m
[ 17%] [32mBuilding CXX object CMakeFiles/openni2_wrapper.dir/src/openni2_device_info.cpp.o[0m
[ 20%] [32mBuilding CXX object CMakeFiles/openni2_wrapper.dir/src/openni2_device.cpp.o[0m
[ 24%] [32mBuilding CXX object CMakeFiles/openni2_wrapper.dir/src/openni2_timer_filter.cpp.o[0m
[35m[1mScanning dependencies of target openni2_camera_generate_messages_cpp[0m
[ 27%] [34m[1mGenerating C++ code from openni2_camera/GetSerial.srv[0m
[ 27%] Built target usb_reset
[35m[1mScanning dependencies of target openni2_camera_generate_messages_nodejs[0m
Generating reconfiguration files for OpenNI2 in openni2_camera
[ 31%] [34m[1mGenerating Javascript code from openni2_camera/GetSerial.srv[0m
Wrote header file in /home/zheng/robot_ws_zheng/devel/.private/openni2_camera/include/openni2_camera/OpenNI2Config.h
[ 31%] Built target openni2_camera_gencfg
[ 31%] Built target openni2_camera_generate_messages_nodejs
[35m[1mScanning dependencies of target openni2_camera_generate_messages_lisp[0m
[35m[1mScanning dependencies of target openni2_camera_generate_messages_py[0m
[ 34%] [34m[1mGenerating Lisp code from openni2_camera/GetSerial.srv[0m
[ 37%] [34m[1mGenerating Python code from SRV openni2_camera/GetSerial[0m
[ 41%] [32mBuilding CXX object CMakeFiles/openni2_wrapper.dir/src/openni2_frame_listener.cpp.o[0m
[ 41%] Built target openni2_camera_generate_messages_lisp
[35m[1mScanning dependencies of target openni2_camera_generate_messages_eus[0m
[ 44%] [34m[1mGenerating EusLisp code from openni2_camera/GetSerial.srv[0m
[ 48%] [32mBuilding CXX object CMakeFiles/openni2_wrapper.dir/src/openni2_device_manager.cpp.o[0m
[ 51%] [34m[1mGenerating Python srv __init__.py for openni2_camera[0m
[ 55%] [34m[1mGenerating EusLisp manifest code for openni2_camera[0m
[ 55%] Built target openni2_camera_generate_messages_cpp
[ 58%] [32mBuilding CXX object CMakeFiles/openni2_wrapper.dir/src/openni2_exception.cpp.o[0m
[ 62%] [32mBuilding CXX object CMakeFiles/openni2_wrapper.dir/src/openni2_video_mode.cpp.o[0m
[ 62%] Built target openni2_camera_generate_messages_py
WARNING: Package name "qpOASES" does not follow the naming conventions. It should start with a lower case letter and only contain lower case letters, digits, underscores, and dashes.
WARNING: Package name "qpOASES" does not follow the naming conventions. It should start with a lower case letter and only contain lower case letters, digits, underscores, and dashes.
WARNING: Package name "robot6R" does not follow the naming conventions. It should start with a lower case letter and only contain lower case letters, digits, underscores, and dashes.
WARNING: Package name "qpOASES" does not follow the naming conventions. It should start with a lower case letter and only contain lower case letters, digits, underscores, and dashes.
WARNING: Package name "qpOASES" does not follow the naming conventions. It should start with a lower case letter and only contain lower case letters, digits, underscores, and dashes.
WARNING: Package name "robot6R" does not follow the naming conventions. It should start with a lower case letter and only contain lower case letters, digits, underscores, and dashes.
[ 62%] Built target openni2_camera_generate_messages_eus
[35m[1mScanning dependencies of target openni2_camera_generate_messages[0m
[ 62%] Built target openni2_camera_generate_messages
[ 65%] [32m[1mLinking CXX shared library /home/zheng/robot_ws_zheng/devel/.private/openni2_camera/lib/libopenni2_wrapper.so[0m
[ 65%] Built target openni2_wrapper
[35m[1mScanning dependencies of target openni2_driver_lib[0m
[35m[1mScanning dependencies of target list_devices[0m
[35m[1mScanning dependencies of target test_wrapper[0m
[ 68%] [32mBuilding CXX object CMakeFiles/list_devices.dir/src/list_devices.cpp.o[0m
[ 72%] [32mBuilding CXX object CMakeFiles/test_wrapper.dir/test/test_wrapper.cpp.o[0m
[ 75%] [32mBuilding CXX object CMakeFiles/openni2_driver_lib.dir/src/openni2_driver.cpp.o[0m
[ 79%] [32m[1mLinking CXX executable /home/zheng/robot_ws_zheng/devel/.private/openni2_camera/lib/openni2_camera/list_devices[0m
[ 79%] Built target list_devices
[ 82%] [32m[1mLinking CXX executable /home/zheng/robot_ws_zheng/devel/.private/openni2_camera/lib/openni2_camera/test_wrapper[0m
[ 82%] Built target test_wrapper
[ 86%] [32m[1mLinking CXX shared library /home/zheng/robot_ws_zheng/devel/.private/openni2_camera/lib/libopenni2_driver_lib.so[0m
[ 86%] Built target openni2_driver_lib
[35m[1mScanning dependencies of target openni2_camera_nodelet[0m
[35m[1mScanning dependencies of target openni2_camera_node[0m
[ 89%] [32mBuilding CXX object CMakeFiles/openni2_camera_node.dir/ros/openni2_camera_node.cpp.o[0m
[ 93%] [32mBuilding CXX object CMakeFiles/openni2_camera_nodelet.dir/ros/openni2_camera_nodelet.cpp.o[0m
In file included from [01m[K/opt/ros/melodic/include/class_loader/class_loader.hpp:46:0[m[K,
                 from [01m[K/opt/ros/melodic/include/pluginlib/./class_list_macros.hpp:40[m[K,
                 from [01m[K/opt/ros/melodic/include/pluginlib/class_list_macros.h:35[m[K,
                 from [01m[K/home/zheng/robot_ws_zheng/src/openni2_camera/openni2_camera/ros/openni2_camera_nodelet.cpp:56[m[K:
[01m[K/opt/ros/melodic/include/class_loader/class_loader_core.hpp:[m[K In function ‘[01m[Kvoid class_loader::impl::registerPlugin(const string&, const string&)[m[K’:
[01m[K/opt/ros/melodic/include/class_loader/class_loader_core.hpp:183:7:[m[K [01;31m[Kerror: [m[K‘[01m[Knullptr[m[K’ was not declared in this scope
   if (nullptr == getCurrentlyActiveClassLoader()) {
[01;32m[K       ^[m[K
[01m[K/opt/ros/melodic/include/class_loader/class_loader_core.hpp:[m[K In function ‘[01m[KBase* class_loader::impl::createInstance(const string&, class_loader::ClassLoader*)[m[K’:
[01m[K/opt/ros/melodic/include/class_loader/class_loader_core.hpp:242:40:[m[K [01;31m[Kerror: [m[K‘[01m[Knullptr[m[K’ was not declared in this scope
   AbstractMetaObject<Base> * factory = nullptr;
[01;32m[K                                        ^[m[K
[01m[K/opt/ros/melodic/include/class_loader/class_loader_core.hpp:[m[K In function ‘[01m[Kstd::vector<std::__cxx11::basic_string<char> > class_loader::impl::getAvailableClasses(class_loader::ClassLoader*)[m[K’:
[01m[K/opt/ros/melodic/include/class_loader/class_loader_core.hpp:300:15:[m[K [01;31m[Kerror: [m[KISO C++ forbids declaration of ‘[01m[Kit[m[K’ with no type [-fpermissive]
   for (auto & it : factory_map) {
[01;32m[K               ^[m[K
[01m[K/opt/ros/melodic/include/class_loader/class_loader_core.hpp:300:20:[m[K [01;35m[Kwarning: [m[Krange-based ‘[01m[Kfor[m[K’ loops only available with -std=c++11 or -std=gnu++11
   for (auto & it : factory_map) {
[01;32m[K                    ^[m[K
[01m[K/opt/ros/melodic/include/class_loader/class_loader_core.hpp:301:43:[m[K [01;31m[Kerror: [m[Krequest for member ‘[01m[Ksecond[m[K’ in ‘[01m[Kit[m[K’, which is of non-class type ‘[01m[Kint[m[K’
     AbstractMetaObjectBase * factory = it.second;
[01;32m[K                                           ^[m[K
[01m[K/opt/ros/melodic/include/class_loader/class_loader_core.hpp:303:28:[m[K [01;31m[Kerror: [m[Krequest for member ‘[01m[Kfirst[m[K’ in ‘[01m[Kit[m[K’, which is of non-class type ‘[01m[Kint[m[K’
       classes.push_back(it.first);
[01;32m[K                            ^[m[K
[01m[K/opt/ros/melodic/include/class_loader/class_loader_core.hpp:304:35:[m[K [01;31m[Kerror: [m[K‘[01m[Knullptr[m[K’ was not declared in this scope
     } else if (factory->isOwnedBy(nullptr)) {
[01;32m[K                                   ^[m[K
[01m[K/opt/ros/melodic/include/class_loader/class_loader_core.hpp:305:42:[m[K [01;31m[Kerror: [m[Krequest for member ‘[01m[Kfirst[m[K’ in ‘[01m[Kit[m[K’, which is of non-class type ‘[01m[Kint[m[K’
       classes_with_no_owner.push_back(it.first);
[01;32m[K                                          ^[m[K
In file included from [01m[K/opt/ros/melodic/include/pluginlib/./class_list_macros.hpp:40:0[m[K,
                 from [01m[K/opt/ros/melodic/include/pluginlib/class_list_macros.h:35[m[K,
                 from [01m[K/home/zheng/robot_ws_zheng/src/openni2_camera/openni2_camera/ros/openni2_camera_nodelet.cpp:56[m[K:
[01m[K/opt/ros/melodic/include/class_loader/class_loader.hpp:[m[K At global scope:
[01m[K/opt/ros/melodic/include/class_loader/class_loader.hpp:82:3:[m[K [01;31m[Kerror: [m[Kexpected unqualified-id before ‘[01m[Kusing[m[K’
   using DeleterType = std::function<void(Base *)>;
[01;32m[K   ^[m[K
[01m[K/opt/ros/melodic/include/class_loader/class_loader.hpp:85:3:[m[K [01;31m[Kerror: [m[Kexpected unqualified-id before ‘[01m[Kusing[m[K’
   using UniquePtr = std::unique_ptr<Base, DeleterType<Base>>;
[01;32m[K   ^[m[K
[01m[K/opt/ros/melodic/include/class_loader/class_loader.hpp:127:8:[m[K [01;31m[Kerror: [m[K‘[01m[Kshared_ptr[m[K’ in namespace ‘[01m[Kstd[m[K’ does not name a template type
   std::shared_ptr<Base> createSharedInstance(const std::string & derived_class_name)
[01;32m[K        ^[m[K
[01m[K/opt/ros/melodic/include/class_loader/class_loader.hpp:160:3:[m[K [01;31m[Kerror: [m[K‘[01m[KUniquePtr[m[K’ does not name a type
   UniquePtr<Base> createUniqueInstance(const std::string & derived_class_name)
[01;32m[K   ^[m[K
In file included from [01m[K/opt/ros/melodic/include/pluginlib/./class_list_macros.hpp:40:0[m[K,
                 from [01m[K/opt/ros/melodic/include/pluginlib/class_list_macros.h:35[m[K,
                 from [01m[K/home/zheng/robot_ws_zheng/src/openni2_camera/openni2_camera/ros/openni2_camera_nodelet.cpp:56[m[K:
[01m[K/opt/ros/melodic/include/class_loader/class_loader.hpp:[m[K In member function ‘[01m[Kvoid class_loader::ClassLoader::onPluginDeletion(Base*)[m[K’:
[01m[K/opt/ros/melodic/include/class_loader/class_loader.hpp:246:9:[m[K [01;31m[Kerror: [m[K‘[01m[Knullptr[m[K’ was not declared in this scope
     if (nullptr == obj) {
[01;32m[K         ^[m[K
In file included from [01m[K/usr/include/boost/assert.hpp:58:0[m[K,
                 from [01m[K/usr/include/boost/thread/pthread/mutex.hpp:20[m[K,
                 from [01m[K/usr/include/boost/thread/mutex.hpp:16[m[K,
                 from [01m[K/opt/ros/melodic/include/dynamic_reconfigure/config_init_mutex.h:4[m[K,
                 from [01m[K/home/zheng/robot_ws_zheng/devel/.private/openni2_camera/include/openni2_camera/OpenNI2Config.h:25[m[K,
                 from [01m[K/home/zheng/robot_ws_zheng/src/openni2_camera/openni2_camera/include/openni2_camera/openni2_driver.h:43[m[K,
                 from [01m[K/home/zheng/robot_ws_zheng/src/openni2_camera/openni2_camera/ros/openni2_camera_nodelet.cpp:32[m[K:
[01m[K/opt/ros/melodic/include/class_loader/class_loader.hpp:[m[K In member function ‘[01m[KBase* class_loader::ClassLoader::createRawInstance(const string&, bool)[m[K’:
[01m[K/opt/ros/melodic/include/class_loader/class_loader.hpp:302:19:[m[K [01;31m[Kerror: [m[K‘[01m[Knullptr[m[K’ was not declared in this scope
     assert(obj != nullptr);  // Unreachable assertion if createInstance() throws on failure
[01;32m[K                   ^[m[K
CMakeFiles/openni2_camera_nodelet.dir/build.make:62: recipe for target 'CMakeFiles/openni2_camera_nodelet.dir/ros/openni2_camera_nodelet.cpp.o' failed
make[2]: *** [CMakeFiles/openni2_camera_nodelet.dir/ros/openni2_camera_nodelet.cpp.o] Error 1
CMakeFiles/Makefile2:266: recipe for target 'CMakeFiles/openni2_camera_nodelet.dir/all' failed
make[1]: *** [CMakeFiles/openni2_camera_nodelet.dir/all] Error 2
make[1]: *** Attente des tâches non terminées....
[ 96%] [32m[1mLinking CXX executable /home/zheng/robot_ws_zheng/devel/.private/openni2_camera/lib/openni2_camera/openni2_camera_node[0m
[ 96%] Built target openni2_camera_node
Makefile:140: recipe for target 'all' failed
make: *** [all] Error 2
