[  2%] [34m[1mGenerating API documentation with Doxygen[0m
warning: Tag 'CLANG_ASSISTED_PARSING' at line 1026 of file '/home/zheng/robot_ws_zheng/build/ros_robot_controller/Doxyfile' belongs to an option that was not enabled at compile time.
         To avoid this warning please remove this line from your configuration file or upgrade it using "doxygen -u", or recompile doxygen with this feature enabled.
warning: Tag 'CLANG_OPTIONS' at line 1034 of file '/home/zheng/robot_ws_zheng/build/ros_robot_controller/Doxyfile' belongs to an option that was not enabled at compile time.
         To avoid this warning please remove this line from your configuration file or upgrade it using "doxygen -u", or recompile doxygen with this feature enabled.
warning: Tag 'PERL_PATH' at line 2117 of file '/home/zheng/robot_ws_zheng/build/ros_robot_controller/Doxyfile' has become obsolete.
         To avoid this warning please remove this line from your configuration file or upgrade it using "doxygen -u"
warning: Tag 'MSCGEN_PATH' at line 2139 of file '/home/zheng/robot_ws_zheng/build/ros_robot_controller/Doxyfile' has become obsolete.
         To avoid this warning please remove this line from your configuration file or upgrade it using "doxygen -u"
warning: ignoring unknown tag '2020' at line 2435, file /home/zheng/robot_ws_zheng/build/ros_robot_controller/Doxyfile
warning: ignoring unknown tag 'GitHub' at line 2435, file /home/zheng/robot_ws_zheng/build/ros_robot_controller/Doxyfile
warning: ignoring unknown tag 'Inc' at line 2435, file /home/zheng/robot_ws_zheng/build/ros_robot_controller/Doxyfile
warning: ignoring unknown tag 'Terms' at line 2436, file /home/zheng/robot_ws_zheng/build/ros_robot_controller/Doxyfile
warning: ignoring unknown tag 'Privacy' at line 2437, file /home/zheng/robot_ws_zheng/build/ros_robot_controller/Doxyfile
warning: ignoring unknown tag 'Security' at line 2438, file /home/zheng/robot_ws_zheng/build/ros_robot_controller/Doxyfile
warning: ignoring unknown tag 'Status' at line 2439, file /home/zheng/robot_ws_zheng/build/ros_robot_controller/Doxyfile
warning: ignoring unknown tag 'Help' at line 2440, file /home/zheng/robot_ws_zheng/build/ros_robot_controller/Doxyfile
warning: ignoring unknown tag 'Contact' at line 2442, file /home/zheng/robot_ws_zheng/build/ros_robot_controller/Doxyfile
warning: ignoring unknown tag 'GitHub' at line 2442, file /home/zheng/robot_ws_zheng/build/ros_robot_controller/Doxyfile
warning: ignoring unknown tag 'Pricing' at line 2443, file /home/zheng/robot_ws_zheng/build/ros_robot_controller/Doxyfile
warning: ignoring unknown tag 'API' at line 2444, file /home/zheng/robot_ws_zheng/build/ros_robot_controller/Doxyfile
warning: ignoring unknown tag 'Training' at line 2445, file /home/zheng/robot_ws_zheng/build/ros_robot_controller/Doxyfile
warning: ignoring unknown tag 'Blog' at line 2446, file /home/zheng/robot_ws_zheng/build/ros_robot_controller/Doxyfile
warning: ignoring unknown tag 'About' at line 2447, file /home/zheng/robot_ws_zheng/build/ros_robot_controller/Doxyfile
warning: tag INPUT: input source '/home/zheng/robot_ws_zheng/src/ros_robot_controller/README.md' does not exist
warning: tag INPUT: input source '/home/zheng/robot_ws_zheng/src/ros_robot_controller/impl/' does not exist
warning: tag INPUT: input source '/home/zheng/robot_ws_zheng/src/ros_robot_controller/samples/' does not exist
Searching for include files...
Searching for example files...
Searching for images...
Searching for dot files...
Searching for msc files...
Searching for dia files...
Searching for files to exclude
Searching INPUT for files to process...
Searching for files in directory /home/zheng/robot_ws_zheng/src/ros_robot_controller/docs
warning: source /home/zheng/robot_ws_zheng/src/ros_robot_controller/README.md is not a readable file or directory... skipping.
Searching for files in directory /home/zheng/robot_ws_zheng/src/ros_robot_controller/include
Searching for files in directory /home/zheng/robot_ws_zheng/src/ros_robot_controller/include/commun
Searching for files in directory /home/zheng/robot_ws_zheng/src/ros_robot_controller/include/constraint
Searching for files in directory /home/zheng/robot_ws_zheng/src/ros_robot_controller/include/humanmodel
Searching for files in directory /home/zheng/robot_ws_zheng/src/ros_robot_controller/include/robotmodel
Searching for files in directory /home/zheng/robot_ws_zheng/src/ros_robot_controller/include/sensor
Searching for files in directory /home/zheng/robot_ws_zheng/src/ros_robot_controller/include/sepPlane
Searching for files in directory /home/zheng/robot_ws_zheng/src/ros_robot_controller/include/solver
Searching for files in directory /home/zheng/robot_ws_zheng/src/ros_robot_controller/include/task
Searching for files in directory /home/zheng/robot_ws_zheng/src/ros_robot_controller/include/visualization
Searching for files in directory /home/zheng/robot_ws_zheng/src/ros_robot_controller/src
Searching for files in directory /home/zheng/robot_ws_zheng/src/ros_robot_controller/src/constraint
Searching for files in directory /home/zheng/robot_ws_zheng/src/ros_robot_controller/src/humanmodel
Searching for files in directory /home/zheng/robot_ws_zheng/src/ros_robot_controller/src/robotmodel
Searching for files in directory /home/zheng/robot_ws_zheng/src/ros_robot_controller/src/sensor
Searching for files in directory /home/zheng/robot_ws_zheng/src/ros_robot_controller/src/sepPlane
Searching for files in directory /home/zheng/robot_ws_zheng/src/ros_robot_controller/src/solver
Searching for files in directory /home/zheng/robot_ws_zheng/src/ros_robot_controller/src/task
Searching for files in directory /home/zheng/robot_ws_zheng/src/ros_robot_controller/src/visualization
Reading formula repository...
Reading and parsing tag files
Parsing files
Preprocessing /home/zheng/robot_ws_zheng/src/ros_robot_controller/include/commun/color.h...
Parsing file /home/zheng/robot_ws_zheng/src/ros_robot_controller/include/commun/color.h...
Preprocessing /home/zheng/robot_ws_zheng/src/ros_robot_controller/include/commun/RosCommunDefinition.h...
Parsing file /home/zheng/robot_ws_zheng/src/ros_robot_controller/include/commun/RosCommunDefinition.h...
Preprocessing /home/zheng/robot_ws_zheng/src/ros_robot_controller/include/constraint/RosAvoidanceCst.h...
Parsing file /home/zheng/robot_ws_zheng/src/ros_robot_controller/include/constraint/RosAvoidanceCst.h...
Preprocessing /home/zheng/robot_ws_zheng/src/ros_robot_controller/include/constraint/RosCartVelCst.h...
Parsing file /home/zheng/robot_ws_zheng/src/ros_robot_controller/include/constraint/RosCartVelCst.h...
Preprocessing /home/zheng/robot_ws_zheng/src/ros_robot_controller/include/constraint/RosGenericCst.h...
Parsing file /home/zheng/robot_ws_zheng/src/ros_robot_controller/include/constraint/RosGenericCst.h...
warning: source /home/zheng/robot_ws_zheng/src/ros_robot_controller/impl is not a readable file or directory... skipping.
warning: source /home/zheng/robot_ws_zheng/src/ros_robot_controller/samples is not a readable file or directory... skipping.
Preprocessing /home/zheng/robot_ws_zheng/src/ros_robot_controller/include/constraint/RosJointAccCst.h...
Parsing file /home/zheng/robot_ws_zheng/src/ros_robot_controller/include/constraint/RosJointAccCst.h...
Preprocessing /home/zheng/robot_ws_zheng/src/ros_robot_controller/include/constraint/RosJointPosCst.h...
Parsing file /home/zheng/robot_ws_zheng/src/ros_robot_controller/include/constraint/RosJointPosCst.h...
Preprocessing /home/zheng/robot_ws_zheng/src/ros_robot_controller/include/constraint/RosJointVelCst.h...
Parsing file /home/zheng/robot_ws_zheng/src/ros_robot_controller/include/constraint/RosJointVelCst.h...
Preprocessing /home/zheng/robot_ws_zheng/src/ros_robot_controller/include/humanmodel/humanmodel.h...
Parsing file /home/zheng/robot_ws_zheng/src/ros_robot_controller/include/humanmodel/humanmodel.h...
Preprocessing /home/zheng/robot_ws_zheng/src/ros_robot_controller/include/robotmodel/chainjnttojacdotsolver.h...
Parsing file /home/zheng/robot_ws_zheng/src/ros_robot_controller/include/robotmodel/chainjnttojacdotsolver.h...
Preprocessing /home/zheng/robot_ws_zheng/src/ros_robot_controller/include/robotmodel/RobotDynTree.h...
Parsing file /home/zheng/robot_ws_zheng/src/ros_robot_controller/include/robotmodel/RobotDynTree.h...
Preprocessing /home/zheng/robot_ws_zheng/src/ros_robot_controller/include/robotmodel/RosRobotModel.h...
Parsing file /home/zheng/robot_ws_zheng/src/ros_robot_controller/include/robotmodel/RosRobotModel.h...
Preprocessing /home/zheng/robot_ws_zheng/src/ros_robot_controller/include/sepPlane/sepPlane.h...
Parsing file /home/zheng/robot_ws_zheng/src/ros_robot_controller/include/sepPlane/sepPlane.h...
Preprocessing /home/zheng/robot_ws_zheng/src/ros_robot_controller/include/solver/lpsolve.h...
Parsing file /home/zheng/robot_ws_zheng/src/ros_robot_controller/include/solver/lpsolve.h...
Preprocessing /home/zheng/robot_ws_zheng/src/ros_robot_controller/include/solver/RosMpcSolver.h...
Parsing file /home/zheng/robot_ws_zheng/src/ros_robot_controller/include/solver/RosMpcSolver.h...
Preprocessing /home/zheng/robot_ws_zheng/src/ros_robot_controller/include/solver/RosPlaneSolver.h...
Parsing file /home/zheng/robot_ws_zheng/src/ros_robot_controller/include/solver/RosPlaneSolver.h...
[ 40%] Built target ros_robot_controller_library
Preprocessing /home/zheng/robot_ws_zheng/src/ros_robot_controller/include/task/RosMpcTask.h...
Parsing file /home/zheng/robot_ws_zheng/src/ros_robot_controller/include/task/RosMpcTask.h...
Preprocessing /home/zheng/robot_ws_zheng/src/ros_robot_controller/include/visualization/RosMarkers.h...
Parsing file /home/zheng/robot_ws_zheng/src/ros_robot_controller/include/visualization/RosMarkers.h...
Preprocessing /home/zheng/robot_ws_zheng/src/ros_robot_controller/src/CMakeLists.txt...
Parsing file /home/zheng/robot_ws_zheng/src/ros_robot_controller/src/CMakeLists.txt...
Preprocessing /home/zheng/robot_ws_zheng/src/ros_robot_controller/src/constraint/RosAvoidanceCst.cpp...
Parsing file /home/zheng/robot_ws_zheng/src/ros_robot_controller/src/constraint/RosAvoidanceCst.cpp...
Preprocessing /home/zheng/robot_ws_zheng/src/ros_robot_controller/src/constraint/RosGenericCst.cpp...
Parsing file /home/zheng/robot_ws_zheng/src/ros_robot_controller/src/constraint/RosGenericCst.cpp...
Preprocessing /home/zheng/robot_ws_zheng/src/ros_robot_controller/src/constraint/RosJointPosCst.cpp...
Parsing file /home/zheng/robot_ws_zheng/src/ros_robot_controller/src/constraint/RosJointPosCst.cpp...
Preprocessing /home/zheng/robot_ws_zheng/src/ros_robot_controller/src/constraint/RosJointVelCst.cpp...
Parsing file /home/zheng/robot_ws_zheng/src/ros_robot_controller/src/constraint/RosJointVelCst.cpp...
Preprocessing /home/zheng/robot_ws_zheng/src/ros_robot_controller/src/humanmodel/humanmodel.cpp...
Parsing file /home/zheng/robot_ws_zheng/src/ros_robot_controller/src/humanmodel/humanmodel.cpp...
Preprocessing /home/zheng/robot_ws_zheng/src/ros_robot_controller/src/robotmodel/chainjnttojacdotsolver.cpp...
Parsing file /home/zheng/robot_ws_zheng/src/ros_robot_controller/src/robotmodel/chainjnttojacdotsolver.cpp...
Preprocessing /home/zheng/robot_ws_zheng/src/ros_robot_controller/src/robotmodel/RobotDynTree.cpp...
Parsing file /home/zheng/robot_ws_zheng/src/ros_robot_controller/src/robotmodel/RobotDynTree.cpp...
Preprocessing /home/zheng/robot_ws_zheng/src/ros_robot_controller/src/robotmodel/RosRobotModel.cpp...
Parsing file /home/zheng/robot_ws_zheng/src/ros_robot_controller/src/robotmodel/RosRobotModel.cpp...
Preprocessing /home/zheng/robot_ws_zheng/src/ros_robot_controller/src/sepPlane/sepPlane.cpp...
Parsing file /home/zheng/robot_ws_zheng/src/ros_robot_controller/src/sepPlane/sepPlane.cpp...
Preprocessing /home/zheng/robot_ws_zheng/src/ros_robot_controller/src/solver/lpsolve.cpp...
Parsing file /home/zheng/robot_ws_zheng/src/ros_robot_controller/src/solver/lpsolve.cpp...
Preprocessing /home/zheng/robot_ws_zheng/src/ros_robot_controller/src/solver/RosMpcSolver.cpp...
Parsing file /home/zheng/robot_ws_zheng/src/ros_robot_controller/src/solver/RosMpcSolver.cpp...
Preprocessing /home/zheng/robot_ws_zheng/src/ros_robot_controller/src/solver/RosPlaneSolver.cpp...
Parsing file /home/zheng/robot_ws_zheng/src/ros_robot_controller/src/solver/RosPlaneSolver.cpp...
Preprocessing /home/zheng/robot_ws_zheng/src/ros_robot_controller/src/task/RosMpcTask.cpp...
Parsing file /home/zheng/robot_ws_zheng/src/ros_robot_controller/src/task/RosMpcTask.cpp...
Preprocessing /home/zheng/robot_ws_zheng/src/ros_robot_controller/src/visualization/RosMarkers.cpp...
Parsing file /home/zheng/robot_ws_zheng/src/ros_robot_controller/src/visualization/RosMarkers.cpp...
Building group list...
Building directory list...
Building namespace list...
Building file list...
Building class list...
Computing nesting relations for classes...
Associating documentation with classes...
Building example list...
Searching for enumerations...
Searching for documented typedefs...
Searching for members imported via using declarations...
Searching for included using directives...
Searching for documented variables...
Building interface member list...
Building member list...
Searching for friends...
Searching for documented defines...
Computing class inheritance relations...
Computing class usage relations...
Flushing cached template relations that have become invalid...
Computing class relations...
Add enum values to enums...
Searching for member function documentation...
[ 50%] Built target setinit
[ 50%] Built target movingobstacleavoidance
/home/zheng/robot_ws_zheng/src/ros_robot_controller/src/robotmodel/chainjnttojacdotsolver.cpp:35: warning: no matching class member found for 
  int KDL::ChainJntToJacDotSolver::JntToJacDot(const JntArrayVel &q_in, Twist &jac_dot_q_dot, int seg_nr)
Possible candidates:
  'virtual int KDL::ChainJntToJacDotSolver::JntToJacDot(const KDL::JntArrayVel &q_in, KDL::Twist &jac_dot_q_dot, int seg_nr=-1)'
  'virtual int KDL::ChainJntToJacDotSolver::JntToJacDot(const KDL::JntArrayVel &q_in, KDL::Jacobian &jdot, int seg_nr=-1)'

/home/zheng/robot_ws_zheng/src/ros_robot_controller/src/robotmodel/chainjnttojacdotsolver.cpp:42: warning: no matching class member found for 
  int KDL::ChainJntToJacDotSolver::JntToJacDot(const JntArrayVel &q_in, Jacobian &jdot, int seg_nr)
Possible candidates:
  'virtual int KDL::ChainJntToJacDotSolver::JntToJacDot(const KDL::JntArrayVel &q_in, KDL::Twist &jac_dot_q_dot, int seg_nr=-1)'
  'virtual int KDL::ChainJntToJacDotSolver::JntToJacDot(const KDL::JntArrayVel &q_in, KDL::Jacobian &jdot, int seg_nr=-1)'

Creating members for template instances...
Building page list...
Search for main page...
Computing page relations...
Determining the scope of groups...
Sorting lists...
Determining which enums are documented
Computing member relations...
Building full member lists recursively...
Adding members to member groups.
Computing member references...
Inheriting documentation...
Generating disk names...
Adding source references...
Adding xrefitems...
Sorting member lists...
Setting anonymous enum type...
Computing dependencies between directories...
Generating citations page...
Counting members...
Counting data structures...
Resolving user defined references...
Finding anchors and sections in the documentation...
Transferring function references...
Combining using relations...
Adding members to index pages...
Correcting members for VHDL...
[ 55%] Built target qptest
[ 60%] Built target obsavoidancedemo
[ 65%] Built target iDynTreeTest
Generating style sheet...
Generating search indices...
[ 70%] Built target ros_gazebo_sim
[ 75%] Built target qpplaneformulation
Generating example documentation...
Generating file sources...
Generating code for file /home/zheng/robot_ws_zheng/src/ros_robot_controller/include/commun/color.h...
Generating code for file /home/zheng/robot_ws_zheng/src/ros_robot_controller/include/commun/RosCommunDefinition.h...
Generating code for file /home/zheng/robot_ws_zheng/src/ros_robot_controller/include/constraint/RosAvoidanceCst.h...
Generating code for file /home/zheng/robot_ws_zheng/src/ros_robot_controller/include/constraint/RosCartVelCst.h...
Generating code for file /home/zheng/robot_ws_zheng/src/ros_robot_controller/include/constraint/RosGenericCst.h...
[ 80%] Built target multiobstacle
Generating code for file /home/zheng/robot_ws_zheng/src/ros_robot_controller/include/constraint/RosJointAccCst.h...
Generating code for file /home/zheng/robot_ws_zheng/src/ros_robot_controller/include/constraint/RosJointPosCst.h...
Generating code for file /home/zheng/robot_ws_zheng/src/ros_robot_controller/include/constraint/RosJointVelCst.h...
Generating code for file /home/zheng/robot_ws_zheng/src/ros_robot_controller/include/humanmodel/humanmodel.h...
[ 85%] Built target 2Dexample
Generating code for file /home/zheng/robot_ws_zheng/src/ros_robot_controller/include/robotmodel/chainjnttojacdotsolver.h...
/home/zheng/robot_ws_zheng/src/ros_robot_controller/include/robotmodel/chainjnttojacdotsolver.h:107: warning: @copybrief or @copydoc target 'KDL::SolverI::strError()' not found
Generating code for file /home/zheng/robot_ws_zheng/src/ros_robot_controller/include/robotmodel/RobotDynTree.h...
Generating code for file /home/zheng/robot_ws_zheng/src/ros_robot_controller/include/robotmodel/RosRobotModel.h...
[ 90%] Built target nonlinearsolve
[ 95%] Built target markers
Generating code for file /home/zheng/robot_ws_zheng/src/ros_robot_controller/include/sepPlane/sepPlane.h...
[100%] Built target franka_example
Generating code for file /home/zheng/robot_ws_zheng/src/ros_robot_controller/include/solver/lpsolve.h...
Generating code for file /home/zheng/robot_ws_zheng/src/ros_robot_controller/include/solver/RosMpcSolver.h...
Generating code for file /home/zheng/robot_ws_zheng/src/ros_robot_controller/include/solver/RosPlaneSolver.h...
Generating code for file /home/zheng/robot_ws_zheng/src/ros_robot_controller/include/task/RosMpcTask.h...
Generating code for file /home/zheng/robot_ws_zheng/src/ros_robot_controller/include/visualization/RosMarkers.h...
Generating file documentation...
Generating docs for file /home/zheng/robot_ws_zheng/src/ros_robot_controller/include/commun/color.h...
Generating docs for file /home/zheng/robot_ws_zheng/src/ros_robot_controller/include/commun/RosCommunDefinition.h...
Generating docs for file /home/zheng/robot_ws_zheng/src/ros_robot_controller/include/constraint/RosAvoidanceCst.h...
Generating docs for file /home/zheng/robot_ws_zheng/src/ros_robot_controller/include/constraint/RosCartVelCst.h...
Generating docs for file /home/zheng/robot_ws_zheng/src/ros_robot_controller/include/constraint/RosGenericCst.h...
Generating docs for file /home/zheng/robot_ws_zheng/src/ros_robot_controller/include/constraint/RosJointAccCst.h...
Generating docs for file /home/zheng/robot_ws_zheng/src/ros_robot_controller/include/constraint/RosJointPosCst.h...
Generating docs for file /home/zheng/robot_ws_zheng/src/ros_robot_controller/include/constraint/RosJointVelCst.h...
Generating docs for file /home/zheng/robot_ws_zheng/src/ros_robot_controller/include/humanmodel/humanmodel.h...
Generating docs for file /home/zheng/robot_ws_zheng/src/ros_robot_controller/include/robotmodel/chainjnttojacdotsolver.h...
Generating docs for file /home/zheng/robot_ws_zheng/src/ros_robot_controller/include/robotmodel/RobotDynTree.h...
Generating docs for file /home/zheng/robot_ws_zheng/src/ros_robot_controller/include/robotmodel/RosRobotModel.h...
Generating docs for file /home/zheng/robot_ws_zheng/src/ros_robot_controller/include/sepPlane/sepPlane.h...
Generating docs for file /home/zheng/robot_ws_zheng/src/ros_robot_controller/include/solver/lpsolve.h...
Generating docs for file /home/zheng/robot_ws_zheng/src/ros_robot_controller/include/solver/RosMpcSolver.h...
Generating docs for file /home/zheng/robot_ws_zheng/src/ros_robot_controller/include/solver/RosPlaneSolver.h...
Generating docs for file /home/zheng/robot_ws_zheng/src/ros_robot_controller/include/task/RosMpcTask.h...
Generating docs for file /home/zheng/robot_ws_zheng/src/ros_robot_controller/include/visualization/RosMarkers.h...
Generating docs for file /home/zheng/robot_ws_zheng/src/ros_robot_controller/src/CMakeLists.txt...
Generating docs for file /home/zheng/robot_ws_zheng/src/ros_robot_controller/src/constraint/RosAvoidanceCst.cpp...
Generating docs for file /home/zheng/robot_ws_zheng/src/ros_robot_controller/src/constraint/RosGenericCst.cpp...
Generating docs for file /home/zheng/robot_ws_zheng/src/ros_robot_controller/src/constraint/RosJointPosCst.cpp...
Generating docs for file /home/zheng/robot_ws_zheng/src/ros_robot_controller/src/constraint/RosJointVelCst.cpp...
Generating docs for file /home/zheng/robot_ws_zheng/src/ros_robot_controller/src/humanmodel/humanmodel.cpp...
Generating docs for file /home/zheng/robot_ws_zheng/src/ros_robot_controller/src/robotmodel/chainjnttojacdotsolver.cpp...
Generating docs for file /home/zheng/robot_ws_zheng/src/ros_robot_controller/src/robotmodel/RobotDynTree.cpp...
Generating docs for file /home/zheng/robot_ws_zheng/src/ros_robot_controller/src/robotmodel/RosRobotModel.cpp...
Generating docs for file /home/zheng/robot_ws_zheng/src/ros_robot_controller/src/sepPlane/sepPlane.cpp...
Generating docs for file /home/zheng/robot_ws_zheng/src/ros_robot_controller/src/solver/lpsolve.cpp...
Generating docs for file /home/zheng/robot_ws_zheng/src/ros_robot_controller/src/solver/RosMpcSolver.cpp...
Generating docs for file /home/zheng/robot_ws_zheng/src/ros_robot_controller/src/solver/RosPlaneSolver.cpp...
Generating docs for file /home/zheng/robot_ws_zheng/src/ros_robot_controller/src/task/RosMpcTask.cpp...
Generating docs for file /home/zheng/robot_ws_zheng/src/ros_robot_controller/src/visualization/RosMarkers.cpp...
Generating page documentation...
Generating group documentation...
Generating class documentation...
Generating docs for compound arm_kinematic...
/home/zheng/robot_ws_zheng/src/ros_robot_controller/include/robotmodel/RosRobotModel.h:106: warning: argument 'kdl_segment' of command @param is not found in the argument list of arm_kinematic::getSegment(unsigned int segment)
/home/zheng/robot_ws_zheng/src/ros_robot_controller/include/robotmodel/RosRobotModel.h:135: warning: argument 'kdl_frame' of command @param is not found in the argument list of arm_kinematic::getSegmentPosition(const std::string &segment_name)
/home/zheng/robot_ws_zheng/src/ros_robot_controller/include/robotmodel/RosRobotModel.h:125: warning: argument 'kdl_frame' of command @param is not found in the argument list of arm_kinematic::getSegmentPosition(unsigned int segment)
/home/zheng/robot_ws_zheng/src/ros_robot_controller/include/robotmodel/RosRobotModel.h:271: warning: argument 'qd_des' of command @param is not found in the argument list of arm_kinematic::setJointVelocities(const Eigen::VectorXd &qd)
/home/zheng/robot_ws_zheng/src/ros_robot_controller/include/robotmodel/RosRobotModel.h:275: warning: The following parameter of arm_kinematic::setJointVelocities(const Eigen::VectorXd &qd) is not documented:
  parameter 'qd'
/home/zheng/robot_ws_zheng/src/ros_robot_controller/include/robotmodel/RosRobotModel.h:383: warning: argument 'Ros' of command @param is not found in the argument list of arm_kinematic::subscriberCallback(const sensor_msgs::JointState &jntState)
/home/zheng/robot_ws_zheng/src/ros_robot_controller/include/robotmodel/RosRobotModel.h:387: warning: The following parameter of arm_kinematic::subscriberCallback(const sensor_msgs::JointState &jntState) is not documented:
  parameter 'jntState'
Generating docs for compound cartVelCst...
Generating docs for compound constraintData...
Generating docs for compound generic_cst...
/home/zheng/robot_ws_zheng/src/ros_robot_controller/include/constraint/RosGenericCst.h:33: warning: The following parameters of generic_cst::generic_cst(int ndof, int N, double dt, std::string name, Eigen::MatrixXd Px, Eigen::MatrixXd Pu) are not documented:
  parameter 'name'
  parameter 'Px'
  parameter 'Pu'
/home/zheng/robot_ws_zheng/src/ros_robot_controller/include/constraint/RosGenericCst.h:37: warning: argument 'Px' of command @param is not found in the argument list of generic_cst::setLowerBound(const Eigen::VectorXd &robot_state)
/home/zheng/robot_ws_zheng/src/ros_robot_controller/include/constraint/RosGenericCst.h:46: warning: argument 'Px' of command @param is not found in the argument list of generic_cst::setUpperBound(const Eigen::VectorXd &robot_state)
/home/zheng/robot_ws_zheng/src/ros_robot_controller/include/constraint/RosGenericCst.h:59: warning: argument 'Px' of command @param is not found in the argument list of generic_cst::update(const Eigen::VectorXd &robot_state)
/home/zheng/robot_ws_zheng/src/ros_robot_controller/include/constraint/RosGenericCst.h:59: warning: argument 'Pu' of command @param is not found in the argument list of generic_cst::update(const Eigen::VectorXd &robot_state)
Generating docs for compound humanModel...
/home/zheng/robot_ws_zheng/src/ros_robot_controller/include/humanmodel/humanmodel.h:96: warning: argument '4x4' of command @param is not found in the argument list of humanModel::Adjoint(const Eigen::MatrixXd &T)
/home/zheng/robot_ws_zheng/src/ros_robot_controller/include/humanmodel/humanmodel.h:103: warning: The following parameter of humanModel::Adjoint(const Eigen::MatrixXd &T) is not documented:
  parameter 'T'
/home/zheng/robot_ws_zheng/src/ros_robot_controller/include/humanmodel/humanmodel.h:39: warning: argument 'Exponential' of command @param is not found in the argument list of humanModel::AxisAng3(const Eigen::Vector3d &expc3)
/home/zheng/robot_ws_zheng/src/ros_robot_controller/include/humanmodel/humanmodel.h:46: warning: The following parameter of humanModel::AxisAng3(const Eigen::Vector3d &expc3) is not documented:
  parameter 'expc3'
/home/zheng/robot_ws_zheng/src/ros_robot_controller/include/humanmodel/humanmodel.h:128: warning: argument 'Home' of command @param is not found in the argument list of humanModel::FKinSpace(const Eigen::MatrixXd &M, const Eigen::MatrixXd &Slist, const Eigen::VectorXd &thetaList)
/home/zheng/robot_ws_zheng/src/ros_robot_controller/include/humanmodel/humanmodel.h:139: warning: The following parameters of humanModel::FKinSpace(const Eigen::MatrixXd &M, const Eigen::MatrixXd &Slist, const Eigen::VectorXd &thetaList) are not documented:
  parameter 'M'
  parameter 'Slist'
  parameter 'thetaList'
/home/zheng/robot_ws_zheng/src/ros_robot_controller/include/humanmodel/humanmodel.h:49: warning: argument 'exponenential' of command @param is not found in the argument list of humanModel::MatrixExp3(const Eigen::Matrix3d &so3mat)
/home/zheng/robot_ws_zheng/src/ros_robot_controller/include/humanmodel/humanmodel.h:55: warning: The following parameter of humanModel::MatrixExp3(const Eigen::Matrix3d &so3mat) is not documented:
  parameter 'so3mat'
/home/zheng/robot_ws_zheng/src/ros_robot_controller/include/humanmodel/humanmodel.h:111: warning: argument 'se3' of command @param is not found in the argument list of humanModel::MatrixExp6(const Eigen::MatrixXd &se3mat)
/home/zheng/robot_ws_zheng/src/ros_robot_controller/include/humanmodel/humanmodel.h:117: warning: The following parameter of humanModel::MatrixExp6(const Eigen::MatrixXd &se3mat) is not documented:
  parameter 'se3mat'
/home/zheng/robot_ws_zheng/src/ros_robot_controller/include/humanmodel/humanmodel.h:57: warning: argument 'Rotation' of command @param is not found in the argument list of humanModel::MatrixLog3(const Eigen::Matrix3d &R)
/home/zheng/robot_ws_zheng/src/ros_robot_controller/include/humanmodel/humanmodel.h:63: warning: The following parameter of humanModel::MatrixLog3(const Eigen::Matrix3d &R) is not documented:
  parameter 'R'
/home/zheng/robot_ws_zheng/src/ros_robot_controller/include/humanmodel/humanmodel.h:88: warning: argument 'spatial' of command @param is not found in the argument list of humanModel::se3ToVec(const Eigen::MatrixXd &T)
/home/zheng/robot_ws_zheng/src/ros_robot_controller/include/humanmodel/humanmodel.h:94: warning: The following parameter of humanModel::se3ToVec(const Eigen::MatrixXd &T) is not documented:
  parameter 'T'
/home/zheng/robot_ws_zheng/src/ros_robot_controller/include/humanmodel/humanmodel.h:79: warning: argument 'spatial' of command @param is not found in the argument list of humanModel::VecTose3(const Eigen::VectorXd &V)
/home/zheng/robot_ws_zheng/src/ros_robot_controller/include/humanmodel/humanmodel.h:85: warning: The following parameter of humanModel::VecTose3(const Eigen::VectorXd &V) is not documented:
  parameter 'V'
/home/zheng/robot_ws_zheng/src/ros_robot_controller/include/humanmodel/humanmodel.h:23: warning: argument 'angular' of command @param is not found in the argument list of humanModel::VecToso3(const Eigen::Vector3d &omega)
/home/zheng/robot_ws_zheng/src/ros_robot_controller/include/humanmodel/humanmodel.h:29: warning: The following parameter of humanModel::VecToso3(const Eigen::Vector3d &omega) is not documented:
  parameter 'omega'
Generating docs for compound jntAccCst...
Generating docs for compound jntPosCst...
/home/zheng/robot_ws_zheng/src/ros_robot_controller/include/constraint/RosJointPosCst.h:21: warning: argument 'Px' of command @param is not found in the argument list of jntPosCst::setLowerBound(const Eigen::VectorXd &robot_state) inherited from member setLowerBound at line 37 in file /home/zheng/robot_ws_zheng/src/ros_robot_controller/include/constraint/RosGenericCst.h
/home/zheng/robot_ws_zheng/src/ros_robot_controller/include/constraint/RosJointPosCst.h:23: warning: argument 'Px' of command @param is not found in the argument list of jntPosCst::setUpperBound(const Eigen::VectorXd &robot_state) inherited from member setUpperBound at line 46 in file /home/zheng/robot_ws_zheng/src/ros_robot_controller/include/constraint/RosGenericCst.h
/home/zheng/robot_ws_zheng/src/ros_robot_controller/include/constraint/RosJointPosCst.h:27: warning: argument 'Px' of command @param is not found in the argument list of jntPosCst::update(const Eigen::VectorXd &robot_state) inherited from member update at line 59 in file /home/zheng/robot_ws_zheng/src/ros_robot_controller/include/constraint/RosGenericCst.h
/home/zheng/robot_ws_zheng/src/ros_robot_controller/include/constraint/RosJointPosCst.h:27: warning: argument 'Pu' of command @param is not found in the argument list of jntPosCst::update(const Eigen::VectorXd &robot_state) inherited from member update at line 59 in file /home/zheng/robot_ws_zheng/src/ros_robot_controller/include/constraint/RosGenericCst.h
Generating docs for compound jntVelCst...
/home/zheng/robot_ws_zheng/src/ros_robot_controller/include/constraint/RosJointVelCst.h:20: warning: argument 'Px' of command @param is not found in the argument list of jntVelCst::setLowerBound(const Eigen::VectorXd &robot_state) inherited from member setLowerBound at line 37 in file /home/zheng/robot_ws_zheng/src/ros_robot_controller/include/constraint/RosGenericCst.h
/home/zheng/robot_ws_zheng/src/ros_robot_controller/include/constraint/RosJointVelCst.h:21: warning: argument 'Px' of command @param is not found in the argument list of jntVelCst::setUpperBound(const Eigen::VectorXd &robot_state) inherited from member setUpperBound at line 46 in file /home/zheng/robot_ws_zheng/src/ros_robot_controller/include/constraint/RosGenericCst.h
/home/zheng/robot_ws_zheng/src/ros_robot_controller/include/constraint/RosJointVelCst.h:23: warning: argument 'Px' of command @param is not found in the argument list of jntVelCst::update(const Eigen::VectorXd &robot_state) inherited from member update at line 59 in file /home/zheng/robot_ws_zheng/src/ros_robot_controller/include/constraint/RosGenericCst.h
/home/zheng/robot_ws_zheng/src/ros_robot_controller/include/constraint/RosJointVelCst.h:23: warning: argument 'Pu' of command @param is not found in the argument list of jntVelCst::update(const Eigen::VectorXd &robot_state) inherited from member update at line 59 in file /home/zheng/robot_ws_zheng/src/ros_robot_controller/include/constraint/RosGenericCst.h
Generating docs for compound lpSolver...
Generating docs for compound markers...
Generating docs for compound mpc_solve...
Generating docs for compound MPC_Task...
Generating docs for compound ObsAvoidanceCSt...
Generating docs for compound PlaneSolver...
Generating docs for compound SegmentIndice...
Generating namespace index...
Generating docs for namespace KDL
Generating docs for compound KDL::ChainJntToJacDotSolver...
/home/zheng/robot_ws_zheng/src/ros_robot_controller/include/robotmodel/chainjnttojacdotsolver.h:107: warning: @copybrief or @copydoc target 'KDL::SolverI::strError()' not found
/home/zheng/robot_ws_zheng/src/ros_robot_controller/include/robotmodel/chainjnttojacdotsolver.h:143: warning: argument 'bs_J_bs' of command @param is not found in the argument list of KDL::ChainJntToJacDotSolver::getPartialDerivative(const Jacobian &J, const unsigned int &joint_idx, const unsigned int &column_idx, const int &representation)
/home/zheng/robot_ws_zheng/src/ros_robot_controller/include/robotmodel/chainjnttojacdotsolver.h:152: warning: The following parameter of KDL::ChainJntToJacDotSolver::getPartialDerivative(const Jacobian &J, const unsigned int &joint_idx, const unsigned int &column_idx, const int &representation) is not documented:
  parameter 'J'
/home/zheng/robot_ws_zheng/src/ros_robot_controller/include/robotmodel/chainjnttojacdotsolver.h:121: warning: argument 'bs_J_ee' of command @param is not found in the argument list of KDL::ChainJntToJacDotSolver::getPartialDerivativeBodyFixed(const Jacobian &ee_J_ee, const unsigned int &joint_idx, const unsigned int &column_idx)
/home/zheng/robot_ws_zheng/src/ros_robot_controller/include/robotmodel/chainjnttojacdotsolver.h:129: warning: The following parameter of KDL::ChainJntToJacDotSolver::getPartialDerivativeBodyFixed(const Jacobian &ee_J_ee, const unsigned int &joint_idx, const unsigned int &column_idx) is not documented:
  parameter 'ee_J_ee'
/home/zheng/robot_ws_zheng/src/ros_robot_controller/include/robotmodel/chainjnttojacdotsolver.h:132: warning: argument 'ee_J_ee' of command @param is not found in the argument list of KDL::ChainJntToJacDotSolver::getPartialDerivativeInertial(const Jacobian &bs_J_bs, const unsigned int &joint_idx, const unsigned int &column_idx)
/home/zheng/robot_ws_zheng/src/ros_robot_controller/include/robotmodel/chainjnttojacdotsolver.h:140: warning: The following parameter of KDL::ChainJntToJacDotSolver::getPartialDerivativeInertial(const Jacobian &bs_J_bs, const unsigned int &joint_idx, const unsigned int &column_idx) is not documented:
  parameter 'bs_J_bs'
/home/zheng/robot_ws_zheng/src/ros_robot_controller/include/robotmodel/chainjnttojacdotsolver.h:107: warning: @copybrief or @copydoc target 'KDL::SolverI::strError()' not found
/home/zheng/robot_ws_zheng/src/ros_robot_controller/include/robotmodel/chainjnttojacdotsolver.h:107: warning: @copydetails or @copydoc target 'KDL::SolverI::strError()' not found
Generating docs for namespace plane
Generating docs for compound plane::Planes...
Generating docs for nested compound plane::Planes::PlaneData...
Generating docs for compound plane::VerticesData...
Generating docs for namespace robot
Generating docs for compound robot::EigenRobotAcceleration...
Generating docs for compound robot::EigenRobotState...
Generating docs for compound robot::iDynTreeRobotAcceleration...
Generating docs for compound robot::iDynTreeRobotState...
Generating docs for compound robot::RobotDynClass...
Generating graph info page...
Generating directory documentation...
Generating dependency graph for directory /home/zheng/robot_ws_zheng/src/ros_robot_controller/include/constraint
Generating dependency graph for directory /home/zheng/robot_ws_zheng/src/ros_robot_controller/src/constraint
Generating dependency graph for directory /home/zheng/robot_ws_zheng/src/ros_robot_controller/src/humanmodel
Generating dependency graph for directory /home/zheng/robot_ws_zheng/src/ros_robot_controller/include
Generating dependency graph for directory /home/zheng/robot_ws_zheng/src/ros_robot_controller/include/robotmodel
Generating dependency graph for directory /home/zheng/robot_ws_zheng/src/ros_robot_controller/src/robotmodel
Generating dependency graph for directory /home/zheng/robot_ws_zheng/src/ros_robot_controller
Generating dependency graph for directory /home/zheng/robot_ws_zheng/src/ros_robot_controller/include/sepPlane
Generating dependency graph for directory /home/zheng/robot_ws_zheng/src/ros_robot_controller/src/sepPlane
Generating dependency graph for directory /home/zheng/robot_ws_zheng/src/ros_robot_controller/include/solver
Generating dependency graph for directory /home/zheng/robot_ws_zheng/src/ros_robot_controller/src/solver
Generating dependency graph for directory /home/zheng/robot_ws_zheng/src
Generating dependency graph for directory /home/zheng/robot_ws_zheng/src/ros_robot_controller/src
Generating dependency graph for directory /home/zheng/robot_ws_zheng/src/ros_robot_controller/include/task
Generating dependency graph for directory /home/zheng/robot_ws_zheng/src/ros_robot_controller/src/task
Generating dependency graph for directory /home/zheng/robot_ws_zheng/src/ros_robot_controller/src/visualization
Generating bitmaps for formulas in HTML...
Generating index page...
Generating page index...
Generating module index...
Generating namespace index...
Generating namespace member index...
Generating annotated compound index...
Generating alphabetical compound index...
Generating hierarchical class index...
Generating graphical class hierarchy...
Generating member index...
Generating file index...
Generating file member index...
Generating example index...
finalizing index lists...
writing tag file...
Running plantuml with JAVA...
Running dot...
Generating dot graphs using 9 parallel threads...
Running dot for graph 1/14
Running dot for graph 2/14
Running dot for graph 3/14
Running dot for graph 4/14
Running dot for graph 5/14
Running dot for graph 6/14
Running dot for graph 7/14
Running dot for graph 8/14
Running dot for graph 9/14
Running dot for graph 10/14
Running dot for graph 11/14
Running dot for graph 12/14
Running dot for graph 13/14
Running dot for graph 14/14
Patching output file 1/7
Patching output file 2/7
Patching output file 3/7
Patching output file 4/7
Patching output file 5/7
Patching output file 6/7
Patching output file 7/7
lookup cache used 668/65536 hits=2390 misses=681
finished...
[100%] Built target doc
