/usr/local/bin/cmake -S/home/zheng/robot_ws_zheng/src/ros_robot_controller -B/home/zheng/robot_ws_zheng/build/ros_robot_controller --check-build-system CMakeFiles/Makefile.cmake 0
/usr/local/bin/cmake -E cmake_progress_start /home/zheng/robot_ws_zheng/build/ros_robot_controller/CMakeFiles /home/zheng/robot_ws_zheng/build/ros_robot_controller/CMakeFiles/progress.marks
/usr/bin/make -f CMakeFiles/Makefile2 all
make[1] : on entre dans le répertoire « /home/zheng/robot_ws_zheng/build/ros_robot_controller »
/usr/bin/make -f CMakeFiles/doc.dir/build.make CMakeFiles/doc.dir/depend
/usr/bin/make -f src/CMakeFiles/ros_robot_controller_library.dir/build.make src/CMakeFiles/ros_robot_controller_library.dir/depend
make[2] : on entre dans le répertoire « /home/zheng/robot_ws_zheng/build/ros_robot_controller »
cd /home/zheng/robot_ws_zheng/build/ros_robot_controller && /usr/local/bin/cmake -E cmake_depends "Unix Makefiles" /home/zheng/robot_ws_zheng/src/ros_robot_controller /home/zheng/robot_ws_zheng/src/ros_robot_controller /home/zheng/robot_ws_zheng/build/ros_robot_controller /home/zheng/robot_ws_zheng/build/ros_robot_controller /home/zheng/robot_ws_zheng/build/ros_robot_controller/CMakeFiles/doc.dir/DependInfo.cmake --color=
make[2] : on quitte le répertoire « /home/zheng/robot_ws_zheng/build/ros_robot_controller »
/usr/bin/make -f CMakeFiles/doc.dir/build.make CMakeFiles/doc.dir/build
make[2] : on entre dans le répertoire « /home/zheng/robot_ws_zheng/build/ros_robot_controller »
[  2%] [34m[1mGenerating API documentation with Doxygen[0m
/usr/local/bin/doxygen /home/zheng/robot_ws_zheng/build/ros_robot_controller/Doxyfile
make[2] : on entre dans le répertoire « /home/zheng/robot_ws_zheng/build/ros_robot_controller »
cd /home/zheng/robot_ws_zheng/build/ros_robot_controller && /usr/local/bin/cmake -E cmake_depends "Unix Makefiles" /home/zheng/robot_ws_zheng/src/ros_robot_controller /home/zheng/robot_ws_zheng/src/ros_robot_controller/src /home/zheng/robot_ws_zheng/build/ros_robot_controller /home/zheng/robot_ws_zheng/build/ros_robot_controller/src /home/zheng/robot_ws_zheng/build/ros_robot_controller/src/CMakeFiles/ros_robot_controller_library.dir/DependInfo.cmake --color=
warning: Tag 'CLANG_ASSISTED_PARSING' at line 1026 of file '/home/zheng/robot_ws_zheng/build/ros_robot_controller/Doxyfile' belongs to an option that was not enabled at compile time.
         To avoid this warning please remove this line from your configuration file or upgrade it using "doxygen -u", or recompile doxygen with this feature enabled.
warning: Tag 'CLANG_OPTIONS' at line 1034 of file '/home/zheng/robot_ws_zheng/build/ros_robot_controller/Doxyfile' belongs to an option that was not enabled at compile time.
         To avoid this warning please remove this line from your configuration file or upgrade it using "doxygen -u", or recompile doxygen with this feature enabled.
warning: Tag 'PERL_PATH' at line 2117 of file '/home/zheng/robot_ws_zheng/build/ros_robot_controller/Doxyfile' has become obsolete.
         To avoid this warning please remove this line from your configuration file or upgrade it using "doxygen -u"
warning: Tag 'MSCGEN_PATH' at line 2139 of file '/home/zheng/robot_ws_zheng/build/ros_robot_controller/Doxyfile' has become obsolete.
         To avoid this warning please remove this line from your configuration file or upgrade it using "doxygen -u"
warning: ignoring unknown tag '2020' at line 2435, file /home/zheng/robot_ws_zheng/build/ros_robot_controller/Doxyfile
warning: ignoring unknown tag 'GitHub' at line 2435, file /home/zheng/robot_ws_zheng/build/ros_robot_controller/Doxyfile
warning: ignoring unknown tag 'Inc' at line 2435, file /home/zheng/robot_ws_zheng/build/ros_robot_controller/Doxyfile
warning: ignoring unknown tag 'Terms' at line 2436, file /home/zheng/robot_ws_zheng/build/ros_robot_controller/Doxyfile
warning: ignoring unknown tag 'Privacy' at line 2437, file /home/zheng/robot_ws_zheng/build/ros_robot_controller/Doxyfile
warning: ignoring unknown tag 'Security' at line 2438, file /home/zheng/robot_ws_zheng/build/ros_robot_controller/Doxyfile
warning: ignoring unknown tag 'Status' at line 2439, file /home/zheng/robot_ws_zheng/build/ros_robot_controller/Doxyfile
warning: ignoring unknown tag 'Help' at line 2440, file /home/zheng/robot_ws_zheng/build/ros_robot_controller/Doxyfile
warning: ignoring unknown tag 'Contact' at line 2442, file /home/zheng/robot_ws_zheng/build/ros_robot_controller/Doxyfile
warning: ignoring unknown tag 'GitHub' at line 2442, file /home/zheng/robot_ws_zheng/build/ros_robot_controller/Doxyfile
warning: ignoring unknown tag 'Pricing' at line 2443, file /home/zheng/robot_ws_zheng/build/ros_robot_controller/Doxyfile
warning: ignoring unknown tag 'API' at line 2444, file /home/zheng/robot_ws_zheng/build/ros_robot_controller/Doxyfile
warning: ignoring unknown tag 'Training' at line 2445, file /home/zheng/robot_ws_zheng/build/ros_robot_controller/Doxyfile
warning: ignoring unknown tag 'Blog' at line 2446, file /home/zheng/robot_ws_zheng/build/ros_robot_controller/Doxyfile
warning: ignoring unknown tag 'About' at line 2447, file /home/zheng/robot_ws_zheng/build/ros_robot_controller/Doxyfile
warning: tag INPUT: input source '/home/zheng/robot_ws_zheng/src/ros_robot_controller/README.md' does not exist
warning: tag INPUT: input source '/home/zheng/robot_ws_zheng/src/ros_robot_controller/impl/' does not exist
warning: tag INPUT: input source '/home/zheng/robot_ws_zheng/src/ros_robot_controller/samples/' does not exist
Searching for include files...
Searching for example files...
Searching for images...
Searching for dot files...
Searching for msc files...
Searching for dia files...
Searching for files to exclude
Searching INPUT for files to process...
Searching for files in directory /home/zheng/robot_ws_zheng/src/ros_robot_controller/docs
warning: source /home/zheng/robot_ws_zheng/src/ros_robot_controller/README.md is not a readable file or directory... skipping.
make[2] : on quitte le répertoire « /home/zheng/robot_ws_zheng/build/ros_robot_controller »
/usr/bin/make -f src/CMakeFiles/ros_robot_controller_library.dir/build.make src/CMakeFiles/ros_robot_controller_library.dir/build
Searching for files in directory /home/zheng/robot_ws_zheng/src/ros_robot_controller/include
Searching for files in directory /home/zheng/robot_ws_zheng/src/ros_robot_controller/include/commun
Searching for files in directory /home/zheng/robot_ws_zheng/src/ros_robot_controller/include/constraint
Searching for files in directory /home/zheng/robot_ws_zheng/src/ros_robot_controller/include/humanmodel
Searching for files in directory /home/zheng/robot_ws_zheng/src/ros_robot_controller/include/robotmodel
Searching for files in directory /home/zheng/robot_ws_zheng/src/ros_robot_controller/include/sensor
Searching for files in directory /home/zheng/robot_ws_zheng/src/ros_robot_controller/include/sepPlane
Searching for files in directory /home/zheng/robot_ws_zheng/src/ros_robot_controller/include/solver
Searching for files in directory /home/zheng/robot_ws_zheng/src/ros_robot_controller/include/task
Searching for files in directory /home/zheng/robot_ws_zheng/src/ros_robot_controller/include/visualization
Searching for files in directory /home/zheng/robot_ws_zheng/src/ros_robot_controller/src
Searching for files in directory /home/zheng/robot_ws_zheng/src/ros_robot_controller/src/constraint
Searching for files in directory /home/zheng/robot_ws_zheng/src/ros_robot_controller/src/humanmodel
Searching for files in directory /home/zheng/robot_ws_zheng/src/ros_robot_controller/src/robotmodel
Searching for files in directory /home/zheng/robot_ws_zheng/src/ros_robot_controller/src/sensor
Searching for files in directory /home/zheng/robot_ws_zheng/src/ros_robot_controller/src/sepPlane
Searching for files in directory /home/zheng/robot_ws_zheng/src/ros_robot_controller/src/solver
Searching for files in directory /home/zheng/robot_ws_zheng/src/ros_robot_controller/src/task
Searching for files in directory /home/zheng/robot_ws_zheng/src/ros_robot_controller/src/visualization
warning: source /home/zheng/robot_ws_zheng/src/ros_robot_controller/impl is not a readable file or directory... skipping.
warning: source /home/zheng/robot_ws_zheng/src/ros_robot_controller/samples is not a readable file or directory... skipping.
Reading formula repository...
Reading and parsing tag files
Parsing files
Preprocessing /home/zheng/robot_ws_zheng/src/ros_robot_controller/include/commun/color.h...
Parsing file /home/zheng/robot_ws_zheng/src/ros_robot_controller/include/commun/color.h...
Preprocessing /home/zheng/robot_ws_zheng/src/ros_robot_controller/include/commun/RosCommunDefinition.h...
Parsing file /home/zheng/robot_ws_zheng/src/ros_robot_controller/include/commun/RosCommunDefinition.h...
Preprocessing /home/zheng/robot_ws_zheng/src/ros_robot_controller/include/constraint/RosAvoidanceCst.h...
Parsing file /home/zheng/robot_ws_zheng/src/ros_robot_controller/include/constraint/RosAvoidanceCst.h...
Preprocessing /home/zheng/robot_ws_zheng/src/ros_robot_controller/include/constraint/RosCartVelCst.h...
Parsing file /home/zheng/robot_ws_zheng/src/ros_robot_controller/include/constraint/RosCartVelCst.h...
Preprocessing /home/zheng/robot_ws_zheng/src/ros_robot_controller/include/constraint/RosGenericCst.h...
Parsing file /home/zheng/robot_ws_zheng/src/ros_robot_controller/include/constraint/RosGenericCst.h...
Preprocessing /home/zheng/robot_ws_zheng/src/ros_robot_controller/include/constraint/RosJointAccCst.h...
Parsing file /home/zheng/robot_ws_zheng/src/ros_robot_controller/include/constraint/RosJointAccCst.h...
Preprocessing /home/zheng/robot_ws_zheng/src/ros_robot_controller/include/constraint/RosJointPosCst.h...
Parsing file /home/zheng/robot_ws_zheng/src/ros_robot_controller/include/constraint/RosJointPosCst.h...
Preprocessing /home/zheng/robot_ws_zheng/src/ros_robot_controller/include/constraint/RosJointVelCst.h...
Parsing file /home/zheng/robot_ws_zheng/src/ros_robot_controller/include/constraint/RosJointVelCst.h...
Preprocessing /home/zheng/robot_ws_zheng/src/ros_robot_controller/include/humanmodel/humanmodel.h...
Parsing file /home/zheng/robot_ws_zheng/src/ros_robot_controller/include/humanmodel/humanmodel.h...
Preprocessing /home/zheng/robot_ws_zheng/src/ros_robot_controller/include/robotmodel/chainjnttojacdotsolver.h...
Parsing file /home/zheng/robot_ws_zheng/src/ros_robot_controller/include/robotmodel/chainjnttojacdotsolver.h...
Preprocessing /home/zheng/robot_ws_zheng/src/ros_robot_controller/include/robotmodel/RobotDynTree.h...
Parsing file /home/zheng/robot_ws_zheng/src/ros_robot_controller/include/robotmodel/RobotDynTree.h...
Preprocessing /home/zheng/robot_ws_zheng/src/ros_robot_controller/include/robotmodel/RosRobotModel.h...
Parsing file /home/zheng/robot_ws_zheng/src/ros_robot_controller/include/robotmodel/RosRobotModel.h...
Preprocessing /home/zheng/robot_ws_zheng/src/ros_robot_controller/include/sepPlane/sepPlane.h...
Parsing file /home/zheng/robot_ws_zheng/src/ros_robot_controller/include/sepPlane/sepPlane.h...
make[2] : on entre dans le répertoire « /home/zheng/robot_ws_zheng/build/ros_robot_controller »
make[2]: rien à faire pour « src/CMakeFiles/ros_robot_controller_library.dir/build ».
make[2] : on quitte le répertoire « /home/zheng/robot_ws_zheng/build/ros_robot_controller »
Preprocessing /home/zheng/robot_ws_zheng/src/ros_robot_controller/include/solver/lpsolve.h...
Parsing file /home/zheng/robot_ws_zheng/src/ros_robot_controller/include/solver/lpsolve.h...
Preprocessing /home/zheng/robot_ws_zheng/src/ros_robot_controller/include/solver/RosMpcSolver.h...
Parsing file /home/zheng/robot_ws_zheng/src/ros_robot_controller/include/solver/RosMpcSolver.h...
Preprocessing /home/zheng/robot_ws_zheng/src/ros_robot_controller/include/solver/RosPlaneSolver.h...
Parsing file /home/zheng/robot_ws_zheng/src/ros_robot_controller/include/solver/RosPlaneSolver.h...
Preprocessing /home/zheng/robot_ws_zheng/src/ros_robot_controller/include/task/RosMpcTask.h...
[ 38%] Built target ros_robot_controller_library
Parsing file /home/zheng/robot_ws_zheng/src/ros_robot_controller/include/task/RosMpcTask.h...
/usr/bin/make -f examples/CMakeFiles/setinit.dir/build.make examples/CMakeFiles/setinit.dir/depend
/usr/bin/make -f examples/CMakeFiles/movingobstacleavoidance.dir/build.make examples/CMakeFiles/movingobstacleavoidance.dir/depend
/usr/bin/make -f examples/CMakeFiles/qptest.dir/build.make examples/CMakeFiles/qptest.dir/depend
/usr/bin/make -f examples/CMakeFiles/obsavoidancedemo.dir/build.make examples/CMakeFiles/obsavoidancedemo.dir/depend
/usr/bin/make -f examples/CMakeFiles/ros_gazebo_sim.dir/build.make examples/CMakeFiles/ros_gazebo_sim.dir/depend
/usr/bin/make -f examples/CMakeFiles/iDynTreeTest.dir/build.make examples/CMakeFiles/iDynTreeTest.dir/depend
/usr/bin/make -f examples/CMakeFiles/qpplaneformulation.dir/build.make examples/CMakeFiles/qpplaneformulation.dir/depend
Preprocessing /home/zheng/robot_ws_zheng/src/ros_robot_controller/include/visualization/RosMarkers.h...
Parsing file /home/zheng/robot_ws_zheng/src/ros_robot_controller/include/visualization/RosMarkers.h...
Preprocessing /home/zheng/robot_ws_zheng/src/ros_robot_controller/src/CMakeLists.txt...
Parsing file /home/zheng/robot_ws_zheng/src/ros_robot_controller/src/CMakeLists.txt...
Preprocessing /home/zheng/robot_ws_zheng/src/ros_robot_controller/src/constraint/RosAvoidanceCst.cpp...
make[2] : on entre dans le répertoire « /home/zheng/robot_ws_zheng/build/ros_robot_controller »
cd /home/zheng/robot_ws_zheng/build/ros_robot_controller && /usr/local/bin/cmake -E cmake_depends "Unix Makefiles" /home/zheng/robot_ws_zheng/src/ros_robot_controller /home/zheng/robot_ws_zheng/src/ros_robot_controller/examples /home/zheng/robot_ws_zheng/build/ros_robot_controller /home/zheng/robot_ws_zheng/build/ros_robot_controller/examples /home/zheng/robot_ws_zheng/build/ros_robot_controller/examples/CMakeFiles/qptest.dir/DependInfo.cmake --color=
Parsing file /home/zheng/robot_ws_zheng/src/ros_robot_controller/src/constraint/RosAvoidanceCst.cpp...
make[2] : on entre dans le répertoire « /home/zheng/robot_ws_zheng/build/ros_robot_controller »
cd /home/zheng/robot_ws_zheng/build/ros_robot_controller && /usr/local/bin/cmake -E cmake_depends "Unix Makefiles" /home/zheng/robot_ws_zheng/src/ros_robot_controller /home/zheng/robot_ws_zheng/src/ros_robot_controller/examples /home/zheng/robot_ws_zheng/build/ros_robot_controller /home/zheng/robot_ws_zheng/build/ros_robot_controller/examples /home/zheng/robot_ws_zheng/build/ros_robot_controller/examples/CMakeFiles/movingobstacleavoidance.dir/DependInfo.cmake --color=
Preprocessing /home/zheng/robot_ws_zheng/src/ros_robot_controller/src/constraint/RosGenericCst.cpp...
Parsing file /home/zheng/robot_ws_zheng/src/ros_robot_controller/src/constraint/RosGenericCst.cpp...
Preprocessing /home/zheng/robot_ws_zheng/src/ros_robot_controller/src/constraint/RosJointPosCst.cpp...
Parsing file /home/zheng/robot_ws_zheng/src/ros_robot_controller/src/constraint/RosJointPosCst.cpp...
Preprocessing /home/zheng/robot_ws_zheng/src/ros_robot_controller/src/constraint/RosJointVelCst.cpp...
Parsing file /home/zheng/robot_ws_zheng/src/ros_robot_controller/src/constraint/RosJointVelCst.cpp...
make[2] : on entre dans le répertoire « /home/zheng/robot_ws_zheng/build/ros_robot_controller »
cd /home/zheng/robot_ws_zheng/build/ros_robot_controller && /usr/local/bin/cmake -E cmake_depends "Unix Makefiles" /home/zheng/robot_ws_zheng/src/ros_robot_controller /home/zheng/robot_ws_zheng/src/ros_robot_controller/examples /home/zheng/robot_ws_zheng/build/ros_robot_controller /home/zheng/robot_ws_zheng/build/ros_robot_controller/examples /home/zheng/robot_ws_zheng/build/ros_robot_controller/examples/CMakeFiles/setinit.dir/DependInfo.cmake --color=
make[2] : on entre dans le répertoire « /home/zheng/robot_ws_zheng/build/ros_robot_controller »
cd /home/zheng/robot_ws_zheng/build/ros_robot_controller && /usr/local/bin/cmake -E cmake_depends "Unix Makefiles" /home/zheng/robot_ws_zheng/src/ros_robot_controller /home/zheng/robot_ws_zheng/src/ros_robot_controller/examples /home/zheng/robot_ws_zheng/build/ros_robot_controller /home/zheng/robot_ws_zheng/build/ros_robot_controller/examples /home/zheng/robot_ws_zheng/build/ros_robot_controller/examples/CMakeFiles/obsavoidancedemo.dir/DependInfo.cmake --color=
Preprocessing /home/zheng/robot_ws_zheng/src/ros_robot_controller/src/humanmodel/humanmodel.cpp...
make[2] : on entre dans le répertoire « /home/zheng/robot_ws_zheng/build/ros_robot_controller »
cd /home/zheng/robot_ws_zheng/build/ros_robot_controller && /usr/local/bin/cmake -E cmake_depends "Unix Makefiles" /home/zheng/robot_ws_zheng/src/ros_robot_controller /home/zheng/robot_ws_zheng/src/ros_robot_controller/examples /home/zheng/robot_ws_zheng/build/ros_robot_controller /home/zheng/robot_ws_zheng/build/ros_robot_controller/examples /home/zheng/robot_ws_zheng/build/ros_robot_controller/examples/CMakeFiles/ros_gazebo_sim.dir/DependInfo.cmake --color=
Parsing file /home/zheng/robot_ws_zheng/src/ros_robot_controller/src/humanmodel/humanmodel.cpp...
Preprocessing /home/zheng/robot_ws_zheng/src/ros_robot_controller/src/robotmodel/chainjnttojacdotsolver.cpp...
Parsing file /home/zheng/robot_ws_zheng/src/ros_robot_controller/src/robotmodel/chainjnttojacdotsolver.cpp...
Preprocessing /home/zheng/robot_ws_zheng/src/ros_robot_controller/src/robotmodel/RobotDynTree.cpp...
Parsing file /home/zheng/robot_ws_zheng/src/ros_robot_controller/src/robotmodel/RobotDynTree.cpp...
make[2] : on quitte le répertoire « /home/zheng/robot_ws_zheng/build/ros_robot_controller »
make[2] : on quitte le répertoire « /home/zheng/robot_ws_zheng/build/ros_robot_controller »
/usr/bin/make -f examples/CMakeFiles/setinit.dir/build.make examples/CMakeFiles/setinit.dir/build
Preprocessing /home/zheng/robot_ws_zheng/src/ros_robot_controller/src/robotmodel/RosRobotModel.cpp...
/usr/bin/make -f examples/CMakeFiles/movingobstacleavoidance.dir/build.make examples/CMakeFiles/movingobstacleavoidance.dir/build
make[2] : on entre dans le répertoire « /home/zheng/robot_ws_zheng/build/ros_robot_controller »
cd /home/zheng/robot_ws_zheng/build/ros_robot_controller && /usr/local/bin/cmake -E cmake_depends "Unix Makefiles" /home/zheng/robot_ws_zheng/src/ros_robot_controller /home/zheng/robot_ws_zheng/src/ros_robot_controller/examples /home/zheng/robot_ws_zheng/build/ros_robot_controller /home/zheng/robot_ws_zheng/build/ros_robot_controller/examples /home/zheng/robot_ws_zheng/build/ros_robot_controller/examples/CMakeFiles/iDynTreeTest.dir/DependInfo.cmake --color=
Parsing file /home/zheng/robot_ws_zheng/src/ros_robot_controller/src/robotmodel/RosRobotModel.cpp...
Preprocessing /home/zheng/robot_ws_zheng/src/ros_robot_controller/src/sepPlane/sepPlane.cpp...
make[2] : on entre dans le répertoire « /home/zheng/robot_ws_zheng/build/ros_robot_controller »
cd /home/zheng/robot_ws_zheng/build/ros_robot_controller && /usr/local/bin/cmake -E cmake_depends "Unix Makefiles" /home/zheng/robot_ws_zheng/src/ros_robot_controller /home/zheng/robot_ws_zheng/src/ros_robot_controller/examples /home/zheng/robot_ws_zheng/build/ros_robot_controller /home/zheng/robot_ws_zheng/build/ros_robot_controller/examples /home/zheng/robot_ws_zheng/build/ros_robot_controller/examples/CMakeFiles/qpplaneformulation.dir/DependInfo.cmake --color=
Parsing file /home/zheng/robot_ws_zheng/src/ros_robot_controller/src/sepPlane/sepPlane.cpp...
Preprocessing /home/zheng/robot_ws_zheng/src/ros_robot_controller/src/solver/lpsolve.cpp...
Parsing file /home/zheng/robot_ws_zheng/src/ros_robot_controller/src/solver/lpsolve.cpp...
Preprocessing /home/zheng/robot_ws_zheng/src/ros_robot_controller/src/solver/RosMpcSolver.cpp...
Parsing file /home/zheng/robot_ws_zheng/src/ros_robot_controller/src/solver/RosMpcSolver.cpp...
make[2] : on quitte le répertoire « /home/zheng/robot_ws_zheng/build/ros_robot_controller »
/usr/bin/make -f examples/CMakeFiles/obsavoidancedemo.dir/build.make examples/CMakeFiles/obsavoidancedemo.dir/build
make[2] : on quitte le répertoire « /home/zheng/robot_ws_zheng/build/ros_robot_controller »
/usr/bin/make -f examples/CMakeFiles/qptest.dir/build.make examples/CMakeFiles/qptest.dir/build
Preprocessing /home/zheng/robot_ws_zheng/src/ros_robot_controller/src/solver/RosPlaneSolver.cpp...
Parsing file /home/zheng/robot_ws_zheng/src/ros_robot_controller/src/solver/RosPlaneSolver.cpp...
Preprocessing /home/zheng/robot_ws_zheng/src/ros_robot_controller/src/task/RosMpcTask.cpp...
Parsing file /home/zheng/robot_ws_zheng/src/ros_robot_controller/src/task/RosMpcTask.cpp...
Preprocessing /home/zheng/robot_ws_zheng/src/ros_robot_controller/src/visualization/RosMarkers.cpp...
Parsing file /home/zheng/robot_ws_zheng/src/ros_robot_controller/src/visualization/RosMarkers.cpp...
make[2] : on quitte le répertoire « /home/zheng/robot_ws_zheng/build/ros_robot_controller »
/usr/bin/make -f examples/CMakeFiles/iDynTreeTest.dir/build.make examples/CMakeFiles/iDynTreeTest.dir/build
Building group list...
make[2] : on quitte le répertoire « /home/zheng/robot_ws_zheng/build/ros_robot_controller »
/usr/bin/make -f examples/CMakeFiles/ros_gazebo_sim.dir/build.make examples/CMakeFiles/ros_gazebo_sim.dir/build
Building directory list...
Building namespace list...
Building file list...
Building class list...
Computing nesting relations for classes...
Associating documentation with classes...
Building example list...
Searching for enumerations...
Searching for documented typedefs...
make[2] : on quitte le répertoire « /home/zheng/robot_ws_zheng/build/ros_robot_controller »
Searching for members imported via using declarations...
Searching for included using directives...
Searching for documented variables...
/usr/bin/make -f examples/CMakeFiles/qpplaneformulation.dir/build.make examples/CMakeFiles/qpplaneformulation.dir/build
Building interface member list...
Building member list...
make[2] : on entre dans le répertoire « /home/zheng/robot_ws_zheng/build/ros_robot_controller »
make[2]: rien à faire pour « examples/CMakeFiles/setinit.dir/build ».
make[2] : on quitte le répertoire « /home/zheng/robot_ws_zheng/build/ros_robot_controller »
make[2] : on entre dans le répertoire « /home/zheng/robot_ws_zheng/build/ros_robot_controller »
make[2]: rien à faire pour « examples/CMakeFiles/qptest.dir/build ».
make[2] : on quitte le répertoire « /home/zheng/robot_ws_zheng/build/ros_robot_controller »
make[2] : on entre dans le répertoire « /home/zheng/robot_ws_zheng/build/ros_robot_controller »
make[2]: rien à faire pour « examples/CMakeFiles/movingobstacleavoidance.dir/build ».
make[2] : on quitte le répertoire « /home/zheng/robot_ws_zheng/build/ros_robot_controller »
make[2] : on entre dans le répertoire « /home/zheng/robot_ws_zheng/build/ros_robot_controller »
make[2]: rien à faire pour « examples/CMakeFiles/obsavoidancedemo.dir/build ».
make[2] : on quitte le répertoire « /home/zheng/robot_ws_zheng/build/ros_robot_controller »
Searching for friends...
Searching for documented defines...
Computing class inheritance relations...
Computing class usage relations...
[ 47%] Built target qptest
[ 47%] Built target setinit
[ 52%] Built target movingobstacleavoidance
/usr/bin/make -f examples/CMakeFiles/multiobstacle.dir/build.make examples/CMakeFiles/multiobstacle.dir/depend
/usr/bin/make -f examples/CMakeFiles/2Dexample.dir/build.make examples/CMakeFiles/2Dexample.dir/depend
make[2] : on entre dans le répertoire « /home/zheng/robot_ws_zheng/build/ros_robot_controller »
make[2]: rien à faire pour « examples/CMakeFiles/iDynTreeTest.dir/build ».
make[2] : on quitte le répertoire « /home/zheng/robot_ws_zheng/build/ros_robot_controller »
Flushing cached template relations that have become invalid...
[ 57%] Built target obsavoidancedemo
/usr/bin/make -f examples/CMakeFiles/nonlinearsolve.dir/build.make examples/CMakeFiles/nonlinearsolve.dir/depend
Computing class relations...
Add enum values to enums...
/usr/bin/make -f examples/CMakeFiles/markers.dir/build.make examples/CMakeFiles/markers.dir/depend
make[2] : on entre dans le répertoire « /home/zheng/robot_ws_zheng/build/ros_robot_controller »
cd /home/zheng/robot_ws_zheng/build/ros_robot_controller && /usr/local/bin/cmake -E cmake_depends "Unix Makefiles" /home/zheng/robot_ws_zheng/src/ros_robot_controller /home/zheng/robot_ws_zheng/src/ros_robot_controller/examples /home/zheng/robot_ws_zheng/build/ros_robot_controller /home/zheng/robot_ws_zheng/build/ros_robot_controller/examples /home/zheng/robot_ws_zheng/build/ros_robot_controller/examples/CMakeFiles/2Dexample.dir/DependInfo.cmake --color=
make[2] : on entre dans le répertoire « /home/zheng/robot_ws_zheng/build/ros_robot_controller »
make[2]: rien à faire pour « examples/CMakeFiles/qpplaneformulation.dir/build ».
make[2] : on quitte le répertoire « /home/zheng/robot_ws_zheng/build/ros_robot_controller »
Searching for member function documentation...
make[2] : on entre dans le répertoire « /home/zheng/robot_ws_zheng/build/ros_robot_controller »
cd /home/zheng/robot_ws_zheng/build/ros_robot_controller && /usr/local/bin/cmake -E cmake_depends "Unix Makefiles" /home/zheng/robot_ws_zheng/src/ros_robot_controller /home/zheng/robot_ws_zheng/src/ros_robot_controller/examples /home/zheng/robot_ws_zheng/build/ros_robot_controller /home/zheng/robot_ws_zheng/build/ros_robot_controller/examples /home/zheng/robot_ws_zheng/build/ros_robot_controller/examples/CMakeFiles/multiobstacle.dir/DependInfo.cmake --color=
[ 61%] Built target iDynTreeTest
/usr/bin/make -f examples/CMakeFiles/openpose_test.dir/build.make examples/CMakeFiles/openpose_test.dir/depend
make[2] : on entre dans le répertoire « /home/zheng/robot_ws_zheng/build/ros_robot_controller »
cd /home/zheng/robot_ws_zheng/build/ros_robot_controller && /usr/local/bin/cmake -E cmake_depends "Unix Makefiles" /home/zheng/robot_ws_zheng/src/ros_robot_controller /home/zheng/robot_ws_zheng/src/ros_robot_controller/examples /home/zheng/robot_ws_zheng/build/ros_robot_controller /home/zheng/robot_ws_zheng/build/ros_robot_controller/examples /home/zheng/robot_ws_zheng/build/ros_robot_controller/examples/CMakeFiles/nonlinearsolve.dir/DependInfo.cmake --color=
/home/zheng/robot_ws_zheng/src/ros_robot_controller/src/robotmodel/chainjnttojacdotsolver.cpp:35: warning: no matching class member found for 
  int KDL::ChainJntToJacDotSolver::JntToJacDot(const JntArrayVel &q_in, Twist &jac_dot_q_dot, int seg_nr)
Possible candidates:
  'virtual int KDL::ChainJntToJacDotSolver::JntToJacDot(const KDL::JntArrayVel &q_in, KDL::Twist &jac_dot_q_dot, int seg_nr=-1)'
  'virtual int KDL::ChainJntToJacDotSolver::JntToJacDot(const KDL::JntArrayVel &q_in, KDL::Jacobian &jdot, int seg_nr=-1)'

/home/zheng/robot_ws_zheng/src/ros_robot_controller/src/robotmodel/chainjnttojacdotsolver.cpp:42: warning: no matching class member found for 
  int KDL::ChainJntToJacDotSolver::JntToJacDot(const JntArrayVel &q_in, Jacobian &jdot, int seg_nr)
Possible candidates:
  'virtual int KDL::ChainJntToJacDotSolver::JntToJacDot(const KDL::JntArrayVel &q_in, KDL::Twist &jac_dot_q_dot, int seg_nr=-1)'
  'virtual int KDL::ChainJntToJacDotSolver::JntToJacDot(const KDL::JntArrayVel &q_in, KDL::Jacobian &jdot, int seg_nr=-1)'

make[2] : on entre dans le répertoire « /home/zheng/robot_ws_zheng/build/ros_robot_controller »
cd /home/zheng/robot_ws_zheng/build/ros_robot_controller && /usr/local/bin/cmake -E cmake_depends "Unix Makefiles" /home/zheng/robot_ws_zheng/src/ros_robot_controller /home/zheng/robot_ws_zheng/src/ros_robot_controller/examples /home/zheng/robot_ws_zheng/build/ros_robot_controller /home/zheng/robot_ws_zheng/build/ros_robot_controller/examples /home/zheng/robot_ws_zheng/build/ros_robot_controller/examples/CMakeFiles/openpose_test.dir/DependInfo.cmake --color=
make[2] : on entre dans le répertoire « /home/zheng/robot_ws_zheng/build/ros_robot_controller »
cd /home/zheng/robot_ws_zheng/build/ros_robot_controller && /usr/local/bin/cmake -E cmake_depends "Unix Makefiles" /home/zheng/robot_ws_zheng/src/ros_robot_controller /home/zheng/robot_ws_zheng/src/ros_robot_controller/examples /home/zheng/robot_ws_zheng/build/ros_robot_controller /home/zheng/robot_ws_zheng/build/ros_robot_controller/examples /home/zheng/robot_ws_zheng/build/ros_robot_controller/examples/CMakeFiles/markers.dir/DependInfo.cmake --color=
make[2] : on entre dans le répertoire « /home/zheng/robot_ws_zheng/build/ros_robot_controller »
make[2]: rien à faire pour « examples/CMakeFiles/ros_gazebo_sim.dir/build ».
make[2] : on quitte le répertoire « /home/zheng/robot_ws_zheng/build/ros_robot_controller »
make[2] : on quitte le répertoire « /home/zheng/robot_ws_zheng/build/ros_robot_controller »
/usr/bin/make -f examples/CMakeFiles/2Dexample.dir/build.make examples/CMakeFiles/2Dexample.dir/build
[ 66%] Built target qpplaneformulation
/usr/bin/make -f examples/CMakeFiles/franka_example.dir/build.make examples/CMakeFiles/franka_example.dir/depend
make[2] : on quitte le répertoire « /home/zheng/robot_ws_zheng/build/ros_robot_controller »
make[2] : on quitte le répertoire « /home/zheng/robot_ws_zheng/build/ros_robot_controller »
/usr/bin/make -f examples/CMakeFiles/openpose_test.dir/build.make examples/CMakeFiles/openpose_test.dir/build
/usr/bin/make -f examples/CMakeFiles/nonlinearsolve.dir/build.make examples/CMakeFiles/nonlinearsolve.dir/build
make[2] : on entre dans le répertoire « /home/zheng/robot_ws_zheng/build/ros_robot_controller »
cd /home/zheng/robot_ws_zheng/build/ros_robot_controller && /usr/local/bin/cmake -E cmake_depends "Unix Makefiles" /home/zheng/robot_ws_zheng/src/ros_robot_controller /home/zheng/robot_ws_zheng/src/ros_robot_controller/examples /home/zheng/robot_ws_zheng/build/ros_robot_controller /home/zheng/robot_ws_zheng/build/ros_robot_controller/examples /home/zheng/robot_ws_zheng/build/ros_robot_controller/examples/CMakeFiles/franka_example.dir/DependInfo.cmake --color=
[ 71%] Built target ros_gazebo_sim
Creating members for template instances...
Building page list...
Search for main page...
Computing page relations...
Determining the scope of groups...
make[2] : on quitte le répertoire « /home/zheng/robot_ws_zheng/build/ros_robot_controller »
Sorting lists...
/usr/bin/make -f examples/CMakeFiles/multiobstacle.dir/build.make examples/CMakeFiles/multiobstacle.dir/build
make[2] : on quitte le répertoire « /home/zheng/robot_ws_zheng/build/ros_robot_controller »
/usr/bin/make -f examples/CMakeFiles/markers.dir/build.make examples/CMakeFiles/markers.dir/build
Determining which enums are documented
Computing member relations...
Building full member lists recursively...
Adding members to member groups.
Computing member references...
make[2] : on entre dans le répertoire « /home/zheng/robot_ws_zheng/build/ros_robot_controller »
make[2]: rien à faire pour « examples/CMakeFiles/openpose_test.dir/build ».
make[2] : on quitte le répertoire « /home/zheng/robot_ws_zheng/build/ros_robot_controller »
Inheriting documentation...
make[2] : on quitte le répertoire « /home/zheng/robot_ws_zheng/build/ros_robot_controller »
Generating disk names...
/usr/bin/make -f examples/CMakeFiles/franka_example.dir/build.make examples/CMakeFiles/franka_example.dir/build
Adding source references...
Adding xrefitems...
Sorting member lists...
Setting anonymous enum type...
[ 76%] Built target openpose_test
Computing dependencies between directories...
Generating citations page...
Counting members...
Counting data structures...
Resolving user defined references...
Finding anchors and sections in the documentation...
Transferring function references...
Combining using relations...
Adding members to index pages...
Correcting members for VHDL...
make[2] : on entre dans le répertoire « /home/zheng/robot_ws_zheng/build/ros_robot_controller »
make[2]: rien à faire pour « examples/CMakeFiles/2Dexample.dir/build ».
make[2] : on quitte le répertoire « /home/zheng/robot_ws_zheng/build/ros_robot_controller »
make[2] : on entre dans le répertoire « /home/zheng/robot_ws_zheng/build/ros_robot_controller »
make[2]: rien à faire pour « examples/CMakeFiles/markers.dir/build ».
make[2] : on quitte le répertoire « /home/zheng/robot_ws_zheng/build/ros_robot_controller »
make[2] : on entre dans le répertoire « /home/zheng/robot_ws_zheng/build/ros_robot_controller »
make[2]: rien à faire pour « examples/CMakeFiles/multiobstacle.dir/build ».
make[2] : on quitte le répertoire « /home/zheng/robot_ws_zheng/build/ros_robot_controller »
[ 80%] Built target 2Dexample
make[2] : on entre dans le répertoire « /home/zheng/robot_ws_zheng/build/ros_robot_controller »
make[2]: rien à faire pour « examples/CMakeFiles/nonlinearsolve.dir/build ».
make[2] : on quitte le répertoire « /home/zheng/robot_ws_zheng/build/ros_robot_controller »
[ 85%] Built target markers
make[2] : on entre dans le répertoire « /home/zheng/robot_ws_zheng/build/ros_robot_controller »
make[2]: rien à faire pour « examples/CMakeFiles/franka_example.dir/build ».
make[2] : on quitte le répertoire « /home/zheng/robot_ws_zheng/build/ros_robot_controller »
[ 90%] Built target multiobstacle
[ 95%] Built target nonlinearsolve
[100%] Built target franka_example
Generating style sheet...
Generating search indices...
Generating example documentation...
Generating file sources...
Generating code for file /home/zheng/robot_ws_zheng/src/ros_robot_controller/include/commun/color.h...
Generating code for file /home/zheng/robot_ws_zheng/src/ros_robot_controller/include/commun/RosCommunDefinition.h...
Generating code for file /home/zheng/robot_ws_zheng/src/ros_robot_controller/include/constraint/RosAvoidanceCst.h...
Generating code for file /home/zheng/robot_ws_zheng/src/ros_robot_controller/include/constraint/RosCartVelCst.h...
Generating code for file /home/zheng/robot_ws_zheng/src/ros_robot_controller/include/constraint/RosGenericCst.h...
Generating code for file /home/zheng/robot_ws_zheng/src/ros_robot_controller/include/constraint/RosJointAccCst.h...
Generating code for file /home/zheng/robot_ws_zheng/src/ros_robot_controller/include/constraint/RosJointPosCst.h...
Generating code for file /home/zheng/robot_ws_zheng/src/ros_robot_controller/include/constraint/RosJointVelCst.h...
Generating code for file /home/zheng/robot_ws_zheng/src/ros_robot_controller/include/humanmodel/humanmodel.h...
Generating code for file /home/zheng/robot_ws_zheng/src/ros_robot_controller/include/robotmodel/chainjnttojacdotsolver.h...
/home/zheng/robot_ws_zheng/src/ros_robot_controller/include/robotmodel/chainjnttojacdotsolver.h:107: warning: @copybrief or @copydoc target 'KDL::SolverI::strError()' not found
Generating code for file /home/zheng/robot_ws_zheng/src/ros_robot_controller/include/robotmodel/RobotDynTree.h...
Generating code for file /home/zheng/robot_ws_zheng/src/ros_robot_controller/include/robotmodel/RosRobotModel.h...
Generating code for file /home/zheng/robot_ws_zheng/src/ros_robot_controller/include/sepPlane/sepPlane.h...
Generating code for file /home/zheng/robot_ws_zheng/src/ros_robot_controller/include/solver/lpsolve.h...
Generating code for file /home/zheng/robot_ws_zheng/src/ros_robot_controller/include/solver/RosMpcSolver.h...
Generating code for file /home/zheng/robot_ws_zheng/src/ros_robot_controller/include/solver/RosPlaneSolver.h...
Generating code for file /home/zheng/robot_ws_zheng/src/ros_robot_controller/include/task/RosMpcTask.h...
Generating code for file /home/zheng/robot_ws_zheng/src/ros_robot_controller/include/visualization/RosMarkers.h...
Generating file documentation...
Generating docs for file /home/zheng/robot_ws_zheng/src/ros_robot_controller/include/commun/color.h...
Generating docs for file /home/zheng/robot_ws_zheng/src/ros_robot_controller/include/commun/RosCommunDefinition.h...
Generating docs for file /home/zheng/robot_ws_zheng/src/ros_robot_controller/include/constraint/RosAvoidanceCst.h...
Generating docs for file /home/zheng/robot_ws_zheng/src/ros_robot_controller/include/constraint/RosCartVelCst.h...
Generating docs for file /home/zheng/robot_ws_zheng/src/ros_robot_controller/include/constraint/RosGenericCst.h...
Generating docs for file /home/zheng/robot_ws_zheng/src/ros_robot_controller/include/constraint/RosJointAccCst.h...
Generating docs for file /home/zheng/robot_ws_zheng/src/ros_robot_controller/include/constraint/RosJointPosCst.h...
Generating docs for file /home/zheng/robot_ws_zheng/src/ros_robot_controller/include/constraint/RosJointVelCst.h...
Generating docs for file /home/zheng/robot_ws_zheng/src/ros_robot_controller/include/humanmodel/humanmodel.h...
Generating docs for file /home/zheng/robot_ws_zheng/src/ros_robot_controller/include/robotmodel/chainjnttojacdotsolver.h...
Generating docs for file /home/zheng/robot_ws_zheng/src/ros_robot_controller/include/robotmodel/RobotDynTree.h...
Generating docs for file /home/zheng/robot_ws_zheng/src/ros_robot_controller/include/robotmodel/RosRobotModel.h...
Generating docs for file /home/zheng/robot_ws_zheng/src/ros_robot_controller/include/sepPlane/sepPlane.h...
Generating docs for file /home/zheng/robot_ws_zheng/src/ros_robot_controller/include/solver/lpsolve.h...
Generating docs for file /home/zheng/robot_ws_zheng/src/ros_robot_controller/include/solver/RosMpcSolver.h...
Generating docs for file /home/zheng/robot_ws_zheng/src/ros_robot_controller/include/solver/RosPlaneSolver.h...
Generating docs for file /home/zheng/robot_ws_zheng/src/ros_robot_controller/include/task/RosMpcTask.h...
Generating docs for file /home/zheng/robot_ws_zheng/src/ros_robot_controller/include/visualization/RosMarkers.h...
Generating docs for file /home/zheng/robot_ws_zheng/src/ros_robot_controller/src/CMakeLists.txt...
Generating docs for file /home/zheng/robot_ws_zheng/src/ros_robot_controller/src/constraint/RosAvoidanceCst.cpp...
Generating docs for file /home/zheng/robot_ws_zheng/src/ros_robot_controller/src/constraint/RosGenericCst.cpp...
Generating docs for file /home/zheng/robot_ws_zheng/src/ros_robot_controller/src/constraint/RosJointPosCst.cpp...
Generating docs for file /home/zheng/robot_ws_zheng/src/ros_robot_controller/src/constraint/RosJointVelCst.cpp...
Generating docs for file /home/zheng/robot_ws_zheng/src/ros_robot_controller/src/humanmodel/humanmodel.cpp...
Generating docs for file /home/zheng/robot_ws_zheng/src/ros_robot_controller/src/robotmodel/chainjnttojacdotsolver.cpp...
Generating docs for file /home/zheng/robot_ws_zheng/src/ros_robot_controller/src/robotmodel/RobotDynTree.cpp...
Generating docs for file /home/zheng/robot_ws_zheng/src/ros_robot_controller/src/robotmodel/RosRobotModel.cpp...
Generating docs for file /home/zheng/robot_ws_zheng/src/ros_robot_controller/src/sepPlane/sepPlane.cpp...
Generating docs for file /home/zheng/robot_ws_zheng/src/ros_robot_controller/src/solver/lpsolve.cpp...
Generating docs for file /home/zheng/robot_ws_zheng/src/ros_robot_controller/src/solver/RosMpcSolver.cpp...
Generating docs for file /home/zheng/robot_ws_zheng/src/ros_robot_controller/src/solver/RosPlaneSolver.cpp...
Generating docs for file /home/zheng/robot_ws_zheng/src/ros_robot_controller/src/task/RosMpcTask.cpp...
Generating docs for file /home/zheng/robot_ws_zheng/src/ros_robot_controller/src/visualization/RosMarkers.cpp...
Generating page documentation...
Generating group documentation...
Generating class documentation...
Generating docs for compound arm_kinematic...
/home/zheng/robot_ws_zheng/src/ros_robot_controller/include/robotmodel/RosRobotModel.h:106: warning: argument 'kdl_segment' of command @param is not found in the argument list of arm_kinematic::getSegment(unsigned int segment)
/home/zheng/robot_ws_zheng/src/ros_robot_controller/include/robotmodel/RosRobotModel.h:135: warning: argument 'kdl_frame' of command @param is not found in the argument list of arm_kinematic::getSegmentPosition(const std::string &segment_name)
/home/zheng/robot_ws_zheng/src/ros_robot_controller/include/robotmodel/RosRobotModel.h:125: warning: argument 'kdl_frame' of command @param is not found in the argument list of arm_kinematic::getSegmentPosition(unsigned int segment)
/home/zheng/robot_ws_zheng/src/ros_robot_controller/include/robotmodel/RosRobotModel.h:271: warning: argument 'qd_des' of command @param is not found in the argument list of arm_kinematic::setJointVelocities(const Eigen::VectorXd &qd)
/home/zheng/robot_ws_zheng/src/ros_robot_controller/include/robotmodel/RosRobotModel.h:275: warning: The following parameter of arm_kinematic::setJointVelocities(const Eigen::VectorXd &qd) is not documented:
  parameter 'qd'
/home/zheng/robot_ws_zheng/src/ros_robot_controller/include/robotmodel/RosRobotModel.h:383: warning: argument 'Ros' of command @param is not found in the argument list of arm_kinematic::subscriberCallback(const sensor_msgs::JointState &jntState)
/home/zheng/robot_ws_zheng/src/ros_robot_controller/include/robotmodel/RosRobotModel.h:387: warning: The following parameter of arm_kinematic::subscriberCallback(const sensor_msgs::JointState &jntState) is not documented:
  parameter 'jntState'
Generating docs for compound cartVelCst...
Generating docs for compound constraintData...
Generating docs for compound generic_cst...
/home/zheng/robot_ws_zheng/src/ros_robot_controller/include/constraint/RosGenericCst.h:33: warning: The following parameters of generic_cst::generic_cst(int ndof, int N, double dt, std::string name, Eigen::MatrixXd Px, Eigen::MatrixXd Pu) are not documented:
  parameter 'name'
  parameter 'Px'
  parameter 'Pu'
/home/zheng/robot_ws_zheng/src/ros_robot_controller/include/constraint/RosGenericCst.h:37: warning: argument 'Px' of command @param is not found in the argument list of generic_cst::setLowerBound(const Eigen::VectorXd &robot_state)
/home/zheng/robot_ws_zheng/src/ros_robot_controller/include/constraint/RosGenericCst.h:46: warning: argument 'Px' of command @param is not found in the argument list of generic_cst::setUpperBound(const Eigen::VectorXd &robot_state)
/home/zheng/robot_ws_zheng/src/ros_robot_controller/include/constraint/RosGenericCst.h:59: warning: argument 'Px' of command @param is not found in the argument list of generic_cst::update(const Eigen::VectorXd &robot_state)
/home/zheng/robot_ws_zheng/src/ros_robot_controller/include/constraint/RosGenericCst.h:59: warning: argument 'Pu' of command @param is not found in the argument list of generic_cst::update(const Eigen::VectorXd &robot_state)
Generating docs for compound humanModel...
/home/zheng/robot_ws_zheng/src/ros_robot_controller/include/humanmodel/humanmodel.h:96: warning: argument '4x4' of command @param is not found in the argument list of humanModel::Adjoint(const Eigen::MatrixXd &T)
/home/zheng/robot_ws_zheng/src/ros_robot_controller/include/humanmodel/humanmodel.h:103: warning: The following parameter of humanModel::Adjoint(const Eigen::MatrixXd &T) is not documented:
  parameter 'T'
/home/zheng/robot_ws_zheng/src/ros_robot_controller/include/humanmodel/humanmodel.h:39: warning: argument 'Exponential' of command @param is not found in the argument list of humanModel::AxisAng3(const Eigen::Vector3d &expc3)
/home/zheng/robot_ws_zheng/src/ros_robot_controller/include/humanmodel/humanmodel.h:46: warning: The following parameter of humanModel::AxisAng3(const Eigen::Vector3d &expc3) is not documented:
  parameter 'expc3'
/home/zheng/robot_ws_zheng/src/ros_robot_controller/include/humanmodel/humanmodel.h:128: warning: argument 'Home' of command @param is not found in the argument list of humanModel::FKinSpace(const Eigen::MatrixXd &M, const Eigen::MatrixXd &Slist, const Eigen::VectorXd &thetaList)
/home/zheng/robot_ws_zheng/src/ros_robot_controller/include/humanmodel/humanmodel.h:139: warning: The following parameters of humanModel::FKinSpace(const Eigen::MatrixXd &M, const Eigen::MatrixXd &Slist, const Eigen::VectorXd &thetaList) are not documented:
  parameter 'M'
  parameter 'Slist'
  parameter 'thetaList'
/home/zheng/robot_ws_zheng/src/ros_robot_controller/include/humanmodel/humanmodel.h:49: warning: argument 'exponenential' of command @param is not found in the argument list of humanModel::MatrixExp3(const Eigen::Matrix3d &so3mat)
/home/zheng/robot_ws_zheng/src/ros_robot_controller/include/humanmodel/humanmodel.h:55: warning: The following parameter of humanModel::MatrixExp3(const Eigen::Matrix3d &so3mat) is not documented:
  parameter 'so3mat'
/home/zheng/robot_ws_zheng/src/ros_robot_controller/include/humanmodel/humanmodel.h:111: warning: argument 'se3' of command @param is not found in the argument list of humanModel::MatrixExp6(const Eigen::MatrixXd &se3mat)
/home/zheng/robot_ws_zheng/src/ros_robot_controller/include/humanmodel/humanmodel.h:117: warning: The following parameter of humanModel::MatrixExp6(const Eigen::MatrixXd &se3mat) is not documented:
  parameter 'se3mat'
/home/zheng/robot_ws_zheng/src/ros_robot_controller/include/humanmodel/humanmodel.h:57: warning: argument 'Rotation' of command @param is not found in the argument list of humanModel::MatrixLog3(const Eigen::Matrix3d &R)
/home/zheng/robot_ws_zheng/src/ros_robot_controller/include/humanmodel/humanmodel.h:63: warning: The following parameter of humanModel::MatrixLog3(const Eigen::Matrix3d &R) is not documented:
  parameter 'R'
/home/zheng/robot_ws_zheng/src/ros_robot_controller/include/humanmodel/humanmodel.h:88: warning: argument 'spatial' of command @param is not found in the argument list of humanModel::se3ToVec(const Eigen::MatrixXd &T)
/home/zheng/robot_ws_zheng/src/ros_robot_controller/include/humanmodel/humanmodel.h:94: warning: The following parameter of humanModel::se3ToVec(const Eigen::MatrixXd &T) is not documented:
  parameter 'T'
/home/zheng/robot_ws_zheng/src/ros_robot_controller/include/humanmodel/humanmodel.h:79: warning: argument 'spatial' of command @param is not found in the argument list of humanModel::VecTose3(const Eigen::VectorXd &V)
/home/zheng/robot_ws_zheng/src/ros_robot_controller/include/humanmodel/humanmodel.h:85: warning: The following parameter of humanModel::VecTose3(const Eigen::VectorXd &V) is not documented:
  parameter 'V'
/home/zheng/robot_ws_zheng/src/ros_robot_controller/include/humanmodel/humanmodel.h:23: warning: argument 'angular' of command @param is not found in the argument list of humanModel::VecToso3(const Eigen::Vector3d &omega)
/home/zheng/robot_ws_zheng/src/ros_robot_controller/include/humanmodel/humanmodel.h:29: warning: The following parameter of humanModel::VecToso3(const Eigen::Vector3d &omega) is not documented:
  parameter 'omega'
Generating docs for compound jntAccCst...
Generating docs for compound jntPosCst...
/home/zheng/robot_ws_zheng/src/ros_robot_controller/include/constraint/RosJointPosCst.h:21: warning: argument 'Px' of command @param is not found in the argument list of jntPosCst::setLowerBound(const Eigen::VectorXd &robot_state) inherited from member setLowerBound at line 37 in file /home/zheng/robot_ws_zheng/src/ros_robot_controller/include/constraint/RosGenericCst.h
/home/zheng/robot_ws_zheng/src/ros_robot_controller/include/constraint/RosJointPosCst.h:23: warning: argument 'Px' of command @param is not found in the argument list of jntPosCst::setUpperBound(const Eigen::VectorXd &robot_state) inherited from member setUpperBound at line 46 in file /home/zheng/robot_ws_zheng/src/ros_robot_controller/include/constraint/RosGenericCst.h
/home/zheng/robot_ws_zheng/src/ros_robot_controller/include/constraint/RosJointPosCst.h:27: warning: argument 'Px' of command @param is not found in the argument list of jntPosCst::update(const Eigen::VectorXd &robot_state) inherited from member update at line 59 in file /home/zheng/robot_ws_zheng/src/ros_robot_controller/include/constraint/RosGenericCst.h
/home/zheng/robot_ws_zheng/src/ros_robot_controller/include/constraint/RosJointPosCst.h:27: warning: argument 'Pu' of command @param is not found in the argument list of jntPosCst::update(const Eigen::VectorXd &robot_state) inherited from member update at line 59 in file /home/zheng/robot_ws_zheng/src/ros_robot_controller/include/constraint/RosGenericCst.h
Generating docs for compound jntVelCst...
/home/zheng/robot_ws_zheng/src/ros_robot_controller/include/constraint/RosJointVelCst.h:20: warning: argument 'Px' of command @param is not found in the argument list of jntVelCst::setLowerBound(const Eigen::VectorXd &robot_state) inherited from member setLowerBound at line 37 in file /home/zheng/robot_ws_zheng/src/ros_robot_controller/include/constraint/RosGenericCst.h
/home/zheng/robot_ws_zheng/src/ros_robot_controller/include/constraint/RosJointVelCst.h:21: warning: argument 'Px' of command @param is not found in the argument list of jntVelCst::setUpperBound(const Eigen::VectorXd &robot_state) inherited from member setUpperBound at line 46 in file /home/zheng/robot_ws_zheng/src/ros_robot_controller/include/constraint/RosGenericCst.h
/home/zheng/robot_ws_zheng/src/ros_robot_controller/include/constraint/RosJointVelCst.h:23: warning: argument 'Px' of command @param is not found in the argument list of jntVelCst::update(const Eigen::VectorXd &robot_state) inherited from member update at line 59 in file /home/zheng/robot_ws_zheng/src/ros_robot_controller/include/constraint/RosGenericCst.h
/home/zheng/robot_ws_zheng/src/ros_robot_controller/include/constraint/RosJointVelCst.h:23: warning: argument 'Pu' of command @param is not found in the argument list of jntVelCst::update(const Eigen::VectorXd &robot_state) inherited from member update at line 59 in file /home/zheng/robot_ws_zheng/src/ros_robot_controller/include/constraint/RosGenericCst.h
Generating docs for compound lpSolver...
Generating docs for compound markers...
Generating docs for compound mpc_solve...
Generating docs for compound MPC_Task...
Generating docs for compound ObsAvoidanceCSt...
Generating docs for compound PlaneSolver...
Generating docs for compound SegmentIndice...
Generating namespace index...
Generating docs for namespace KDL
Generating docs for compound KDL::ChainJntToJacDotSolver...
/home/zheng/robot_ws_zheng/src/ros_robot_controller/include/robotmodel/chainjnttojacdotsolver.h:107: warning: @copybrief or @copydoc target 'KDL::SolverI::strError()' not found
/home/zheng/robot_ws_zheng/src/ros_robot_controller/include/robotmodel/chainjnttojacdotsolver.h:143: warning: argument 'bs_J_bs' of command @param is not found in the argument list of KDL::ChainJntToJacDotSolver::getPartialDerivative(const Jacobian &J, const unsigned int &joint_idx, const unsigned int &column_idx, const int &representation)
/home/zheng/robot_ws_zheng/src/ros_robot_controller/include/robotmodel/chainjnttojacdotsolver.h:152: warning: The following parameter of KDL::ChainJntToJacDotSolver::getPartialDerivative(const Jacobian &J, const unsigned int &joint_idx, const unsigned int &column_idx, const int &representation) is not documented:
  parameter 'J'
/home/zheng/robot_ws_zheng/src/ros_robot_controller/include/robotmodel/chainjnttojacdotsolver.h:121: warning: argument 'bs_J_ee' of command @param is not found in the argument list of KDL::ChainJntToJacDotSolver::getPartialDerivativeBodyFixed(const Jacobian &ee_J_ee, const unsigned int &joint_idx, const unsigned int &column_idx)
/home/zheng/robot_ws_zheng/src/ros_robot_controller/include/robotmodel/chainjnttojacdotsolver.h:129: warning: The following parameter of KDL::ChainJntToJacDotSolver::getPartialDerivativeBodyFixed(const Jacobian &ee_J_ee, const unsigned int &joint_idx, const unsigned int &column_idx) is not documented:
  parameter 'ee_J_ee'
/home/zheng/robot_ws_zheng/src/ros_robot_controller/include/robotmodel/chainjnttojacdotsolver.h:132: warning: argument 'ee_J_ee' of command @param is not found in the argument list of KDL::ChainJntToJacDotSolver::getPartialDerivativeInertial(const Jacobian &bs_J_bs, const unsigned int &joint_idx, const unsigned int &column_idx)
/home/zheng/robot_ws_zheng/src/ros_robot_controller/include/robotmodel/chainjnttojacdotsolver.h:140: warning: The following parameter of KDL::ChainJntToJacDotSolver::getPartialDerivativeInertial(const Jacobian &bs_J_bs, const unsigned int &joint_idx, const unsigned int &column_idx) is not documented:
  parameter 'bs_J_bs'
/home/zheng/robot_ws_zheng/src/ros_robot_controller/include/robotmodel/chainjnttojacdotsolver.h:107: warning: @copybrief or @copydoc target 'KDL::SolverI::strError()' not found
/home/zheng/robot_ws_zheng/src/ros_robot_controller/include/robotmodel/chainjnttojacdotsolver.h:107: warning: @copydetails or @copydoc target 'KDL::SolverI::strError()' not found
Generating docs for namespace plane
Generating docs for compound plane::Planes...
Generating docs for nested compound plane::Planes::PlaneData...
Generating docs for compound plane::VerticesData...
Generating docs for namespace robot
Generating docs for compound robot::EigenRobotAcceleration...
Generating docs for compound robot::EigenRobotState...
Generating docs for compound robot::iDynTreeRobotAcceleration...
Generating docs for compound robot::iDynTreeRobotState...
Generating docs for compound robot::RobotDynClass...
Generating graph info page...
Generating directory documentation...
Generating dependency graph for directory /home/zheng/robot_ws_zheng/src/ros_robot_controller/include/constraint
Generating dependency graph for directory /home/zheng/robot_ws_zheng/src/ros_robot_controller/src/constraint
Generating dependency graph for directory /home/zheng/robot_ws_zheng/src/ros_robot_controller/src/humanmodel
Generating dependency graph for directory /home/zheng/robot_ws_zheng/src/ros_robot_controller/include
Generating dependency graph for directory /home/zheng/robot_ws_zheng/src/ros_robot_controller/include/robotmodel
Generating dependency graph for directory /home/zheng/robot_ws_zheng/src/ros_robot_controller/src/robotmodel
Generating dependency graph for directory /home/zheng/robot_ws_zheng/src/ros_robot_controller
Generating dependency graph for directory /home/zheng/robot_ws_zheng/src/ros_robot_controller/include/sepPlane
Generating dependency graph for directory /home/zheng/robot_ws_zheng/src/ros_robot_controller/src/sepPlane
Generating dependency graph for directory /home/zheng/robot_ws_zheng/src/ros_robot_controller/include/solver
Generating dependency graph for directory /home/zheng/robot_ws_zheng/src/ros_robot_controller/src/solver
Generating dependency graph for directory /home/zheng/robot_ws_zheng/src
Generating dependency graph for directory /home/zheng/robot_ws_zheng/src/ros_robot_controller/src
Generating dependency graph for directory /home/zheng/robot_ws_zheng/src/ros_robot_controller/include/task
Generating dependency graph for directory /home/zheng/robot_ws_zheng/src/ros_robot_controller/src/task
Generating dependency graph for directory /home/zheng/robot_ws_zheng/src/ros_robot_controller/src/visualization
Generating bitmaps for formulas in HTML...
Generating index page...
Generating page index...
Generating module index...
Generating namespace index...
Generating namespace member index...
Generating annotated compound index...
Generating alphabetical compound index...
Generating hierarchical class index...
Generating graphical class hierarchy...
Generating member index...
Generating file index...
Generating file member index...
Generating example index...
finalizing index lists...
writing tag file...
Running plantuml with JAVA...
Running dot...
lookup cache used 668/65536 hits=2390 misses=681
finished...
make[2] : on quitte le répertoire « /home/zheng/robot_ws_zheng/build/ros_robot_controller »
[100%] Built target doc
make[1] : on quitte le répertoire « /home/zheng/robot_ws_zheng/build/ros_robot_controller »
/usr/local/bin/cmake -E cmake_progress_start /home/zheng/robot_ws_zheng/build/ros_robot_controller/CMakeFiles 0
