warning: Tag 'CLANG_ASSISTED_PARSING' at line 1026 of file '/home/zheng/robot_ws_zheng/build/ros_robot_controller/Doxyfile' belongs to an option that was not enabled at compile time.
         To avoid this warning please remove this line from your configuration file or upgrade it using "doxygen -u", or recompile doxygen with this feature enabled.
warning: Tag 'CLANG_OPTIONS' at line 1034 of file '/home/zheng/robot_ws_zheng/build/ros_robot_controller/Doxyfile' belongs to an option that was not enabled at compile time.
         To avoid this warning please remove this line from your configuration file or upgrade it using "doxygen -u", or recompile doxygen with this feature enabled.
warning: Tag 'PERL_PATH' at line 2117 of file '/home/zheng/robot_ws_zheng/build/ros_robot_controller/Doxyfile' has become obsolete.
         To avoid this warning please remove this line from your configuration file or upgrade it using "doxygen -u"
warning: Tag 'MSCGEN_PATH' at line 2139 of file '/home/zheng/robot_ws_zheng/build/ros_robot_controller/Doxyfile' has become obsolete.
         To avoid this warning please remove this line from your configuration file or upgrade it using "doxygen -u"
warning: ignoring unknown tag '2020' at line 2435, file /home/zheng/robot_ws_zheng/build/ros_robot_controller/Doxyfile
warning: ignoring unknown tag 'GitHub' at line 2435, file /home/zheng/robot_ws_zheng/build/ros_robot_controller/Doxyfile
warning: ignoring unknown tag 'Inc' at line 2435, file /home/zheng/robot_ws_zheng/build/ros_robot_controller/Doxyfile
warning: ignoring unknown tag 'Terms' at line 2436, file /home/zheng/robot_ws_zheng/build/ros_robot_controller/Doxyfile
warning: ignoring unknown tag 'Privacy' at line 2437, file /home/zheng/robot_ws_zheng/build/ros_robot_controller/Doxyfile
warning: ignoring unknown tag 'Security' at line 2438, file /home/zheng/robot_ws_zheng/build/ros_robot_controller/Doxyfile
warning: ignoring unknown tag 'Status' at line 2439, file /home/zheng/robot_ws_zheng/build/ros_robot_controller/Doxyfile
warning: ignoring unknown tag 'Help' at line 2440, file /home/zheng/robot_ws_zheng/build/ros_robot_controller/Doxyfile
warning: ignoring unknown tag 'Contact' at line 2442, file /home/zheng/robot_ws_zheng/build/ros_robot_controller/Doxyfile
warning: ignoring unknown tag 'GitHub' at line 2442, file /home/zheng/robot_ws_zheng/build/ros_robot_controller/Doxyfile
warning: ignoring unknown tag 'Pricing' at line 2443, file /home/zheng/robot_ws_zheng/build/ros_robot_controller/Doxyfile
warning: ignoring unknown tag 'API' at line 2444, file /home/zheng/robot_ws_zheng/build/ros_robot_controller/Doxyfile
warning: ignoring unknown tag 'Training' at line 2445, file /home/zheng/robot_ws_zheng/build/ros_robot_controller/Doxyfile
warning: ignoring unknown tag 'Blog' at line 2446, file /home/zheng/robot_ws_zheng/build/ros_robot_controller/Doxyfile
warning: ignoring unknown tag 'About' at line 2447, file /home/zheng/robot_ws_zheng/build/ros_robot_controller/Doxyfile
warning: tag INPUT: input source '/home/zheng/robot_ws_zheng/src/ros_robot_controller/README.md' does not exist
warning: tag INPUT: input source '/home/zheng/robot_ws_zheng/src/ros_robot_controller/impl/' does not exist
warning: tag INPUT: input source '/home/zheng/robot_ws_zheng/src/ros_robot_controller/samples/' does not exist
warning: source /home/zheng/robot_ws_zheng/src/ros_robot_controller/README.md is not a readable file or directory... skipping.
warning: source /home/zheng/robot_ws_zheng/src/ros_robot_controller/impl is not a readable file or directory... skipping.
warning: source /home/zheng/robot_ws_zheng/src/ros_robot_controller/samples is not a readable file or directory... skipping.
/home/zheng/robot_ws_zheng/src/ros_robot_controller/src/robotmodel/chainjnttojacdotsolver.cpp:35: warning: no matching class member found for 
  int KDL::ChainJntToJacDotSolver::JntToJacDot(const JntArrayVel &q_in, Twist &jac_dot_q_dot, int seg_nr)
Possible candidates:
  'virtual int KDL::ChainJntToJacDotSolver::JntToJacDot(const KDL::JntArrayVel &q_in, KDL::Twist &jac_dot_q_dot, int seg_nr=-1)'
  'virtual int KDL::ChainJntToJacDotSolver::JntToJacDot(const KDL::JntArrayVel &q_in, KDL::Jacobian &jdot, int seg_nr=-1)'

/home/zheng/robot_ws_zheng/src/ros_robot_controller/src/robotmodel/chainjnttojacdotsolver.cpp:42: warning: no matching class member found for 
  int KDL::ChainJntToJacDotSolver::JntToJacDot(const JntArrayVel &q_in, Jacobian &jdot, int seg_nr)
Possible candidates:
  'virtual int KDL::ChainJntToJacDotSolver::JntToJacDot(const KDL::JntArrayVel &q_in, KDL::Twist &jac_dot_q_dot, int seg_nr=-1)'
  'virtual int KDL::ChainJntToJacDotSolver::JntToJacDot(const KDL::JntArrayVel &q_in, KDL::Jacobian &jdot, int seg_nr=-1)'

/home/zheng/robot_ws_zheng/src/ros_robot_controller/include/robotmodel/chainjnttojacdotsolver.h:107: warning: @copybrief or @copydoc target 'KDL::SolverI::strError()' not found
/home/zheng/robot_ws_zheng/src/ros_robot_controller/include/robotmodel/RosRobotModel.h:106: warning: argument 'kdl_segment' of command @param is not found in the argument list of arm_kinematic::getSegment(unsigned int segment)
/home/zheng/robot_ws_zheng/src/ros_robot_controller/include/robotmodel/RosRobotModel.h:135: warning: argument 'kdl_frame' of command @param is not found in the argument list of arm_kinematic::getSegmentPosition(const std::string &segment_name)
/home/zheng/robot_ws_zheng/src/ros_robot_controller/include/robotmodel/RosRobotModel.h:125: warning: argument 'kdl_frame' of command @param is not found in the argument list of arm_kinematic::getSegmentPosition(unsigned int segment)
/home/zheng/robot_ws_zheng/src/ros_robot_controller/include/robotmodel/RosRobotModel.h:271: warning: argument 'qd_des' of command @param is not found in the argument list of arm_kinematic::setJointVelocities(const Eigen::VectorXd &qd)
/home/zheng/robot_ws_zheng/src/ros_robot_controller/include/robotmodel/RosRobotModel.h:275: warning: The following parameter of arm_kinematic::setJointVelocities(const Eigen::VectorXd &qd) is not documented:
  parameter 'qd'
/home/zheng/robot_ws_zheng/src/ros_robot_controller/include/robotmodel/RosRobotModel.h:383: warning: argument 'Ros' of command @param is not found in the argument list of arm_kinematic::subscriberCallback(const sensor_msgs::JointState &jntState)
/home/zheng/robot_ws_zheng/src/ros_robot_controller/include/robotmodel/RosRobotModel.h:387: warning: The following parameter of arm_kinematic::subscriberCallback(const sensor_msgs::JointState &jntState) is not documented:
  parameter 'jntState'
/home/zheng/robot_ws_zheng/src/ros_robot_controller/include/constraint/RosGenericCst.h:33: warning: The following parameters of generic_cst::generic_cst(int ndof, int N, double dt, std::string name, Eigen::MatrixXd Px, Eigen::MatrixXd Pu) are not documented:
  parameter 'name'
  parameter 'Px'
  parameter 'Pu'
/home/zheng/robot_ws_zheng/src/ros_robot_controller/include/constraint/RosGenericCst.h:37: warning: argument 'Px' of command @param is not found in the argument list of generic_cst::setLowerBound(const Eigen::VectorXd &robot_state)
/home/zheng/robot_ws_zheng/src/ros_robot_controller/include/constraint/RosGenericCst.h:46: warning: argument 'Px' of command @param is not found in the argument list of generic_cst::setUpperBound(const Eigen::VectorXd &robot_state)
/home/zheng/robot_ws_zheng/src/ros_robot_controller/include/constraint/RosGenericCst.h:59: warning: argument 'Px' of command @param is not found in the argument list of generic_cst::update(const Eigen::VectorXd &robot_state)
/home/zheng/robot_ws_zheng/src/ros_robot_controller/include/constraint/RosGenericCst.h:59: warning: argument 'Pu' of command @param is not found in the argument list of generic_cst::update(const Eigen::VectorXd &robot_state)
/home/zheng/robot_ws_zheng/src/ros_robot_controller/include/constraint/RosJointPosCst.h:21: warning: argument 'Px' of command @param is not found in the argument list of jntPosCst::setLowerBound(const Eigen::VectorXd &robot_state) inherited from member setLowerBound at line 37 in file /home/zheng/robot_ws_zheng/src/ros_robot_controller/include/constraint/RosGenericCst.h
/home/zheng/robot_ws_zheng/src/ros_robot_controller/include/constraint/RosJointPosCst.h:23: warning: argument 'Px' of command @param is not found in the argument list of jntPosCst::setUpperBound(const Eigen::VectorXd &robot_state) inherited from member setUpperBound at line 46 in file /home/zheng/robot_ws_zheng/src/ros_robot_controller/include/constraint/RosGenericCst.h
/home/zheng/robot_ws_zheng/src/ros_robot_controller/include/constraint/RosJointPosCst.h:27: warning: argument 'Px' of command @param is not found in the argument list of jntPosCst::update(const Eigen::VectorXd &robot_state) inherited from member update at line 59 in file /home/zheng/robot_ws_zheng/src/ros_robot_controller/include/constraint/RosGenericCst.h
/home/zheng/robot_ws_zheng/src/ros_robot_controller/include/constraint/RosJointPosCst.h:27: warning: argument 'Pu' of command @param is not found in the argument list of jntPosCst::update(const Eigen::VectorXd &robot_state) inherited from member update at line 59 in file /home/zheng/robot_ws_zheng/src/ros_robot_controller/include/constraint/RosGenericCst.h
/home/zheng/robot_ws_zheng/src/ros_robot_controller/include/constraint/RosJointVelCst.h:20: warning: argument 'Px' of command @param is not found in the argument list of jntVelCst::setLowerBound(const Eigen::VectorXd &robot_state) inherited from member setLowerBound at line 37 in file /home/zheng/robot_ws_zheng/src/ros_robot_controller/include/constraint/RosGenericCst.h
/home/zheng/robot_ws_zheng/src/ros_robot_controller/include/constraint/RosJointVelCst.h:21: warning: argument 'Px' of command @param is not found in the argument list of jntVelCst::setUpperBound(const Eigen::VectorXd &robot_state) inherited from member setUpperBound at line 46 in file /home/zheng/robot_ws_zheng/src/ros_robot_controller/include/constraint/RosGenericCst.h
/home/zheng/robot_ws_zheng/src/ros_robot_controller/include/constraint/RosJointVelCst.h:23: warning: argument 'Px' of command @param is not found in the argument list of jntVelCst::update(const Eigen::VectorXd &robot_state) inherited from member update at line 59 in file /home/zheng/robot_ws_zheng/src/ros_robot_controller/include/constraint/RosGenericCst.h
/home/zheng/robot_ws_zheng/src/ros_robot_controller/include/constraint/RosJointVelCst.h:23: warning: argument 'Pu' of command @param is not found in the argument list of jntVelCst::update(const Eigen::VectorXd &robot_state) inherited from member update at line 59 in file /home/zheng/robot_ws_zheng/src/ros_robot_controller/include/constraint/RosGenericCst.h
/home/zheng/robot_ws_zheng/src/ros_robot_controller/include/robotmodel/chainjnttojacdotsolver.h:107: warning: @copybrief or @copydoc target 'KDL::SolverI::strError()' not found
/home/zheng/robot_ws_zheng/src/ros_robot_controller/include/robotmodel/chainjnttojacdotsolver.h:143: warning: argument 'bs_J_bs' of command @param is not found in the argument list of KDL::ChainJntToJacDotSolver::getPartialDerivative(const Jacobian &J, const unsigned int &joint_idx, const unsigned int &column_idx, const int &representation)
/home/zheng/robot_ws_zheng/src/ros_robot_controller/include/robotmodel/chainjnttojacdotsolver.h:152: warning: The following parameter of KDL::ChainJntToJacDotSolver::getPartialDerivative(const Jacobian &J, const unsigned int &joint_idx, const unsigned int &column_idx, const int &representation) is not documented:
  parameter 'J'
/home/zheng/robot_ws_zheng/src/ros_robot_controller/include/robotmodel/chainjnttojacdotsolver.h:121: warning: argument 'bs_J_ee' of command @param is not found in the argument list of KDL::ChainJntToJacDotSolver::getPartialDerivativeBodyFixed(const Jacobian &ee_J_ee, const unsigned int &joint_idx, const unsigned int &column_idx)
/home/zheng/robot_ws_zheng/src/ros_robot_controller/include/robotmodel/chainjnttojacdotsolver.h:129: warning: The following parameter of KDL::ChainJntToJacDotSolver::getPartialDerivativeBodyFixed(const Jacobian &ee_J_ee, const unsigned int &joint_idx, const unsigned int &column_idx) is not documented:
  parameter 'ee_J_ee'
/home/zheng/robot_ws_zheng/src/ros_robot_controller/include/robotmodel/chainjnttojacdotsolver.h:132: warning: argument 'ee_J_ee' of command @param is not found in the argument list of KDL::ChainJntToJacDotSolver::getPartialDerivativeInertial(const Jacobian &bs_J_bs, const unsigned int &joint_idx, const unsigned int &column_idx)
/home/zheng/robot_ws_zheng/src/ros_robot_controller/include/robotmodel/chainjnttojacdotsolver.h:140: warning: The following parameter of KDL::ChainJntToJacDotSolver::getPartialDerivativeInertial(const Jacobian &bs_J_bs, const unsigned int &joint_idx, const unsigned int &column_idx) is not documented:
  parameter 'bs_J_bs'
/home/zheng/robot_ws_zheng/src/ros_robot_controller/include/robotmodel/chainjnttojacdotsolver.h:107: warning: @copybrief or @copydoc target 'KDL::SolverI::strError()' not found
/home/zheng/robot_ws_zheng/src/ros_robot_controller/include/robotmodel/chainjnttojacdotsolver.h:107: warning: @copydetails or @copydoc target 'KDL::SolverI::strError()' not found
Error: dot: can't open /home/zheng/robot_ws_zheng/src/ros_robot_controller/docs/latex/color_8h__dep__incl.dot
error: Problems running dot: exit code=2, command='dot', arguments='"/home/zheng/robot_ws_zheng/src/ros_robot_controller/docs/latex/color_8h__dep__incl.dot" -Tpdf -o "/home/zheng/robot_ws_zheng/src/ros_robot_controller/docs/latex/color_8h__dep__incl.pdf"'
Error: dot: can't open /home/zheng/robot_ws_zheng/src/ros_robot_controller/docs/html/color_8h__dep__incl.dot
error: Problems running dot: exit code=2, command='dot', arguments='"/home/zheng/robot_ws_zheng/src/ros_robot_controller/docs/html/color_8h__dep__incl.dot" -Tpng -o "/home/zheng/robot_ws_zheng/src/ros_robot_controller/docs/html/color_8h__dep__incl.png"'
Error: dot: can't open /home/zheng/robot_ws_zheng/src/ros_robot_controller/docs/html/dir_68267d1309a1af8e8297ef4c3efbcdba_dep.dot
error: Problems running dot: exit code=2, command='dot', arguments='"/home/zheng/robot_ws_zheng/src/ros_robot_controller/docs/html/dir_68267d1309a1af8e8297ef4c3efbcdba_dep.dot" -Tcmapx -o "/home/zheng/robot_ws_zheng/src/ros_robot_controller/docs/html/dir_68267d1309a1af8e8297ef4c3efbcdba_dep.map"'
