Symlinking /home/zheng/robot_ws_zheng/devel/lib/pkgconfig/rail_pose_estimation_msgs.pc
Symlinking /home/zheng/robot_ws_zheng/devel/lib/python2.7/dist-packages/rail_pose_estimation_msgs/__init__.py
Symlinking /home/zheng/robot_ws_zheng/devel/lib/python2.7/dist-packages/rail_pose_estimation_msgs/msg/_Poses.py
Symlinking /home/zheng/robot_ws_zheng/devel/lib/python2.7/dist-packages/rail_pose_estimation_msgs/msg/_Keypoints.py
Symlinking /home/zheng/robot_ws_zheng/devel/lib/python2.7/dist-packages/rail_pose_estimation_msgs/msg/__init__.py
Symlinking /home/zheng/robot_ws_zheng/devel/include/rail_pose_estimation_msgs/Keypoints.h
Symlinking /home/zheng/robot_ws_zheng/devel/include/rail_pose_estimation_msgs/Poses.h
Symlinking /home/zheng/robot_ws_zheng/devel/share/rail_pose_estimation_msgs/cmake/rail_pose_estimation_msgsConfig-version.cmake
Symlinking /home/zheng/robot_ws_zheng/devel/share/rail_pose_estimation_msgs/cmake/rail_pose_estimation_msgs-msg-paths.cmake
Symlinking /home/zheng/robot_ws_zheng/devel/share/rail_pose_estimation_msgs/cmake/rail_pose_estimation_msgs-msg-extras.cmake
Symlinking /home/zheng/robot_ws_zheng/devel/share/rail_pose_estimation_msgs/cmake/rail_pose_estimation_msgsConfig.cmake
Symlinking /home/zheng/robot_ws_zheng/devel/share/common-lisp/ros/rail_pose_estimation_msgs/msg/_package.lisp
Symlinking /home/zheng/robot_ws_zheng/devel/share/common-lisp/ros/rail_pose_estimation_msgs/msg/Keypoints.lisp
Symlinking /home/zheng/robot_ws_zheng/devel/share/common-lisp/ros/rail_pose_estimation_msgs/msg/rail_pose_estimation_msgs-msg.asd
Symlinking /home/zheng/robot_ws_zheng/devel/share/common-lisp/ros/rail_pose_estimation_msgs/msg/Poses.lisp
Symlinking /home/zheng/robot_ws_zheng/devel/share/common-lisp/ros/rail_pose_estimation_msgs/msg/_package_Keypoints.lisp
Symlinking /home/zheng/robot_ws_zheng/devel/share/common-lisp/ros/rail_pose_estimation_msgs/msg/_package_Poses.lisp
Symlinking /home/zheng/robot_ws_zheng/devel/share/roseus/ros/rail_pose_estimation_msgs/manifest.l
Symlinking /home/zheng/robot_ws_zheng/devel/share/roseus/ros/rail_pose_estimation_msgs/msg/Poses.l
Symlinking /home/zheng/robot_ws_zheng/devel/share/roseus/ros/rail_pose_estimation_msgs/msg/Keypoints.l
Symlinking /home/zheng/robot_ws_zheng/devel/share/gennodejs/ros/rail_pose_estimation_msgs/_index.js
Symlinking /home/zheng/robot_ws_zheng/devel/share/gennodejs/ros/rail_pose_estimation_msgs/msg/Keypoints.js
Symlinking /home/zheng/robot_ws_zheng/devel/share/gennodejs/ros/rail_pose_estimation_msgs/msg/Poses.js
Symlinking /home/zheng/robot_ws_zheng/devel/share/gennodejs/ros/rail_pose_estimation_msgs/msg/_index.js
