[35m[1mScanning dependencies of target std_msgs_generate_messages_py[0m
[  0%] Built target std_msgs_generate_messages_py
[35m[1mScanning dependencies of target sensor_msgs_generate_messages_py[0m
[  0%] Built target sensor_msgs_generate_messages_py
[35m[1mScanning dependencies of target _rail_pose_estimation_msgs_generate_messages_check_deps_Keypoints[0m
[  0%] Built target _rail_pose_estimation_msgs_generate_messages_check_deps_Keypoints
[35m[1mScanning dependencies of target _rail_pose_estimation_msgs_generate_messages_check_deps_Poses[0m
[  0%] Built target _rail_pose_estimation_msgs_generate_messages_check_deps_Poses
[35m[1mScanning dependencies of target sensor_msgs_generate_messages_cpp[0m
[  0%] Built target sensor_msgs_generate_messages_cpp
[35m[1mScanning dependencies of target std_msgs_generate_messages_cpp[0m
[  0%] Built target std_msgs_generate_messages_cpp
[35m[1mScanning dependencies of target std_msgs_generate_messages_eus[0m
[  0%] Built target std_msgs_generate_messages_eus
[35m[1mScanning dependencies of target sensor_msgs_generate_messages_eus[0m
[  0%] Built target sensor_msgs_generate_messages_eus
[35m[1mScanning dependencies of target std_msgs_generate_messages_lisp[0m
[  0%] Built target std_msgs_generate_messages_lisp
[35m[1mScanning dependencies of target sensor_msgs_generate_messages_lisp[0m
[  0%] Built target sensor_msgs_generate_messages_lisp
[35m[1mScanning dependencies of target sensor_msgs_generate_messages_nodejs[0m
[  0%] Built target sensor_msgs_generate_messages_nodejs
[35m[1mScanning dependencies of target std_msgs_generate_messages_nodejs[0m
[  0%] Built target std_msgs_generate_messages_nodejs
[35m[1mScanning dependencies of target rail_pose_estimation_msgs_generate_messages_py[0m
[  8%] [34m[1mGenerating Python from MSG rail_pose_estimation_msgs/Keypoints[0m
[ 16%] [34m[1mGenerating Python from MSG rail_pose_estimation_msgs/Poses[0m
[ 25%] [34m[1mGenerating Python msg __init__.py for rail_pose_estimation_msgs[0m
[ 25%] Built target rail_pose_estimation_msgs_generate_messages_py
[35m[1mScanning dependencies of target rail_pose_estimation_msgs_generate_messages_cpp[0m
[ 33%] [34m[1mGenerating C++ code from rail_pose_estimation_msgs/Keypoints.msg[0m
[ 41%] [34m[1mGenerating C++ code from rail_pose_estimation_msgs/Poses.msg[0m
[35m[1mScanning dependencies of target rail_pose_estimation_msgs_generate_messages_eus[0m
[ 50%] [34m[1mGenerating EusLisp code from rail_pose_estimation_msgs/Keypoints.msg[0m
[ 50%] Built target rail_pose_estimation_msgs_generate_messages_cpp
[ 58%] [34m[1mGenerating EusLisp code from rail_pose_estimation_msgs/Poses.msg[0m
[ 66%] [34m[1mGenerating EusLisp manifest code for rail_pose_estimation_msgs[0m
WARNING: Package name "qpOASES" does not follow the naming conventions. It should start with a lower case letter and only contain lower case letters, digits, underscores, and dashes.
[35m[1mScanning dependencies of target rail_pose_estimation_msgs_generate_messages_lisp[0m
[ 75%] [34m[1mGenerating Lisp code from rail_pose_estimation_msgs/Keypoints.msg[0m
[ 83%] [34m[1mGenerating Lisp code from rail_pose_estimation_msgs/Poses.msg[0m
[ 83%] Built target rail_pose_estimation_msgs_generate_messages_lisp
WARNING: Package name "qpOASES" does not follow the naming conventions. It should start with a lower case letter and only contain lower case letters, digits, underscores, and dashes.
WARNING: Package name "robot6R" does not follow the naming conventions. It should start with a lower case letter and only contain lower case letters, digits, underscores, and dashes.
WARNING: Package name "qpOASES" does not follow the naming conventions. It should start with a lower case letter and only contain lower case letters, digits, underscores, and dashes.
WARNING: Package name "qpOASES" does not follow the naming conventions. It should start with a lower case letter and only contain lower case letters, digits, underscores, and dashes.
WARNING: Package name "robot6R" does not follow the naming conventions. It should start with a lower case letter and only contain lower case letters, digits, underscores, and dashes.
[ 83%] Built target rail_pose_estimation_msgs_generate_messages_eus
[35m[1mScanning dependencies of target rail_pose_estimation_msgs_generate_messages_nodejs[0m
[ 91%] [34m[1mGenerating Javascript code from rail_pose_estimation_msgs/Keypoints.msg[0m
[100%] [34m[1mGenerating Javascript code from rail_pose_estimation_msgs/Poses.msg[0m
[100%] Built target rail_pose_estimation_msgs_generate_messages_nodejs
[35m[1mScanning dependencies of target rail_pose_estimation_msgs_generate_messages[0m
[100%] Built target rail_pose_estimation_msgs_generate_messages
