[36m--[0m Using CATKIN_DEVEL_PREFIX: /home/zheng/robot_ws_zheng/devel/.private/openpose_ros
[36m--[0m Using CMAKE_PREFIX_PATH: /home/zheng/robot_ws_zheng/devel;/home/zheng/catkin_ws/devel;/opt/ros/melodic
[36m--[0m This workspace overlays: /home/zheng/robot_ws_zheng/devel;/home/zheng/catkin_ws/devel;/opt/ros/melodic
[36m--[0m Found PythonInterp: /usr/bin/python2 (found suitable version "2.7.17", minimum required is "2")
[36m--[0m Using PYTHON_EXECUTABLE: /usr/bin/python2
[36m--[0m Using Debian Python package layout
[36m--[0m Using empy: /usr/bin/empy
[36m--[0m Using CATKIN_ENABLE_TESTING: ON
[36m--[0m Call enable_testing()
[36m--[0m Using CATKIN_TEST_RESULTS_DIR: /home/zheng/robot_ws_zheng/build/openpose_ros/test_results
[36m--[0m Found gtest sources under '/usr/src/googletest': gtests will be built
[36m--[0m Found gmock sources under '/usr/src/googletest': gmock will be built
[36m--[0m Found PythonInterp: /usr/bin/python2 (found version "2.7.17")
[36m--[0m Using Python nosetests: /usr/bin/nosetests-2.7
[36m--[0m catkin 0.7.20
[36m--[0m BUILD_SHARED_LIBS is on
[36m--[0m Found gflags  (include: /usr/local/include, library: /usr/local/lib/libgflags.a)
[36m--[0m Found glog    (include: /usr/include, library: /usr/lib/x86_64-linux-gnu/libglog.so)
[36m--[0m Configuring done
[36m--[0m Generating done
[36m--[0m Build files have been written to: /home/zheng/robot_ws_zheng/build/openpose_ros
