/usr/local/bin/cmake -S/home/zheng/robot_ws_zheng/src/openpose_ros/openpose_ros -B/home/zheng/robot_ws_zheng/build/openpose_ros --check-build-system CMakeFiles/Makefile.cmake 0
/usr/local/bin/cmake -E cmake_progress_start /home/zheng/robot_ws_zheng/build/openpose_ros/CMakeFiles /home/zheng/robot_ws_zheng/build/openpose_ros/CMakeFiles/progress.marks
/usr/bin/make -f CMakeFiles/Makefile2 all
make[1] : on entre dans le répertoire « /home/zheng/robot_ws_zheng/build/openpose_ros »
/usr/bin/make -f CMakeFiles/geometry_msgs_generate_messages_py.dir/build.make CMakeFiles/geometry_msgs_generate_messages_py.dir/depend
/usr/bin/make -f CMakeFiles/rosgraph_msgs_generate_messages_nodejs.dir/build.make CMakeFiles/rosgraph_msgs_generate_messages_nodejs.dir/depend
/usr/bin/make -f CMakeFiles/rosgraph_msgs_generate_messages_py.dir/build.make CMakeFiles/rosgraph_msgs_generate_messages_py.dir/depend
/usr/bin/make -f CMakeFiles/std_msgs_generate_messages_eus.dir/build.make CMakeFiles/std_msgs_generate_messages_eus.dir/depend
/usr/bin/make -f CMakeFiles/openpose_ros_msgs_generate_messages_lisp.dir/build.make CMakeFiles/openpose_ros_msgs_generate_messages_lisp.dir/depend
/usr/bin/make -f CMakeFiles/rosgraph_msgs_generate_messages_lisp.dir/build.make CMakeFiles/rosgraph_msgs_generate_messages_lisp.dir/depend
/usr/bin/make -f CMakeFiles/rosgraph_msgs_generate_messages_eus.dir/build.make CMakeFiles/rosgraph_msgs_generate_messages_eus.dir/depend
/usr/bin/make -f CMakeFiles/rosgraph_msgs_generate_messages_cpp.dir/build.make CMakeFiles/rosgraph_msgs_generate_messages_cpp.dir/depend
make[2] : on entre dans le répertoire « /home/zheng/robot_ws_zheng/build/openpose_ros »
cd /home/zheng/robot_ws_zheng/build/openpose_ros && /usr/local/bin/cmake -E cmake_depends "Unix Makefiles" /home/zheng/robot_ws_zheng/src/openpose_ros/openpose_ros /home/zheng/robot_ws_zheng/src/openpose_ros/openpose_ros /home/zheng/robot_ws_zheng/build/openpose_ros /home/zheng/robot_ws_zheng/build/openpose_ros /home/zheng/robot_ws_zheng/build/openpose_ros/CMakeFiles/geometry_msgs_generate_messages_py.dir/DependInfo.cmake --color=
make[2] : on entre dans le répertoire « /home/zheng/robot_ws_zheng/build/openpose_ros »
cd /home/zheng/robot_ws_zheng/build/openpose_ros && /usr/local/bin/cmake -E cmake_depends "Unix Makefiles" /home/zheng/robot_ws_zheng/src/openpose_ros/openpose_ros /home/zheng/robot_ws_zheng/src/openpose_ros/openpose_ros /home/zheng/robot_ws_zheng/build/openpose_ros /home/zheng/robot_ws_zheng/build/openpose_ros /home/zheng/robot_ws_zheng/build/openpose_ros/CMakeFiles/rosgraph_msgs_generate_messages_nodejs.dir/DependInfo.cmake --color=
make[2] : on entre dans le répertoire « /home/zheng/robot_ws_zheng/build/openpose_ros »
cd /home/zheng/robot_ws_zheng/build/openpose_ros && /usr/local/bin/cmake -E cmake_depends "Unix Makefiles" /home/zheng/robot_ws_zheng/src/openpose_ros/openpose_ros /home/zheng/robot_ws_zheng/src/openpose_ros/openpose_ros /home/zheng/robot_ws_zheng/build/openpose_ros /home/zheng/robot_ws_zheng/build/openpose_ros /home/zheng/robot_ws_zheng/build/openpose_ros/CMakeFiles/rosgraph_msgs_generate_messages_lisp.dir/DependInfo.cmake --color=
make[2] : on entre dans le répertoire « /home/zheng/robot_ws_zheng/build/openpose_ros »
cd /home/zheng/robot_ws_zheng/build/openpose_ros && /usr/local/bin/cmake -E cmake_depends "Unix Makefiles" /home/zheng/robot_ws_zheng/src/openpose_ros/openpose_ros /home/zheng/robot_ws_zheng/src/openpose_ros/openpose_ros /home/zheng/robot_ws_zheng/build/openpose_ros /home/zheng/robot_ws_zheng/build/openpose_ros /home/zheng/robot_ws_zheng/build/openpose_ros/CMakeFiles/rosgraph_msgs_generate_messages_cpp.dir/DependInfo.cmake --color=
make[2] : on entre dans le répertoire « /home/zheng/robot_ws_zheng/build/openpose_ros »
cd /home/zheng/robot_ws_zheng/build/openpose_ros && /usr/local/bin/cmake -E cmake_depends "Unix Makefiles" /home/zheng/robot_ws_zheng/src/openpose_ros/openpose_ros /home/zheng/robot_ws_zheng/src/openpose_ros/openpose_ros /home/zheng/robot_ws_zheng/build/openpose_ros /home/zheng/robot_ws_zheng/build/openpose_ros /home/zheng/robot_ws_zheng/build/openpose_ros/CMakeFiles/openpose_ros_msgs_generate_messages_lisp.dir/DependInfo.cmake --color=
make[2] : on entre dans le répertoire « /home/zheng/robot_ws_zheng/build/openpose_ros »
cd /home/zheng/robot_ws_zheng/build/openpose_ros && /usr/local/bin/cmake -E cmake_depends "Unix Makefiles" /home/zheng/robot_ws_zheng/src/openpose_ros/openpose_ros /home/zheng/robot_ws_zheng/src/openpose_ros/openpose_ros /home/zheng/robot_ws_zheng/build/openpose_ros /home/zheng/robot_ws_zheng/build/openpose_ros /home/zheng/robot_ws_zheng/build/openpose_ros/CMakeFiles/rosgraph_msgs_generate_messages_eus.dir/DependInfo.cmake --color=
make[2] : on entre dans le répertoire « /home/zheng/robot_ws_zheng/build/openpose_ros »
cd /home/zheng/robot_ws_zheng/build/openpose_ros && /usr/local/bin/cmake -E cmake_depends "Unix Makefiles" /home/zheng/robot_ws_zheng/src/openpose_ros/openpose_ros /home/zheng/robot_ws_zheng/src/openpose_ros/openpose_ros /home/zheng/robot_ws_zheng/build/openpose_ros /home/zheng/robot_ws_zheng/build/openpose_ros /home/zheng/robot_ws_zheng/build/openpose_ros/CMakeFiles/rosgraph_msgs_generate_messages_py.dir/DependInfo.cmake --color=
make[2] : on quitte le répertoire « /home/zheng/robot_ws_zheng/build/openpose_ros »
/usr/bin/make -f CMakeFiles/rosgraph_msgs_generate_messages_nodejs.dir/build.make CMakeFiles/rosgraph_msgs_generate_messages_nodejs.dir/build
make[2] : on entre dans le répertoire « /home/zheng/robot_ws_zheng/build/openpose_ros »
cd /home/zheng/robot_ws_zheng/build/openpose_ros && /usr/local/bin/cmake -E cmake_depends "Unix Makefiles" /home/zheng/robot_ws_zheng/src/openpose_ros/openpose_ros /home/zheng/robot_ws_zheng/src/openpose_ros/openpose_ros /home/zheng/robot_ws_zheng/build/openpose_ros /home/zheng/robot_ws_zheng/build/openpose_ros /home/zheng/robot_ws_zheng/build/openpose_ros/CMakeFiles/std_msgs_generate_messages_eus.dir/DependInfo.cmake --color=
make[2] : on entre dans le répertoire « /home/zheng/robot_ws_zheng/build/openpose_ros »
make[2]: rien à faire pour « CMakeFiles/rosgraph_msgs_generate_messages_nodejs.dir/build ».
make[2] : on quitte le répertoire « /home/zheng/robot_ws_zheng/build/openpose_ros »
make[2] : on quitte le répertoire « /home/zheng/robot_ws_zheng/build/openpose_ros »
/usr/bin/make -f CMakeFiles/rosgraph_msgs_generate_messages_cpp.dir/build.make CMakeFiles/rosgraph_msgs_generate_messages_cpp.dir/build
make[2] : on quitte le répertoire « /home/zheng/robot_ws_zheng/build/openpose_ros »
make[2] : on quitte le répertoire « /home/zheng/robot_ws_zheng/build/openpose_ros »
/usr/bin/make -f CMakeFiles/openpose_ros_msgs_generate_messages_lisp.dir/build.make CMakeFiles/openpose_ros_msgs_generate_messages_lisp.dir/build
/usr/bin/make -f CMakeFiles/rosgraph_msgs_generate_messages_lisp.dir/build.make CMakeFiles/rosgraph_msgs_generate_messages_lisp.dir/build
make[2] : on quitte le répertoire « /home/zheng/robot_ws_zheng/build/openpose_ros »
/usr/bin/make -f CMakeFiles/geometry_msgs_generate_messages_py.dir/build.make CMakeFiles/geometry_msgs_generate_messages_py.dir/build
make[2] : on entre dans le répertoire « /home/zheng/robot_ws_zheng/build/openpose_ros »
make[2]: rien à faire pour « CMakeFiles/rosgraph_msgs_generate_messages_cpp.dir/build ».
make[2] : on quitte le répertoire « /home/zheng/robot_ws_zheng/build/openpose_ros »
make[2] : on entre dans le répertoire « /home/zheng/robot_ws_zheng/build/openpose_ros »
make[2]: rien à faire pour « CMakeFiles/geometry_msgs_generate_messages_py.dir/build ».
make[2] : on quitte le répertoire « /home/zheng/robot_ws_zheng/build/openpose_ros »
make[2] : on entre dans le répertoire « /home/zheng/robot_ws_zheng/build/openpose_ros »
make[2]: rien à faire pour « CMakeFiles/openpose_ros_msgs_generate_messages_lisp.dir/build ».
make[2] : on quitte le répertoire « /home/zheng/robot_ws_zheng/build/openpose_ros »
make[2] : on entre dans le répertoire « /home/zheng/robot_ws_zheng/build/openpose_ros »
make[2]: rien à faire pour « CMakeFiles/rosgraph_msgs_generate_messages_lisp.dir/build ».
make[2] : on quitte le répertoire « /home/zheng/robot_ws_zheng/build/openpose_ros »
make[2] : on quitte le répertoire « /home/zheng/robot_ws_zheng/build/openpose_ros »
make[2] : on quitte le répertoire « /home/zheng/robot_ws_zheng/build/openpose_ros »
[  0%] Built target rosgraph_msgs_generate_messages_nodejs
/usr/bin/make -f CMakeFiles/rosgraph_msgs_generate_messages_eus.dir/build.make CMakeFiles/rosgraph_msgs_generate_messages_eus.dir/build
/usr/bin/make -f CMakeFiles/rosgraph_msgs_generate_messages_py.dir/build.make CMakeFiles/rosgraph_msgs_generate_messages_py.dir/build
[  0%] Built target rosgraph_msgs_generate_messages_cpp
/usr/bin/make -f CMakeFiles/roscpp_generate_messages_py.dir/build.make CMakeFiles/roscpp_generate_messages_py.dir/depend
make[2] : on entre dans le répertoire « /home/zheng/robot_ws_zheng/build/openpose_ros »
make[2]: rien à faire pour « CMakeFiles/rosgraph_msgs_generate_messages_eus.dir/build ».
make[2] : on quitte le répertoire « /home/zheng/robot_ws_zheng/build/openpose_ros »
[  0%] Built target geometry_msgs_generate_messages_py
[  0%] Built target openpose_ros_msgs_generate_messages_lisp
/usr/bin/make -f CMakeFiles/std_msgs_generate_messages_py.dir/build.make CMakeFiles/std_msgs_generate_messages_py.dir/depend
make[2] : on entre dans le répertoire « /home/zheng/robot_ws_zheng/build/openpose_ros »
make[2]: rien à faire pour « CMakeFiles/rosgraph_msgs_generate_messages_py.dir/build ».
make[2] : on quitte le répertoire « /home/zheng/robot_ws_zheng/build/openpose_ros »
make[2] : on quitte le répertoire « /home/zheng/robot_ws_zheng/build/openpose_ros »
make[2] : on entre dans le répertoire « /home/zheng/robot_ws_zheng/build/openpose_ros »
cd /home/zheng/robot_ws_zheng/build/openpose_ros && /usr/local/bin/cmake -E cmake_depends "Unix Makefiles" /home/zheng/robot_ws_zheng/src/openpose_ros/openpose_ros /home/zheng/robot_ws_zheng/src/openpose_ros/openpose_ros /home/zheng/robot_ws_zheng/build/openpose_ros /home/zheng/robot_ws_zheng/build/openpose_ros /home/zheng/robot_ws_zheng/build/openpose_ros/CMakeFiles/roscpp_generate_messages_py.dir/DependInfo.cmake --color=
/usr/bin/make -f CMakeFiles/roscpp_generate_messages_lisp.dir/build.make CMakeFiles/roscpp_generate_messages_lisp.dir/depend
/usr/bin/make -f CMakeFiles/std_msgs_generate_messages_eus.dir/build.make CMakeFiles/std_msgs_generate_messages_eus.dir/build
/usr/bin/make -f CMakeFiles/std_msgs_generate_messages_cpp.dir/build.make CMakeFiles/std_msgs_generate_messages_cpp.dir/depend
make[2] : on entre dans le répertoire « /home/zheng/robot_ws_zheng/build/openpose_ros »
cd /home/zheng/robot_ws_zheng/build/openpose_ros && /usr/local/bin/cmake -E cmake_depends "Unix Makefiles" /home/zheng/robot_ws_zheng/src/openpose_ros/openpose_ros /home/zheng/robot_ws_zheng/src/openpose_ros/openpose_ros /home/zheng/robot_ws_zheng/build/openpose_ros /home/zheng/robot_ws_zheng/build/openpose_ros /home/zheng/robot_ws_zheng/build/openpose_ros/CMakeFiles/std_msgs_generate_messages_py.dir/DependInfo.cmake --color=
make[2] : on entre dans le répertoire « /home/zheng/robot_ws_zheng/build/openpose_ros »
make[2]: rien à faire pour « CMakeFiles/std_msgs_generate_messages_eus.dir/build ».
make[2] : on quitte le répertoire « /home/zheng/robot_ws_zheng/build/openpose_ros »
make[2] : on entre dans le répertoire « /home/zheng/robot_ws_zheng/build/openpose_ros »
cd /home/zheng/robot_ws_zheng/build/openpose_ros && /usr/local/bin/cmake -E cmake_depends "Unix Makefiles" /home/zheng/robot_ws_zheng/src/openpose_ros/openpose_ros /home/zheng/robot_ws_zheng/src/openpose_ros/openpose_ros /home/zheng/robot_ws_zheng/build/openpose_ros /home/zheng/robot_ws_zheng/build/openpose_ros /home/zheng/robot_ws_zheng/build/openpose_ros/CMakeFiles/std_msgs_generate_messages_cpp.dir/DependInfo.cmake --color=
make[2] : on entre dans le répertoire « /home/zheng/robot_ws_zheng/build/openpose_ros »
cd /home/zheng/robot_ws_zheng/build/openpose_ros && /usr/local/bin/cmake -E cmake_depends "Unix Makefiles" /home/zheng/robot_ws_zheng/src/openpose_ros/openpose_ros /home/zheng/robot_ws_zheng/src/openpose_ros/openpose_ros /home/zheng/robot_ws_zheng/build/openpose_ros /home/zheng/robot_ws_zheng/build/openpose_ros /home/zheng/robot_ws_zheng/build/openpose_ros/CMakeFiles/roscpp_generate_messages_lisp.dir/DependInfo.cmake --color=
[  0%] Built target rosgraph_msgs_generate_messages_eus
[  0%] Built target rosgraph_msgs_generate_messages_lisp
[  0%] Built target rosgraph_msgs_generate_messages_py
/usr/bin/make -f CMakeFiles/geometry_msgs_generate_messages_nodejs.dir/build.make CMakeFiles/geometry_msgs_generate_messages_nodejs.dir/depend
/usr/bin/make -f CMakeFiles/openpose_ros_msgs_generate_messages_cpp.dir/build.make CMakeFiles/openpose_ros_msgs_generate_messages_cpp.dir/depend
/usr/bin/make -f CMakeFiles/sensor_msgs_generate_messages_py.dir/build.make CMakeFiles/sensor_msgs_generate_messages_py.dir/depend
make[2] : on quitte le répertoire « /home/zheng/robot_ws_zheng/build/openpose_ros »
/usr/bin/make -f CMakeFiles/roscpp_generate_messages_py.dir/build.make CMakeFiles/roscpp_generate_messages_py.dir/build
make[2] : on entre dans le répertoire « /home/zheng/robot_ws_zheng/build/openpose_ros »
cd /home/zheng/robot_ws_zheng/build/openpose_ros && /usr/local/bin/cmake -E cmake_depends "Unix Makefiles" /home/zheng/robot_ws_zheng/src/openpose_ros/openpose_ros /home/zheng/robot_ws_zheng/src/openpose_ros/openpose_ros /home/zheng/robot_ws_zheng/build/openpose_ros /home/zheng/robot_ws_zheng/build/openpose_ros /home/zheng/robot_ws_zheng/build/openpose_ros/CMakeFiles/geometry_msgs_generate_messages_nodejs.dir/DependInfo.cmake --color=
[  0%] Built target std_msgs_generate_messages_eus
make[2] : on entre dans le répertoire « /home/zheng/robot_ws_zheng/build/openpose_ros »
make[2]: rien à faire pour « CMakeFiles/roscpp_generate_messages_py.dir/build ».
make[2] : on quitte le répertoire « /home/zheng/robot_ws_zheng/build/openpose_ros »
/usr/bin/make -f CMakeFiles/std_msgs_generate_messages_lisp.dir/build.make CMakeFiles/std_msgs_generate_messages_lisp.dir/depend
make[2] : on entre dans le répertoire « /home/zheng/robot_ws_zheng/build/openpose_ros »
cd /home/zheng/robot_ws_zheng/build/openpose_ros && /usr/local/bin/cmake -E cmake_depends "Unix Makefiles" /home/zheng/robot_ws_zheng/src/openpose_ros/openpose_ros /home/zheng/robot_ws_zheng/src/openpose_ros/openpose_ros /home/zheng/robot_ws_zheng/build/openpose_ros /home/zheng/robot_ws_zheng/build/openpose_ros /home/zheng/robot_ws_zheng/build/openpose_ros/CMakeFiles/openpose_ros_msgs_generate_messages_cpp.dir/DependInfo.cmake --color=
make[2] : on quitte le répertoire « /home/zheng/robot_ws_zheng/build/openpose_ros »
make[2] : on entre dans le répertoire « /home/zheng/robot_ws_zheng/build/openpose_ros »
cd /home/zheng/robot_ws_zheng/build/openpose_ros && /usr/local/bin/cmake -E cmake_depends "Unix Makefiles" /home/zheng/robot_ws_zheng/src/openpose_ros/openpose_ros /home/zheng/robot_ws_zheng/src/openpose_ros/openpose_ros /home/zheng/robot_ws_zheng/build/openpose_ros /home/zheng/robot_ws_zheng/build/openpose_ros /home/zheng/robot_ws_zheng/build/openpose_ros/CMakeFiles/sensor_msgs_generate_messages_py.dir/DependInfo.cmake --color=
/usr/bin/make -f CMakeFiles/roscpp_generate_messages_lisp.dir/build.make CMakeFiles/roscpp_generate_messages_lisp.dir/build
make[2] : on quitte le répertoire « /home/zheng/robot_ws_zheng/build/openpose_ros »
make[2] : on quitte le répertoire « /home/zheng/robot_ws_zheng/build/openpose_ros »
/usr/bin/make -f CMakeFiles/std_msgs_generate_messages_cpp.dir/build.make CMakeFiles/std_msgs_generate_messages_cpp.dir/build
/usr/bin/make -f CMakeFiles/std_msgs_generate_messages_py.dir/build.make CMakeFiles/std_msgs_generate_messages_py.dir/build
make[2] : on entre dans le répertoire « /home/zheng/robot_ws_zheng/build/openpose_ros »
cd /home/zheng/robot_ws_zheng/build/openpose_ros && /usr/local/bin/cmake -E cmake_depends "Unix Makefiles" /home/zheng/robot_ws_zheng/src/openpose_ros/openpose_ros /home/zheng/robot_ws_zheng/src/openpose_ros/openpose_ros /home/zheng/robot_ws_zheng/build/openpose_ros /home/zheng/robot_ws_zheng/build/openpose_ros /home/zheng/robot_ws_zheng/build/openpose_ros/CMakeFiles/std_msgs_generate_messages_lisp.dir/DependInfo.cmake --color=
make[2] : on entre dans le répertoire « /home/zheng/robot_ws_zheng/build/openpose_ros »
make[2]: rien à faire pour « CMakeFiles/roscpp_generate_messages_lisp.dir/build ».
make[2] : on quitte le répertoire « /home/zheng/robot_ws_zheng/build/openpose_ros »
make[2] : on entre dans le répertoire « /home/zheng/robot_ws_zheng/build/openpose_ros »
make[2]: rien à faire pour « CMakeFiles/std_msgs_generate_messages_py.dir/build ».
make[2] : on quitte le répertoire « /home/zheng/robot_ws_zheng/build/openpose_ros »
make[2] : on entre dans le répertoire « /home/zheng/robot_ws_zheng/build/openpose_ros »
make[2]: rien à faire pour « CMakeFiles/std_msgs_generate_messages_cpp.dir/build ».
make[2] : on quitte le répertoire « /home/zheng/robot_ws_zheng/build/openpose_ros »
[  0%] Built target roscpp_generate_messages_py
/usr/bin/make -f CMakeFiles/sensor_msgs_generate_messages_cpp.dir/build.make CMakeFiles/sensor_msgs_generate_messages_cpp.dir/depend
make[2] : on quitte le répertoire « /home/zheng/robot_ws_zheng/build/openpose_ros »
make[2] : on quitte le répertoire « /home/zheng/robot_ws_zheng/build/openpose_ros »
/usr/bin/make -f CMakeFiles/geometry_msgs_generate_messages_nodejs.dir/build.make CMakeFiles/geometry_msgs_generate_messages_nodejs.dir/build
/usr/bin/make -f CMakeFiles/openpose_ros_msgs_generate_messages_cpp.dir/build.make CMakeFiles/openpose_ros_msgs_generate_messages_cpp.dir/build
make[2] : on entre dans le répertoire « /home/zheng/robot_ws_zheng/build/openpose_ros »
cd /home/zheng/robot_ws_zheng/build/openpose_ros && /usr/local/bin/cmake -E cmake_depends "Unix Makefiles" /home/zheng/robot_ws_zheng/src/openpose_ros/openpose_ros /home/zheng/robot_ws_zheng/src/openpose_ros/openpose_ros /home/zheng/robot_ws_zheng/build/openpose_ros /home/zheng/robot_ws_zheng/build/openpose_ros /home/zheng/robot_ws_zheng/build/openpose_ros/CMakeFiles/sensor_msgs_generate_messages_cpp.dir/DependInfo.cmake --color=
[  0%] Built target std_msgs_generate_messages_cpp
make[2] : on quitte le répertoire « /home/zheng/robot_ws_zheng/build/openpose_ros »
[  0%] Built target std_msgs_generate_messages_py
/usr/bin/make -f CMakeFiles/sensor_msgs_generate_messages_py.dir/build.make CMakeFiles/sensor_msgs_generate_messages_py.dir/build
/usr/bin/make -f CMakeFiles/sensor_msgs_generate_messages_eus.dir/build.make CMakeFiles/sensor_msgs_generate_messages_eus.dir/depend
make[2] : on entre dans le répertoire « /home/zheng/robot_ws_zheng/build/openpose_ros »
make[2]: rien à faire pour « CMakeFiles/openpose_ros_msgs_generate_messages_cpp.dir/build ».
make[2] : on quitte le répertoire « /home/zheng/robot_ws_zheng/build/openpose_ros »
/usr/bin/make -f CMakeFiles/std_msgs_generate_messages_nodejs.dir/build.make CMakeFiles/std_msgs_generate_messages_nodejs.dir/depend
make[2] : on entre dans le répertoire « /home/zheng/robot_ws_zheng/build/openpose_ros »
make[2]: rien à faire pour « CMakeFiles/sensor_msgs_generate_messages_py.dir/build ».
make[2] : on quitte le répertoire « /home/zheng/robot_ws_zheng/build/openpose_ros »
make[2] : on quitte le répertoire « /home/zheng/robot_ws_zheng/build/openpose_ros »
make[2] : on entre dans le répertoire « /home/zheng/robot_ws_zheng/build/openpose_ros »
/usr/bin/make -f CMakeFiles/std_msgs_generate_messages_lisp.dir/build.make CMakeFiles/std_msgs_generate_messages_lisp.dir/build
cd /home/zheng/robot_ws_zheng/build/openpose_ros && /usr/local/bin/cmake -E cmake_depends "Unix Makefiles" /home/zheng/robot_ws_zheng/src/openpose_ros/openpose_ros /home/zheng/robot_ws_zheng/src/openpose_ros/openpose_ros /home/zheng/robot_ws_zheng/build/openpose_ros /home/zheng/robot_ws_zheng/build/openpose_ros /home/zheng/robot_ws_zheng/build/openpose_ros/CMakeFiles/sensor_msgs_generate_messages_eus.dir/DependInfo.cmake --color=
make[2] : on entre dans le répertoire « /home/zheng/robot_ws_zheng/build/openpose_ros »
make[2]: rien à faire pour « CMakeFiles/geometry_msgs_generate_messages_nodejs.dir/build ».
make[2] : on quitte le répertoire « /home/zheng/robot_ws_zheng/build/openpose_ros »
[  0%] Built target roscpp_generate_messages_lisp
make[2] : on entre dans le répertoire « /home/zheng/robot_ws_zheng/build/openpose_ros »
cd /home/zheng/robot_ws_zheng/build/openpose_ros && /usr/local/bin/cmake -E cmake_depends "Unix Makefiles" /home/zheng/robot_ws_zheng/src/openpose_ros/openpose_ros /home/zheng/robot_ws_zheng/src/openpose_ros/openpose_ros /home/zheng/robot_ws_zheng/build/openpose_ros /home/zheng/robot_ws_zheng/build/openpose_ros /home/zheng/robot_ws_zheng/build/openpose_ros/CMakeFiles/std_msgs_generate_messages_nodejs.dir/DependInfo.cmake --color=
make[2] : on entre dans le répertoire « /home/zheng/robot_ws_zheng/build/openpose_ros »
make[2]: rien à faire pour « CMakeFiles/std_msgs_generate_messages_lisp.dir/build ».
make[2] : on quitte le répertoire « /home/zheng/robot_ws_zheng/build/openpose_ros »
/usr/bin/make -f CMakeFiles/openpose_ros_msgs_generate_messages_eus.dir/build.make CMakeFiles/openpose_ros_msgs_generate_messages_eus.dir/depend
[  0%] Built target openpose_ros_msgs_generate_messages_cpp
[  0%] Built target sensor_msgs_generate_messages_py
/usr/bin/make -f CMakeFiles/openpose_ros_msgs_generate_messages_nodejs.dir/build.make CMakeFiles/openpose_ros_msgs_generate_messages_nodejs.dir/depend
/usr/bin/make -f CMakeFiles/geometry_msgs_generate_messages_eus.dir/build.make CMakeFiles/geometry_msgs_generate_messages_eus.dir/depend
make[2] : on quitte le répertoire « /home/zheng/robot_ws_zheng/build/openpose_ros »
/usr/bin/make -f CMakeFiles/sensor_msgs_generate_messages_cpp.dir/build.make CMakeFiles/sensor_msgs_generate_messages_cpp.dir/build
[  0%] Built target geometry_msgs_generate_messages_nodejs
/usr/bin/make -f CMakeFiles/roscpp_generate_messages_nodejs.dir/build.make CMakeFiles/roscpp_generate_messages_nodejs.dir/depend
make[2] : on entre dans le répertoire « /home/zheng/robot_ws_zheng/build/openpose_ros »
cd /home/zheng/robot_ws_zheng/build/openpose_ros && /usr/local/bin/cmake -E cmake_depends "Unix Makefiles" /home/zheng/robot_ws_zheng/src/openpose_ros/openpose_ros /home/zheng/robot_ws_zheng/src/openpose_ros/openpose_ros /home/zheng/robot_ws_zheng/build/openpose_ros /home/zheng/robot_ws_zheng/build/openpose_ros /home/zheng/robot_ws_zheng/build/openpose_ros/CMakeFiles/openpose_ros_msgs_generate_messages_nodejs.dir/DependInfo.cmake --color=
make[2] : on quitte le répertoire « /home/zheng/robot_ws_zheng/build/openpose_ros »
make[2] : on entre dans le répertoire « /home/zheng/robot_ws_zheng/build/openpose_ros »
make[2]: rien à faire pour « CMakeFiles/sensor_msgs_generate_messages_cpp.dir/build ».
make[2] : on quitte le répertoire « /home/zheng/robot_ws_zheng/build/openpose_ros »
make[2] : on entre dans le répertoire « /home/zheng/robot_ws_zheng/build/openpose_ros »
cd /home/zheng/robot_ws_zheng/build/openpose_ros && /usr/local/bin/cmake -E cmake_depends "Unix Makefiles" /home/zheng/robot_ws_zheng/src/openpose_ros/openpose_ros /home/zheng/robot_ws_zheng/src/openpose_ros/openpose_ros /home/zheng/robot_ws_zheng/build/openpose_ros /home/zheng/robot_ws_zheng/build/openpose_ros /home/zheng/robot_ws_zheng/build/openpose_ros/CMakeFiles/openpose_ros_msgs_generate_messages_eus.dir/DependInfo.cmake --color=
/usr/bin/make -f CMakeFiles/sensor_msgs_generate_messages_eus.dir/build.make CMakeFiles/sensor_msgs_generate_messages_eus.dir/build
make[2] : on entre dans le répertoire « /home/zheng/robot_ws_zheng/build/openpose_ros »
cd /home/zheng/robot_ws_zheng/build/openpose_ros && /usr/local/bin/cmake -E cmake_depends "Unix Makefiles" /home/zheng/robot_ws_zheng/src/openpose_ros/openpose_ros /home/zheng/robot_ws_zheng/src/openpose_ros/openpose_ros /home/zheng/robot_ws_zheng/build/openpose_ros /home/zheng/robot_ws_zheng/build/openpose_ros /home/zheng/robot_ws_zheng/build/openpose_ros/CMakeFiles/geometry_msgs_generate_messages_eus.dir/DependInfo.cmake --color=
make[2] : on entre dans le répertoire « /home/zheng/robot_ws_zheng/build/openpose_ros »
make[2]: rien à faire pour « CMakeFiles/sensor_msgs_generate_messages_eus.dir/build ».
make[2] : on quitte le répertoire « /home/zheng/robot_ws_zheng/build/openpose_ros »
[  0%] Built target std_msgs_generate_messages_lisp
/usr/bin/make -f CMakeFiles/roscpp_generate_messages_eus.dir/build.make CMakeFiles/roscpp_generate_messages_eus.dir/depend
make[2] : on entre dans le répertoire « /home/zheng/robot_ws_zheng/build/openpose_ros »
cd /home/zheng/robot_ws_zheng/build/openpose_ros && /usr/local/bin/cmake -E cmake_depends "Unix Makefiles" /home/zheng/robot_ws_zheng/src/openpose_ros/openpose_ros /home/zheng/robot_ws_zheng/src/openpose_ros/openpose_ros /home/zheng/robot_ws_zheng/build/openpose_ros /home/zheng/robot_ws_zheng/build/openpose_ros /home/zheng/robot_ws_zheng/build/openpose_ros/CMakeFiles/roscpp_generate_messages_nodejs.dir/DependInfo.cmake --color=
[  0%] Built target sensor_msgs_generate_messages_cpp
make[2] : on quitte le répertoire « /home/zheng/robot_ws_zheng/build/openpose_ros »
/usr/bin/make -f CMakeFiles/std_msgs_generate_messages_nodejs.dir/build.make CMakeFiles/std_msgs_generate_messages_nodejs.dir/build
make[2] : on entre dans le répertoire « /home/zheng/robot_ws_zheng/build/openpose_ros »
cd /home/zheng/robot_ws_zheng/build/openpose_ros && /usr/local/bin/cmake -E cmake_depends "Unix Makefiles" /home/zheng/robot_ws_zheng/src/openpose_ros/openpose_ros /home/zheng/robot_ws_zheng/src/openpose_ros/openpose_ros /home/zheng/robot_ws_zheng/build/openpose_ros /home/zheng/robot_ws_zheng/build/openpose_ros /home/zheng/robot_ws_zheng/build/openpose_ros/CMakeFiles/roscpp_generate_messages_eus.dir/DependInfo.cmake --color=
/usr/bin/make -f CMakeFiles/openpose_ros_msgs_generate_messages_py.dir/build.make CMakeFiles/openpose_ros_msgs_generate_messages_py.dir/depend
make[2] : on quitte le répertoire « /home/zheng/robot_ws_zheng/build/openpose_ros »
/usr/bin/make -f CMakeFiles/openpose_ros_msgs_generate_messages_eus.dir/build.make CMakeFiles/openpose_ros_msgs_generate_messages_eus.dir/build
make[2] : on entre dans le répertoire « /home/zheng/robot_ws_zheng/build/openpose_ros »
cd /home/zheng/robot_ws_zheng/build/openpose_ros && /usr/local/bin/cmake -E cmake_depends "Unix Makefiles" /home/zheng/robot_ws_zheng/src/openpose_ros/openpose_ros /home/zheng/robot_ws_zheng/src/openpose_ros/openpose_ros /home/zheng/robot_ws_zheng/build/openpose_ros /home/zheng/robot_ws_zheng/build/openpose_ros /home/zheng/robot_ws_zheng/build/openpose_ros/CMakeFiles/openpose_ros_msgs_generate_messages_py.dir/DependInfo.cmake --color=
[  0%] Built target sensor_msgs_generate_messages_eus
make[2] : on entre dans le répertoire « /home/zheng/robot_ws_zheng/build/openpose_ros »
make[2]: rien à faire pour « CMakeFiles/openpose_ros_msgs_generate_messages_eus.dir/build ».
make[2] : on quitte le répertoire « /home/zheng/robot_ws_zheng/build/openpose_ros »
make[2] : on entre dans le répertoire « /home/zheng/robot_ws_zheng/build/openpose_ros »
make[2]: rien à faire pour « CMakeFiles/std_msgs_generate_messages_nodejs.dir/build ».
make[2] : on quitte le répertoire « /home/zheng/robot_ws_zheng/build/openpose_ros »
make[2] : on quitte le répertoire « /home/zheng/robot_ws_zheng/build/openpose_ros »
make[2] : on quitte le répertoire « /home/zheng/robot_ws_zheng/build/openpose_ros »
/usr/bin/make -f CMakeFiles/openpose_ros_msgs_generate_messages_nodejs.dir/build.make CMakeFiles/openpose_ros_msgs_generate_messages_nodejs.dir/build
/usr/bin/make -f CMakeFiles/geometry_msgs_generate_messages_eus.dir/build.make CMakeFiles/geometry_msgs_generate_messages_eus.dir/build
/usr/bin/make -f CMakeFiles/sensor_msgs_generate_messages_lisp.dir/build.make CMakeFiles/sensor_msgs_generate_messages_lisp.dir/depend
make[2] : on quitte le répertoire « /home/zheng/robot_ws_zheng/build/openpose_ros »
make[2] : on quitte le répertoire « /home/zheng/robot_ws_zheng/build/openpose_ros »
/usr/bin/make -f CMakeFiles/openpose_ros_msgs_generate_messages_py.dir/build.make CMakeFiles/openpose_ros_msgs_generate_messages_py.dir/build
/usr/bin/make -f CMakeFiles/roscpp_generate_messages_eus.dir/build.make CMakeFiles/roscpp_generate_messages_eus.dir/build
make[2] : on entre dans le répertoire « /home/zheng/robot_ws_zheng/build/openpose_ros »
make[2]: rien à faire pour « CMakeFiles/geometry_msgs_generate_messages_eus.dir/build ».
make[2] : on quitte le répertoire « /home/zheng/robot_ws_zheng/build/openpose_ros »
make[2] : on quitte le répertoire « /home/zheng/robot_ws_zheng/build/openpose_ros »
/usr/bin/make -f CMakeFiles/roscpp_generate_messages_nodejs.dir/build.make CMakeFiles/roscpp_generate_messages_nodejs.dir/build
make[2] : on entre dans le répertoire « /home/zheng/robot_ws_zheng/build/openpose_ros »
cd /home/zheng/robot_ws_zheng/build/openpose_ros && /usr/local/bin/cmake -E cmake_depends "Unix Makefiles" /home/zheng/robot_ws_zheng/src/openpose_ros/openpose_ros /home/zheng/robot_ws_zheng/src/openpose_ros/openpose_ros /home/zheng/robot_ws_zheng/build/openpose_ros /home/zheng/robot_ws_zheng/build/openpose_ros /home/zheng/robot_ws_zheng/build/openpose_ros/CMakeFiles/sensor_msgs_generate_messages_lisp.dir/DependInfo.cmake --color=
make[2] : on entre dans le répertoire « /home/zheng/robot_ws_zheng/build/openpose_ros »
make[2]: rien à faire pour « CMakeFiles/openpose_ros_msgs_generate_messages_py.dir/build ».
make[2] : on quitte le répertoire « /home/zheng/robot_ws_zheng/build/openpose_ros »
make[2] : on entre dans le répertoire « /home/zheng/robot_ws_zheng/build/openpose_ros »
make[2]: rien à faire pour « CMakeFiles/openpose_ros_msgs_generate_messages_nodejs.dir/build ».
make[2] : on quitte le répertoire « /home/zheng/robot_ws_zheng/build/openpose_ros »
make[2] : on entre dans le répertoire « /home/zheng/robot_ws_zheng/build/openpose_ros »
make[2]: rien à faire pour « CMakeFiles/roscpp_generate_messages_eus.dir/build ».
make[2] : on quitte le répertoire « /home/zheng/robot_ws_zheng/build/openpose_ros »
[  0%] Built target openpose_ros_msgs_generate_messages_eus
make[2] : on entre dans le répertoire « /home/zheng/robot_ws_zheng/build/openpose_ros »
make[2]: rien à faire pour « CMakeFiles/roscpp_generate_messages_nodejs.dir/build ».
make[2] : on quitte le répertoire « /home/zheng/robot_ws_zheng/build/openpose_ros »
/usr/bin/make -f CMakeFiles/roscpp_generate_messages_cpp.dir/build.make CMakeFiles/roscpp_generate_messages_cpp.dir/depend
[  0%] Built target std_msgs_generate_messages_nodejs
/usr/bin/make -f CMakeFiles/sensor_msgs_generate_messages_nodejs.dir/build.make CMakeFiles/sensor_msgs_generate_messages_nodejs.dir/depend
[  0%] Built target roscpp_generate_messages_eus
make[2] : on entre dans le répertoire « /home/zheng/robot_ws_zheng/build/openpose_ros »
cd /home/zheng/robot_ws_zheng/build/openpose_ros && /usr/local/bin/cmake -E cmake_depends "Unix Makefiles" /home/zheng/robot_ws_zheng/src/openpose_ros/openpose_ros /home/zheng/robot_ws_zheng/src/openpose_ros/openpose_ros /home/zheng/robot_ws_zheng/build/openpose_ros /home/zheng/robot_ws_zheng/build/openpose_ros /home/zheng/robot_ws_zheng/build/openpose_ros/CMakeFiles/roscpp_generate_messages_cpp.dir/DependInfo.cmake --color=
[  0%] Built target geometry_msgs_generate_messages_eus
[  0%] Built target openpose_ros_msgs_generate_messages_nodejs
/usr/bin/make -f CMakeFiles/geometry_msgs_generate_messages_cpp.dir/build.make CMakeFiles/geometry_msgs_generate_messages_cpp.dir/depend
/usr/bin/make -f CMakeFiles/geometry_msgs_generate_messages_lisp.dir/build.make CMakeFiles/geometry_msgs_generate_messages_lisp.dir/depend
make[2] : on quitte le répertoire « /home/zheng/robot_ws_zheng/build/openpose_ros »
[  0%] Built target roscpp_generate_messages_nodejs
/usr/bin/make -f CMakeFiles/sensor_msgs_generate_messages_lisp.dir/build.make CMakeFiles/sensor_msgs_generate_messages_lisp.dir/build
make[2] : on entre dans le répertoire « /home/zheng/robot_ws_zheng/build/openpose_ros »
cd /home/zheng/robot_ws_zheng/build/openpose_ros && /usr/local/bin/cmake -E cmake_depends "Unix Makefiles" /home/zheng/robot_ws_zheng/src/openpose_ros/openpose_ros /home/zheng/robot_ws_zheng/src/openpose_ros/openpose_ros /home/zheng/robot_ws_zheng/build/openpose_ros /home/zheng/robot_ws_zheng/build/openpose_ros /home/zheng/robot_ws_zheng/build/openpose_ros/CMakeFiles/sensor_msgs_generate_messages_nodejs.dir/DependInfo.cmake --color=
make[2] : on entre dans le répertoire « /home/zheng/robot_ws_zheng/build/openpose_ros »
cd /home/zheng/robot_ws_zheng/build/openpose_ros && /usr/local/bin/cmake -E cmake_depends "Unix Makefiles" /home/zheng/robot_ws_zheng/src/openpose_ros/openpose_ros /home/zheng/robot_ws_zheng/src/openpose_ros/openpose_ros /home/zheng/robot_ws_zheng/build/openpose_ros /home/zheng/robot_ws_zheng/build/openpose_ros /home/zheng/robot_ws_zheng/build/openpose_ros/CMakeFiles/geometry_msgs_generate_messages_cpp.dir/DependInfo.cmake --color=
make[2] : on entre dans le répertoire « /home/zheng/robot_ws_zheng/build/openpose_ros »
cd /home/zheng/robot_ws_zheng/build/openpose_ros && /usr/local/bin/cmake -E cmake_depends "Unix Makefiles" /home/zheng/robot_ws_zheng/src/openpose_ros/openpose_ros /home/zheng/robot_ws_zheng/src/openpose_ros/openpose_ros /home/zheng/robot_ws_zheng/build/openpose_ros /home/zheng/robot_ws_zheng/build/openpose_ros /home/zheng/robot_ws_zheng/build/openpose_ros/CMakeFiles/geometry_msgs_generate_messages_lisp.dir/DependInfo.cmake --color=
[  0%] Built target openpose_ros_msgs_generate_messages_py
make[2] : on entre dans le répertoire « /home/zheng/robot_ws_zheng/build/openpose_ros »
make[2]: rien à faire pour « CMakeFiles/sensor_msgs_generate_messages_lisp.dir/build ».
make[2] : on quitte le répertoire « /home/zheng/robot_ws_zheng/build/openpose_ros »
make[2] : on quitte le répertoire « /home/zheng/robot_ws_zheng/build/openpose_ros »
/usr/bin/make -f CMakeFiles/roscpp_generate_messages_cpp.dir/build.make CMakeFiles/roscpp_generate_messages_cpp.dir/build
make[2] : on entre dans le répertoire « /home/zheng/robot_ws_zheng/build/openpose_ros »
make[2]: rien à faire pour « CMakeFiles/roscpp_generate_messages_cpp.dir/build ».
make[2] : on quitte le répertoire « /home/zheng/robot_ws_zheng/build/openpose_ros »
make[2] : on quitte le répertoire « /home/zheng/robot_ws_zheng/build/openpose_ros »
[  0%] Built target sensor_msgs_generate_messages_lisp
/usr/bin/make -f CMakeFiles/geometry_msgs_generate_messages_lisp.dir/build.make CMakeFiles/geometry_msgs_generate_messages_lisp.dir/build
make[2] : on quitte le répertoire « /home/zheng/robot_ws_zheng/build/openpose_ros »
make[2] : on quitte le répertoire « /home/zheng/robot_ws_zheng/build/openpose_ros »
/usr/bin/make -f CMakeFiles/geometry_msgs_generate_messages_cpp.dir/build.make CMakeFiles/geometry_msgs_generate_messages_cpp.dir/build
/usr/bin/make -f CMakeFiles/sensor_msgs_generate_messages_nodejs.dir/build.make CMakeFiles/sensor_msgs_generate_messages_nodejs.dir/build
make[2] : on entre dans le répertoire « /home/zheng/robot_ws_zheng/build/openpose_ros »
make[2]: rien à faire pour « CMakeFiles/geometry_msgs_generate_messages_lisp.dir/build ».
make[2] : on quitte le répertoire « /home/zheng/robot_ws_zheng/build/openpose_ros »
make[2] : on entre dans le répertoire « /home/zheng/robot_ws_zheng/build/openpose_ros »
make[2]: rien à faire pour « CMakeFiles/geometry_msgs_generate_messages_cpp.dir/build ».
make[2] : on quitte le répertoire « /home/zheng/robot_ws_zheng/build/openpose_ros »
make[2] : on entre dans le répertoire « /home/zheng/robot_ws_zheng/build/openpose_ros »
make[2]: rien à faire pour « CMakeFiles/sensor_msgs_generate_messages_nodejs.dir/build ».
make[2] : on quitte le répertoire « /home/zheng/robot_ws_zheng/build/openpose_ros »
[  0%] Built target roscpp_generate_messages_cpp
[  0%] Built target geometry_msgs_generate_messages_cpp
[  0%] Built target sensor_msgs_generate_messages_nodejs
[  0%] Built target geometry_msgs_generate_messages_lisp
/usr/bin/make -f CMakeFiles/openpose_ros_test.dir/build.make CMakeFiles/openpose_ros_test.dir/depend
/usr/bin/make -f CMakeFiles/openpose_ros_node.dir/build.make CMakeFiles/openpose_ros_node.dir/depend
make[2] : on entre dans le répertoire « /home/zheng/robot_ws_zheng/build/openpose_ros »
cd /home/zheng/robot_ws_zheng/build/openpose_ros && /usr/local/bin/cmake -E cmake_depends "Unix Makefiles" /home/zheng/robot_ws_zheng/src/openpose_ros/openpose_ros /home/zheng/robot_ws_zheng/src/openpose_ros/openpose_ros /home/zheng/robot_ws_zheng/build/openpose_ros /home/zheng/robot_ws_zheng/build/openpose_ros /home/zheng/robot_ws_zheng/build/openpose_ros/CMakeFiles/openpose_ros_test.dir/DependInfo.cmake --color=
make[2] : on entre dans le répertoire « /home/zheng/robot_ws_zheng/build/openpose_ros »
cd /home/zheng/robot_ws_zheng/build/openpose_ros && /usr/local/bin/cmake -E cmake_depends "Unix Makefiles" /home/zheng/robot_ws_zheng/src/openpose_ros/openpose_ros /home/zheng/robot_ws_zheng/src/openpose_ros/openpose_ros /home/zheng/robot_ws_zheng/build/openpose_ros /home/zheng/robot_ws_zheng/build/openpose_ros /home/zheng/robot_ws_zheng/build/openpose_ros/CMakeFiles/openpose_ros_node.dir/DependInfo.cmake --color=
Dependee "/home/zheng/robot_ws_zheng/src/openpose_ros/openpose_ros/src/openpose_test.cpp" is newer than depender "CMakeFiles/openpose_ros_test.dir/src/openpose_test.cpp.o".
Clearing dependencies in "/home/zheng/robot_ws_zheng/build/openpose_ros/CMakeFiles/openpose_ros_test.dir/depend.make".
[35m[1mScanning dependencies of target openpose_ros_test[0m
make[2] : on quitte le répertoire « /home/zheng/robot_ws_zheng/build/openpose_ros »
/usr/bin/make -f CMakeFiles/openpose_ros_node.dir/build.make CMakeFiles/openpose_ros_node.dir/build
make[2] : on quitte le répertoire « /home/zheng/robot_ws_zheng/build/openpose_ros »
/usr/bin/make -f CMakeFiles/openpose_ros_test.dir/build.make CMakeFiles/openpose_ros_test.dir/build
make[2] : on entre dans le répertoire « /home/zheng/robot_ws_zheng/build/openpose_ros »
[ 14%] [32mBuilding CXX object CMakeFiles/openpose_ros_test.dir/src/openpose_test.cpp.o[0m
make[2] : on entre dans le répertoire « /home/zheng/robot_ws_zheng/build/openpose_ros »
make[2]: rien à faire pour « CMakeFiles/openpose_ros_node.dir/build ».
make[2] : on quitte le répertoire « /home/zheng/robot_ws_zheng/build/openpose_ros »
/usr/bin/c++  -DROSCONSOLE_BACKEND_LOG4CXX -DROS_BUILD_SHARED_LIBS=1 -DROS_PACKAGE_NAME=\"openpose_ros\" -I/home/zheng/robot_ws_zheng/src/openpose_ros/openpose_ros/include -I/home/zheng/robot_ws_zheng/devel/.private/openpose_ros_msgs/include -I/opt/ros/melodic/include -I/opt/ros/melodic/share/xmlrpcpp/cmake/../../../include/xmlrpcpp -isystem /usr/include/opencv  -std=c++11 -o CMakeFiles/openpose_ros_test.dir/src/openpose_test.cpp.o -c /home/zheng/robot_ws_zheng/src/openpose_ros/openpose_ros/src/openpose_test.cpp
[ 85%] Built target openpose_ros_node
[100%] [32m[1mLinking CXX executable /home/zheng/robot_ws_zheng/devel/.private/openpose_ros/lib/openpose_ros/openpose_ros_test[0m
/usr/local/bin/cmake -E cmake_link_script CMakeFiles/openpose_ros_test.dir/link.txt --verbose=1
/usr/bin/c++    -rdynamic CMakeFiles/openpose_ros_test.dir/src/openpose_test.cpp.o  -o /home/zheng/robot_ws_zheng/devel/.private/openpose_ros/lib/openpose_ros/openpose_ros_test  -Wl,-rpath,/opt/ros/melodic/lib:/home/zheng/openpose/build/caffe/lib:/usr/local/lib /opt/ros/melodic/lib/libcv_bridge.so /usr/lib/x86_64-linux-gnu/libopencv_core.so.3.2.0 /usr/lib/x86_64-linux-gnu/libopencv_imgproc.so.3.2.0 /usr/lib/x86_64-linux-gnu/libopencv_imgcodecs.so.3.2.0 /opt/ros/melodic/lib/libimage_transport.so /opt/ros/melodic/lib/libmessage_filters.so /opt/ros/melodic/lib/libclass_loader.so -lPocoFoundation -ldl /opt/ros/melodic/lib/libroscpp.so -lboost_signals /opt/ros/melodic/lib/librosconsole.so /opt/ros/melodic/lib/librosconsole_log4cxx.so /opt/ros/melodic/lib/librosconsole_backend_interface.so -llog4cxx -lboost_regex /opt/ros/melodic/lib/libxmlrpcpp.so /opt/ros/melodic/lib/libroslib.so /opt/ros/melodic/lib/librospack.so -lpython2.7 -lboost_filesystem -lboost_program_options -ltinyxml2 /opt/ros/melodic/lib/libroscpp_serialization.so /opt/ros/melodic/lib/librostime.so /opt/ros/melodic/lib/libcpp_common.so -lboost_system -lboost_thread -lboost_chrono -lboost_date_time -lboost_atomic -lpthread /usr/lib/x86_64-linux-gnu/libconsole_bridge.so.0.4 /usr/local/lib/libopenpose.so.1.5.1 /usr/local/lib/libgflags.a -lglog /usr/lib/x86_64-linux-gnu/libopencv_shape.so.3.2.0 /usr/lib/x86_64-linux-gnu/libopencv_stitching.so.3.2.0 /usr/lib/x86_64-linux-gnu/libopencv_superres.so.3.2.0 /usr/lib/x86_64-linux-gnu/libopencv_videostab.so.3.2.0 /usr/lib/x86_64-linux-gnu/libopencv_aruco.so.3.2.0 /usr/lib/x86_64-linux-gnu/libopencv_bgsegm.so.3.2.0 /usr/lib/x86_64-linux-gnu/libopencv_bioinspired.so.3.2.0 /usr/lib/x86_64-linux-gnu/libopencv_ccalib.so.3.2.0 /usr/lib/x86_64-linux-gnu/libopencv_datasets.so.3.2.0 /usr/lib/x86_64-linux-gnu/libopencv_dpm.so.3.2.0 /usr/lib/x86_64-linux-gnu/libopencv_face.so.3.2.0 /usr/lib/x86_64-linux-gnu/libopencv_freetype.so.3.2.0 /usr/lib/x86_64-linux-gnu/libopencv_fuzzy.so.3.2.0 /usr/lib/x86_64-linux-gnu/libopencv_hdf.so.3.2.0 /usr/lib/x86_64-linux-gnu/libopencv_line_descriptor.so.3.2.0 /usr/lib/x86_64-linux-gnu/libopencv_optflow.so.3.2.0 /usr/lib/x86_64-linux-gnu/libopencv_video.so.3.2.0 /usr/lib/x86_64-linux-gnu/libopencv_plot.so.3.2.0 /usr/lib/x86_64-linux-gnu/libopencv_reg.so.3.2.0 /usr/lib/x86_64-linux-gnu/libopencv_saliency.so.3.2.0 /usr/lib/x86_64-linux-gnu/libopencv_stereo.so.3.2.0 /usr/lib/x86_64-linux-gnu/libopencv_structured_light.so.3.2.0 /usr/lib/x86_64-linux-gnu/libopencv_viz.so.3.2.0 /usr/lib/x86_64-linux-gnu/libopencv_phase_unwrapping.so.3.2.0 /usr/lib/x86_64-linux-gnu/libopencv_rgbd.so.3.2.0 /usr/lib/x86_64-linux-gnu/libopencv_surface_matching.so.3.2.0 /usr/lib/x86_64-linux-gnu/libopencv_text.so.3.2.0 /usr/lib/x86_64-linux-gnu/libopencv_ximgproc.so.3.2.0 /usr/lib/x86_64-linux-gnu/libopencv_calib3d.so.3.2.0 /usr/lib/x86_64-linux-gnu/libopencv_features2d.so.3.2.0 /usr/lib/x86_64-linux-gnu/libopencv_flann.so.3.2.0 /usr/lib/x86_64-linux-gnu/libopencv_xobjdetect.so.3.2.0 /usr/lib/x86_64-linux-gnu/libopencv_objdetect.so.3.2.0 /usr/lib/x86_64-linux-gnu/libopencv_ml.so.3.2.0 /usr/lib/x86_64-linux-gnu/libopencv_xphoto.so.3.2.0 /usr/lib/x86_64-linux-gnu/libopencv_highgui.so.3.2.0 /usr/lib/x86_64-linux-gnu/libopencv_photo.so.3.2.0 /usr/lib/x86_64-linux-gnu/libopencv_videoio.so.3.2.0 /usr/lib/x86_64-linux-gnu/libopencv_imgcodecs.so.3.2.0 /usr/lib/x86_64-linux-gnu/libopencv_imgproc.so.3.2.0 /usr/lib/x86_64-linux-gnu/libopencv_core.so.3.2.0 /usr/local/cuda-9.0/lib64/libcudart_static.a -lpthread -ldl -lrt -lglog /home/zheng/openpose/build/caffe/lib/libcaffe.so /usr/local/lib/libgflags.a -lpthread -lcaffe 
make[2] : on quitte le répertoire « /home/zheng/robot_ws_zheng/build/openpose_ros »
[100%] Built target openpose_ros_test
make[1] : on quitte le répertoire « /home/zheng/robot_ws_zheng/build/openpose_ros »
/usr/local/bin/cmake -E cmake_progress_start /home/zheng/robot_ws_zheng/build/openpose_ros/CMakeFiles 0
