[01m[K/home/zheng/robot_ws_zheng/src/openpose_ros/openpose_ros_pkg/src/openpose.cpp:[m[K In function ‘[01m[Kop::PoseModel gflagToPoseModel(const string&)[m[K’:
[01m[K/home/zheng/robot_ws_zheng/src/openpose_ros/openpose_ros_pkg/src/openpose.cpp:160:5:[m[K [01;31m[Kerror: [m[K‘[01m[Klog[m[K’ is not a member of ‘[01m[Kop[m[K’
     op::log("", op::Priority::Low, __LINE__, __FUNCTION__, __FILE__);
[01;32m[K     ^[m[K
[01m[K/home/zheng/robot_ws_zheng/src/openpose_ros/openpose_ros_pkg/src/openpose.cpp:168:16:[m[K [01;31m[Kerror: [m[K‘[01m[KBODY_22[m[K’ is not a member of ‘[01m[Kop::PoseModel[m[K’
         return op::PoseModel::BODY_22;
[01;32m[K                ^[m[K
[01m[K/home/zheng/robot_ws_zheng/src/openpose_ros/openpose_ros_pkg/src/openpose.cpp:[m[K In function ‘[01m[Kop::ScaleMode gflagToScaleMode(int)[m[K’:
[01m[K/home/zheng/robot_ws_zheng/src/openpose_ros/openpose_ros_pkg/src/openpose.cpp:178:5:[m[K [01;31m[Kerror: [m[K‘[01m[Klog[m[K’ is not a member of ‘[01m[Kop[m[K’
     op::log("", op::Priority::Low, __LINE__, __FUNCTION__, __FILE__);
[01;32m[K     ^[m[K
[01m[K/home/zheng/robot_ws_zheng/src/openpose_ros/openpose_ros_pkg/src/openpose.cpp:[m[K In function ‘[01m[Kop::ProducerType gflagsToProducerType(const string&, const string&, int)[m[K’:
[01m[K/home/zheng/robot_ws_zheng/src/openpose_ros/openpose_ros_pkg/src/openpose.cpp:201:5:[m[K [01;31m[Kerror: [m[K‘[01m[Klog[m[K’ is not a member of ‘[01m[Kop[m[K’
     op::log("", op::Priority::Low, __LINE__, __FUNCTION__, __FILE__);
[01;32m[K     ^[m[K
[01m[K/home/zheng/robot_ws_zheng/src/openpose_ros/openpose_ros_pkg/src/openpose.cpp:[m[K In function ‘[01m[Kstd::shared_ptr<op::Producer> gflagsToProducer(const string&, const string&, int, op::Point<int>, double)[m[K’:
[01m[K/home/zheng/robot_ws_zheng/src/openpose_ros/openpose_ros_pkg/src/openpose.cpp:222:5:[m[K [01;31m[Kerror: [m[K‘[01m[Klog[m[K’ is not a member of ‘[01m[Kop[m[K’
     op::log("", op::Priority::Low, __LINE__, __FUNCTION__, __FILE__);
[01;32m[K     ^[m[K
[01m[K/home/zheng/robot_ws_zheng/src/openpose_ros/openpose_ros_pkg/src/openpose.cpp:[m[K At global scope:
[01m[K/home/zheng/robot_ws_zheng/src/openpose_ros/openpose_ros_pkg/src/openpose.cpp:250:5:[m[K [01;31m[Kerror: [m[K‘[01m[KDetectionMode[m[K’ in namespace ‘[01m[Kop[m[K’ does not name a type
 op::DetectionMode gflagToDetectionMode(const int handDetectionModeFlag, const std::shared_ptr<op::Producer>& producer = nullptr)
[01;32m[K     ^[m[K
[01m[K/home/zheng/robot_ws_zheng/src/openpose_ros/openpose_ros_pkg/src/openpose.cpp:[m[K In function ‘[01m[Kstd::tuple<op::Point<int>, op::Point<int>, op::Point<int>, op::Point<int>, std::shared_ptr<op::Producer>, op::PoseModel, op::ScaleMode, std::vector<op::HeatMapType, std::allocator<op::HeatMapType> > > gflagsToOpParameters()[m[K’:
[01m[K/home/zheng/robot_ws_zheng/src/openpose_ros/openpose_ros_pkg/src/openpose.cpp:298:5:[m[K [01;31m[Kerror: [m[K‘[01m[Klog[m[K’ is not a member of ‘[01m[Kop[m[K’
     op::log("", op::Priority::Low, __LINE__, __FUNCTION__, __FILE__);
[01;32m[K     ^[m[K
[01m[K/home/zheng/robot_ws_zheng/src/openpose_ros/openpose_ros_pkg/src/openpose.cpp:302:5:[m[K [01;31m[Kerror: [m[K‘[01m[KcheckE[m[K’ is not a member of ‘[01m[Kop[m[K’
     op::checkE(nRead, 2, "Error, camera resolution format (" +  FLAGS_camera_resolution + ") invalid, should be e.g., 1280x720",
[01;32m[K     ^[m[K
[01m[K/home/zheng/robot_ws_zheng/src/openpose_ros/openpose_ros_pkg/src/openpose.cpp:307:5:[m[K [01;31m[Kerror: [m[K‘[01m[KcheckE[m[K’ is not a member of ‘[01m[Kop[m[K’
     op::checkE(nRead, 2, "Error, resolution format (" +  FLAGS_resolution + ") invalid, should be e.g., 960x540 ",
[01;32m[K     ^[m[K
[01m[K/home/zheng/robot_ws_zheng/src/openpose_ros/openpose_ros_pkg/src/openpose.cpp:312:5:[m[K [01;31m[Kerror: [m[K‘[01m[KcheckE[m[K’ is not a member of ‘[01m[Kop[m[K’
     op::checkE(nRead, 2, "Error, net resolution format (" +  FLAGS_net_resolution + ") invalid, should be e.g., 656x368 (multiples of 16)",
[01;32m[K     ^[m[K
[01m[K/home/zheng/robot_ws_zheng/src/openpose_ros/openpose_ros_pkg/src/openpose.cpp:317:5:[m[K [01;31m[Kerror: [m[K‘[01m[KcheckE[m[K’ is not a member of ‘[01m[Kop[m[K’
     op::checkE(nRead, 2, "Error, face net resolution format (" +  FLAGS_face_net_resolution
[01;32m[K     ^[m[K
[01m[K/home/zheng/robot_ws_zheng/src/openpose_ros/openpose_ros_pkg/src/openpose.cpp:322:5:[m[K [01;31m[Kerror: [m[K‘[01m[KcheckE[m[K’ is not a member of ‘[01m[Kop[m[K’
     op::checkE(nRead, 2, "Error, hand net resolution format (" +  FLAGS_hand_net_resolution
[01;32m[K     ^[m[K
[01m[K/home/zheng/robot_ws_zheng/src/openpose_ros/openpose_ros_pkg/src/openpose.cpp:[m[K In function ‘[01m[Kint opRealTimePoseDemo()[m[K’:
[01m[K/home/zheng/robot_ws_zheng/src/openpose_ros/openpose_ros_pkg/src/openpose.cpp:339:5:[m[K [01;31m[Kerror: [m[K‘[01m[Kcheck[m[K’ is not a member of ‘[01m[Kop[m[K’
     op::check(0 <= FLAGS_logging_level && FLAGS_logging_level <= 255, "Wrong logging_level value.", __LINE__, __FUNCTION__, __FILE__);
[01;32m[K     ^[m[K
[01m[K/home/zheng/robot_ws_zheng/src/openpose_ros/openpose_ros_pkg/src/openpose.cpp:343:5:[m[K [01;31m[Kerror: [m[K‘[01m[Klog[m[K’ is not a member of ‘[01m[Kop[m[K’
     op::log("Starting pose estimation demo.", op::Priority::High);
[01;32m[K     ^[m[K
[01m[K/home/zheng/robot_ws_zheng/src/openpose_ros/openpose_ros_pkg/src/openpose.cpp:359:5:[m[K [01;31m[Kerror: [m[K‘[01m[Klog[m[K’ is not a member of ‘[01m[Kop[m[K’
     op::log("Configuring OpenPose wrapper.", op::Priority::Low, __LINE__, __FUNCTION__, __FILE__);
[01;32m[K     ^[m[K
[01m[K/home/zheng/robot_ws_zheng/src/openpose_ros/openpose_ros_pkg/src/openpose.cpp:360:9:[m[K [01;31m[Kerror: [m[K‘[01m[Kop::Wrapper {aka op::WrapperT<op::Datum>}[m[K’ is not a template
     op::Wrapper<std::vector<op::Datum>> opWrapper;
[01;32m[K         ^[m[K
[01m[K/home/zheng/robot_ws_zheng/src/openpose_ros/openpose_ros_pkg/src/openpose.cpp:365:132:[m[K [01;31m[Kerror: [m[Kno matching function for call to ‘[01m[Kop::WrapperStructPose::WrapperStructPose(<brace-enclosed initializer list>)[m[K’
                                                   FLAGS_part_to_show, FLAGS_model_folder, heatMapTypes, op::ScaleMode::UnsignedChar};
[01;32m[K                                                                                                                                    ^[m[K
In file included from [01m[K/usr/local/include/openpose/wrapper/wrapper.hpp:13:0[m[K,
                 from [01m[K/usr/local/include/openpose/wrapper/headers.hpp:6[m[K,
                 from [01m[K/usr/local/include/openpose/headers.hpp:47[m[K,
                 from [01m[K/home/zheng/robot_ws_zheng/src/openpose_ros/openpose_ros_pkg/src/openpose.cpp:31[m[K:
[01m[K/usr/local/include/openpose/wrapper/wrapperStructPose.hpp:212:9:[m[K [01;36m[Knote: [m[Kcandidate: op::WrapperStructPose::WrapperStructPose(op::PoseMode, const op::Point<int>&, const op::Point<int>&, op::ScaleMode, int, int, int, float, op::RenderMode, op::PoseModel, bool, float, float, int, const op::String&, const std::vector<op::HeatMapType>&, op::ScaleMode, bool, float, int, bool, double, const op::String&, const op::String&, float, bool)
         WrapperStructPose(
[01;32m[K         ^[m[K
[01m[K/usr/local/include/openpose/wrapper/wrapperStructPose.hpp:212:9:[m[K [01;36m[Knote: [m[K  no known conversion for argument 1 from ‘[01m[Kop::Point<int>[m[K’ to ‘[01m[Kop::PoseMode[m[K’
[01m[K/usr/local/include/openpose/wrapper/wrapperStructPose.hpp:18:19:[m[K [01;36m[Knote: [m[Kcandidate: op::WrapperStructPose::WrapperStructPose(const op::WrapperStructPose&)
     struct OP_API WrapperStructPose
[01;32m[K                   ^[m[K
[01m[K/usr/local/include/openpose/wrapper/wrapperStructPose.hpp:18:19:[m[K [01;36m[Knote: [m[K  candidate expects 1 argument, 16 provided
[01m[K/usr/local/include/openpose/wrapper/wrapperStructPose.hpp:18:19:[m[K [01;36m[Knote: [m[Kcandidate: op::WrapperStructPose::WrapperStructPose(op::WrapperStructPose&&)
[01m[K/usr/local/include/openpose/wrapper/wrapperStructPose.hpp:18:19:[m[K [01;36m[Knote: [m[K  candidate expects 1 argument, 16 provided
[01m[K/home/zheng/robot_ws_zheng/src/openpose_ros/openpose_ros_pkg/src/openpose.cpp:368:107:[m[K [01;31m[Kerror: [m[Kno matching function for call to ‘[01m[Kop::WrapperStructFace::WrapperStructFace(<brace-enclosed initializer list>)[m[K’
                                                   (float)FLAGS_alpha_face, (float)FLAGS_alpha_heatmap_face};
[01;32m[K                                                                                                           ^[m[K
In file included from [01m[K/usr/local/include/openpose/wrapper/wrapper.hpp:8:0[m[K,
                 from [01m[K/usr/local/include/openpose/wrapper/headers.hpp:6[m[K,
                 from [01m[K/usr/local/include/openpose/headers.hpp:47[m[K,
                 from [01m[K/home/zheng/robot_ws_zheng/src/openpose_ros/openpose_ros_pkg/src/openpose.cpp:31[m[K:
[01m[K/usr/local/include/openpose/wrapper/wrapperStructFace.hpp:69:9:[m[K [01;36m[Knote: [m[Kcandidate: op::WrapperStructFace::WrapperStructFace(bool, op::Detector, const op::Point<int>&, op::RenderMode, float, float, float)
         WrapperStructFace(
[01;32m[K         ^[m[K
[01m[K/usr/local/include/openpose/wrapper/wrapperStructFace.hpp:69:9:[m[K [01;36m[Knote: [m[K  no known conversion for argument 2 from ‘[01m[Kop::Point<int>[m[K’ to ‘[01m[Kop::Detector[m[K’
[01m[K/usr/local/include/openpose/wrapper/wrapperStructFace.hpp:16:19:[m[K [01;36m[Knote: [m[Kcandidate: op::WrapperStructFace::WrapperStructFace(const op::WrapperStructFace&)
     struct OP_API WrapperStructFace
[01;32m[K                   ^[m[K
[01m[K/usr/local/include/openpose/wrapper/wrapperStructFace.hpp:16:19:[m[K [01;36m[Knote: [m[K  candidate expects 1 argument, 5 provided
[01m[K/usr/local/include/openpose/wrapper/wrapperStructFace.hpp:16:19:[m[K [01;36m[Knote: [m[Kcandidate: op::WrapperStructFace::WrapperStructFace(op::WrapperStructFace&&)
[01m[K/usr/local/include/openpose/wrapper/wrapperStructFace.hpp:16:19:[m[K [01;36m[Knote: [m[K  candidate expects 1 argument, 5 provided
[01m[K/home/zheng/robot_ws_zheng/src/openpose_ros/openpose_ros_pkg/src/openpose.cpp:370:146:[m[K [01;31m[Kerror: [m[K‘[01m[KgflagToDetectionMode[m[K’ was not declared in this scope
     const op::WrapperStructHand wrapperStructHand{FLAGS_hand, handNetInputSize, gflagToDetectionMode(FLAGS_hand_detection_mode, producerSharedPtr),
[01;32m[K                                                                                                                                                  ^[m[K
[01m[K/home/zheng/robot_ws_zheng/src/openpose_ros/openpose_ros_pkg/src/openpose.cpp:372:82:[m[K [01;31m[Kerror: [m[Kno matching function for call to ‘[01m[Kop::WrapperStructHand::WrapperStructHand(<brace-enclosed initializer list>)[m[K’
                                                   (float)FLAGS_alpha_heatmap_hand};
[01;32m[K                                                                                  ^[m[K
In file included from [01m[K/usr/local/include/openpose/wrapper/wrapper.hpp:10:0[m[K,
                 from [01m[K/usr/local/include/openpose/wrapper/headers.hpp:6[m[K,
                 from [01m[K/usr/local/include/openpose/headers.hpp:47[m[K,
                 from [01m[K/home/zheng/robot_ws_zheng/src/openpose_ros/openpose_ros_pkg/src/openpose.cpp:31[m[K:
[01m[K/usr/local/include/openpose/wrapper/wrapperStructHand.hpp:88:9:[m[K [01;36m[Knote: [m[Kcandidate: op::WrapperStructHand::WrapperStructHand(bool, op::Detector, const op::Point<int>&, int, float, op::RenderMode, float, float, float)
         WrapperStructHand(
[01;32m[K         ^[m[K
[01m[K/usr/local/include/openpose/wrapper/wrapperStructHand.hpp:88:9:[m[K [01;36m[Knote: [m[K  no known conversion for argument 2 from ‘[01m[Kop::Point<int>[m[K’ to ‘[01m[Kop::Detector[m[K’
[01m[K/usr/local/include/openpose/wrapper/wrapperStructHand.hpp:16:19:[m[K [01;36m[Knote: [m[Kcandidate: op::WrapperStructHand::WrapperStructHand(const op::WrapperStructHand&)
     struct OP_API WrapperStructHand
[01;32m[K                   ^[m[K
[01m[K/usr/local/include/openpose/wrapper/wrapperStructHand.hpp:16:19:[m[K [01;36m[Knote: [m[K  candidate expects 1 argument, 6 provided
[01m[K/usr/local/include/openpose/wrapper/wrapperStructHand.hpp:16:19:[m[K [01;36m[Knote: [m[Kcandidate: op::WrapperStructHand::WrapperStructHand(op::WrapperStructHand&&)
[01m[K/usr/local/include/openpose/wrapper/wrapperStructHand.hpp:16:19:[m[K [01;36m[Knote: [m[K  candidate expects 1 argument, 6 provided
[01m[K/home/zheng/robot_ws_zheng/src/openpose_ros/openpose_ros_pkg/src/openpose.cpp:375:110:[m[K [01;31m[Kerror: [m[Kno matching function for call to ‘[01m[Kop::WrapperStructInput::WrapperStructInput(<brace-enclosed initializer list>)[m[K’
                                                     FLAGS_frame_flip, FLAGS_frame_rotate, FLAGS_frames_repeat};
[01;32m[K                                                                                                              ^[m[K
In file included from [01m[K/usr/local/include/openpose/wrapper/wrapper.hpp:11:0[m[K,
                 from [01m[K/usr/local/include/openpose/wrapper/headers.hpp:6[m[K,
                 from [01m[K/usr/local/include/openpose/headers.hpp:47[m[K,
                 from [01m[K/home/zheng/robot_ws_zheng/src/openpose_ros/openpose_ros_pkg/src/openpose.cpp:31[m[K:
[01m[K/usr/local/include/openpose/wrapper/wrapperStructInput.hpp:99:9:[m[K [01;36m[Knote: [m[Kcandidate: op::WrapperStructInput::WrapperStructInput(op::ProducerType, const op::String&, long long unsigned int, long long unsigned int, long long unsigned int, bool, bool, int, bool, const op::Point<int>&, const op::String&, bool, int)
         WrapperStructInput(
[01;32m[K         ^[m[K
[01m[K/usr/local/include/openpose/wrapper/wrapperStructInput.hpp:99:9:[m[K [01;36m[Knote: [m[K  no known conversion for argument 1 from ‘[01m[Kstd::shared_ptr<op::Producer>[m[K’ to ‘[01m[Kop::ProducerType[m[K’
[01m[K/usr/local/include/openpose/wrapper/wrapperStructInput.hpp:14:19:[m[K [01;36m[Knote: [m[Kcandidate: op::WrapperStructInput::WrapperStructInput(const op::WrapperStructInput&)
     struct OP_API WrapperStructInput
[01;32m[K                   ^[m[K
[01m[K/usr/local/include/openpose/wrapper/wrapperStructInput.hpp:14:19:[m[K [01;36m[Knote: [m[K  candidate expects 1 argument, 7 provided
[01m[K/usr/local/include/openpose/wrapper/wrapperStructInput.hpp:14:19:[m[K [01;36m[Knote: [m[Kcandidate: op::WrapperStructInput::WrapperStructInput(op::WrapperStructInput&&)
[01m[K/usr/local/include/openpose/wrapper/wrapperStructInput.hpp:14:19:[m[K [01;36m[Knote: [m[K  candidate expects 1 argument, 7 provided
[01m[K/home/zheng/robot_ws_zheng/src/openpose_ros/openpose_ros_pkg/src/openpose.cpp:380:104:[m[K [01;31m[Kerror: [m[Kno matching function for call to ‘[01m[Kop::WrapperStructOutput::WrapperStructOutput(<brace-enclosed initializer list>)[m[K’
                                                       FLAGS_write_heatmaps, FLAGS_write_heatmaps_format};
[01;32m[K                                                                                                        ^[m[K
In file included from [01m[K/usr/local/include/openpose/wrapper/wrapper.hpp:12:0[m[K,
                 from [01m[K/usr/local/include/openpose/wrapper/headers.hpp:6[m[K,
                 from [01m[K/usr/local/include/openpose/headers.hpp:47[m[K,
                 from [01m[K/home/zheng/robot_ws_zheng/src/openpose_ros/openpose_ros_pkg/src/openpose.cpp:31[m[K:
[01m[K/usr/local/include/openpose/wrapper/wrapperStructOutput.hpp:150:9:[m[K [01;36m[Knote: [m[Kcandidate: op::WrapperStructOutput::WrapperStructOutput(double, const op::String&, op::DataFormat, const op::String&, const op::String&, int, int, const op::String&, const op::String&, const op::String&, double, bool, const op::String&, const op::String&, const op::String&, const op::String&, const op::String&, const op::String&, const op::String&)
         WrapperStructOutput(
[01;32m[K         ^[m[K
[01m[K/usr/local/include/openpose/wrapper/wrapperStructOutput.hpp:150:9:[m[K [01;36m[Knote: [m[K  no known conversion for argument 2 from ‘[01m[Kbool[m[K’ to ‘[01m[Kconst op::String&[m[K’
[01m[K/usr/local/include/openpose/wrapper/wrapperStructOutput.hpp:13:19:[m[K [01;36m[Knote: [m[Kcandidate: op::WrapperStructOutput::WrapperStructOutput(const op::WrapperStructOutput&)
     struct OP_API WrapperStructOutput
[01;32m[K                   ^[m[K
[01m[K/usr/local/include/openpose/wrapper/wrapperStructOutput.hpp:13:19:[m[K [01;36m[Knote: [m[K  candidate expects 1 argument, 12 provided
[01m[K/usr/local/include/openpose/wrapper/wrapperStructOutput.hpp:13:19:[m[K [01;36m[Knote: [m[Kcandidate: op::WrapperStructOutput::WrapperStructOutput(op::WrapperStructOutput&&)
[01m[K/usr/local/include/openpose/wrapper/wrapperStructOutput.hpp:13:19:[m[K [01;36m[Knote: [m[K  candidate expects 1 argument, 12 provided
[01m[K/home/zheng/robot_ws_zheng/src/openpose_ros/openpose_ros_pkg/src/openpose.cpp:382:121:[m[K [01;31m[Kerror: [m[Kno matching function for call to ‘[01m[Kop::WrapperT<op::Datum>::configure(const op::WrapperStructPose&, const op::WrapperStructFace&, const op::WrapperStructHand&, const op::WrapperStructInput&, const op::WrapperStructOutput&)[m[K’
     opWrapper.configure(wrapperStructPose, wrapperStructFace, wrapperStructHand, wrapperStructInput, wrapperStructOutput);
[01;32m[K                                                                                                                         ^[m[K
In file included from [01m[K/usr/local/include/openpose/wrapper/headers.hpp:6:0[m[K,
                 from [01m[K/usr/local/include/openpose/headers.hpp:47[m[K,
                 from [01m[K/home/zheng/robot_ws_zheng/src/openpose_ros/openpose_ros_pkg/src/openpose.cpp:31[m[K:
[01m[K/usr/local/include/openpose/wrapper/wrapper.hpp:320:10:[m[K [01;36m[Knote: [m[Kcandidate: void op::WrapperT<TDatum, TDatums, TDatumsSP, TWorker>::configure(const op::WrapperStructPose&) [with TDatum = op::Datum; TDatums = std::vector<std::shared_ptr<op::Datum> >; TDatumsSP = std::shared_ptr<std::vector<std::shared_ptr<op::Datum> > >; TWorker = std::shared_ptr<op::Worker<std::shared_ptr<std::vector<std::shared_ptr<op::Datum> > > > >]
     void WrapperT<TDatum, TDatums, TDatumsSP, TWorker>::configure(const WrapperStructPose& wrapperStructPose)
[01;32m[K          ^[m[K
[01m[K/usr/local/include/openpose/wrapper/wrapper.hpp:320:10:[m[K [01;36m[Knote: [m[K  candidate expects 1 argument, 5 provided
[01m[K/usr/local/include/openpose/wrapper/wrapper.hpp:333:10:[m[K [01;36m[Knote: [m[Kcandidate: void op::WrapperT<TDatum, TDatums, TDatumsSP, TWorker>::configure(const op::WrapperStructFace&) [with TDatum = op::Datum; TDatums = std::vector<std::shared_ptr<op::Datum> >; TDatumsSP = std::shared_ptr<std::vector<std::shared_ptr<op::Datum> > >; TWorker = std::shared_ptr<op::Worker<std::shared_ptr<std::vector<std::shared_ptr<op::Datum> > > > >]
     void WrapperT<TDatum, TDatums, TDatumsSP, TWorker>::configure(const WrapperStructFace& wrapperStructFace)
[01;32m[K          ^[m[K
[01m[K/usr/local/include/openpose/wrapper/wrapper.hpp:333:10:[m[K [01;36m[Knote: [m[K  candidate expects 1 argument, 5 provided
[01m[K/usr/local/include/openpose/wrapper/wrapper.hpp:346:10:[m[K [01;36m[Knote: [m[Kcandidate: void op::WrapperT<TDatum, TDatums, TDatumsSP, TWorker>::configure(const op::WrapperStructHand&) [with TDatum = op::Datum; TDatums = std::vector<std::shared_ptr<op::Datum> >; TDatumsSP = std::shared_ptr<std::vector<std::shared_ptr<op::Datum> > >; TWorker = std::shared_ptr<op::Worker<std::shared_ptr<std::vector<std::shared_ptr<op::Datum> > > > >]
     void WrapperT<TDatum, TDatums, TDatumsSP, TWorker>::configure(const WrapperStructHand& wrapperStructHand)
[01;32m[K          ^[m[K
[01m[K/usr/local/include/openpose/wrapper/wrapper.hpp:346:10:[m[K [01;36m[Knote: [m[K  candidate expects 1 argument, 5 provided
[01m[K/usr/local/include/openpose/wrapper/wrapper.hpp:359:10:[m[K [01;36m[Knote: [m[Kcandidate: void op::WrapperT<TDatum, TDatums, TDatumsSP, TWorker>::configure(const op::WrapperStructExtra&) [with TDatum = op::Datum; TDatums = std::vector<std::shared_ptr<op::Datum> >; TDatumsSP = std::shared_ptr<std::vector<std::shared_ptr<op::Datum> > >; TWorker = std::shared_ptr<op::Worker<std::shared_ptr<std::vector<std::shared_ptr<op::Datum> > > > >]
     void WrapperT<TDatum, TDatums, TDatumsSP, TWorker>::configure(const WrapperStructExtra& wrapperStructExtra)
[01;32m[K          ^[m[K
[01m[K/usr/local/include/openpose/wrapper/wrapper.hpp:359:10:[m[K [01;36m[Knote: [m[K  candidate expects 1 argument, 5 provided
[01m[K/usr/local/include/openpose/wrapper/wrapper.hpp:372:10:[m[K [01;36m[Knote: [m[Kcandidate: void op::WrapperT<TDatum, TDatums, TDatumsSP, TWorker>::configure(const op::WrapperStructInput&) [with TDatum = op::Datum; TDatums = std::vector<std::shared_ptr<op::Datum> >; TDatumsSP = std::shared_ptr<std::vector<std::shared_ptr<op::Datum> > >; TWorker = std::shared_ptr<op::Worker<std::shared_ptr<std::vector<std::shared_ptr<op::Datum> > > > >]
     void WrapperT<TDatum, TDatums, TDatumsSP, TWorker>::configure(const WrapperStructInput& wrapperStructInput)
[01;32m[K          ^[m[K
[01m[K/usr/local/include/openpose/wrapper/wrapper.hpp:372:10:[m[K [01;36m[Knote: [m[K  candidate expects 1 argument, 5 provided
[01m[K/usr/local/include/openpose/wrapper/wrapper.hpp:385:10:[m[K [01;36m[Knote: [m[Kcandidate: void op::WrapperT<TDatum, TDatums, TDatumsSP, TWorker>::configure(const op::WrapperStructOutput&) [with TDatum = op::Datum; TDatums = std::vector<std::shared_ptr<op::Datum> >; TDatumsSP = std::shared_ptr<std::vector<std::shared_ptr<op::Datum> > >; TWorker = std::shared_ptr<op::Worker<std::shared_ptr<std::vector<std::shared_ptr<op::Datum> > > > >]
     void WrapperT<TDatum, TDatums, TDatumsSP, TWorker>::configure(const WrapperStructOutput& wrapperStructOutput)
[01;32m[K          ^[m[K
[01m[K/usr/local/include/openpose/wrapper/wrapper.hpp:385:10:[m[K [01;36m[Knote: [m[K  candidate expects 1 argument, 5 provided
[01m[K/usr/local/include/openpose/wrapper/wrapper.hpp:398:10:[m[K [01;36m[Knote: [m[Kcandidate: void op::WrapperT<TDatum, TDatums, TDatumsSP, TWorker>::configure(const op::WrapperStructGui&) [with TDatum = op::Datum; TDatums = std::vector<std::shared_ptr<op::Datum> >; TDatumsSP = std::shared_ptr<std::vector<std::shared_ptr<op::Datum> > >; TWorker = std::shared_ptr<op::Worker<std::shared_ptr<std::vector<std::shared_ptr<op::Datum> > > > >]
     void WrapperT<TDatum, TDatums, TDatumsSP, TWorker>::configure(const WrapperStructGui& wrapperStructGui)
[01;32m[K          ^[m[K
[01m[K/usr/local/include/openpose/wrapper/wrapper.hpp:398:10:[m[K [01;36m[Knote: [m[K  candidate expects 1 argument, 5 provided
[01m[K/home/zheng/robot_ws_zheng/src/openpose_ros/openpose_ros_pkg/src/openpose.cpp:388:5:[m[K [01;31m[Kerror: [m[K‘[01m[Klog[m[K’ is not a member of ‘[01m[Kop[m[K’
     op::log("Starting thread(s)", op::Priority::High);
[01;32m[K     ^[m[K
[01m[K/home/zheng/robot_ws_zheng/src/openpose_ros/openpose_ros_pkg/src/openpose.cpp:417:5:[m[K [01;31m[Kerror: [m[K‘[01m[Klog[m[K’ is not a member of ‘[01m[Kop[m[K’
     op::log(message, op::Priority::High);
[01;32m[K     ^[m[K
make[2]: *** [CMakeFiles/openpose_ros.dir/src/openpose.cpp.o] Error 1
make[1]: *** [CMakeFiles/openpose_ros.dir/all] Error 2
make[1]: *** Attente des tâches non terminées....
[01m[K/home/zheng/robot_ws_zheng/src/openpose_ros/openpose_ros_pkg/src/openpose_ros_node_firephinx.cpp:[m[K In function ‘[01m[Kint openPoseROSTutorial()[m[K’:
[01m[K/home/zheng/robot_ws_zheng/src/openpose_ros/openpose_ros_pkg/src/openpose_ros_node_firephinx.cpp:138:5:[m[K [01;31m[Kerror: [m[K‘[01m[Klog[m[K’ is not a member of ‘[01m[Kop[m[K’
     op::log("OpenPose ROS Node", op::Priority::High);
[01;32m[K     ^[m[K
[01m[K/home/zheng/robot_ws_zheng/src/openpose_ros/openpose_ros_pkg/src/openpose_ros_node_firephinx.cpp:138:5:[m[K [01;36m[Knote: [m[Ksuggested alternatives:
In file included from [01m[K/usr/include/features.h:424:0[m[K,
                 from [01m[K/usr/include/x86_64-linux-gnu/bits/libc-header-start.h:33[m[K,
                 from [01m[K/usr/include/stdlib.h:25[m[K,
                 from [01m[K/opt/ros/melodic/include/ros/platform.h:37[m[K,
                 from [01m[K/opt/ros/melodic/include/ros/time.h:53[m[K,
                 from [01m[K/opt/ros/melodic/include/ros/ros.h:38[m[K,
                 from [01m[K/home/zheng/robot_ws_zheng/src/openpose_ros/openpose_ros_pkg/src/openpose_ros_node_firephinx.cpp:3[m[K:
[01m[K/usr/include/x86_64-linux-gnu/bits/mathcalls.h:104:1:[m[K [01;36m[Knote: [m[K  ‘[01m[Klog[m[K’
 __MATHCALL_VEC (log,, (_Mdouble_ __x));
[01;32m[K ^[m[K
In file included from [01m[K/usr/include/boost/config/no_tr1/complex.hpp:21:0[m[K,
                 from [01m[K/usr/include/boost/math/policies/error_handling.hpp:17[m[K,
                 from [01m[K/usr/include/boost/math/special_functions/round.hpp:14[m[K,
                 from [01m[K/opt/ros/melodic/include/ros/time.h:58[m[K,
                 from [01m[K/opt/ros/melodic/include/ros/ros.h:38[m[K,
                 from [01m[K/home/zheng/robot_ws_zheng/src/openpose_ros/openpose_ros_pkg/src/openpose_ros_node_firephinx.cpp:3[m[K:
[01m[K/usr/include/c++/5/complex:785:5:[m[K [01;36m[Knote: [m[K  ‘[01m[Kstd::log[m[K’
     log(const complex<_Tp>& __z) { return __complex_log(__z.__rep()); }
[01;32m[K     ^[m[K
In file included from [01m[K/usr/include/opencv2/core/core.hpp:48:0[m[K,
                 from [01m[K/opt/ros/melodic/include/cv_bridge/cv_bridge.h:43[m[K,
                 from [01m[K/home/zheng/robot_ws_zheng/src/openpose_ros/openpose_ros_pkg/src/openpose_ros_node_firephinx.cpp:6[m[K:
[01m[K/usr/include/opencv2/core.hpp:1474:19:[m[K [01;36m[Knote: [m[K  ‘[01m[Kcv::log[m[K’
 CV_EXPORTS_W void log(InputArray src, OutputArray dst);
[01;32m[K                   ^[m[K
[01m[K/home/zheng/robot_ws_zheng/src/openpose_ros/openpose_ros_pkg/src/openpose_ros_node_firephinx.cpp:143:5:[m[K [01;31m[Kerror: [m[K‘[01m[Kcheck[m[K’ is not a member of ‘[01m[Kop[m[K’
     op::check(0 <= FLAGS_logging_level && FLAGS_logging_level <= 255, "Wrong logging_level value.", __LINE__, __FUNCTION__, __FILE__);
[01;32m[K     ^[m[K
[01m[K/home/zheng/robot_ws_zheng/src/openpose_ros/openpose_ros_pkg/src/openpose_ros_node_firephinx.cpp:143:5:[m[K [01;36m[Knote: [m[Ksuggested alternative:
In file included from [01m[K/opt/ros/melodic/include/ros/ros.h:52:0[m[K,
                 from [01m[K/home/zheng/robot_ws_zheng/src/openpose_ros/openpose_ros_pkg/src/openpose_ros_node_firephinx.cpp:3[m[K:
[01m[K/opt/ros/melodic/include/ros/master.h:80:18:[m[K [01;36m[Knote: [m[K  ‘[01m[Kros::master::check[m[K’
 ROSCPP_DECL bool check();
[01;32m[K                  ^[m[K
[01m[K/home/zheng/robot_ws_zheng/src/openpose_ros/openpose_ros_pkg/src/openpose_ros_node_firephinx.cpp:145:5:[m[K [01;31m[Kerror: [m[K‘[01m[Klog[m[K’ is not a member of ‘[01m[Kop[m[K’
     op::log("", op::Priority::Low, __LINE__, __FUNCTION__, __FILE__);
[01;32m[K     ^[m[K
[01m[K/home/zheng/robot_ws_zheng/src/openpose_ros/openpose_ros_pkg/src/openpose_ros_node_firephinx.cpp:145:5:[m[K [01;36m[Knote: [m[Ksuggested alternatives:
In file included from [01m[K/usr/include/features.h:424:0[m[K,
                 from [01m[K/usr/include/x86_64-linux-gnu/bits/libc-header-start.h:33[m[K,
                 from [01m[K/usr/include/stdlib.h:25[m[K,
                 from [01m[K/opt/ros/melodic/include/ros/platform.h:37[m[K,
                 from [01m[K/opt/ros/melodic/include/ros/time.h:53[m[K,
                 from [01m[K/opt/ros/melodic/include/ros/ros.h:38[m[K,
                 from [01m[K/home/zheng/robot_ws_zheng/src/openpose_ros/openpose_ros_pkg/src/openpose_ros_node_firephinx.cpp:3[m[K:
[01m[K/usr/include/x86_64-linux-gnu/bits/mathcalls.h:104:1:[m[K [01;36m[Knote: [m[K  ‘[01m[Klog[m[K’
 __MATHCALL_VEC (log,, (_Mdouble_ __x));
[01;32m[K ^[m[K
In file included from [01m[K/usr/include/boost/config/no_tr1/complex.hpp:21:0[m[K,
                 from [01m[K/usr/include/boost/math/policies/error_handling.hpp:17[m[K,
                 from [01m[K/usr/include/boost/math/special_functions/round.hpp:14[m[K,
                 from [01m[K/opt/ros/melodic/include/ros/time.h:58[m[K,
                 from [01m[K/opt/ros/melodic/include/ros/ros.h:38[m[K,
                 from [01m[K/home/zheng/robot_ws_zheng/src/openpose_ros/openpose_ros_pkg/src/openpose_ros_node_firephinx.cpp:3[m[K:
[01m[K/usr/include/c++/5/complex:785:5:[m[K [01;36m[Knote: [m[K  ‘[01m[Kstd::log[m[K’
     log(const complex<_Tp>& __z) { return __complex_log(__z.__rep()); }
[01;32m[K     ^[m[K
In file included from [01m[K/usr/include/opencv2/core/core.hpp:48:0[m[K,
                 from [01m[K/opt/ros/melodic/include/cv_bridge/cv_bridge.h:43[m[K,
                 from [01m[K/home/zheng/robot_ws_zheng/src/openpose_ros/openpose_ros_pkg/src/openpose_ros_node_firephinx.cpp:6[m[K:
[01m[K/usr/include/opencv2/core.hpp:1474:19:[m[K [01;36m[Knote: [m[K  ‘[01m[Kcv::log[m[K’
 CV_EXPORTS_W void log(InputArray src, OutputArray dst);
[01;32m[K                   ^[m[K
[01m[K/home/zheng/robot_ws_zheng/src/openpose_ros/openpose_ros_pkg/src/openpose_ros_node_firephinx.cpp:186:5:[m[K [01;31m[Kerror: [m[K‘[01m[Klog[m[K’ is not a member of ‘[01m[Kop[m[K’
     op::log("", op::Priority::Low, __LINE__, __FUNCTION__, __FILE__);
[01;32m[K     ^[m[K
[01m[K/home/zheng/robot_ws_zheng/src/openpose_ros/openpose_ros_pkg/src/openpose_ros_node_firephinx.cpp:186:5:[m[K [01;36m[Knote: [m[Ksuggested alternatives:
In file included from [01m[K/usr/include/features.h:424:0[m[K,
                 from [01m[K/usr/include/x86_64-linux-gnu/bits/libc-header-start.h:33[m[K,
                 from [01m[K/usr/include/stdlib.h:25[m[K,
                 from [01m[K/opt/ros/melodic/include/ros/platform.h:37[m[K,
                 from [01m[K/opt/ros/melodic/include/ros/time.h:53[m[K,
                 from [01m[K/opt/ros/melodic/include/ros/ros.h:38[m[K,
                 from [01m[K/home/zheng/robot_ws_zheng/src/openpose_ros/openpose_ros_pkg/src/openpose_ros_node_firephinx.cpp:3[m[K:
[01m[K/usr/include/x86_64-linux-gnu/bits/mathcalls.h:104:1:[m[K [01;36m[Knote: [m[K  ‘[01m[Klog[m[K’
 __MATHCALL_VEC (log,, (_Mdouble_ __x));
[01;32m[K ^[m[K
In file included from [01m[K/usr/include/boost/config/no_tr1/complex.hpp:21:0[m[K,
                 from [01m[K/usr/include/boost/math/policies/error_handling.hpp:17[m[K,
                 from [01m[K/usr/include/boost/math/special_functions/round.hpp:14[m[K,
                 from [01m[K/opt/ros/melodic/include/ros/time.h:58[m[K,
                 from [01m[K/opt/ros/melodic/include/ros/ros.h:38[m[K,
                 from [01m[K/home/zheng/robot_ws_zheng/src/openpose_ros/openpose_ros_pkg/src/openpose_ros_node_firephinx.cpp:3[m[K:
[01m[K/usr/include/c++/5/complex:785:5:[m[K [01;36m[Knote: [m[K  ‘[01m[Kstd::log[m[K’
     log(const complex<_Tp>& __z) { return __complex_log(__z.__rep()); }
[01;32m[K     ^[m[K
In file included from [01m[K/usr/include/opencv2/core/core.hpp:48:0[m[K,
                 from [01m[K/opt/ros/melodic/include/cv_bridge/cv_bridge.h:43[m[K,
                 from [01m[K/home/zheng/robot_ws_zheng/src/openpose_ros/openpose_ros_pkg/src/openpose_ros_node_firephinx.cpp:6[m[K:
[01m[K/usr/include/opencv2/core.hpp:1474:19:[m[K [01;36m[Knote: [m[K  ‘[01m[Kcv::log[m[K’
 CV_EXPORTS_W void log(InputArray src, OutputArray dst);
[01;32m[K                   ^[m[K
[01m[K/home/zheng/robot_ws_zheng/src/openpose_ros/openpose_ros_pkg/src/openpose_ros_node_firephinx.cpp:188:93:[m[K [01;31m[Kerror: [m[Kno matching function for call to ‘[01m[Kop::CvMatToOpInput::CvMatToOpInput(<brace-enclosed initializer list>)[m[K’
     op::CvMatToOpInput cvMatToOpInput{netInputSize, FLAGS_num_scales, (float)FLAGS_scale_gap};
[01;32m[K                                                                                             ^[m[K
In file included from [01m[K/usr/local/include/openpose/core/headers.hpp:8:0[m[K,
                 from [01m[K/home/zheng/robot_ws_zheng/src/openpose_ros/openpose_ros_pkg/src/openpose_ros_node_firephinx.cpp:28[m[K:
[01m[K/usr/local/include/openpose/core/cvMatToOpInput.hpp:12:9:[m[K [01;36m[Knote: [m[Kcandidate: op::CvMatToOpInput::CvMatToOpInput(op::PoseModel, bool)
         CvMatToOpInput(const PoseModel poseModel = PoseModel::BODY_25, const bool gpuResize = false);
[01;32m[K         ^[m[K
[01m[K/usr/local/include/openpose/core/cvMatToOpInput.hpp:12:9:[m[K [01;36m[Knote: [m[K  candidate expects 2 arguments, 3 provided
[01m[K/usr/local/include/openpose/core/cvMatToOpInput.hpp:9:18:[m[K [01;36m[Knote: [m[Kcandidate: constexpr op::CvMatToOpInput::CvMatToOpInput(const op::CvMatToOpInput&)
     class OP_API CvMatToOpInput
[01;32m[K                  ^[m[K
[01m[K/usr/local/include/openpose/core/cvMatToOpInput.hpp:9:18:[m[K [01;36m[Knote: [m[K  candidate expects 1 argument, 3 provided
[01m[K/home/zheng/robot_ws_zheng/src/openpose_ros/openpose_ros_pkg/src/openpose_ros_node_firephinx.cpp:189:51:[m[K [01;31m[Kerror: [m[Kno matching function for call to ‘[01m[Kop::CvMatToOpOutput::CvMatToOpOutput(<brace-enclosed initializer list>)[m[K’
     op::CvMatToOpOutput cvMatToOpOutput{outputSize};
[01;32m[K                                                   ^[m[K
In file included from [01m[K/usr/local/include/openpose/core/headers.hpp:9:0[m[K,
                 from [01m[K/home/zheng/robot_ws_zheng/src/openpose_ros/openpose_ros_pkg/src/openpose_ros_node_firephinx.cpp:28[m[K:
[01m[K/usr/local/include/openpose/core/cvMatToOpOutput.hpp:11:9:[m[K [01;36m[Knote: [m[Kcandidate: op::CvMatToOpOutput::CvMatToOpOutput(bool)
         CvMatToOpOutput(const bool gpuResize = false);
[01;32m[K         ^[m[K
[01m[K/usr/local/include/openpose/core/cvMatToOpOutput.hpp:11:9:[m[K [01;36m[Knote: [m[K  no known conversion for argument 1 from ‘[01m[Kop::Point<int>[m[K’ to ‘[01m[Kbool[m[K’
[01m[K/usr/local/include/openpose/core/cvMatToOpOutput.hpp:8:18:[m[K [01;36m[Knote: [m[Kcandidate: op::CvMatToOpOutput::CvMatToOpOutput(const op::CvMatToOpOutput&)
     class OP_API CvMatToOpOutput
[01;32m[K                  ^[m[K
[01m[K/usr/local/include/openpose/core/cvMatToOpOutput.hpp:8:18:[m[K [01;36m[Knote: [m[K  no known conversion for argument 1 from ‘[01m[Kop::Point<int>[m[K’ to ‘[01m[Kconst op::CvMatToOpOutput&[m[K’
[01m[K/home/zheng/robot_ws_zheng/src/openpose_ros/openpose_ros_pkg/src/openpose_ros_node_firephinx.cpp:191:89:[m[K [01;31m[Kerror: [m[Kno matching function for call to ‘[01m[Kop::PoseExtractorCaffe::PoseExtractorCaffe(<brace-enclosed initializer list>)[m[K’
                                               model_folder_location, FLAGS_num_gpu_start};
[01;32m[K                                                                                         ^[m[K
In file included from [01m[K/usr/local/include/openpose/pose/headers.hpp:8:0[m[K,
                 from [01m[K/home/zheng/robot_ws_zheng/src/openpose_ros/openpose_ros_pkg/src/openpose_ros_node_firephinx.cpp:31[m[K:
[01m[K/usr/local/include/openpose/pose/poseExtractorCaffe.hpp:19:9:[m[K [01;36m[Knote: [m[Kcandidate: op::PoseExtractorCaffe::PoseExtractorCaffe(op::PoseModel, const string&, int, const std::vector<op::HeatMapType>&, op::ScaleMode, bool, bool, const string&, const string&, float, bool, bool)
         PoseExtractorCaffe(
[01;32m[K         ^[m[K
[01m[K/usr/local/include/openpose/pose/poseExtractorCaffe.hpp:19:9:[m[K [01;36m[Knote: [m[K  no known conversion for argument 1 from ‘[01m[Kop::Point<int>[m[K’ to ‘[01m[Kop::PoseModel[m[K’
[01m[K/home/zheng/robot_ws_zheng/src/openpose_ros/openpose_ros_pkg/src/openpose_ros_node_firephinx.cpp:192:130:[m[K [01;31m[Kerror: [m[Kno matching function for call to ‘[01m[Kop::PoseRenderer::PoseRenderer(<brace-enclosed initializer list>)[m[K’
     op::PoseRenderer poseRenderer{netOutputSize, outputSize, poseModel, nullptr, !FLAGS_disable_blending, (float)FLAGS_alpha_pose};
[01;32m[K                                                                                                                                  ^[m[K
In file included from [01m[K/usr/local/include/openpose/pose/poseCpuRenderer.hpp:8:0[m[K,
                 from [01m[K/usr/local/include/openpose/pose/headers.hpp:6[m[K,
                 from [01m[K/home/zheng/robot_ws_zheng/src/openpose_ros/openpose_ros_pkg/src/openpose_ros_node_firephinx.cpp:31[m[K:
[01m[K/usr/local/include/openpose/pose/poseRenderer.hpp:13:9:[m[K [01;36m[Knote: [m[Kcandidate: op::PoseRenderer::PoseRenderer(op::PoseModel)
         PoseRenderer(const PoseModel poseModel);
[01;32m[K         ^[m[K
[01m[K/usr/local/include/openpose/pose/poseRenderer.hpp:13:9:[m[K [01;36m[Knote: [m[K  candidate expects 1 argument, 6 provided
[01m[K/home/zheng/robot_ws_zheng/src/openpose_ros/openpose_ros_pkg/src/openpose_ros_node_firephinx.cpp:192:22:[m[K [01;31m[Kerror: [m[Kcannot declare variable ‘[01m[KposeRenderer[m[K’ to be of abstract type ‘[01m[Kop::PoseRenderer[m[K’
     op::PoseRenderer poseRenderer{netOutputSize, outputSize, poseModel, nullptr, !FLAGS_disable_blending, (float)FLAGS_alpha_pose};
[01;32m[K                      ^[m[K
In file included from [01m[K/usr/local/include/openpose/pose/poseCpuRenderer.hpp:8:0[m[K,
                 from [01m[K/usr/local/include/openpose/pose/headers.hpp:6[m[K,
                 from [01m[K/home/zheng/robot_ws_zheng/src/openpose_ros/openpose_ros_pkg/src/openpose_ros_node_firephinx.cpp:31[m[K:
[01m[K/usr/local/include/openpose/pose/poseRenderer.hpp:10:18:[m[K [01;36m[Knote: [m[K  because the following virtual functions are pure within ‘[01m[Kop::PoseRenderer[m[K’:
     class OP_API PoseRenderer
[01;32m[K                  ^[m[K
[01m[K/usr/local/include/openpose/pose/poseRenderer.hpp:19:45:[m[K [01;36m[Knote: [m[K	virtual std::pair<int, std::__cxx11::basic_string<char> > op::PoseRenderer::renderPose(op::Array<float>&, const op::Array<float>&, float, float)
         virtual std::pair<int, std::string> renderPose(
[01;32m[K                                             ^[m[K
[01m[K/home/zheng/robot_ws_zheng/src/openpose_ros/openpose_ros_pkg/src/openpose_ros_node_firephinx.cpp:195:51:[m[K [01;31m[Kerror: [m[Kno matching function for call to ‘[01m[Kop::OpOutputToCvMat::OpOutputToCvMat(<brace-enclosed initializer list>)[m[K’
     op::OpOutputToCvMat opOutputToCvMat{outputSize};
[01;32m[K                                                   ^[m[K
In file included from [01m[K/usr/local/include/openpose/core/headers.hpp:17:0[m[K,
                 from [01m[K/home/zheng/robot_ws_zheng/src/openpose_ros/openpose_ros_pkg/src/openpose_ros_node_firephinx.cpp:28[m[K:
[01m[K/usr/local/include/openpose/core/opOutputToCvMat.hpp:11:9:[m[K [01;36m[Knote: [m[Kcandidate: op::OpOutputToCvMat::OpOutputToCvMat(bool)
         OpOutputToCvMat(const bool gpuResize = false);
[01;32m[K         ^[m[K
[01m[K/usr/local/include/openpose/core/opOutputToCvMat.hpp:11:9:[m[K [01;36m[Knote: [m[K  no known conversion for argument 1 from ‘[01m[Kop::Point<int>[m[K’ to ‘[01m[Kbool[m[K’
[01m[K/usr/local/include/openpose/core/opOutputToCvMat.hpp:8:18:[m[K [01;36m[Knote: [m[Kcandidate: op::OpOutputToCvMat::OpOutputToCvMat(const op::OpOutputToCvMat&)
     class OP_API OpOutputToCvMat
[01;32m[K                  ^[m[K
[01m[K/usr/local/include/openpose/core/opOutputToCvMat.hpp:8:18:[m[K [01;36m[Knote: [m[K  no known conversion for argument 1 from ‘[01m[Kop::Point<int>[m[K’ to ‘[01m[Kconst op::OpOutputToCvMat&[m[K’
[01m[K/home/zheng/robot_ws_zheng/src/openpose_ros/openpose_ros_pkg/src/openpose_ros_node_firephinx.cpp:225:67:[m[K [01;31m[Kerror: [m[K‘[01m[Kclass op::CvMatToOpInput[m[K’ has no member named ‘[01m[Kformat[m[K’
             std::tie(netInputArray, scaleRatios) = cvMatToOpInput.format(inputImage);
[01;32m[K                                                                   ^[m[K
[01m[K/home/zheng/robot_ws_zheng/src/openpose_ros/openpose_ros_pkg/src/openpose_ros_node_firephinx.cpp:228:73:[m[K [01;31m[Kerror: [m[K‘[01m[Kclass op::CvMatToOpOutput[m[K’ has no member named ‘[01m[Kformat[m[K’
             std::tie(scaleInputToOutput, outputArray) = cvMatToOpOutput.format(inputImage);
[01;32m[K                                                                         ^[m[K
[01m[K/home/zheng/robot_ws_zheng/src/openpose_ros/openpose_ros_pkg/src/openpose_ros_node_firephinx.cpp:250:106:[m[K [01;31m[Kerror: [m[Kno matching function for call to ‘[01m[Kop::PoseExtractorCaffe::forwardPass(op::Array<float>&, <brace-enclosed initializer list>, std::vector<float>&)[m[K’
             poseExtractorCaffe.forwardPass(netInputArray, {inputImage.cols, inputImage.rows}, scaleRatios);
[01;32m[K                                                                                                          ^[m[K
In file included from [01m[K/usr/local/include/openpose/pose/headers.hpp:8:0[m[K,
                 from [01m[K/home/zheng/robot_ws_zheng/src/openpose_ros/openpose_ros_pkg/src/openpose_ros_node_firephinx.cpp:31[m[K:
[01m[K/usr/local/include/openpose/pose/poseExtractorCaffe.hpp:39:22:[m[K [01;36m[Knote: [m[Kcandidate: virtual void op::PoseExtractorCaffe::forwardPass(const std::vector<op::Array<float> >&, const op::Point<int>&, const std::vector<double>&, const op::Array<float>&)
         virtual void forwardPass(
[01;32m[K                      ^[m[K
[01m[K/usr/local/include/openpose/pose/poseExtractorCaffe.hpp:39:22:[m[K [01;36m[Knote: [m[K  no known conversion for argument 1 from ‘[01m[Kop::Array<float>[m[K’ to ‘[01m[Kconst std::vector<op::Array<float> >&[m[K’
[01m[K/home/zheng/robot_ws_zheng/src/openpose_ros/openpose_ros_pkg/src/openpose_ros_node_firephinx.cpp:256:63:[m[K [01;31m[Kerror: [m[Kno matching function for call to ‘[01m[Kop::PoseRenderer::renderPose(op::Array<float>&, const op::Array<float>&)[m[K’
             poseRenderer.renderPose(outputArray, poseKeypoints);
[01;32m[K                                                               ^[m[K
In file included from [01m[K/usr/local/include/openpose/pose/poseCpuRenderer.hpp:8:0[m[K,
                 from [01m[K/usr/local/include/openpose/pose/headers.hpp:6[m[K,
                 from [01m[K/home/zheng/robot_ws_zheng/src/openpose_ros/openpose_ros_pkg/src/openpose_ros_node_firephinx.cpp:31[m[K:
[01m[K/usr/local/include/openpose/pose/poseRenderer.hpp:19:45:[m[K [01;36m[Knote: [m[Kcandidate: virtual std::pair<int, std::__cxx11::basic_string<char> > op::PoseRenderer::renderPose(op::Array<float>&, const op::Array<float>&, float, float)
         virtual std::pair<int, std::string> renderPose(
[01;32m[K                                             ^[m[K
[01m[K/usr/local/include/openpose/pose/poseRenderer.hpp:19:45:[m[K [01;36m[Knote: [m[K  candidate expects 4 arguments, 2 provided
[01m[K/home/zheng/robot_ws_zheng/src/openpose_ros/openpose_ros_pkg/src/openpose_ros_node_firephinx.cpp:264:51:[m[K [01;31m[Kerror: [m[Kno matching function for call to ‘[01m[Kimshow(const char [13], op::Matrix&)[m[K’
             cv::imshow("OpenPose ROS", outputImage);
[01;32m[K                                                   ^[m[K
In file included from [01m[K/usr/include/opencv2/highgui/highgui.hpp:48:0[m[K,
                 from [01m[K/home/zheng/robot_ws_zheng/src/openpose_ros/openpose_ros_pkg/src/openpose_ros_node_firephinx.cpp:38[m[K:
[01m[K/usr/include/opencv2/highgui.hpp:389:19:[m[K [01;36m[Knote: [m[Kcandidate: void cv::imshow(const cv::String&, cv::InputArray)
 CV_EXPORTS_W void imshow(const String& winname, InputArray mat);
[01;32m[K                   ^[m[K
[01m[K/usr/include/opencv2/highgui.hpp:389:19:[m[K [01;36m[Knote: [m[K  no known conversion for argument 2 from ‘[01m[Kop::Matrix[m[K’ to ‘[01m[Kcv::InputArray {aka const cv::_InputArray&}[m[K’
[01m[K/usr/include/opencv2/highgui.hpp:569:17:[m[K [01;36m[Knote: [m[Kcandidate: void cv::imshow(const cv::String&, const cv::ogl::Texture2D&)
 CV_EXPORTS void imshow(const String& winname, const ogl::Texture2D& tex);
[01;32m[K                 ^[m[K
[01m[K/usr/include/opencv2/highgui.hpp:569:17:[m[K [01;36m[Knote: [m[K  no known conversion for argument 2 from ‘[01m[Kop::Matrix[m[K’ to ‘[01m[Kconst cv::ogl::Texture2D&[m[K’
[01m[K/home/zheng/robot_ws_zheng/src/openpose_ros/openpose_ros_pkg/src/openpose_ros_node_firephinx.cpp:277:5:[m[K [01;31m[Kerror: [m[K‘[01m[Klog[m[K’ is not a member of ‘[01m[Kop[m[K’
     op::log(message, op::Priority::Max);
[01;32m[K     ^[m[K
[01m[K/home/zheng/robot_ws_zheng/src/openpose_ros/openpose_ros_pkg/src/openpose_ros_node_firephinx.cpp:277:5:[m[K [01;36m[Knote: [m[Ksuggested alternatives:
In file included from [01m[K/usr/include/features.h:424:0[m[K,
                 from [01m[K/usr/include/x86_64-linux-gnu/bits/libc-header-start.h:33[m[K,
                 from [01m[K/usr/include/stdlib.h:25[m[K,
                 from [01m[K/opt/ros/melodic/include/ros/platform.h:37[m[K,
                 from [01m[K/opt/ros/melodic/include/ros/time.h:53[m[K,
                 from [01m[K/opt/ros/melodic/include/ros/ros.h:38[m[K,
                 from [01m[K/home/zheng/robot_ws_zheng/src/openpose_ros/openpose_ros_pkg/src/openpose_ros_node_firephinx.cpp:3[m[K:
[01m[K/usr/include/x86_64-linux-gnu/bits/mathcalls.h:104:1:[m[K [01;36m[Knote: [m[K  ‘[01m[Klog[m[K’
 __MATHCALL_VEC (log,, (_Mdouble_ __x));
[01;32m[K ^[m[K
In file included from [01m[K/usr/include/boost/config/no_tr1/complex.hpp:21:0[m[K,
                 from [01m[K/usr/include/boost/math/policies/error_handling.hpp:17[m[K,
                 from [01m[K/usr/include/boost/math/special_functions/round.hpp:14[m[K,
                 from [01m[K/opt/ros/melodic/include/ros/time.h:58[m[K,
                 from [01m[K/opt/ros/melodic/include/ros/ros.h:38[m[K,
                 from [01m[K/home/zheng/robot_ws_zheng/src/openpose_ros/openpose_ros_pkg/src/openpose_ros_node_firephinx.cpp:3[m[K:
[01m[K/usr/include/c++/5/complex:785:5:[m[K [01;36m[Knote: [m[K  ‘[01m[Kstd::log[m[K’
     log(const complex<_Tp>& __z) { return __complex_log(__z.__rep()); }
[01;32m[K     ^[m[K
In file included from [01m[K/usr/include/opencv2/core/core.hpp:48:0[m[K,
                 from [01m[K/opt/ros/melodic/include/cv_bridge/cv_bridge.h:43[m[K,
                 from [01m[K/home/zheng/robot_ws_zheng/src/openpose_ros/openpose_ros_pkg/src/openpose_ros_node_firephinx.cpp:6[m[K:
[01m[K/usr/include/opencv2/core.hpp:1474:19:[m[K [01;36m[Knote: [m[K  ‘[01m[Kcv::log[m[K’
 CV_EXPORTS_W void log(InputArray src, OutputArray dst);
[01;32m[K                   ^[m[K
[01m[K/home/zheng/robot_ws_zheng/src/openpose_ros/openpose_ros_pkg/src/openpose_ros_node.cpp:[m[K In function ‘[01m[Kstd::map<unsigned int, std::__cxx11::basic_string<char> > getBodyPartMapFromPoseModel(const op::PoseModel&)[m[K’:
[01m[K/home/zheng/robot_ws_zheng/src/openpose_ros/openpose_ros_pkg/src/openpose_ros_node.cpp:100:12:[m[K [01;31m[Kerror: [m[K‘[01m[KPOSE_COCO_BODY_PARTS[m[K’ is not a member of ‘[01m[Kop[m[K’
     return op::POSE_COCO_BODY_PARTS;
[01;32m[K            ^[m[K
[01m[K/home/zheng/robot_ws_zheng/src/openpose_ros/openpose_ros_pkg/src/openpose_ros_node.cpp:104:12:[m[K [01;31m[Kerror: [m[K‘[01m[KPOSE_MPI_BODY_PARTS[m[K’ is not a member of ‘[01m[Kop[m[K’
     return op::POSE_MPI_BODY_PARTS;
[01;32m[K            ^[m[K
[01m[K/home/zheng/robot_ws_zheng/src/openpose_ros/openpose_ros_pkg/src/openpose_ros_node.cpp:[m[K In function ‘[01m[Kbool detectPosesCallback(openpose_ros_msgs::GetPersons::Request&, openpose_ros_msgs::GetPersons::Response&)[m[K’:
[01m[K/home/zheng/robot_ws_zheng/src/openpose_ros/openpose_ros_pkg/src/openpose_ros_node.cpp:160:84:[m[K [01;31m[Kerror: [m[Kno matching function for call to ‘[01m[Kop::CvMatToOpInput::CvMatToOpInput(op::Point<int>&, int&, double&)[m[K’
   op::CvMatToOpInput cv_mat_to_op_input(g_net_input_size, g_num_scales, g_scale_gap);
[01;32m[K                                                                                    ^[m[K
In file included from [01m[K/usr/local/include/openpose/core/headers.hpp:8:0[m[K,
                 from [01m[K/usr/local/include/openpose/headers.hpp:11[m[K,
                 from [01m[K/home/zheng/robot_ws_zheng/src/openpose_ros/openpose_ros_pkg/src/openpose_ros_node.cpp:12[m[K:
[01m[K/usr/local/include/openpose/core/cvMatToOpInput.hpp:12:9:[m[K [01;36m[Knote: [m[Kcandidate: op::CvMatToOpInput::CvMatToOpInput(op::PoseModel, bool)
         CvMatToOpInput(const PoseModel poseModel = PoseModel::BODY_25, const bool gpuResize = false);
[01;32m[K         ^[m[K
[01m[K/usr/local/include/openpose/core/cvMatToOpInput.hpp:12:9:[m[K [01;36m[Knote: [m[K  candidate expects 2 arguments, 3 provided
[01m[K/usr/local/include/openpose/core/cvMatToOpInput.hpp:9:18:[m[K [01;36m[Knote: [m[Kcandidate: constexpr op::CvMatToOpInput::CvMatToOpInput(const op::CvMatToOpInput&)
     class OP_API CvMatToOpInput
[01;32m[K                  ^[m[K
[01m[K/usr/local/include/openpose/core/cvMatToOpInput.hpp:9:18:[m[K [01;36m[Knote: [m[K  candidate expects 1 argument, 3 provided
[01m[K/home/zheng/robot_ws_zheng/src/openpose_ros/openpose_ros_pkg/src/openpose_ros_node.cpp:168:61:[m[K [01;31m[Kerror: [m[K‘[01m[Kclass op::CvMatToOpInput[m[K’ has no member named ‘[01m[Kformat[m[K’
   std::tie(netInputArray, scaleRatios) = cv_mat_to_op_input.format(image);
[01;32m[K                                                             ^[m[K
[01m[K/home/zheng/robot_ws_zheng/src/openpose_ros/openpose_ros_pkg/src/openpose_ros_node.cpp:172:86:[m[K [01;31m[Kerror: [m[Kno matching function for call to ‘[01m[Kop::PoseExtractor::forwardPass(op::Array<float>&, <brace-enclosed initializer list>, std::vector<float>&)[m[K’
   g_pose_extractor->forwardPass(netInputArray,  {image.cols, image.rows}, scaleRatios);
[01;32m[K                                                                                      ^[m[K
In file included from [01m[K/usr/local/include/openpose/pose/headers.hpp:7:0[m[K,
                 from [01m[K/usr/local/include/openpose/headers.hpp:29[m[K,
                 from [01m[K/home/zheng/robot_ws_zheng/src/openpose_ros/openpose_ros_pkg/src/openpose_ros_node.cpp:12[m[K:
[01m[K/usr/local/include/openpose/pose/poseExtractor.hpp:27:14:[m[K [01;36m[Knote: [m[Kcandidate: void op::PoseExtractor::forwardPass(const std::vector<op::Array<float> >&, const op::Point<int>&, const std::vector<double>&, const op::Array<float>&, long long int)
         void forwardPass(const std::vector<Array<float>>& inputNetData,
[01;32m[K              ^[m[K
[01m[K/usr/local/include/openpose/pose/poseExtractor.hpp:27:14:[m[K [01;36m[Knote: [m[K  no known conversion for argument 1 from ‘[01m[Kop::Array<float>[m[K’ to ‘[01m[Kconst std::vector<op::Array<float> >&[m[K’
[01m[K/home/zheng/robot_ws_zheng/src/openpose_ros/openpose_ros_pkg/src/openpose_ros_node.cpp:186:49:[m[K [01;31m[Kerror: [m[Kno matching function for call to ‘[01m[Kop::CvMatToOpOutput::CvMatToOpOutput(<brace-enclosed initializer list>)[m[K’
   op::CvMatToOpOutput cvMatToOpOutput{outputSize};
[01;32m[K                                                 ^[m[K
In file included from [01m[K/usr/local/include/openpose/core/headers.hpp:9:0[m[K,
                 from [01m[K/usr/local/include/openpose/headers.hpp:11[m[K,
                 from [01m[K/home/zheng/robot_ws_zheng/src/openpose_ros/openpose_ros_pkg/src/openpose_ros_node.cpp:12[m[K:
[01m[K/usr/local/include/openpose/core/cvMatToOpOutput.hpp:11:9:[m[K [01;36m[Knote: [m[Kcandidate: op::CvMatToOpOutput::CvMatToOpOutput(bool)
         CvMatToOpOutput(const bool gpuResize = false);
[01;32m[K         ^[m[K
[01m[K/usr/local/include/openpose/core/cvMatToOpOutput.hpp:11:9:[m[K [01;36m[Knote: [m[K  no known conversion for argument 1 from ‘[01m[Kop::Point<int>[m[K’ to ‘[01m[Kbool[m[K’
[01m[K/usr/local/include/openpose/core/cvMatToOpOutput.hpp:8:18:[m[K [01;36m[Knote: [m[Kcandidate: op::CvMatToOpOutput::CvMatToOpOutput(const op::CvMatToOpOutput&)
     class OP_API CvMatToOpOutput
[01;32m[K                  ^[m[K
[01m[K/usr/local/include/openpose/core/cvMatToOpOutput.hpp:8:18:[m[K [01;36m[Knote: [m[K  no known conversion for argument 1 from ‘[01m[Kop::Point<int>[m[K’ to ‘[01m[Kconst op::CvMatToOpOutput&[m[K’
[01m[K/home/zheng/robot_ws_zheng/src/openpose_ros/openpose_ros_pkg/src/openpose_ros_node.cpp:187:49:[m[K [01;31m[Kerror: [m[Kno matching function for call to ‘[01m[Kop::OpOutputToCvMat::OpOutputToCvMat(<brace-enclosed initializer list>)[m[K’
   op::OpOutputToCvMat opOutputToCvMat{outputSize};
[01;32m[K                                                 ^[m[K
In file included from [01m[K/usr/local/include/openpose/core/headers.hpp:17:0[m[K,
                 from [01m[K/usr/local/include/openpose/headers.hpp:11[m[K,
                 from [01m[K/home/zheng/robot_ws_zheng/src/openpose_ros/openpose_ros_pkg/src/openpose_ros_node.cpp:12[m[K:
[01m[K/usr/local/include/openpose/core/opOutputToCvMat.hpp:11:9:[m[K [01;36m[Knote: [m[Kcandidate: op::OpOutputToCvMat::OpOutputToCvMat(bool)
         OpOutputToCvMat(const bool gpuResize = false);
[01;32m[K         ^[m[K
[01m[K/usr/local/include/openpose/core/opOutputToCvMat.hpp:11:9:[m[K [01;36m[Knote: [m[K  no known conversion for argument 1 from ‘[01m[Kop::Point<int>[m[K’ to ‘[01m[Kbool[m[K’
[01m[K/usr/local/include/openpose/core/opOutputToCvMat.hpp:8:18:[m[K [01;36m[Knote: [m[Kcandidate: op::OpOutputToCvMat::OpOutputToCvMat(const op::OpOutputToCvMat&)
     class OP_API OpOutputToCvMat
[01;32m[K                  ^[m[K
[01m[K/usr/local/include/openpose/core/opOutputToCvMat.hpp:8:18:[m[K [01;36m[Knote: [m[K  no known conversion for argument 1 from ‘[01m[Kop::Point<int>[m[K’ to ‘[01m[Kconst op::OpOutputToCvMat&[m[K’
[01m[K/home/zheng/robot_ws_zheng/src/openpose_ros/openpose_ros_pkg/src/openpose_ros_node.cpp:190:69:[m[K [01;31m[Kerror: [m[Kno matching function for call to ‘[01m[Kop::FrameDisplayer::FrameDisplayer(<brace-enclosed initializer list>)[m[K’
   op::FrameDisplayer frameDisplayer{windowedSize, "OpenPose Example"};
[01;32m[K                                                                     ^[m[K
In file included from [01m[K/usr/local/include/openpose/gui/headers.hpp:6:0[m[K,
                 from [01m[K/usr/local/include/openpose/headers.hpp:20[m[K,
                 from [01m[K/home/zheng/robot_ws_zheng/src/openpose_ros/openpose_ros_pkg/src/openpose_ros_node.cpp:12[m[K:
[01m[K/usr/local/include/openpose/gui/frameDisplayer.hpp:23:9:[m[K [01;36m[Knote: [m[Kcandidate: op::FrameDisplayer::FrameDisplayer(const string&, const op::Point<int>&, bool)
         FrameDisplayer(const std::string& windowedName = OPEN_POSE_NAME_AND_VERSION,
[01;32m[K         ^[m[K
[01m[K/usr/local/include/openpose/gui/frameDisplayer.hpp:23:9:[m[K [01;36m[Knote: [m[K  no known conversion for argument 1 from ‘[01m[Kconst op::Point<int>[m[K’ to ‘[01m[Kconst string& {aka const std::__cxx11::basic_string<char>&}[m[K’
[01m[K/usr/local/include/openpose/gui/frameDisplayer.hpp:12:18:[m[K [01;36m[Knote: [m[Kcandidate: op::FrameDisplayer::FrameDisplayer(const op::FrameDisplayer&)
     class OP_API FrameDisplayer
[01;32m[K                  ^[m[K
[01m[K/usr/local/include/openpose/gui/frameDisplayer.hpp:12:18:[m[K [01;36m[Knote: [m[K  candidate expects 1 argument, 2 provided
[01m[K/home/zheng/robot_ws_zheng/src/openpose_ros/openpose_ros_pkg/src/openpose_ros_node.cpp:194:63:[m[K [01;31m[Kerror: [m[K‘[01m[Kclass op::CvMatToOpOutput[m[K’ has no member named ‘[01m[Kformat[m[K’
   std::tie(scaleInputToOutput, outputArray) = cvMatToOpOutput.format(image);
[01;32m[K                                                               ^[m[K
[01m[K/home/zheng/robot_ws_zheng/src/openpose_ros/openpose_ros_pkg/src/openpose_ros_node.cpp:197:46:[m[K [01;31m[Kerror: [m[Kno matching function for call to ‘[01m[Kop::PoseRenderer::renderPose(op::Array<float>&, const op::Array<float>&)[m[K’
   poseRenderer->renderPose(outputArray, poses);
[01;32m[K                                              ^[m[K
In file included from [01m[K/usr/local/include/openpose/pose/poseCpuRenderer.hpp:8:0[m[K,
                 from [01m[K/usr/local/include/openpose/pose/headers.hpp:6[m[K,
                 from [01m[K/usr/local/include/openpose/headers.hpp:29[m[K,
                 from [01m[K/home/zheng/robot_ws_zheng/src/openpose_ros/openpose_ros_pkg/src/openpose_ros_node.cpp:12[m[K:
[01m[K/usr/local/include/openpose/pose/poseRenderer.hpp:19:45:[m[K [01;36m[Knote: [m[Kcandidate: virtual std::pair<int, std::__cxx11::basic_string<char> > op::PoseRenderer::renderPose(op::Array<float>&, const op::Array<float>&, float, float)
         virtual std::pair<int, std::string> renderPose(
[01;32m[K                                             ^[m[K
[01m[K/usr/local/include/openpose/pose/poseRenderer.hpp:19:45:[m[K [01;36m[Knote: [m[K  candidate expects 4 arguments, 2 provided
[01m[K/home/zheng/robot_ws_zheng/src/openpose_ros/openpose_ros_pkg/src/openpose_ros_node.cpp:203:21:[m[K [01;31m[Kerror: [m[Kno match for ‘[01m[Koperator=[m[K’ (operand types are ‘[01m[Kcv::Mat[m[K’ and ‘[01m[Kop::Matrix[m[K’)
   cv_ptr_out->image = outputImage;
[01;32m[K                     ^[m[K
In file included from [01m[K/usr/include/opencv2/core/mat.hpp:3518:0[m[K,
                 from [01m[K/usr/include/opencv2/core.hpp:59[m[K,
                 from [01m[K/usr/include/opencv2/core/core.hpp:48[m[K,
                 from [01m[K/opt/ros/melodic/include/cv_bridge/cv_bridge.h:43[m[K,
                 from [01m[K/home/zheng/robot_ws_zheng/src/openpose_ros/openpose_ros_pkg/src/openpose_ros_node.cpp:18[m[K:
[01m[K/usr/include/opencv2/core/mat.inl.hpp:596:6:[m[K [01;36m[Knote: [m[Kcandidate: cv::Mat& cv::Mat::operator=(const cv::Mat&)
 Mat& Mat::operator = (const Mat& m)
[01;32m[K      ^[m[K
[01m[K/usr/include/opencv2/core/mat.inl.hpp:596:6:[m[K [01;36m[Knote: [m[K  no known conversion for argument 1 from ‘[01m[Kop::Matrix[m[K’ to ‘[01m[Kconst cv::Mat&[m[K’
[01m[K/usr/include/opencv2/core/mat.inl.hpp:3104:6:[m[K [01;36m[Knote: [m[Kcandidate: cv::Mat& cv::Mat::operator=(const cv::MatExpr&)
 Mat& Mat::operator = (const MatExpr& e)
[01;32m[K      ^[m[K
[01m[K/usr/include/opencv2/core/mat.inl.hpp:3104:6:[m[K [01;36m[Knote: [m[K  no known conversion for argument 1 from ‘[01m[Kop::Matrix[m[K’ to ‘[01m[Kconst cv::MatExpr&[m[K’
In file included from [01m[K/usr/include/opencv2/core.hpp:59:0[m[K,
                 from [01m[K/usr/include/opencv2/core/core.hpp:48[m[K,
                 from [01m[K/opt/ros/melodic/include/cv_bridge/cv_bridge.h:43[m[K,
                 from [01m[K/home/zheng/robot_ws_zheng/src/openpose_ros/openpose_ros_pkg/src/openpose_ros_node.cpp:18[m[K:
[01m[K/usr/include/opencv2/core/mat.hpp:1154:10:[m[K [01;36m[Knote: [m[Kcandidate: cv::Mat& cv::Mat::operator=(const Scalar&)
     Mat& operator = (const Scalar& s);
[01;32m[K          ^[m[K
[01m[K/usr/include/opencv2/core/mat.hpp:1154:10:[m[K [01;36m[Knote: [m[K  no known conversion for argument 1 from ‘[01m[Kop::Matrix[m[K’ to ‘[01m[Kconst Scalar& {aka const cv::Scalar_<double>&}[m[K’
In file included from [01m[K/usr/include/opencv2/core/mat.hpp:3518:0[m[K,
                 from [01m[K/usr/include/opencv2/core.hpp:59[m[K,
                 from [01m[K/usr/include/opencv2/core/core.hpp:48[m[K,
                 from [01m[K/opt/ros/melodic/include/cv_bridge/cv_bridge.h:43[m[K,
                 from [01m[K/home/zheng/robot_ws_zheng/src/openpose_ros/openpose_ros_pkg/src/openpose_ros_node.cpp:18[m[K:
[01m[K/usr/include/opencv2/core/mat.inl.hpp:1204:6:[m[K [01;36m[Knote: [m[Kcandidate: cv::Mat& cv::Mat::operator=(cv::Mat&&)
 Mat& Mat::operator = (Mat&& m)
[01;32m[K      ^[m[K
[01m[K/usr/include/opencv2/core/mat.inl.hpp:1204:6:[m[K [01;36m[Knote: [m[K  no known conversion for argument 1 from ‘[01m[Kop::Matrix[m[K’ to ‘[01m[Kcv::Mat&&[m[K’
[01m[K/home/zheng/robot_ws_zheng/src/openpose_ros/openpose_ros_pkg/src/openpose_ros_node.cpp:[m[K In function ‘[01m[Kint main(int, char**)[m[K’:
[01m[K/home/zheng/robot_ws_zheng/src/openpose_ros/openpose_ros_pkg/src/openpose_ros_node.cpp:351:72:[m[K [01;31m[Kerror: [m[Kno matching function for call to ‘[01m[Kop::PoseExtractorCaffe::PoseExtractorCaffe(op::Point<int>&, op::Point<int>&, op::Point<int>&, int&, op::PoseModel&, std::__cxx11::string&, unsigned int&)[m[K’
                                             model_folder, num_gpu_start));
[01;32m[K                                                                        ^[m[K
In file included from [01m[K/usr/local/include/openpose/pose/headers.hpp:8:0[m[K,
                 from [01m[K/usr/local/include/openpose/headers.hpp:29[m[K,
                 from [01m[K/home/zheng/robot_ws_zheng/src/openpose_ros/openpose_ros_pkg/src/openpose_ros_node.cpp:12[m[K:
[01m[K/usr/local/include/openpose/pose/poseExtractorCaffe.hpp:19:9:[m[K [01;36m[Knote: [m[Kcandidate: op::PoseExtractorCaffe::PoseExtractorCaffe(op::PoseModel, const string&, int, const std::vector<op::HeatMapType>&, op::ScaleMode, bool, bool, const string&, const string&, float, bool, bool)
         PoseExtractorCaffe(
[01;32m[K         ^[m[K
[01m[K/usr/local/include/openpose/pose/poseExtractorCaffe.hpp:19:9:[m[K [01;36m[Knote: [m[K  no known conversion for argument 1 from ‘[01m[Kop::Point<int>[m[K’ to ‘[01m[Kop::PoseModel[m[K’
[01m[K/home/zheng/robot_ws_zheng/src/openpose_ros/openpose_ros_pkg/src/openpose_ros_node.cpp:354:88:[m[K [01;31m[Kerror: [m[Kinvalid new-expression of abstract class type ‘[01m[Kop::PoseRenderer[m[K’
       new op::PoseRenderer(net_output_size, output_size, pose_model, nullptr, true, 0.6));
[01;32m[K                                                                                        ^[m[K
In file included from [01m[K/usr/local/include/openpose/pose/poseCpuRenderer.hpp:8:0[m[K,
                 from [01m[K/usr/local/include/openpose/pose/headers.hpp:6[m[K,
                 from [01m[K/usr/local/include/openpose/headers.hpp:29[m[K,
                 from [01m[K/home/zheng/robot_ws_zheng/src/openpose_ros/openpose_ros_pkg/src/openpose_ros_node.cpp:12[m[K:
[01m[K/usr/local/include/openpose/pose/poseRenderer.hpp:10:18:[m[K [01;36m[Knote: [m[K  because the following virtual functions are pure within ‘[01m[Kop::PoseRenderer[m[K’:
     class OP_API PoseRenderer
[01;32m[K                  ^[m[K
[01m[K/usr/local/include/openpose/pose/poseRenderer.hpp:19:45:[m[K [01;36m[Knote: [m[K	virtual std::pair<int, std::__cxx11::basic_string<char> > op::PoseRenderer::renderPose(op::Array<float>&, const op::Array<float>&, float, float)
         virtual std::pair<int, std::string> renderPose(
[01;32m[K                                             ^[m[K
make[2]: *** [CMakeFiles/openpose_ros_node_firephinx.dir/src/openpose_ros_node_firephinx.cpp.o] Error 1
make[1]: *** [CMakeFiles/openpose_ros_node_firephinx.dir/all] Error 2
make[2]: *** [CMakeFiles/openpose_ros_node.dir/src/openpose_ros_node.cpp.o] Error 1
make[1]: *** [CMakeFiles/openpose_ros_node.dir/all] Error 2
[01m[K/home/zheng/robot_ws_zheng/src/openpose_ros/openpose_ros_pkg/src/openpose_ros_node_3d.cpp:[m[K In function ‘[01m[Kstd::map<unsigned int, std::__cxx11::basic_string<char> > getBodyPartMapFromPoseModel(const op::PoseModel&)[m[K’:
[01m[K/home/zheng/robot_ws_zheng/src/openpose_ros/openpose_ros_pkg/src/openpose_ros_node_3d.cpp:98:12:[m[K [01;31m[Kerror: [m[K‘[01m[KPOSE_COCO_BODY_PARTS[m[K’ is not a member of ‘[01m[Kop[m[K’
     return op::POSE_COCO_BODY_PARTS;
[01;32m[K            ^[m[K
[01m[K/home/zheng/robot_ws_zheng/src/openpose_ros/openpose_ros_pkg/src/openpose_ros_node_3d.cpp:102:12:[m[K [01;31m[Kerror: [m[K‘[01m[KPOSE_MPI_BODY_PARTS[m[K’ is not a member of ‘[01m[Kop[m[K’
     return op::POSE_MPI_BODY_PARTS;
[01;32m[K            ^[m[K
[01m[K/home/zheng/robot_ws_zheng/src/openpose_ros/openpose_ros_pkg/src/openpose_ros_node_3d.cpp:[m[K In function ‘[01m[Kbool detectPosesCallback(openpose_ros_msgs::GetPersons::Request&, openpose_ros_msgs::GetPersons::Response&)[m[K’:
[01m[K/home/zheng/robot_ws_zheng/src/openpose_ros/openpose_ros_pkg/src/openpose_ros_node_3d.cpp:158:84:[m[K [01;31m[Kerror: [m[Kno matching function for call to ‘[01m[Kop::CvMatToOpInput::CvMatToOpInput(op::Point<int>&, int&, double&)[m[K’
   op::CvMatToOpInput cv_mat_to_op_input(g_net_input_size, g_num_scales, g_scale_gap);
[01;32m[K                                                                                    ^[m[K
In file included from [01m[K/usr/local/include/openpose/core/headers.hpp:8:0[m[K,
                 from [01m[K/usr/local/include/openpose/headers.hpp:11[m[K,
                 from [01m[K/home/zheng/robot_ws_zheng/src/openpose_ros/openpose_ros_pkg/src/openpose_ros_node_3d.cpp:12[m[K:
[01m[K/usr/local/include/openpose/core/cvMatToOpInput.hpp:12:9:[m[K [01;36m[Knote: [m[Kcandidate: op::CvMatToOpInput::CvMatToOpInput(op::PoseModel, bool)
         CvMatToOpInput(const PoseModel poseModel = PoseModel::BODY_25, const bool gpuResize = false);
[01;32m[K         ^[m[K
[01m[K/usr/local/include/openpose/core/cvMatToOpInput.hpp:12:9:[m[K [01;36m[Knote: [m[K  candidate expects 2 arguments, 3 provided
[01m[K/usr/local/include/openpose/core/cvMatToOpInput.hpp:9:18:[m[K [01;36m[Knote: [m[Kcandidate: constexpr op::CvMatToOpInput::CvMatToOpInput(const op::CvMatToOpInput&)
     class OP_API CvMatToOpInput
[01;32m[K                  ^[m[K
[01m[K/usr/local/include/openpose/core/cvMatToOpInput.hpp:9:18:[m[K [01;36m[Knote: [m[K  candidate expects 1 argument, 3 provided
[01m[K/home/zheng/robot_ws_zheng/src/openpose_ros/openpose_ros_pkg/src/openpose_ros_node_3d.cpp:166:61:[m[K [01;31m[Kerror: [m[K‘[01m[Kclass op::CvMatToOpInput[m[K’ has no member named ‘[01m[Kformat[m[K’
   std::tie(netInputArray, scaleRatios) = cv_mat_to_op_input.format(image);
[01;32m[K                                                             ^[m[K
[01m[K/home/zheng/robot_ws_zheng/src/openpose_ros/openpose_ros_pkg/src/openpose_ros_node_3d.cpp:170:86:[m[K [01;31m[Kerror: [m[Kno matching function for call to ‘[01m[Kop::PoseExtractor::forwardPass(op::Array<float>&, <brace-enclosed initializer list>, std::vector<float>&)[m[K’
   g_pose_extractor->forwardPass(netInputArray,  {image.cols, image.rows}, scaleRatios);
[01;32m[K                                                                                      ^[m[K
In file included from [01m[K/usr/local/include/openpose/pose/headers.hpp:7:0[m[K,
                 from [01m[K/usr/local/include/openpose/headers.hpp:29[m[K,
                 from [01m[K/home/zheng/robot_ws_zheng/src/openpose_ros/openpose_ros_pkg/src/openpose_ros_node_3d.cpp:12[m[K:
[01m[K/usr/local/include/openpose/pose/poseExtractor.hpp:27:14:[m[K [01;36m[Knote: [m[Kcandidate: void op::PoseExtractor::forwardPass(const std::vector<op::Array<float> >&, const op::Point<int>&, const std::vector<double>&, const op::Array<float>&, long long int)
         void forwardPass(const std::vector<Array<float>>& inputNetData,
[01;32m[K              ^[m[K
[01m[K/usr/local/include/openpose/pose/poseExtractor.hpp:27:14:[m[K [01;36m[Knote: [m[K  no known conversion for argument 1 from ‘[01m[Kop::Array<float>[m[K’ to ‘[01m[Kconst std::vector<op::Array<float> >&[m[K’
[01m[K/home/zheng/robot_ws_zheng/src/openpose_ros/openpose_ros_pkg/src/openpose_ros_node_3d.cpp:184:49:[m[K [01;31m[Kerror: [m[Kno matching function for call to ‘[01m[Kop::CvMatToOpOutput::CvMatToOpOutput(<brace-enclosed initializer list>)[m[K’
   op::CvMatToOpOutput cvMatToOpOutput{outputSize};
[01;32m[K                                                 ^[m[K
In file included from [01m[K/usr/local/include/openpose/core/headers.hpp:9:0[m[K,
                 from [01m[K/usr/local/include/openpose/headers.hpp:11[m[K,
                 from [01m[K/home/zheng/robot_ws_zheng/src/openpose_ros/openpose_ros_pkg/src/openpose_ros_node_3d.cpp:12[m[K:
[01m[K/usr/local/include/openpose/core/cvMatToOpOutput.hpp:11:9:[m[K [01;36m[Knote: [m[Kcandidate: op::CvMatToOpOutput::CvMatToOpOutput(bool)
         CvMatToOpOutput(const bool gpuResize = false);
[01;32m[K         ^[m[K
[01m[K/usr/local/include/openpose/core/cvMatToOpOutput.hpp:11:9:[m[K [01;36m[Knote: [m[K  no known conversion for argument 1 from ‘[01m[Kop::Point<int>[m[K’ to ‘[01m[Kbool[m[K’
[01m[K/usr/local/include/openpose/core/cvMatToOpOutput.hpp:8:18:[m[K [01;36m[Knote: [m[Kcandidate: op::CvMatToOpOutput::CvMatToOpOutput(const op::CvMatToOpOutput&)
     class OP_API CvMatToOpOutput
[01;32m[K                  ^[m[K
[01m[K/usr/local/include/openpose/core/cvMatToOpOutput.hpp:8:18:[m[K [01;36m[Knote: [m[K  no known conversion for argument 1 from ‘[01m[Kop::Point<int>[m[K’ to ‘[01m[Kconst op::CvMatToOpOutput&[m[K’
[01m[K/home/zheng/robot_ws_zheng/src/openpose_ros/openpose_ros_pkg/src/openpose_ros_node_3d.cpp:185:49:[m[K [01;31m[Kerror: [m[Kno matching function for call to ‘[01m[Kop::OpOutputToCvMat::OpOutputToCvMat(<brace-enclosed initializer list>)[m[K’
   op::OpOutputToCvMat opOutputToCvMat{outputSize};
[01;32m[K                                                 ^[m[K
In file included from [01m[K/usr/local/include/openpose/core/headers.hpp:17:0[m[K,
                 from [01m[K/usr/local/include/openpose/headers.hpp:11[m[K,
                 from [01m[K/home/zheng/robot_ws_zheng/src/openpose_ros/openpose_ros_pkg/src/openpose_ros_node_3d.cpp:12[m[K:
[01m[K/usr/local/include/openpose/core/opOutputToCvMat.hpp:11:9:[m[K [01;36m[Knote: [m[Kcandidate: op::OpOutputToCvMat::OpOutputToCvMat(bool)
         OpOutputToCvMat(const bool gpuResize = false);
[01;32m[K         ^[m[K
[01m[K/usr/local/include/openpose/core/opOutputToCvMat.hpp:11:9:[m[K [01;36m[Knote: [m[K  no known conversion for argument 1 from ‘[01m[Kop::Point<int>[m[K’ to ‘[01m[Kbool[m[K’
[01m[K/usr/local/include/openpose/core/opOutputToCvMat.hpp:8:18:[m[K [01;36m[Knote: [m[Kcandidate: op::OpOutputToCvMat::OpOutputToCvMat(const op::OpOutputToCvMat&)
     class OP_API OpOutputToCvMat
[01;32m[K                  ^[m[K
[01m[K/usr/local/include/openpose/core/opOutputToCvMat.hpp:8:18:[m[K [01;36m[Knote: [m[K  no known conversion for argument 1 from ‘[01m[Kop::Point<int>[m[K’ to ‘[01m[Kconst op::OpOutputToCvMat&[m[K’
[01m[K/home/zheng/robot_ws_zheng/src/openpose_ros/openpose_ros_pkg/src/openpose_ros_node_3d.cpp:188:69:[m[K [01;31m[Kerror: [m[Kno matching function for call to ‘[01m[Kop::FrameDisplayer::FrameDisplayer(<brace-enclosed initializer list>)[m[K’
   op::FrameDisplayer frameDisplayer{windowedSize, "OpenPose Example"};
[01;32m[K                                                                     ^[m[K
In file included from [01m[K/usr/local/include/openpose/gui/headers.hpp:6:0[m[K,
                 from [01m[K/usr/local/include/openpose/headers.hpp:20[m[K,
                 from [01m[K/home/zheng/robot_ws_zheng/src/openpose_ros/openpose_ros_pkg/src/openpose_ros_node_3d.cpp:12[m[K:
[01m[K/usr/local/include/openpose/gui/frameDisplayer.hpp:23:9:[m[K [01;36m[Knote: [m[Kcandidate: op::FrameDisplayer::FrameDisplayer(const string&, const op::Point<int>&, bool)
         FrameDisplayer(const std::string& windowedName = OPEN_POSE_NAME_AND_VERSION,
[01;32m[K         ^[m[K
[01m[K/usr/local/include/openpose/gui/frameDisplayer.hpp:23:9:[m[K [01;36m[Knote: [m[K  no known conversion for argument 1 from ‘[01m[Kconst op::Point<int>[m[K’ to ‘[01m[Kconst string& {aka const std::__cxx11::basic_string<char>&}[m[K’
[01m[K/usr/local/include/openpose/gui/frameDisplayer.hpp:12:18:[m[K [01;36m[Knote: [m[Kcandidate: op::FrameDisplayer::FrameDisplayer(const op::FrameDisplayer&)
     class OP_API FrameDisplayer
[01;32m[K                  ^[m[K
[01m[K/usr/local/include/openpose/gui/frameDisplayer.hpp:12:18:[m[K [01;36m[Knote: [m[K  candidate expects 1 argument, 2 provided
[01m[K/home/zheng/robot_ws_zheng/src/openpose_ros/openpose_ros_pkg/src/openpose_ros_node_3d.cpp:192:63:[m[K [01;31m[Kerror: [m[K‘[01m[Kclass op::CvMatToOpOutput[m[K’ has no member named ‘[01m[Kformat[m[K’
   std::tie(scaleInputToOutput, outputArray) = cvMatToOpOutput.format(image);
[01;32m[K                                                               ^[m[K
[01m[K/home/zheng/robot_ws_zheng/src/openpose_ros/openpose_ros_pkg/src/openpose_ros_node_3d.cpp:195:46:[m[K [01;31m[Kerror: [m[Kno matching function for call to ‘[01m[Kop::PoseRenderer::renderPose(op::Array<float>&, const op::Array<float>&)[m[K’
   poseRenderer->renderPose(outputArray, poses);
[01;32m[K                                              ^[m[K
In file included from [01m[K/usr/local/include/openpose/pose/poseCpuRenderer.hpp:8:0[m[K,
                 from [01m[K/usr/local/include/openpose/pose/headers.hpp:6[m[K,
                 from [01m[K/usr/local/include/openpose/headers.hpp:29[m[K,
                 from [01m[K/home/zheng/robot_ws_zheng/src/openpose_ros/openpose_ros_pkg/src/openpose_ros_node_3d.cpp:12[m[K:
[01m[K/usr/local/include/openpose/pose/poseRenderer.hpp:19:45:[m[K [01;36m[Knote: [m[Kcandidate: virtual std::pair<int, std::__cxx11::basic_string<char> > op::PoseRenderer::renderPose(op::Array<float>&, const op::Array<float>&, float, float)
         virtual std::pair<int, std::string> renderPose(
[01;32m[K                                             ^[m[K
[01m[K/usr/local/include/openpose/pose/poseRenderer.hpp:19:45:[m[K [01;36m[Knote: [m[K  candidate expects 4 arguments, 2 provided
[01m[K/home/zheng/robot_ws_zheng/src/openpose_ros/openpose_ros_pkg/src/openpose_ros_node_3d.cpp:201:21:[m[K [01;31m[Kerror: [m[Kno match for ‘[01m[Koperator=[m[K’ (operand types are ‘[01m[Kcv::Mat[m[K’ and ‘[01m[Kop::Matrix[m[K’)
   cv_ptr_out->image = outputImage;
[01;32m[K                     ^[m[K
In file included from [01m[K/usr/include/opencv2/core/mat.hpp:3518:0[m[K,
                 from [01m[K/usr/include/opencv2/core.hpp:59[m[K,
                 from [01m[K/usr/include/opencv2/core/core.hpp:48[m[K,
                 from [01m[K/opt/ros/melodic/include/cv_bridge/cv_bridge.h:43[m[K,
                 from [01m[K/home/zheng/robot_ws_zheng/src/openpose_ros/openpose_ros_pkg/src/openpose_ros_node_3d.cpp:18[m[K:
[01m[K/usr/include/opencv2/core/mat.inl.hpp:596:6:[m[K [01;36m[Knote: [m[Kcandidate: cv::Mat& cv::Mat::operator=(const cv::Mat&)
 Mat& Mat::operator = (const Mat& m)
[01;32m[K      ^[m[K
[01m[K/usr/include/opencv2/core/mat.inl.hpp:596:6:[m[K [01;36m[Knote: [m[K  no known conversion for argument 1 from ‘[01m[Kop::Matrix[m[K’ to ‘[01m[Kconst cv::Mat&[m[K’
[01m[K/usr/include/opencv2/core/mat.inl.hpp:3104:6:[m[K [01;36m[Knote: [m[Kcandidate: cv::Mat& cv::Mat::operator=(const cv::MatExpr&)
 Mat& Mat::operator = (const MatExpr& e)
[01;32m[K      ^[m[K
[01m[K/usr/include/opencv2/core/mat.inl.hpp:3104:6:[m[K [01;36m[Knote: [m[K  no known conversion for argument 1 from ‘[01m[Kop::Matrix[m[K’ to ‘[01m[Kconst cv::MatExpr&[m[K’
In file included from [01m[K/usr/include/opencv2/core.hpp:59:0[m[K,
                 from [01m[K/usr/include/opencv2/core/core.hpp:48[m[K,
                 from [01m[K/opt/ros/melodic/include/cv_bridge/cv_bridge.h:43[m[K,
                 from [01m[K/home/zheng/robot_ws_zheng/src/openpose_ros/openpose_ros_pkg/src/openpose_ros_node_3d.cpp:18[m[K:
[01m[K/usr/include/opencv2/core/mat.hpp:1154:10:[m[K [01;36m[Knote: [m[Kcandidate: cv::Mat& cv::Mat::operator=(const Scalar&)
     Mat& operator = (const Scalar& s);
[01;32m[K          ^[m[K
[01m[K/usr/include/opencv2/core/mat.hpp:1154:10:[m[K [01;36m[Knote: [m[K  no known conversion for argument 1 from ‘[01m[Kop::Matrix[m[K’ to ‘[01m[Kconst Scalar& {aka const cv::Scalar_<double>&}[m[K’
In file included from [01m[K/usr/include/opencv2/core/mat.hpp:3518:0[m[K,
                 from [01m[K/usr/include/opencv2/core.hpp:59[m[K,
                 from [01m[K/usr/include/opencv2/core/core.hpp:48[m[K,
                 from [01m[K/opt/ros/melodic/include/cv_bridge/cv_bridge.h:43[m[K,
                 from [01m[K/home/zheng/robot_ws_zheng/src/openpose_ros/openpose_ros_pkg/src/openpose_ros_node_3d.cpp:18[m[K:
[01m[K/usr/include/opencv2/core/mat.inl.hpp:1204:6:[m[K [01;36m[Knote: [m[Kcandidate: cv::Mat& cv::Mat::operator=(cv::Mat&&)
 Mat& Mat::operator = (Mat&& m)
[01;32m[K      ^[m[K
[01m[K/usr/include/opencv2/core/mat.inl.hpp:1204:6:[m[K [01;36m[Knote: [m[K  no known conversion for argument 1 from ‘[01m[Kop::Matrix[m[K’ to ‘[01m[Kcv::Mat&&[m[K’
[01m[K/home/zheng/robot_ws_zheng/src/openpose_ros/openpose_ros_pkg/src/openpose_ros_node_3d.cpp:[m[K In function ‘[01m[Kint main(int, char**)[m[K’:
[01m[K/home/zheng/robot_ws_zheng/src/openpose_ros/openpose_ros_pkg/src/openpose_ros_node_3d.cpp:348:72:[m[K [01;31m[Kerror: [m[Kno matching function for call to ‘[01m[Kop::PoseExtractorCaffe::PoseExtractorCaffe(op::Point<int>&, op::Point<int>&, op::Point<int>&, int&, op::PoseModel&, std::__cxx11::string&, unsigned int&)[m[K’
                                             model_folder, num_gpu_start));
[01;32m[K                                                                        ^[m[K
In file included from [01m[K/usr/local/include/openpose/pose/headers.hpp:8:0[m[K,
                 from [01m[K/usr/local/include/openpose/headers.hpp:29[m[K,
                 from [01m[K/home/zheng/robot_ws_zheng/src/openpose_ros/openpose_ros_pkg/src/openpose_ros_node_3d.cpp:12[m[K:
[01m[K/usr/local/include/openpose/pose/poseExtractorCaffe.hpp:19:9:[m[K [01;36m[Knote: [m[Kcandidate: op::PoseExtractorCaffe::PoseExtractorCaffe(op::PoseModel, const string&, int, const std::vector<op::HeatMapType>&, op::ScaleMode, bool, bool, const string&, const string&, float, bool, bool)
         PoseExtractorCaffe(
[01;32m[K         ^[m[K
[01m[K/usr/local/include/openpose/pose/poseExtractorCaffe.hpp:19:9:[m[K [01;36m[Knote: [m[K  no known conversion for argument 1 from ‘[01m[Kop::Point<int>[m[K’ to ‘[01m[Kop::PoseModel[m[K’
[01m[K/home/zheng/robot_ws_zheng/src/openpose_ros/openpose_ros_pkg/src/openpose_ros_node_3d.cpp:351:88:[m[K [01;31m[Kerror: [m[Kinvalid new-expression of abstract class type ‘[01m[Kop::PoseRenderer[m[K’
       new op::PoseRenderer(net_output_size, output_size, pose_model, nullptr, true, 0.6));
[01;32m[K                                                                                        ^[m[K
In file included from [01m[K/usr/local/include/openpose/pose/poseCpuRenderer.hpp:8:0[m[K,
                 from [01m[K/usr/local/include/openpose/pose/headers.hpp:6[m[K,
                 from [01m[K/usr/local/include/openpose/headers.hpp:29[m[K,
                 from [01m[K/home/zheng/robot_ws_zheng/src/openpose_ros/openpose_ros_pkg/src/openpose_ros_node_3d.cpp:12[m[K:
[01m[K/usr/local/include/openpose/pose/poseRenderer.hpp:10:18:[m[K [01;36m[Knote: [m[K  because the following virtual functions are pure within ‘[01m[Kop::PoseRenderer[m[K’:
     class OP_API PoseRenderer
[01;32m[K                  ^[m[K
[01m[K/usr/local/include/openpose/pose/poseRenderer.hpp:19:45:[m[K [01;36m[Knote: [m[K	virtual std::pair<int, std::__cxx11::basic_string<char> > op::PoseRenderer::renderPose(op::Array<float>&, const op::Array<float>&, float, float)
         virtual std::pair<int, std::string> renderPose(
[01;32m[K                                             ^[m[K
make[2]: *** [CMakeFiles/openpose_ros_node_3d.dir/src/openpose_ros_node_3d.cpp.o] Error 1
make[1]: *** [CMakeFiles/openpose_ros_node_3d.dir/all] Error 2
make: *** [all] Error 2
