Determining if the pthread_create exist failed with the following output:
Change Dir: /home/zheng/robot_ws_zheng/build/CMakeFiles/CMakeTmp

Run Build Command:"/usr/bin/make" "cmTC_94373/fast"
/usr/bin/make -f CMakeFiles/cmTC_94373.dir/build.make CMakeFiles/cmTC_94373.dir/build
make[1] : on entre dans le répertoire « /home/zheng/robot_ws_zheng/build/CMakeFiles/CMakeTmp »
Building C object CMakeFiles/cmTC_94373.dir/CheckSymbolExists.c.o
/usr/bin/cc    -o CMakeFiles/cmTC_94373.dir/CheckSymbolExists.c.o   -c /home/zheng/robot_ws_zheng/build/CMakeFiles/CMakeTmp/CheckSymbolExists.c
Linking C executable cmTC_94373
/usr/bin/cmake -E cmake_link_script CMakeFiles/cmTC_94373.dir/link.txt --verbose=1
/usr/bin/cc      -rdynamic CMakeFiles/cmTC_94373.dir/CheckSymbolExists.c.o  -o cmTC_94373 
CMakeFiles/cmTC_94373.dir/CheckSymbolExists.c.o : Dans la fonction « main » :
CheckSymbolExists.c:(.text+0x1b) : référence indéfinie vers « pthread_create »
collect2: error: ld returned 1 exit status
CMakeFiles/cmTC_94373.dir/build.make:97: recipe for target 'cmTC_94373' failed
make[1]: *** [cmTC_94373] Error 1
make[1] : on quitte le répertoire « /home/zheng/robot_ws_zheng/build/CMakeFiles/CMakeTmp »
Makefile:126: recipe for target 'cmTC_94373/fast' failed
make: *** [cmTC_94373/fast] Error 2

File /home/zheng/robot_ws_zheng/build/CMakeFiles/CMakeTmp/CheckSymbolExists.c:
/* */
#include <pthread.h>

int main(int argc, char** argv)
{
  (void)argv;
#ifndef pthread_create
  return ((int*)(&pthread_create))[argc];
#else
  (void)argc;
  return 0;
#endif
}

Determining if the function pthread_create exists in the pthreads failed with the following output:
Change Dir: /home/zheng/robot_ws_zheng/build/CMakeFiles/CMakeTmp

Run Build Command:"/usr/bin/make" "cmTC_b7fd2/fast"
/usr/bin/make -f CMakeFiles/cmTC_b7fd2.dir/build.make CMakeFiles/cmTC_b7fd2.dir/build
make[1] : on entre dans le répertoire « /home/zheng/robot_ws_zheng/build/CMakeFiles/CMakeTmp »
Building C object CMakeFiles/cmTC_b7fd2.dir/CheckFunctionExists.c.o
/usr/bin/cc   -DCHECK_FUNCTION_EXISTS=pthread_create   -o CMakeFiles/cmTC_b7fd2.dir/CheckFunctionExists.c.o   -c /usr/share/cmake-3.10/Modules/CheckFunctionExists.c
Linking C executable cmTC_b7fd2
/usr/bin/cmake -E cmake_link_script CMakeFiles/cmTC_b7fd2.dir/link.txt --verbose=1
/usr/bin/cc  -DCHECK_FUNCTION_EXISTS=pthread_create    -rdynamic CMakeFiles/cmTC_b7fd2.dir/CheckFunctionExists.c.o  -o cmTC_b7fd2 -lpthreads 
/usr/bin/ld : ne peut trouver -lpthreads
collect2: error: ld returned 1 exit status
CMakeFiles/cmTC_b7fd2.dir/build.make:97: recipe for target 'cmTC_b7fd2' failed
make[1]: *** [cmTC_b7fd2] Error 1
make[1] : on quitte le répertoire « /home/zheng/robot_ws_zheng/build/CMakeFiles/CMakeTmp »
Makefile:126: recipe for target 'cmTC_b7fd2/fast' failed
make: *** [cmTC_b7fd2/fast] Error 2


Performing C SOURCE FILE Test CMAKE_HAVE_LIBC_PTHREAD failed with the following output:
Change Dir: /home/zheng/robot_ws_zheng/build/CMakeFiles/CMakeTmp

Run Build Command(s):/usr/bin/make cmTC_62f86/fast && /usr/bin/make -f CMakeFiles/cmTC_62f86.dir/build.make CMakeFiles/cmTC_62f86.dir/build
make[1]: Entering directory '/home/zheng/robot_ws_zheng/build/CMakeFiles/CMakeTmp'
Building C object CMakeFiles/cmTC_62f86.dir/src.c.o
/usr/bin/cc   -DCMAKE_HAVE_LIBC_PTHREAD   -o CMakeFiles/cmTC_62f86.dir/src.c.o   -c /home/zheng/robot_ws_zheng/build/CMakeFiles/CMakeTmp/src.c
Linking C executable cmTC_62f86
/usr/local/bin/cmake -E cmake_link_script CMakeFiles/cmTC_62f86.dir/link.txt --verbose=1
/usr/bin/cc  -DCMAKE_HAVE_LIBC_PTHREAD    -rdynamic CMakeFiles/cmTC_62f86.dir/src.c.o  -o cmTC_62f86 
CMakeFiles/cmTC_62f86.dir/src.c.o: In function `main':
src.c:(.text+0x3e): undefined reference to `pthread_create'
src.c:(.text+0x4a): undefined reference to `pthread_detach'
src.c:(.text+0x5b): undefined reference to `pthread_join'
src.c:(.text+0x6f): undefined reference to `pthread_atfork'
collect2: error: ld returned 1 exit status
CMakeFiles/cmTC_62f86.dir/build.make:86: recipe for target 'cmTC_62f86' failed
make[1]: *** [cmTC_62f86] Error 1
make[1]: Leaving directory '/home/zheng/robot_ws_zheng/build/CMakeFiles/CMakeTmp'
Makefile:121: recipe for target 'cmTC_62f86/fast' failed
make: *** [cmTC_62f86/fast] Error 2


Source file was:
#include <pthread.h>

void* test_func(void* data)
{
  return data;
}

int main(void)
{
  pthread_t thread;
  pthread_create(&thread, NULL, test_func, NULL);
  pthread_detach(thread);
  pthread_join(thread, NULL);
  pthread_atfork(NULL, NULL, NULL);
  pthread_exit(NULL);

  return 0;
}

Determining if the include file ieeefp.h exists failed with the following output:
Change Dir: /home/zheng/robot_ws_zheng/build/CMakeFiles/CMakeTmp

Run Build Command(s):/usr/bin/make cmTC_440bd/fast && /usr/bin/make -f CMakeFiles/cmTC_440bd.dir/build.make CMakeFiles/cmTC_440bd.dir/build
make[1] : on entre dans le répertoire « /home/zheng/robot_ws_zheng/build/CMakeFiles/CMakeTmp »
Building C object CMakeFiles/cmTC_440bd.dir/CheckIncludeFile.c.o
/usr/bin/cc   -Wno-deprecated   -fPIC    -o CMakeFiles/cmTC_440bd.dir/CheckIncludeFile.c.o   -c /home/zheng/robot_ws_zheng/build/CMakeFiles/CMakeTmp/CheckIncludeFile.c
/home/zheng/robot_ws_zheng/build/CMakeFiles/CMakeTmp/CheckIncludeFile.c:1:20: fatal error: ieeefp.h: Aucun fichier ou dossier de ce type
compilation terminated.
CMakeFiles/cmTC_440bd.dir/build.make:65: recipe for target 'CMakeFiles/cmTC_440bd.dir/CheckIncludeFile.c.o' failed
make[1]: *** [CMakeFiles/cmTC_440bd.dir/CheckIncludeFile.c.o] Error 1
make[1] : on quitte le répertoire « /home/zheng/robot_ws_zheng/build/CMakeFiles/CMakeTmp »
Makefile:121: recipe for target 'cmTC_440bd/fast' failed
make: *** [cmTC_440bd/fast] Error 2



Determining if the include file windows.h exists failed with the following output:
Change Dir: /home/zheng/robot_ws_zheng/build/CMakeFiles/CMakeTmp

Run Build Command(s):/usr/bin/make cmTC_df8c9/fast && /usr/bin/make -f CMakeFiles/cmTC_df8c9.dir/build.make CMakeFiles/cmTC_df8c9.dir/build
make[1] : on entre dans le répertoire « /home/zheng/robot_ws_zheng/build/CMakeFiles/CMakeTmp »
Building C object CMakeFiles/cmTC_df8c9.dir/CheckIncludeFile.c.o
/usr/bin/cc   -Wno-deprecated   -fPIC    -o CMakeFiles/cmTC_df8c9.dir/CheckIncludeFile.c.o   -c /home/zheng/robot_ws_zheng/build/CMakeFiles/CMakeTmp/CheckIncludeFile.c
/home/zheng/robot_ws_zheng/build/CMakeFiles/CMakeTmp/CheckIncludeFile.c:1:21: fatal error: windows.h: Aucun fichier ou dossier de ce type
compilation terminated.
CMakeFiles/cmTC_df8c9.dir/build.make:65: recipe for target 'CMakeFiles/cmTC_df8c9.dir/CheckIncludeFile.c.o' failed
make[1]: *** [CMakeFiles/cmTC_df8c9.dir/CheckIncludeFile.c.o] Error 1
make[1] : on quitte le répertoire « /home/zheng/robot_ws_zheng/build/CMakeFiles/CMakeTmp »
Makefile:121: recipe for target 'cmTC_df8c9/fast' failed
make: *** [cmTC_df8c9/fast] Error 2



Determining if the include file cieeefp exists failed with the following output:
Change Dir: /home/zheng/robot_ws_zheng/build/CMakeFiles/CMakeTmp

Run Build Command(s):/usr/bin/make cmTC_88a8e/fast && /usr/bin/make -f CMakeFiles/cmTC_88a8e.dir/build.make CMakeFiles/cmTC_88a8e.dir/build
make[1] : on entre dans le répertoire « /home/zheng/robot_ws_zheng/build/CMakeFiles/CMakeTmp »
Building CXX object CMakeFiles/cmTC_88a8e.dir/CheckIncludeFile.cxx.o
/usr/bin/c++    -Wno-deprecated -fPIC    -o CMakeFiles/cmTC_88a8e.dir/CheckIncludeFile.cxx.o -c /home/zheng/robot_ws_zheng/build/CMakeFiles/CMakeTmp/CheckIncludeFile.cxx
/home/zheng/robot_ws_zheng/build/CMakeFiles/CMakeTmp/CheckIncludeFile.cxx:1:19: fatal error: cieeefp: Aucun fichier ou dossier de ce type
compilation terminated.
CMakeFiles/cmTC_88a8e.dir/build.make:65: recipe for target 'CMakeFiles/cmTC_88a8e.dir/CheckIncludeFile.cxx.o' failed
make[1]: *** [CMakeFiles/cmTC_88a8e.dir/CheckIncludeFile.cxx.o] Error 1
make[1] : on quitte le répertoire « /home/zheng/robot_ws_zheng/build/CMakeFiles/CMakeTmp »
Makefile:121: recipe for target 'cmTC_88a8e/fast' failed
make: *** [cmTC_88a8e/fast] Error 2



Determining if the include file cinttypes exists failed with the following output:
Change Dir: /home/zheng/robot_ws_zheng/build/CMakeFiles/CMakeTmp

Run Build Command(s):/usr/bin/make cmTC_13492/fast && /usr/bin/make -f CMakeFiles/cmTC_13492.dir/build.make CMakeFiles/cmTC_13492.dir/build
make[1] : on entre dans le répertoire « /home/zheng/robot_ws_zheng/build/CMakeFiles/CMakeTmp »
Building CXX object CMakeFiles/cmTC_13492.dir/CheckIncludeFile.cxx.o
/usr/bin/c++    -Wno-deprecated -fPIC    -o CMakeFiles/cmTC_13492.dir/CheckIncludeFile.cxx.o -c /home/zheng/robot_ws_zheng/build/CMakeFiles/CMakeTmp/CheckIncludeFile.cxx
In file included from /usr/include/c++/5/cinttypes:35:0,
                 from /home/zheng/robot_ws_zheng/build/CMakeFiles/CMakeTmp/CheckIncludeFile.cxx:1:
/usr/include/c++/5/bits/c++0x_warning.h:32:2: error: #error This file requires compiler and library support for the ISO C++ 2011 standard. This support must be enabled with the -std=c++11 or -std=gnu++11 compiler options.
 #error This file requires compiler and library support \
  ^
CMakeFiles/cmTC_13492.dir/build.make:65: recipe for target 'CMakeFiles/cmTC_13492.dir/CheckIncludeFile.cxx.o' failed
make[1]: *** [CMakeFiles/cmTC_13492.dir/CheckIncludeFile.cxx.o] Error 1
make[1] : on quitte le répertoire « /home/zheng/robot_ws_zheng/build/CMakeFiles/CMakeTmp »
Makefile:121: recipe for target 'cmTC_13492/fast' failed
make: *** [cmTC_13492/fast] Error 2



Performing C++ SOURCE FILE Test HAVE_QUNUSED_ARGUMENTS failed with the following output:
Change Dir: /home/zheng/robot_ws_zheng/build/CMakeFiles/CMakeTmp

Run Build Command(s):/usr/bin/make cmTC_aa08b/fast && /usr/bin/make -f CMakeFiles/cmTC_aa08b.dir/build.make CMakeFiles/cmTC_aa08b.dir/build
make[1]: Entering directory '/home/zheng/robot_ws_zheng/build/CMakeFiles/CMakeTmp'
Building CXX object CMakeFiles/cmTC_aa08b.dir/src.cxx.o
/usr/bin/c++    -Wno-deprecated -fPIC -DHAVE_QUNUSED_ARGUMENTS   -Qunused-arguments -o CMakeFiles/cmTC_aa08b.dir/src.cxx.o -c /home/zheng/robot_ws_zheng/build/CMakeFiles/CMakeTmp/src.cxx
c++: error: unrecognized command line option '-Qunused-arguments'
CMakeFiles/cmTC_aa08b.dir/build.make:65: recipe for target 'CMakeFiles/cmTC_aa08b.dir/src.cxx.o' failed
make[1]: *** [CMakeFiles/cmTC_aa08b.dir/src.cxx.o] Error 1
make[1]: Leaving directory '/home/zheng/robot_ws_zheng/build/CMakeFiles/CMakeTmp'
Makefile:121: recipe for target 'cmTC_aa08b/fast' failed
make: *** [cmTC_aa08b/fast] Error 2


Source file was:
int main() { return 0; }
Determining if the function va_copy exists failed with the following output:
Change Dir: /home/zheng/robot_ws_zheng/build/CMakeFiles/CMakeTmp

Run Build Command(s):/usr/bin/make cmTC_84903/fast && /usr/bin/make -f CMakeFiles/cmTC_84903.dir/build.make CMakeFiles/cmTC_84903.dir/build
make[1] : on entre dans le répertoire « /home/zheng/robot_ws_zheng/build/CMakeFiles/CMakeTmp »
Building C object CMakeFiles/cmTC_84903.dir/CheckFunctionExists.c.o
/usr/bin/cc   -Wno-deprecated   -fPIC   -Wno-narrowing -DCHECK_FUNCTION_EXISTS=va_copy   -o CMakeFiles/cmTC_84903.dir/CheckFunctionExists.c.o   -c /usr/local/share/cmake-3.16/Modules/CheckFunctionExists.c
Linking C executable cmTC_84903
/usr/local/bin/cmake -E cmake_link_script CMakeFiles/cmTC_84903.dir/link.txt --verbose=1
/usr/bin/cc    -Wno-deprecated   -fPIC   -Wno-narrowing -DCHECK_FUNCTION_EXISTS=va_copy    -rdynamic CMakeFiles/cmTC_84903.dir/CheckFunctionExists.c.o  -o cmTC_84903 
CMakeFiles/cmTC_84903.dir/CheckFunctionExists.c.o : Dans la fonction « main » :
CheckFunctionExists.c:(.text+0x10) : référence indéfinie vers « va_copy »
collect2: error: ld returned 1 exit status
CMakeFiles/cmTC_84903.dir/build.make:86: recipe for target 'cmTC_84903' failed
make[1]: *** [cmTC_84903] Error 1
make[1] : on quitte le répertoire « /home/zheng/robot_ws_zheng/build/CMakeFiles/CMakeTmp »
Makefile:121: recipe for target 'cmTC_84903/fast' failed
make: *** [cmTC_84903/fast] Error 2



Determining if the function _snprintf exists failed with the following output:
Change Dir: /home/zheng/robot_ws_zheng/build/CMakeFiles/CMakeTmp

Run Build Command(s):/usr/bin/make cmTC_5a8dd/fast && /usr/bin/make -f CMakeFiles/cmTC_5a8dd.dir/build.make CMakeFiles/cmTC_5a8dd.dir/build
make[1] : on entre dans le répertoire « /home/zheng/robot_ws_zheng/build/CMakeFiles/CMakeTmp »
Building C object CMakeFiles/cmTC_5a8dd.dir/CheckFunctionExists.c.o
/usr/bin/cc   -Wno-deprecated   -fPIC   -Wno-narrowing -DCHECK_FUNCTION_EXISTS=_snprintf   -o CMakeFiles/cmTC_5a8dd.dir/CheckFunctionExists.c.o   -c /usr/local/share/cmake-3.16/Modules/CheckFunctionExists.c
Linking C executable cmTC_5a8dd
/usr/local/bin/cmake -E cmake_link_script CMakeFiles/cmTC_5a8dd.dir/link.txt --verbose=1
/usr/bin/cc    -Wno-deprecated   -fPIC   -Wno-narrowing -DCHECK_FUNCTION_EXISTS=_snprintf    -rdynamic CMakeFiles/cmTC_5a8dd.dir/CheckFunctionExists.c.o  -o cmTC_5a8dd 
CMakeFiles/cmTC_5a8dd.dir/CheckFunctionExists.c.o : Dans la fonction « main » :
CheckFunctionExists.c:(.text+0x10) : référence indéfinie vers « _snprintf »
collect2: error: ld returned 1 exit status
CMakeFiles/cmTC_5a8dd.dir/build.make:86: recipe for target 'cmTC_5a8dd' failed
make[1]: *** [cmTC_5a8dd] Error 1
make[1] : on quitte le répertoire « /home/zheng/robot_ws_zheng/build/CMakeFiles/CMakeTmp »
Makefile:121: recipe for target 'cmTC_5a8dd/fast' failed
make: *** [cmTC_5a8dd/fast] Error 2



Determining if the function _vsnprintf exists failed with the following output:
Change Dir: /home/zheng/robot_ws_zheng/build/CMakeFiles/CMakeTmp

Run Build Command(s):/usr/bin/make cmTC_a3bf0/fast && /usr/bin/make -f CMakeFiles/cmTC_a3bf0.dir/build.make CMakeFiles/cmTC_a3bf0.dir/build
make[1] : on entre dans le répertoire « /home/zheng/robot_ws_zheng/build/CMakeFiles/CMakeTmp »
Building C object CMakeFiles/cmTC_a3bf0.dir/CheckFunctionExists.c.o
/usr/bin/cc   -Wno-deprecated   -fPIC   -Wno-narrowing -DCHECK_FUNCTION_EXISTS=_vsnprintf   -o CMakeFiles/cmTC_a3bf0.dir/CheckFunctionExists.c.o   -c /usr/local/share/cmake-3.16/Modules/CheckFunctionExists.c
Linking C executable cmTC_a3bf0
/usr/local/bin/cmake -E cmake_link_script CMakeFiles/cmTC_a3bf0.dir/link.txt --verbose=1
/usr/bin/cc    -Wno-deprecated   -fPIC   -Wno-narrowing -DCHECK_FUNCTION_EXISTS=_vsnprintf    -rdynamic CMakeFiles/cmTC_a3bf0.dir/CheckFunctionExists.c.o  -o cmTC_a3bf0 
CMakeFiles/cmTC_a3bf0.dir/CheckFunctionExists.c.o : Dans la fonction « main » :
CheckFunctionExists.c:(.text+0x10) : référence indéfinie vers « _vsnprintf »
collect2: error: ld returned 1 exit status
CMakeFiles/cmTC_a3bf0.dir/build.make:86: recipe for target 'cmTC_a3bf0' failed
make[1]: *** [cmTC_a3bf0] Error 1
make[1] : on quitte le répertoire « /home/zheng/robot_ws_zheng/build/CMakeFiles/CMakeTmp »
Makefile:121: recipe for target 'cmTC_a3bf0/fast' failed
make: *** [cmTC_a3bf0/fast] Error 2



Determining if the function dran48 exists failed with the following output:
Change Dir: /home/zheng/robot_ws_zheng/build/CMakeFiles/CMakeTmp

Run Build Command(s):/usr/bin/make cmTC_5585d/fast && /usr/bin/make -f CMakeFiles/cmTC_5585d.dir/build.make CMakeFiles/cmTC_5585d.dir/build
make[1] : on entre dans le répertoire « /home/zheng/robot_ws_zheng/build/CMakeFiles/CMakeTmp »
Building C object CMakeFiles/cmTC_5585d.dir/CheckFunctionExists.c.o
/usr/bin/cc   -Wno-deprecated   -fPIC   -Wno-narrowing -DCHECK_FUNCTION_EXISTS=dran48   -o CMakeFiles/cmTC_5585d.dir/CheckFunctionExists.c.o   -c /usr/local/share/cmake-3.16/Modules/CheckFunctionExists.c
Linking C executable cmTC_5585d
/usr/local/bin/cmake -E cmake_link_script CMakeFiles/cmTC_5585d.dir/link.txt --verbose=1
/usr/bin/cc    -Wno-deprecated   -fPIC   -Wno-narrowing -DCHECK_FUNCTION_EXISTS=dran48    -rdynamic CMakeFiles/cmTC_5585d.dir/CheckFunctionExists.c.o  -o cmTC_5585d 
CMakeFiles/cmTC_5585d.dir/CheckFunctionExists.c.o : Dans la fonction « main » :
CheckFunctionExists.c:(.text+0x10) : référence indéfinie vers « dran48 »
collect2: error: ld returned 1 exit status
CMakeFiles/cmTC_5585d.dir/build.make:86: recipe for target 'cmTC_5585d' failed
make[1]: *** [cmTC_5585d] Error 1
make[1] : on quitte le répertoire « /home/zheng/robot_ws_zheng/build/CMakeFiles/CMakeTmp »
Makefile:121: recipe for target 'cmTC_5585d/fast' failed
make: *** [cmTC_5585d/fast] Error 2



Determining if the function std::rand exists failed with the following output:
Change Dir: /home/zheng/robot_ws_zheng/build/CMakeFiles/CMakeTmp

Run Build Command(s):/usr/bin/make cmTC_ba395/fast && /usr/bin/make -f CMakeFiles/cmTC_ba395.dir/build.make CMakeFiles/cmTC_ba395.dir/build
make[1] : on entre dans le répertoire « /home/zheng/robot_ws_zheng/build/CMakeFiles/CMakeTmp »
Building C object CMakeFiles/cmTC_ba395.dir/CheckFunctionExists.c.o
/usr/bin/cc   -Wno-deprecated   -fPIC   -Wno-narrowing -DCHECK_FUNCTION_EXISTS=std::rand   -o CMakeFiles/cmTC_ba395.dir/CheckFunctionExists.c.o   -c /usr/local/share/cmake-3.16/Modules/CheckFunctionExists.c
<command-line>:0:26: error: expected ‘=’, ‘,’, ‘;’, ‘asm’ or ‘__attribute__’ before ‘:’ token
/usr/local/share/cmake-3.16/Modules/CheckFunctionExists.c:7:3: note: in expansion of macro ‘CHECK_FUNCTION_EXISTS’
   CHECK_FUNCTION_EXISTS(void);
   ^
/usr/local/share/cmake-3.16/Modules/CheckFunctionExists.c: In function ‘main’:
<command-line>:0:27: error: expected expression before ‘:’ token
/usr/local/share/cmake-3.16/Modules/CheckFunctionExists.c:17:3: note: in expansion of macro ‘CHECK_FUNCTION_EXISTS’
   CHECK_FUNCTION_EXISTS();
   ^
CMakeFiles/cmTC_ba395.dir/build.make:65: recipe for target 'CMakeFiles/cmTC_ba395.dir/CheckFunctionExists.c.o' failed
make[1]: *** [CMakeFiles/cmTC_ba395.dir/CheckFunctionExists.c.o] Error 1
make[1] : on quitte le répertoire « /home/zheng/robot_ws_zheng/build/CMakeFiles/CMakeTmp »
Makefile:121: recipe for target 'cmTC_ba395/fast' failed
make: *** [cmTC_ba395/fast] Error 2



Determining if the std::isfinite exist failed with the following output:
Change Dir: /home/zheng/robot_ws_zheng/build/CMakeFiles/CMakeTmp

Run Build Command(s):/usr/bin/make cmTC_d4b7c/fast && /usr/bin/make -f CMakeFiles/cmTC_d4b7c.dir/build.make CMakeFiles/cmTC_d4b7c.dir/build
make[1] : on entre dans le répertoire « /home/zheng/robot_ws_zheng/build/CMakeFiles/CMakeTmp »
Building CXX object CMakeFiles/cmTC_d4b7c.dir/CheckSymbolExists.cxx.o
/usr/bin/c++    -Wno-deprecated -fPIC -Wno-unused-local-typedefs -Wno-narrowing    -o CMakeFiles/cmTC_d4b7c.dir/CheckSymbolExists.cxx.o -c /home/zheng/robot_ws_zheng/build/CMakeFiles/CMakeTmp/CheckSymbolExists.cxx
/home/zheng/robot_ws_zheng/build/CMakeFiles/CMakeTmp/CheckSymbolExists.cxx: In function ‘int main(int, char**)’:
/home/zheng/robot_ws_zheng/build/CMakeFiles/CMakeTmp/CheckSymbolExists.cxx:7:32: error: address of overloaded function with no contextual type information
   return ((int*)(&std::isfinite))[argc];
                                ^
CMakeFiles/cmTC_d4b7c.dir/build.make:65: recipe for target 'CMakeFiles/cmTC_d4b7c.dir/CheckSymbolExists.cxx.o' failed
make[1]: *** [CMakeFiles/cmTC_d4b7c.dir/CheckSymbolExists.cxx.o] Error 1
make[1] : on quitte le répertoire « /home/zheng/robot_ws_zheng/build/CMakeFiles/CMakeTmp »
Makefile:121: recipe for target 'cmTC_d4b7c/fast' failed
make: *** [cmTC_d4b7c/fast] Error 2


File /home/zheng/robot_ws_zheng/build/CMakeFiles/CMakeTmp/CheckSymbolExists.cxx:
/* */
#include <cmath>

int main(int argc, char** argv)
{
  (void)argv;
  return ((int*)(&std::isfinite))[argc];
}
Determining if the std::isnan exist failed with the following output:
Change Dir: /home/zheng/robot_ws_zheng/build/CMakeFiles/CMakeTmp

Run Build Command(s):/usr/bin/make cmTC_421f7/fast && /usr/bin/make -f CMakeFiles/cmTC_421f7.dir/build.make CMakeFiles/cmTC_421f7.dir/build
make[1] : on entre dans le répertoire « /home/zheng/robot_ws_zheng/build/CMakeFiles/CMakeTmp »
Building CXX object CMakeFiles/cmTC_421f7.dir/CheckSymbolExists.cxx.o
/usr/bin/c++    -Wno-deprecated -fPIC -Wno-unused-local-typedefs -Wno-narrowing    -o CMakeFiles/cmTC_421f7.dir/CheckSymbolExists.cxx.o -c /home/zheng/robot_ws_zheng/build/CMakeFiles/CMakeTmp/CheckSymbolExists.cxx
/home/zheng/robot_ws_zheng/build/CMakeFiles/CMakeTmp/CheckSymbolExists.cxx: In function ‘int main(int, char**)’:
/home/zheng/robot_ws_zheng/build/CMakeFiles/CMakeTmp/CheckSymbolExists.cxx:7:29: error: address of overloaded function with no contextual type information
   return ((int*)(&std::isnan))[argc];
                             ^
CMakeFiles/cmTC_421f7.dir/build.make:65: recipe for target 'CMakeFiles/cmTC_421f7.dir/CheckSymbolExists.cxx.o' failed
make[1]: *** [CMakeFiles/cmTC_421f7.dir/CheckSymbolExists.cxx.o] Error 1
make[1] : on quitte le répertoire « /home/zheng/robot_ws_zheng/build/CMakeFiles/CMakeTmp »
Makefile:121: recipe for target 'cmTC_421f7/fast' failed
make: *** [cmTC_421f7/fast] Error 2


File /home/zheng/robot_ws_zheng/build/CMakeFiles/CMakeTmp/CheckSymbolExists.cxx:
/* */
#include <cmath>

int main(int argc, char** argv)
{
  (void)argv;
  return ((int*)(&std::isnan))[argc];
}
