Performing C SOURCE FILE Test CMAKE_HAVE_LIBC_PTHREAD failed with the following output:
Change Dir: /home/zheng/robot_ws_zheng/src/ros_robot_controller/cmake-build-debug/CMakeFiles/CMakeTmp

Run Build Command(s):/usr/bin/make cmTC_87f45/fast && /usr/bin/make -f CMakeFiles/cmTC_87f45.dir/build.make CMakeFiles/cmTC_87f45.dir/build
make[1] : on entre dans le répertoire « /home/zheng/robot_ws_zheng/src/ros_robot_controller/cmake-build-debug/CMakeFiles/CMakeTmp »
Building C object CMakeFiles/cmTC_87f45.dir/src.c.o
/usr/bin/cc   -DCMAKE_HAVE_LIBC_PTHREAD   -o CMakeFiles/cmTC_87f45.dir/src.c.o   -c /home/zheng/robot_ws_zheng/src/ros_robot_controller/cmake-build-debug/CMakeFiles/CMakeTmp/src.c
Linking C executable cmTC_87f45
/home/zheng/clion-2019.3.2/bin/cmake/linux/bin/cmake -E cmake_link_script CMakeFiles/cmTC_87f45.dir/link.txt --verbose=1
/usr/bin/cc  -DCMAKE_HAVE_LIBC_PTHREAD    -rdynamic CMakeFiles/cmTC_87f45.dir/src.c.o  -o cmTC_87f45 
CMakeFiles/cmTC_87f45.dir/src.c.o : Dans la fonction « main » :
src.c:(.text+0x3e) : référence indéfinie vers « pthread_create »
src.c:(.text+0x4a) : référence indéfinie vers « pthread_detach »
src.c:(.text+0x5b) : référence indéfinie vers « pthread_join »
src.c:(.text+0x6f) : référence indéfinie vers « pthread_atfork »
collect2: error: ld returned 1 exit status
CMakeFiles/cmTC_87f45.dir/build.make:86: recipe for target 'cmTC_87f45' failed
make[1]: *** [cmTC_87f45] Error 1
make[1] : on quitte le répertoire « /home/zheng/robot_ws_zheng/src/ros_robot_controller/cmake-build-debug/CMakeFiles/CMakeTmp »
Makefile:121: recipe for target 'cmTC_87f45/fast' failed
make: *** [cmTC_87f45/fast] Error 2


Source file was:
#include <pthread.h>

void* test_func(void* data)
{
  return data;
}

int main(void)
{
  pthread_t thread;
  pthread_create(&thread, NULL, test_func, NULL);
  pthread_detach(thread);
  pthread_join(thread, NULL);
  pthread_atfork(NULL, NULL, NULL);
  pthread_exit(NULL);

  return 0;
}

Determining if the function pthread_create exists in the pthreads failed with the following output:
Change Dir: /home/zheng/robot_ws_zheng/src/ros_robot_controller/cmake-build-debug/CMakeFiles/CMakeTmp

Run Build Command(s):/usr/bin/make cmTC_8c28f/fast && /usr/bin/make -f CMakeFiles/cmTC_8c28f.dir/build.make CMakeFiles/cmTC_8c28f.dir/build
make[1] : on entre dans le répertoire « /home/zheng/robot_ws_zheng/src/ros_robot_controller/cmake-build-debug/CMakeFiles/CMakeTmp »
Building C object CMakeFiles/cmTC_8c28f.dir/CheckFunctionExists.c.o
/usr/bin/cc   -DCHECK_FUNCTION_EXISTS=pthread_create   -o CMakeFiles/cmTC_8c28f.dir/CheckFunctionExists.c.o   -c /home/zheng/clion-2019.3.2/bin/cmake/linux/share/cmake-3.15/Modules/CheckFunctionExists.c
Linking C executable cmTC_8c28f
/home/zheng/clion-2019.3.2/bin/cmake/linux/bin/cmake -E cmake_link_script CMakeFiles/cmTC_8c28f.dir/link.txt --verbose=1
/usr/bin/cc  -DCHECK_FUNCTION_EXISTS=pthread_create    -rdynamic CMakeFiles/cmTC_8c28f.dir/CheckFunctionExists.c.o  -o cmTC_8c28f -lpthreads 
/usr/bin/ld : ne peut trouver -lpthreads
collect2: error: ld returned 1 exit status
CMakeFiles/cmTC_8c28f.dir/build.make:86: recipe for target 'cmTC_8c28f' failed
make[1]: *** [cmTC_8c28f] Error 1
make[1] : on quitte le répertoire « /home/zheng/robot_ws_zheng/src/ros_robot_controller/cmake-build-debug/CMakeFiles/CMakeTmp »
Makefile:121: recipe for target 'cmTC_8c28f/fast' failed
make: *** [cmTC_8c28f/fast] Error 2



