[  0%] Built target std_msgs_generate_messages_lisp
[  0%] Built target std_msgs_generate_messages_py
[  0%] Built target geometry_msgs_generate_messages_cpp
[  0%] Built target geometry_msgs_generate_messages_lisp
[  0%] Built target geometry_msgs_generate_messages_py
[  0%] Built target std_msgs_generate_messages_cpp
[  0%] Built target std_msgs_generate_messages_eus
[  0%] Built target geometry_msgs_generate_messages_eus
[  0%] Built target geometry_msgs_generate_messages_nodejs
[  0%] Built target std_msgs_generate_messages_nodejs
[  0%] Built target _openni2_tracker_generate_messages_check_deps_TrackerUser
[  0%] Built target _openni2_tracker_generate_messages_check_deps_TrackerUserArray
[ 42%] [34m[1mGenerating Lisp code from openni2_tracker/TrackerUserArray.msg[0m
[ 42%] [34m[1mGenerating C++ code from openni2_tracker/TrackerUserArray.msg[0m
[ 50%] [34m[1mGenerating Lisp code from openni2_tracker/TrackerUser.msg[0m
[ 50%] [34m[1mGenerating Python from MSG openni2_tracker/TrackerUserArray[0m
[ 57%] [34m[1mGenerating Javascript code from openni2_tracker/TrackerUser.msg[0m
[ 42%] [34m[1mGenerating C++ code from openni2_tracker/TrackerUser.msg[0m
[ 42%] [34m[1mGenerating EusLisp code from openni2_tracker/TrackerUserArray.msg[0m
[ 42%] [34m[1mGenerating Javascript code from openni2_tracker/TrackerUserArray.msg[0m
[ 64%] [34m[1mGenerating EusLisp code from openni2_tracker/TrackerUser.msg[0m
[ 64%] Built target openni2_tracker_generate_messages_lisp
[ 71%] [34m[1mGenerating Python from MSG openni2_tracker/TrackerUser[0m
[ 71%] Built target openni2_tracker_generate_messages_nodejs
[ 78%] Built target openni2_tracker_generate_messages_eus
[ 78%] Built target openni2_tracker_generate_messages_cpp
[35m[1mScanning dependencies of target tracker[0m
[ 85%] [34m[1mGenerating Python msg __init__.py for openni2_tracker[0m
[ 92%] [32mBuilding CXX object CMakeFiles/tracker.dir/src/tracker.cpp.o[0m
[ 92%] Built target openni2_tracker_generate_messages_py
[ 92%] Built target openni2_tracker_generate_messages
[100%] [32m[1mLinking CXX executable /home/zheng/robot_ws_zheng/devel/.private/openni2_tracker/lib/openni2_tracker/tracker[0m
[100%] Built target tracker
