Not searching for unused variables given on the command line.
[36m--[0m Using CATKIN_DEVEL_PREFIX: /home/zheng/robot_ws_zheng/devel/.private/openni2_tracker
[36m--[0m Using CMAKE_PREFIX_PATH: /home/zheng/robot_ws_zheng/devel;/home/zheng/catkin_ws/devel;/opt/ros/melodic
[36m--[0m This workspace overlays: /home/zheng/robot_ws_zheng/devel;/home/zheng/catkin_ws/devel;/opt/ros/melodic
[36m--[0m Found PythonInterp: /usr/bin/python2 (found suitable version "2.7.17", minimum required is "2")
[36m--[0m Using PYTHON_EXECUTABLE: /usr/bin/python2
[36m--[0m Using Debian Python package layout
[36m--[0m Using empy: /usr/bin/empy
[36m--[0m Using CATKIN_ENABLE_TESTING: ON
[36m--[0m Call enable_testing()
[36m--[0m Using CATKIN_TEST_RESULTS_DIR: /home/zheng/robot_ws_zheng/build/openni2_tracker/test_results
[36m--[0m Found gtest sources under '/usr/src/googletest': gtests will be built
[36m--[0m Found gmock sources under '/usr/src/googletest': gmock will be built
[36m--[0m Found PythonInterp: /usr/bin/python2 (found version "2.7.17")
[36m--[0m Using Python nosetests: /usr/bin/nosetests-2.7
[36m--[0m catkin 0.7.20
[36m--[0m BUILD_SHARED_LIBS is on
[36m--[0m Using these message generators: gencpp;geneus;genlisp;gennodejs;genpy
[36m--[0m /usr/lib/libOpenNI2.so
status
status
CMake Error: The following variables are used in this project, but they are set to NOTFOUND.
Please set them or make sure they are set and tested correctly in the CMake files:
Nite2_INCLUDEDIR
   used as include directory in directory /home/zheng/robot_ws_zheng/src/openni2_tracker
   used as include directory in directory /home/zheng/robot_ws_zheng/src/openni2_tracker
   used as include directory in directory /home/zheng/robot_ws_zheng/src/openni2_tracker
   used as include directory in directory /home/zheng/robot_ws_zheng/src/openni2_tracker
   used as include directory in directory /home/zheng/robot_ws_zheng/src/openni2_tracker
   used as include directory in directory /home/zheng/robot_ws_zheng/src/openni2_tracker
   used as include directory in directory /home/zheng/robot_ws_zheng/src/openni2_tracker
   used as include directory in directory /home/zheng/robot_ws_zheng/src/openni2_tracker
   used as include directory in directory /home/zheng/robot_ws_zheng/src/openni2_tracker
   used as include directory in directory /home/zheng/robot_ws_zheng/src/openni2_tracker
   used as include directory in directory /home/zheng/robot_ws_zheng/src/openni2_tracker
   used as include directory in directory /home/zheng/robot_ws_zheng/src/openni2_tracker
   used as include directory in directory /home/zheng/robot_ws_zheng/src/openni2_tracker
   used as include directory in directory /home/zheng/robot_ws_zheng/src/openni2_tracker
   used as include directory in directory /home/zheng/robot_ws_zheng/src/openni2_tracker
   used as include directory in directory /home/zheng/robot_ws_zheng/src/openni2_tracker
   used as include directory in directory /home/zheng/robot_ws_zheng/src/openni2_tracker
   used as include directory in directory /home/zheng/robot_ws_zheng/src/openni2_tracker
   used as include directory in directory /home/zheng/robot_ws_zheng/src/openni2_tracker
   used as include directory in directory /home/zheng/robot_ws_zheng/src/openni2_tracker
   used as include directory in directory /home/zheng/robot_ws_zheng/src/openni2_tracker
   used as include directory in directory /home/zheng/robot_ws_zheng/src/openni2_tracker
   used as include directory in directory /home/zheng/robot_ws_zheng/src/openni2_tracker
   used as include directory in directory /home/zheng/robot_ws_zheng/src/openni2_tracker
   used as include directory in directory /home/zheng/robot_ws_zheng/src/openni2_tracker
   used as include directory in directory /home/zheng/robot_ws_zheng/src/openni2_tracker
   used as include directory in directory /home/zheng/robot_ws_zheng/src/openni2_tracker
   used as include directory in directory /home/zheng/robot_ws_zheng/src/openni2_tracker
   used as include directory in directory /home/zheng/robot_ws_zheng/src/openni2_tracker
   used as include directory in directory /home/zheng/robot_ws_zheng/src/openni2_tracker
   used as include directory in directory /home/zheng/robot_ws_zheng/src/openni2_tracker
   used as include directory in directory /home/zheng/robot_ws_zheng/src/openni2_tracker
   used as include directory in directory /home/zheng/robot_ws_zheng/src/openni2_tracker
   used as include directory in directory /home/zheng/robot_ws_zheng/src/openni2_tracker
   used as include directory in directory /home/zheng/robot_ws_zheng/src/openni2_tracker
   used as include directory in directory /home/zheng/robot_ws_zheng/src/openni2_tracker
   used as include directory in directory /home/zheng/robot_ws_zheng/src/openni2_tracker
   used as include directory in directory /home/zheng/robot_ws_zheng/src/openni2_tracker
   used as include directory in directory /home/zheng/robot_ws_zheng/src/openni2_tracker
   used as include directory in directory /home/zheng/robot_ws_zheng/src/openni2_tracker
   used as include directory in directory /home/zheng/robot_ws_zheng/src/openni2_tracker
   used as include directory in directory /home/zheng/robot_ws_zheng/src/openni2_tracker
   used as include directory in directory /home/zheng/robot_ws_zheng/src/openni2_tracker
   used as include directory in directory /home/zheng/robot_ws_zheng/src/openni2_tracker
   used as include directory in directory /home/zheng/robot_ws_zheng/src/openni2_tracker
   used as include directory in directory /home/zheng/robot_ws_zheng/src/openni2_tracker
   used as include directory in directory /home/zheng/robot_ws_zheng/src/openni2_tracker
   used as include directory in directory /home/zheng/robot_ws_zheng/src/openni2_tracker
   used as include directory in directory /home/zheng/robot_ws_zheng/src/openni2_tracker
   used as include directory in directory /home/zheng/robot_ws_zheng/src/openni2_tracker
   used as include directory in directory /home/zheng/robot_ws_zheng/src/openni2_tracker
   used as include directory in directory /home/zheng/robot_ws_zheng/src/openni2_tracker
   used as include directory in directory /home/zheng/robot_ws_zheng/src/openni2_tracker
   used as include directory in directory /home/zheng/robot_ws_zheng/src/openni2_tracker
   used as include directory in directory /home/zheng/robot_ws_zheng/src/openni2_tracker
   used as include directory in directory /home/zheng/robot_ws_zheng/src/openni2_tracker
   used as include directory in directory /home/zheng/robot_ws_zheng/src/openni2_tracker
   used as include directory in directory /home/zheng/robot_ws_zheng/src/openni2_tracker
Nite2_LIBRARY
    linked by target "openni2_tracker" in directory /home/zheng/robot_ws_zheng/src/openni2_tracker

[36m--[0m Configuring incomplete, errors occurred!
See also "/home/zheng/robot_ws_zheng/build/openni2_tracker/CMakeFiles/CMakeOutput.log".
See also "/home/zheng/robot_ws_zheng/build/openni2_tracker/CMakeFiles/CMakeError.log".
