Not searching for unused variables given on the command line.
[36m--[0m Using CATKIN_DEVEL_PREFIX: /home/zheng/robot_ws_zheng/devel/.private/openni2_tracker
[36m--[0m Using CMAKE_PREFIX_PATH: /home/zheng/robot_ws_zheng/devel;/home/zheng/catkin_ws/devel;/opt/ros/melodic
[36m--[0m This workspace overlays: /home/zheng/robot_ws_zheng/devel;/home/zheng/catkin_ws/devel;/opt/ros/melodic
[36m--[0m Found PythonInterp: /usr/bin/python2 (found suitable version "2.7.17", minimum required is "2")
[36m--[0m Using PYTHON_EXECUTABLE: /usr/bin/python2
[36m--[0m Using Debian Python package layout
[36m--[0m Using empy: /usr/bin/empy
[36m--[0m Using CATKIN_ENABLE_TESTING: ON
[36m--[0m Call enable_testing()
[36m--[0m Using CATKIN_TEST_RESULTS_DIR: /home/zheng/robot_ws_zheng/build/openni2_tracker/test_results
[36m--[0m Found gtest sources under '/usr/src/googletest': gtests will be built
[36m--[0m Found gmock sources under '/usr/src/googletest': gmock will be built
[36m--[0m Found PythonInterp: /usr/bin/python2 (found version "2.7.17")
[36m--[0m Using Python nosetests: /usr/bin/nosetests-2.7
[36m--[0m catkin 0.7.20
[36m--[0m BUILD_SHARED_LIBS is on
[36m--[0m Using these message generators: gencpp;geneus;genlisp;gennodejs;genpy
[36m--[0m /usr/lib/libOpenNI2.so
status/home/zheng/NiTE-Linux-x64-2.2/Include
status
[36m--[0m Configuring done
[36m--[0m Generating done
[36m--[0m Build files have been written to: /home/zheng/robot_ws_zheng/build/openni2_tracker
