[35m[1mScanning dependencies of target openni2_tracker[0m
[ 50%] [32mBuilding CXX object CMakeFiles/openni2_tracker.dir/src/openni2_tracker.cpp.o[0m
In file included from [01m[K/opt/ros/melodic/include/tf/transform_broadcaster.h:36:0[m[K,
                 from [01m[K/home/zheng/robot_ws_zheng/src/openni2_tracker/src/openni2_tracker.cpp:36[m[K:
[01m[K/opt/ros/melodic/include/tf/tf.h:342:8:[m[K [01;31m[Kerror: [m[K‘[01m[Kshared_ptr[m[K’ in namespace ‘[01m[Kstd[m[K’ does not name a template type
   std::shared_ptr<tf2_ros::Buffer> getTF2BufferPtr() { return tf2_buffer_ptr_;};
[01;32m[K        ^[m[K
[01m[K/opt/ros/melodic/include/tf/tf.h:391:8:[m[K [01;31m[Kerror: [m[K‘[01m[Kshared_ptr[m[K’ in namespace ‘[01m[Kstd[m[K’ does not name a template type
   std::shared_ptr<tf2_ros::Buffer> tf2_buffer_ptr_;
[01;32m[K        ^[m[K
[01m[K/opt/ros/melodic/include/tf/tf.h:[m[K In member function ‘[01m[Kros::Duration tf::Transformer::getCacheLength()[m[K’:
[01m[K/opt/ros/melodic/include/tf/tf.h:319:43:[m[K [01;31m[Kerror: [m[K‘[01m[Ktf2_buffer_ptr_[m[K’ was not declared in this scope
   ros::Duration getCacheLength() { return tf2_buffer_ptr_->getCacheLength();}
[01;32m[K                                           ^[m[K
[01m[K/opt/ros/melodic/include/tf/tf.h:[m[K In member function ‘[01m[Kvoid tf::Transformer::setUsingDedicatedThread(bool)[m[K’:
[01m[K/opt/ros/melodic/include/tf/tf.h:337:46:[m[K [01;31m[Kerror: [m[K‘[01m[Ktf2_buffer_ptr_[m[K’ was not declared in this scope
   void setUsingDedicatedThread(bool value) { tf2_buffer_ptr_->setUsingDedicatedThread(value);};
[01;32m[K                                              ^[m[K
[01m[K/opt/ros/melodic/include/tf/tf.h:[m[K In member function ‘[01m[Kbool tf::Transformer::isUsingDedicatedThread()[m[K’:
[01m[K/opt/ros/melodic/include/tf/tf.h:339:42:[m[K [01;31m[Kerror: [m[K‘[01m[Ktf2_buffer_ptr_[m[K’ was not declared in this scope
   bool isUsingDedicatedThread() { return tf2_buffer_ptr_->isUsingDedicatedThread();};
[01;32m[K                                          ^[m[K
CMakeFiles/openni2_tracker.dir/build.make:62: recipe for target 'CMakeFiles/openni2_tracker.dir/src/openni2_tracker.cpp.o' failed
make[2]: *** [CMakeFiles/openni2_tracker.dir/src/openni2_tracker.cpp.o] Error 1
CMakeFiles/Makefile2:184: recipe for target 'CMakeFiles/openni2_tracker.dir/all' failed
make[1]: *** [CMakeFiles/openni2_tracker.dir/all] Error 2
Makefile:140: recipe for target 'all' failed
make: *** [all] Error 2
