Not searching for unused variables given on the command line.
[36m--[0m The C compiler identification is GNU 5.5.0
[36m--[0m The CXX compiler identification is GNU 5.5.0
[36m--[0m Check for working C compiler: /usr/bin/cc
[36m--[0m Check for working C compiler: /usr/bin/cc -- works
[36m--[0m Detecting C compiler ABI info
[36m--[0m Detecting C compiler ABI info - done
[36m--[0m Detecting C compile features
[36m--[0m Detecting C compile features - done
[36m--[0m Check for working CXX compiler: /usr/bin/c++
[36m--[0m Check for working CXX compiler: /usr/bin/c++ -- works
[36m--[0m Detecting CXX compiler ABI info
[36m--[0m Detecting CXX compiler ABI info - done
[36m--[0m Detecting CXX compile features
[36m--[0m Detecting CXX compile features - done
[36m--[0m Using CATKIN_DEVEL_PREFIX: /home/zheng/robot_ws_zheng/devel/.private/rviz_visual_tools
[36m--[0m Using CMAKE_PREFIX_PATH: /home/zheng/robot_ws_zheng/devel_isolated/ur_description;/home/zheng/robot_ws_zheng/devel_isolated/rviz_visual_tools;/home/zheng/robot_ws_zheng/devel_isolated/ros_robot_controller;/home/zheng/robot_ws_zheng/devel_isolated/robot_controller;/home/zheng/robot_ws_zheng/devel_isolated/qpOASES;/home/zheng/robot_ws_zheng/devel_isolated/lpsolve_catkin;/home/zheng/robot_ws_zheng/devel_isolated/franka_description;/home/zheng/robot_ws_zheng/devel_isolated/catkin_simple;/home/zheng/robert_ws/devel;/home/zheng/robot_ws_zheng/devel;/opt/ros/melodic
[36m--[0m This workspace overlays: /home/zheng/robot_ws_zheng/devel_isolated/ur_description;/home/zheng/robot_ws_zheng/devel_isolated/rviz_visual_tools;/home/zheng/robot_ws_zheng/devel_isolated/ros_robot_controller;/home/zheng/robot_ws_zheng/devel_isolated/robot_controller;/home/zheng/robot_ws_zheng/devel_isolated/qpOASES;/home/zheng/robot_ws_zheng/devel_isolated/lpsolve_catkin;/home/zheng/robot_ws_zheng/devel_isolated/franka_description;/home/zheng/robot_ws_zheng/devel_isolated/catkin_simple;/home/zheng/robert_ws/devel;/home/zheng/robot_ws_zheng/devel;/opt/ros/melodic
[36m--[0m Found PythonInterp: /usr/bin/python2 (found suitable version "2.7.17", minimum required is "2")
[36m--[0m Using PYTHON_EXECUTABLE: /usr/bin/python2
[36m--[0m Using Debian Python package layout
[36m--[0m Using empy: /usr/bin/empy
[36m--[0m Using CATKIN_ENABLE_TESTING: ON
[36m--[0m Call enable_testing()
[36m--[0m Using CATKIN_TEST_RESULTS_DIR: /home/zheng/robot_ws_zheng/build/rviz_visual_tools/test_results
[36m--[0m Found gtest sources under '/usr/src/googletest': gtests will be built
[36m--[0m Found gmock sources under '/usr/src/googletest': gmock will be built
[36m--[0m Found PythonInterp: /usr/bin/python2 (found version "2.7.17")
[36m--[0m Looking for pthread.h
[36m--[0m Looking for pthread.h - found
[36m--[0m Performing Test CMAKE_HAVE_LIBC_PTHREAD
[36m--[0m Performing Test CMAKE_HAVE_LIBC_PTHREAD - Failed
[36m--[0m Looking for pthread_create in pthreads
[36m--[0m Looking for pthread_create in pthreads - not found
[36m--[0m Looking for pthread_create in pthread
[36m--[0m Looking for pthread_create in pthread - found
[36m--[0m Found Threads: TRUE
[36m--[0m Using Python nosetests: /usr/bin/nosetests-2.7
[36m--[0m catkin 0.7.20
[36m--[0m BUILD_SHARED_LIBS is on
[36m--[0m Using these message generators: gencpp;geneus;genlisp;gennodejs;genpy
[36m--[0m Found Boost: /usr/include (found version "1.65.1") found components: thread system chrono date_time atomic
[36m--[0m Found PkgConfig: /usr/bin/pkg-config (found version "0.29.1")
[36m--[0m Checking for module 'OGRE'
[36m--[0m   Found OGRE, version 1.9.0
[36m--[0m Configuring done
[36m--[0m Generating done
[36m--[0m Build files have been written to: /home/zheng/robot_ws_zheng/build/rviz_visual_tools
