[35m[1mScanning dependencies of target std_msgs_generate_messages_lisp[0m
[35m[1mScanning dependencies of target geometry_msgs_generate_messages_lisp[0m
[35m[1mScanning dependencies of target _kinect2_tracker_generate_messages_check_deps_user_points[0m
[35m[1mScanning dependencies of target _kinect2_tracker_generate_messages_check_deps_bounding_box[0m
[35m[1mScanning dependencies of target std_msgs_generate_messages_nodejs[0m
[35m[1mScanning dependencies of target std_msgs_generate_messages_py[0m
[35m[1mScanning dependencies of target geometry_msgs_generate_messages_py[0m
[35m[1mScanning dependencies of target _kinect2_tracker_generate_messages_check_deps_user_IDs[0m
[  0%] Built target geometry_msgs_generate_messages_lisp
[  0%] Built target std_msgs_generate_messages_lisp
[  0%] Built target std_msgs_generate_messages_nodejs
[  0%] Built target geometry_msgs_generate_messages_py
[  0%] Built target std_msgs_generate_messages_py
[35m[1mScanning dependencies of target geometry_msgs_generate_messages_nodejs[0m
[35m[1mScanning dependencies of target geometry_msgs_generate_messages_cpp[0m
[35m[1mScanning dependencies of target std_msgs_generate_messages_cpp[0m
[35m[1mScanning dependencies of target std_msgs_generate_messages_eus[0m
[  0%] Built target geometry_msgs_generate_messages_cpp
[35m[1mScanning dependencies of target geometry_msgs_generate_messages_eus[0m
[  0%] Built target geometry_msgs_generate_messages_nodejs
[35m[1mScanning dependencies of target kinect2_tracker[0m
[  0%] Built target std_msgs_generate_messages_eus
[  0%] Built target std_msgs_generate_messages_cpp
[  0%] Built target geometry_msgs_generate_messages_eus
[  0%] Built target _kinect2_tracker_generate_messages_check_deps_user_points
[  0%] Built target _kinect2_tracker_generate_messages_check_deps_user_IDs
[35m[1mScanning dependencies of target visualization_msgs_generate_messages_cpp[0m
[35m[1mScanning dependencies of target visualization_msgs_generate_messages_py[0m
[35m[1mScanning dependencies of target actionlib_generate_messages_cpp[0m
[35m[1mScanning dependencies of target visualization_msgs_generate_messages_eus[0m
[  0%] Built target _kinect2_tracker_generate_messages_check_deps_bounding_box
[35m[1mScanning dependencies of target tf2_msgs_generate_messages_py[0m
[35m[1mScanning dependencies of target tf2_msgs_generate_messages_nodejs[0m
[  0%] Built target visualization_msgs_generate_messages_py
[  0%] Built target tf2_msgs_generate_messages_py
[  0%] Built target visualization_msgs_generate_messages_cpp
[  0%] Built target actionlib_generate_messages_cpp
[  0%] Built target visualization_msgs_generate_messages_eus
[35m[1mScanning dependencies of target tf2_msgs_generate_messages_lisp[0m
[35m[1mScanning dependencies of target tf2_msgs_generate_messages_eus[0m
[35m[1mScanning dependencies of target actionlib_msgs_generate_messages_lisp[0m
[  0%] Built target tf2_msgs_generate_messages_lisp
[35m[1mScanning dependencies of target actionlib_msgs_generate_messages_eus[0m
[  0%] Built target tf2_msgs_generate_messages_nodejs
[35m[1mScanning dependencies of target tf2_msgs_generate_messages_cpp[0m
[35m[1mScanning dependencies of target actionlib_msgs_generate_messages_py[0m
[  0%] Built target tf2_msgs_generate_messages_eus
[35m[1mScanning dependencies of target actionlib_msgs_generate_messages_cpp[0m
[35m[1mScanning dependencies of target actionlib_generate_messages_py[0m
[  0%] Built target actionlib_msgs_generate_messages_lisp
[  0%] Built target actionlib_msgs_generate_messages_py
[  0%] Built target actionlib_msgs_generate_messages_eus
[35m[1mScanning dependencies of target actionlib_generate_messages_nodejs[0m
[  0%] Built target actionlib_msgs_generate_messages_cpp
[  0%] Built target tf2_msgs_generate_messages_cpp
[  0%] Built target actionlib_generate_messages_py
[35m[1mScanning dependencies of target actionlib_generate_messages_lisp[0m
[35m[1mScanning dependencies of target sensor_msgs_generate_messages_eus[0m
[35m[1mScanning dependencies of target actionlib_generate_messages_eus[0m
[35m[1mScanning dependencies of target sensor_msgs_generate_messages_cpp[0m
[  0%] Built target actionlib_generate_messages_nodejs
[35m[1mScanning dependencies of target tf_generate_messages_cpp[0m
[  0%] Built target sensor_msgs_generate_messages_eus
[  0%] Built target actionlib_generate_messages_lisp
[35m[1mScanning dependencies of target actionlib_msgs_generate_messages_nodejs[0m
[  0%] Built target sensor_msgs_generate_messages_cpp
[  0%] Built target tf_generate_messages_cpp
[35m[1mScanning dependencies of target visualization_msgs_generate_messages_lisp[0m
[  0%] Built target actionlib_generate_messages_eus
[35m[1mScanning dependencies of target roscpp_generate_messages_py[0m
[35m[1mScanning dependencies of target tf_generate_messages_lisp[0m
[35m[1mScanning dependencies of target visualization_msgs_generate_messages_nodejs[0m
[35m[1mScanning dependencies of target roscpp_generate_messages_lisp[0m
[35m[1mScanning dependencies of target sensor_msgs_generate_messages_lisp[0m
[  0%] Built target visualization_msgs_generate_messages_lisp
[  0%] Built target roscpp_generate_messages_py
[  0%] Built target actionlib_msgs_generate_messages_nodejs
[  0%] Built target visualization_msgs_generate_messages_nodejs
[  0%] Built target tf_generate_messages_lisp
[  0%] Built target roscpp_generate_messages_lisp
[  0%] Built target sensor_msgs_generate_messages_lisp
[35m[1mScanning dependencies of target rosgraph_msgs_generate_messages_nodejs[0m
[35m[1mScanning dependencies of target tf_generate_messages_py[0m
[35m[1mScanning dependencies of target roscpp_generate_messages_nodejs[0m
[35m[1mScanning dependencies of target tf_generate_messages_nodejs[0m
[35m[1mScanning dependencies of target rosgraph_msgs_generate_messages_py[0m
[35m[1mScanning dependencies of target roscpp_generate_messages_eus[0m
[  0%] Built target rosgraph_msgs_generate_messages_nodejs
[35m[1mScanning dependencies of target sensor_msgs_generate_messages_py[0m
[  0%] Built target tf_generate_messages_nodejs
[  0%] Built target roscpp_generate_messages_nodejs
[35m[1mScanning dependencies of target rosgraph_msgs_generate_messages_cpp[0m
[  0%] Built target roscpp_generate_messages_eus
[  0%] Built target rosgraph_msgs_generate_messages_py
[  0%] Built target tf_generate_messages_py
[35m[1mScanning dependencies of target rosgraph_msgs_generate_messages_eus[0m
[  0%] Built target sensor_msgs_generate_messages_py
[35m[1mScanning dependencies of target tf_generate_messages_eus[0m
[35m[1mScanning dependencies of target sensor_msgs_generate_messages_nodejs[0m
[35m[1mScanning dependencies of target rosgraph_msgs_generate_messages_lisp[0m
[35m[1mScanning dependencies of target roscpp_generate_messages_cpp[0m
[  0%] Built target rosgraph_msgs_generate_messages_cpp
[  0%] Built target sensor_msgs_generate_messages_nodejs
[  0%] Built target tf_generate_messages_eus
[35m[1mScanning dependencies of target kinect2_tracker_generate_messages_lisp[0m
[  0%] Built target rosgraph_msgs_generate_messages_eus
[35m[1mScanning dependencies of target kinect2_tracker_generate_messages_nodejs[0m
[  0%] Built target rosgraph_msgs_generate_messages_lisp
[35m[1mScanning dependencies of target kinect2_tracker_generate_messages_eus[0m
[  0%] Built target roscpp_generate_messages_cpp
[35m[1mScanning dependencies of target kinect2_tracker_generate_messages_py[0m
[35m[1mScanning dependencies of target kinect2_tracker_generate_messages_cpp[0m
[  9%] [34m[1mGenerating Lisp code from kinect2_tracker/user_points.msg[0m
[  9%] [34m[1mGenerating Lisp code from kinect2_tracker/bounding_box.msg[0m
[ 14%] [34m[1mGenerating Javascript code from kinect2_tracker/user_points.msg[0m
[ 19%] [34m[1mGenerating EusLisp code from kinect2_tracker/user_points.msg[0m
[ 28%] [32mBuilding CXX object CMakeFiles/kinect2_tracker.dir/src/kinect2_tracker_node.cpp.o[0m
[ 28%] [34m[1mGenerating Javascript code from kinect2_tracker/bounding_box.msg[0m
[ 33%] [34m[1mGenerating C++ code from kinect2_tracker/user_points.msg[0m
[ 38%] [34m[1mGenerating Python from MSG kinect2_tracker/user_points[0m
[ 47%] [34m[1mGenerating Javascript code from kinect2_tracker/user_IDs.msg[0m
[ 47%] [34m[1mGenerating Lisp code from kinect2_tracker/user_IDs.msg[0m
[ 52%] [34m[1mGenerating EusLisp code from kinect2_tracker/bounding_box.msg[0m
[ 57%] [34m[1mGenerating Python from MSG kinect2_tracker/bounding_box[0m
[ 61%] [34m[1mGenerating EusLisp code from kinect2_tracker/user_IDs.msg[0m
[ 61%] Built target kinect2_tracker_generate_messages_nodejs
[ 66%] [34m[1mGenerating C++ code from kinect2_tracker/bounding_box.msg[0m
[ 66%] Built target kinect2_tracker_generate_messages_lisp
[ 71%] [34m[1mGenerating C++ code from kinect2_tracker/user_IDs.msg[0m
[ 76%] [34m[1mGenerating Python from MSG kinect2_tracker/user_IDs[0m
[ 80%] [34m[1mGenerating EusLisp manifest code for kinect2_tracker[0m
WARNING: Package name "qpOASES" does not follow the naming conventions. It should start with a lower case letter and only contain lower case letters, digits, underscores, and dashes.
[ 85%] [34m[1mGenerating Python msg __init__.py for kinect2_tracker[0m
[ 85%] Built target kinect2_tracker_generate_messages_cpp
[ 85%] Built target kinect2_tracker_generate_messages_py
WARNING: Package name "qpOASES" does not follow the naming conventions. It should start with a lower case letter and only contain lower case letters, digits, underscores, and dashes.
WARNING: Package name "robot6R" does not follow the naming conventions. It should start with a lower case letter and only contain lower case letters, digits, underscores, and dashes.
WARNING: Package name "qpOASES" does not follow the naming conventions. It should start with a lower case letter and only contain lower case letters, digits, underscores, and dashes.
WARNING: Package name "qpOASES" does not follow the naming conventions. It should start with a lower case letter and only contain lower case letters, digits, underscores, and dashes.
WARNING: Package name "robot6R" does not follow the naming conventions. It should start with a lower case letter and only contain lower case letters, digits, underscores, and dashes.
[ 85%] Built target kinect2_tracker_generate_messages_eus
[35m[1mScanning dependencies of target kinect2_tracker_generate_messages[0m
[35m[1mScanning dependencies of target kinect2_tracker_node[0m
[ 85%] Built target kinect2_tracker_generate_messages
[ 90%] [32mBuilding CXX object CMakeFiles/kinect2_tracker_node.dir/src/kinect2_tracker_node.cpp.o[0m
[ 95%] [32m[1mLinking CXX shared library /home/zheng/robot_ws_zheng/devel/.private/kinect2_tracker/lib/libkinect2_tracker.so[0m
[ 95%] Built target kinect2_tracker
[100%] [32m[1mLinking CXX executable /home/zheng/robot_ws_zheng/devel/.private/kinect2_tracker/lib/kinect2_tracker/kinect2_tracker_node[0m
[100%] Built target kinect2_tracker_node
