Symlinking /home/zheng/robot_ws_zheng/devel/lib/libkinect2_tracker.so
Symlinking /home/zheng/robot_ws_zheng/devel/lib/pkgconfig/kinect2_tracker.pc
Symlinking /home/zheng/robot_ws_zheng/devel/lib/python2.7/dist-packages/kinect2_tracker/__init__.py
Symlinking /home/zheng/robot_ws_zheng/devel/lib/python2.7/dist-packages/kinect2_tracker/msg/_user_IDs.py
Symlinking /home/zheng/robot_ws_zheng/devel/lib/python2.7/dist-packages/kinect2_tracker/msg/__init__.py
Symlinking /home/zheng/robot_ws_zheng/devel/lib/python2.7/dist-packages/kinect2_tracker/msg/_user_points.py
Symlinking /home/zheng/robot_ws_zheng/devel/lib/python2.7/dist-packages/kinect2_tracker/msg/_bounding_box.py
Symlinking /home/zheng/robot_ws_zheng/devel/lib/kinect2_tracker/kinect2_tracker_node
Symlinking /home/zheng/robot_ws_zheng/devel/include/kinect2_tracker/bounding_box.h
Symlinking /home/zheng/robot_ws_zheng/devel/include/kinect2_tracker/user_points.h
Symlinking /home/zheng/robot_ws_zheng/devel/include/kinect2_tracker/user_IDs.h
Symlinking /home/zheng/robot_ws_zheng/devel/share/common-lisp/ros/kinect2_tracker/msg/_package_user_IDs.lisp
Symlinking /home/zheng/robot_ws_zheng/devel/share/common-lisp/ros/kinect2_tracker/msg/bounding_box.lisp
Symlinking /home/zheng/robot_ws_zheng/devel/share/common-lisp/ros/kinect2_tracker/msg/user_IDs.lisp
Symlinking /home/zheng/robot_ws_zheng/devel/share/common-lisp/ros/kinect2_tracker/msg/_package.lisp
Symlinking /home/zheng/robot_ws_zheng/devel/share/common-lisp/ros/kinect2_tracker/msg/_package_user_points.lisp
Symlinking /home/zheng/robot_ws_zheng/devel/share/common-lisp/ros/kinect2_tracker/msg/user_points.lisp
Symlinking /home/zheng/robot_ws_zheng/devel/share/common-lisp/ros/kinect2_tracker/msg/_package_bounding_box.lisp
Symlinking /home/zheng/robot_ws_zheng/devel/share/common-lisp/ros/kinect2_tracker/msg/kinect2_tracker-msg.asd
Symlinking /home/zheng/robot_ws_zheng/devel/share/roseus/ros/kinect2_tracker/manifest.l
Symlinking /home/zheng/robot_ws_zheng/devel/share/roseus/ros/kinect2_tracker/msg/bounding_box.l
Symlinking /home/zheng/robot_ws_zheng/devel/share/roseus/ros/kinect2_tracker/msg/user_IDs.l
Symlinking /home/zheng/robot_ws_zheng/devel/share/roseus/ros/kinect2_tracker/msg/user_points.l
Symlinking /home/zheng/robot_ws_zheng/devel/share/gennodejs/ros/kinect2_tracker/_index.js
Symlinking /home/zheng/robot_ws_zheng/devel/share/gennodejs/ros/kinect2_tracker/msg/bounding_box.js
Symlinking /home/zheng/robot_ws_zheng/devel/share/gennodejs/ros/kinect2_tracker/msg/user_IDs.js
Symlinking /home/zheng/robot_ws_zheng/devel/share/gennodejs/ros/kinect2_tracker/msg/user_points.js
Symlinking /home/zheng/robot_ws_zheng/devel/share/gennodejs/ros/kinect2_tracker/msg/_index.js
Symlinking /home/zheng/robot_ws_zheng/devel/share/kinect2_tracker/cmake/kinect2_tracker-msg-extras.cmake
Symlinking /home/zheng/robot_ws_zheng/devel/share/kinect2_tracker/cmake/kinect2_tracker-msg-paths.cmake
Symlinking /home/zheng/robot_ws_zheng/devel/share/kinect2_tracker/cmake/kinect2_trackerConfig-version.cmake
Symlinking /home/zheng/robot_ws_zheng/devel/share/kinect2_tracker/cmake/kinect2_trackerConfig.cmake
