This file contains any messages produced by compilers while
running CMake, to aid debugging if configure makes a mistake.

It was created by pinocchio CMake configuration process 2.1.3, which was
generated by CMake 3.16.2.

## --------- ##
## Platform. ##
## --------- ##

hostname = zheng
system = Linux-4.15.0-74-generic
processor = x86_64
generator = Unix Makefiles

PATH /opt/openrobots/bin
PATH /home/zheng/catkin_ws/devel/bin
PATH /opt/ros/melodic/bin
PATH /usr/local/sbin
PATH /usr/local/bin
PATH /usr/sbin
PATH /usr/bin
PATH /sbin
PATH /bin
PATH /usr/zheng
PATH /usr/local/zheng
PATH /usr/games
PATH /home/zheng/clp/coin-Clp/bin

PKG_CONFIG_PATH /opt/openrobots/lib/pkgconfig
PKG_CONFIG_PATH /home/zheng/robot_ws_zheng/devel/lib/pkgconfig
PKG_CONFIG_PATH /home/zheng/catkin_ws/devel/lib/pkgconfig
PKG_CONFIG_PATH /opt/ros/melodic/lib/pkgconfig

## ---------------- ##
## CMake variables. ##
## ---------------- ##

CMAKE_ROOT = /usr/local/share/cmake-3.16
CMAKE_INCLUDE_PATH = 
CMAKE_LIBRARY_PATH = 
CMAKE_PREFIX_PATH = 
CMAKE_INSTALL_ALWAYS = 
CMAKE_SKIP_RPATH = NO
CMAKE_SUPPRESS_REGENERATION = 
BUILD_SHARED_LIBS = 

CMAKE_INSTALL_PREFIX = /home/zheng/robot_ws_zheng/build/pinocchio_catkin/install
PROJECT_SOURCE_DIR = /home/zheng/robot_ws_zheng/build/pinocchio_catkin/pinocchio_src-prefix/src/pinocchio_src
PROJECT_SOURCE_DIR = /home/zheng/robot_ws_zheng/build/pinocchio_catkin/pinocchio_src-prefix/src/pinocchio_src
PROJECT_BINARY_DIR = /home/zheng/robot_ws_zheng/build/pinocchio_catkin/pinocchio_src-prefix/src/pinocchio_src-build
CMAKE_BINARY_DIR = /home/zheng/robot_ws_zheng/build/pinocchio_catkin/pinocchio_src-prefix/src/pinocchio_src-build

CMAKE_AR = /usr/bin/ar
CMAKE_RANLIB = /usr/bin/ranlib
CMAKE_BUILD_TYPE = Release
CMAKE_CONFIGURATION_TYPES = 
CMAKE_SHARED_LINKER_FLAGS = 

CMAKE_C_COMPILER = /usr/bin/cc
CMAKE_C_FLAGS = 
CMAKE_C_FLAGS_DEBUG = -g
CMAKE_C_FLAGS_RELEASE = -O3 -DNDEBUG
CMAKE_CXX_COMPILER = /usr/bin/c++
CMAKE_CXX_FLAGS =  -pedantic -Wno-long-long -Wall -Wextra -Wcast-align -Wcast-qual -Wformat -Wwrite-strings -Wconversion 
CMAKE_CXX_FLAGS_DEBUG = -g
CMAKE_CXX_FLAGS_RELEASE = -O3 -DNDEBUG
CMAKE_CXX_FLAGS_RELWITHDEBINFO = -O2 -g -DNDEBUG

CMAKE_STATIC_LIBRARY_PREFIX = lib
CMAKE_STATIC_LIBRARY_SUFFIX = .a
CMAKE_SHARED_LIBRARY_PREFIX = lib
CMAKE_SHARED_LIBRARY_SUFFIX = .so
CMAKE_SHARED_MODULE_PREFIX = lib
CMAKE_SHARED_MODULE_SUFFIX = .so

## ------------------ ##
## Watched variables. ##
## ------------------ ##

WARNING_CXX_FLAGS =  -pedantic -Wno-long-long -Wall -Wextra -Wcast-align -Wcast-qual -Wformat -Wwrite-strings -Wconversion
_PKG_CONFIG_FOUND = undefined
PKG_CONFIG_EXECUTABLE = /usr/bin/pkg-config
_PKG_CONFIG_PREFIX = /home/zheng/robot_ws_zheng/build/pinocchio_catkin/install
_PKG_CONFIG_EXEC_PREFIX = /home/zheng/robot_ws_zheng/build/pinocchio_catkin/install
_PKG_CONFIG_LIBDIR = /home/zheng/robot_ws_zheng/build/pinocchio_catkin/install/lib
_PKG_CONFIG_BINDIR = /home/zheng/robot_ws_zheng/build/pinocchio_catkin/install/bin
_PKG_CONFIG_PKGLIBDIR = /home/zheng/robot_ws_zheng/build/pinocchio_catkin/install/lib/pinocchio
_PKG_CONFIG_INCLUDEDIR = /home/zheng/robot_ws_zheng/build/pinocchio_catkin/install/include
_PKG_CONFIG_DATAROOTDIR = /home/zheng/robot_ws_zheng/build/pinocchio_catkin/install/share
_PKG_CONFIG_PKGDATAROOTDIR = /home/zheng/robot_ws_zheng/build/pinocchio_catkin/install/share
_PKG_CONFIG_DOCDIR = /home/zheng/robot_ws_zheng/build/pinocchio_catkin/install/share/doc/pinocchio
_PKG_CONFIG_DOXYGENDOCDIR = /home/zheng/robot_ws_zheng/build/pinocchio_catkin/install/share/doc/pinocchio/doxygen-html
_PKG_CONFIG_PROJECT_NAME = pinocchio
_PKG_CONFIG_DESCRIPTION = 
_PKG_CONFIG_URL = http://github.com/stack-of-tasks/pinocchio
_PKG_CONFIG_VERSION = 2.1.3
_PKG_CONFIG_REQUIRES = eigen3 >= 3.0.5, urdfdom >= 0.2.0
_PKG_CONFIG_REQUIRES_DEBUG = 
_PKG_CONFIG_REQUIRES_OPTIMIZED = 
_PKG_CONFIG_COMPILE_TIME_REQUIRES = 
_PKG_CONFIG_CONFLICTS = 
_PKG_CONFIG_LIBS =  -lpinocchio -L/usr/lib/x86_64-linux-gnu -lboost_filesystem -lboost_serialization -lboost_system
_PKG_CONFIG_LIBS_DEBUG = -L${libdir}
_PKG_CONFIG_LIBS_OPTIMIZED = -L${libdir}
_PKG_CONFIG_LIBS_PRIVATE = 
_PKG_CONFIG_CFLAGS = -I${includedir} -DPINOCCHIO_URDFDOM_TYPEDEF_SHARED_PTR -DPINOCCHIO_URDFDOM_USE_STD_SHARED_PTR -I/usr/include -DPINOCCHIO_WITH_URDFDOM
_PKG_CONFIG_CFLAGS_DEBUG = 
_PKG_CONFIG_CFLAGS_OPTIMIZED = 
PKG_CONFIG_EXTRA = 
EIGEN3_FOUND = 1
EIGEN3_LIBRARIES = 
EIGEN3_LIBRARY_DIRS = 
EIGEN3_LDFLAGS = 
EIGEN3_LDFLAGS_OTHER = 
EIGEN3_INCLUDE_DIRS = /usr/include/eigen3
EIGEN3_CFLAGS = -I/usr/include/eigen3
EIGEN3_CFLAGS_OTHER = 
EIGEN3 = undefined
EIGEN3_STATIC = undefined
EIGEN3_VERSION = 3.3.4
EIGEN3_PREFIX = /usr
EIGEN3_INCLUDEDIR = 
EIGEN3_LIBDIR = 
EIGEN3_PKGLIBDIR = 
EIGEN3_BINDIR = 
EIGEN3_DATAROOTDIR = 
EIGEN3_PKGDATAROOTDIR = 
EIGEN3_DOCDIR = 
EIGEN3_DOXYGENDOCDIR = 
URDFDOM_FOUND = 1
URDFDOM_LIBRARIES = urdfdom_sensor;urdfdom_model_state;urdfdom_model;urdfdom_world;console_bridge
URDFDOM_LIBRARY_DIRS = 
URDFDOM_LDFLAGS = -lurdfdom_sensor;-lurdfdom_model_state;-lurdfdom_model;-lurdfdom_world;-lconsole_bridge
URDFDOM_LDFLAGS_OTHER = 
URDFDOM_INCLUDE_DIRS = 
URDFDOM_CFLAGS = 
URDFDOM_CFLAGS_OTHER = 
URDFDOM = undefined
URDFDOM_STATIC = undefined
URDFDOM_VERSION = 1.0.0
URDFDOM_PREFIX = /usr
URDFDOM_INCLUDEDIR = /usr/include
URDFDOM_LIBDIR = /usr/lib/x86_64-linux-gnu
URDFDOM_PKGLIBDIR = 
URDFDOM_BINDIR = 
URDFDOM_DATAROOTDIR = 
URDFDOM_PKGDATAROOTDIR = 
URDFDOM_DOCDIR = 
URDFDOM_DOXYGENDOCDIR = 
PYTHONINTERP_FOUND = TRUE
PYTHONLIBS_FOUND = TRUE
PYTHON_LIBRARY_DIRS = /usr/lib/x86_64-linux-gnu
PYTHONLIBS_VERSION_STRING = 2.7.17
PYTHON_EXECUTABLE = /usr/bin/python
PYTHON_SOABI = 
Boost_USE_MULTITHREADED = TRUE
Boost_USE_STATIC_LIBS = OFF
Boost_ADDITIONAL_VERSIONS = undefined
Boost_DEBUG = undefined
Boost_COMPILER = undefined
BOOST_ROOT = undefined
BOOSTROOT = undefined
BOOST_INCLUDEDIR = undefined
BOOST_LIBRARYDIR = undefined
Boost_FOUND = TRUE
Boost_INCLUDE_DIRS = /usr/include
Boost_INCLUDE_DIR = /usr/include
Boost_LIBRARIES = /usr/lib/x86_64-linux-gnu/libboost_filesystem.so;/usr/lib/x86_64-linux-gnu/libboost_serialization.so;/usr/lib/x86_64-linux-gnu/libboost_system.so;/usr/lib/x86_64-linux-gnu/libboost_unit_test_framework.so
Boost_LIBRARY_DIRS = /usr/lib/x86_64-linux-gnu
Boost_VERSION = 106501
Boost_LIB_VERSION = 1_65_1
Boost_MAJOR_VERSION = 1
Boost_MINOR_VERSION = 65
Boost_SUBMINOR_VERSION = 1
Boost_LIB_DIAGNOSTIC_DEFINITIONS = undefined
Boost_FILESYSTEM_FOUND = ON
Boost_FILESYSTEM_LIBRARY = /usr/lib/x86_64-linux-gnu/libboost_filesystem.so
Boost_FILESYSTEM_LIBRARY_DEBUG = /usr/lib/x86_64-linux-gnu/libboost_filesystem.so
Boost_FILESYSTEM_LIBRARY_RELEASE = /usr/lib/x86_64-linux-gnu/libboost_filesystem.so
Boost_SERIALIZATION_FOUND = ON
Boost_SERIALIZATION_LIBRARY = /usr/lib/x86_64-linux-gnu/libboost_serialization.so
Boost_SERIALIZATION_LIBRARY_DEBUG = /usr/lib/x86_64-linux-gnu/libboost_serialization.so
Boost_SERIALIZATION_LIBRARY_RELEASE = /usr/lib/x86_64-linux-gnu/libboost_serialization.so
Boost_SYSTEM_FOUND = ON
Boost_SYSTEM_LIBRARY = /usr/lib/x86_64-linux-gnu/libboost_system.so
Boost_SYSTEM_LIBRARY_DEBUG = /usr/lib/x86_64-linux-gnu/libboost_system.so
Boost_SYSTEM_LIBRARY_RELEASE = /usr/lib/x86_64-linux-gnu/libboost_system.so
Boost_PYTHON_FOUND = ON
Boost_PYTHON_LIBRARY = /usr/lib/x86_64-linux-gnu/libboost_python.so
Boost_PYTHON_LIBRARY_DEBUG = /usr/lib/x86_64-linux-gnu/libboost_python.so
Boost_PYTHON_LIBRARY_RELEASE = /usr/lib/x86_64-linux-gnu/libboost_python.so
python_comp_pos = -1
Boost_UNIT_TEST_FRAMEWORK_FOUND = ON
Boost_UNIT_TEST_FRAMEWORK_LIBRARY = /usr/lib/x86_64-linux-gnu/libboost_unit_test_framework.so
Boost_UNIT_TEST_FRAMEWORK_LIBRARY_DEBUG = /usr/lib/x86_64-linux-gnu/libboost_unit_test_framework.so
Boost_UNIT_TEST_FRAMEWORK_LIBRARY_RELEASE = /usr/lib/x86_64-linux-gnu/libboost_unit_test_framework.so
## ---------------- ##
## Watched targets. ##
## ---------------- ##

