Performing C SOURCE FILE Test CMAKE_HAVE_LIBC_PTHREAD failed with the following output:
Change Dir: /home/zheng/robot_ws_zheng/build/catkin_simple/CMakeFiles/CMakeTmp

Run Build Command(s):/usr/bin/make cmTC_a2da7/fast && /usr/bin/make -f CMakeFiles/cmTC_a2da7.dir/build.make CMakeFiles/cmTC_a2da7.dir/build
make[1] : on entre dans le répertoire « /home/zheng/robot_ws_zheng/build/catkin_simple/CMakeFiles/CMakeTmp »
Building C object CMakeFiles/cmTC_a2da7.dir/src.c.o
/usr/bin/cc   -DCMAKE_HAVE_LIBC_PTHREAD   -o CMakeFiles/cmTC_a2da7.dir/src.c.o   -c /home/zheng/robot_ws_zheng/build/catkin_simple/CMakeFiles/CMakeTmp/src.c
Linking C executable cmTC_a2da7
/usr/local/bin/cmake -E cmake_link_script CMakeFiles/cmTC_a2da7.dir/link.txt --verbose=1
/usr/bin/cc  -DCMAKE_HAVE_LIBC_PTHREAD    -rdynamic CMakeFiles/cmTC_a2da7.dir/src.c.o  -o cmTC_a2da7 
CMakeFiles/cmTC_a2da7.dir/src.c.o : Dans la fonction « main » :
src.c:(.text+0x3e) : référence indéfinie vers « pthread_create »
src.c:(.text+0x4a) : référence indéfinie vers « pthread_detach »
src.c:(.text+0x5b) : référence indéfinie vers « pthread_join »
src.c:(.text+0x6f) : référence indéfinie vers « pthread_atfork »
collect2: error: ld returned 1 exit status
CMakeFiles/cmTC_a2da7.dir/build.make:86: recipe for target 'cmTC_a2da7' failed
make[1]: *** [cmTC_a2da7] Error 1
make[1] : on quitte le répertoire « /home/zheng/robot_ws_zheng/build/catkin_simple/CMakeFiles/CMakeTmp »
Makefile:121: recipe for target 'cmTC_a2da7/fast' failed
make: *** [cmTC_a2da7/fast] Error 2


Source file was:
#include <pthread.h>

void* test_func(void* data)
{
  return data;
}

int main(void)
{
  pthread_t thread;
  pthread_create(&thread, NULL, test_func, NULL);
  pthread_detach(thread);
  pthread_join(thread, NULL);
  pthread_atfork(NULL, NULL, NULL);
  pthread_exit(NULL);

  return 0;
}

Determining if the function pthread_create exists in the pthreads failed with the following output:
Change Dir: /home/zheng/robot_ws_zheng/build/catkin_simple/CMakeFiles/CMakeTmp

Run Build Command(s):/usr/bin/make cmTC_091f2/fast && /usr/bin/make -f CMakeFiles/cmTC_091f2.dir/build.make CMakeFiles/cmTC_091f2.dir/build
make[1] : on entre dans le répertoire « /home/zheng/robot_ws_zheng/build/catkin_simple/CMakeFiles/CMakeTmp »
Building C object CMakeFiles/cmTC_091f2.dir/CheckFunctionExists.c.o
/usr/bin/cc   -DCHECK_FUNCTION_EXISTS=pthread_create   -o CMakeFiles/cmTC_091f2.dir/CheckFunctionExists.c.o   -c /usr/local/share/cmake-3.16/Modules/CheckFunctionExists.c
Linking C executable cmTC_091f2
/usr/local/bin/cmake -E cmake_link_script CMakeFiles/cmTC_091f2.dir/link.txt --verbose=1
/usr/bin/cc  -DCHECK_FUNCTION_EXISTS=pthread_create    -rdynamic CMakeFiles/cmTC_091f2.dir/CheckFunctionExists.c.o  -o cmTC_091f2  -lpthreads 
/usr/bin/ld : ne peut trouver -lpthreads
collect2: error: ld returned 1 exit status
CMakeFiles/cmTC_091f2.dir/build.make:86: recipe for target 'cmTC_091f2' failed
make[1]: *** [cmTC_091f2] Error 1
make[1] : on quitte le répertoire « /home/zheng/robot_ws_zheng/build/catkin_simple/CMakeFiles/CMakeTmp »
Makefile:121: recipe for target 'cmTC_091f2/fast' failed
make: *** [cmTC_091f2/fast] Error 2



